<html xmlns:math="http://exslt.org/math" xmlns:testng="http://testng.org">
   <head>
      <title>TestNG Results</title>
      <meta http-equiv="content-type" content="text/html; charset=utf-8"></meta>
      <meta http-equiv="pragma" content="no-cache"></meta>
      <meta http-equiv="cache-control" content="max-age=0"></meta>
      <meta http-equiv="cache-control" content="no-cache"></meta>
      <meta http-equiv="cache-control" content="no-store"></meta>
      <LINK rel="stylesheet" href="style.css"></LINK>
      <script type="text/javascript" src="main.js"></script>
   </head>
   <body>
      <table width="100%" style="font-size: 16px; margin-bottom: 10px;" cellspacing="1">
         <tr>
            <td width="100%">
               Test case
               
               <b>删除测试</b>
            </td>
            <td style="background-color: #FFBBBB; padding: 3px 3px 3px 0;" align="center">
               <div style="width: 50px;">9</div>
            </td>
            <td style="background-color: lightgreen; padding: 3px 3px 3px 0;" align="center">
               <div style="width: 50px;">0</div>
            </td>
            <td style="background-color: #FFFFBB; padding: 3px 3px 3px 0;" align="center">
               <div style="width: 50px;">0</div>
            </td>
            <td align="center" style="background-color: #eaf0f7; padding: 3px 3px 3px 0;">
               <div style="width: 50px;">9</div>
            </td>
            <td align="center"
                style="font-weight: bold; background-color: #eaf0f7; padding: 3px 3px 3px 0;">
               <div style="width: 50px;">0%</div>
            </td>
            <td style="background-color: #eaf0f7; padding: 3px 3px 3px 0;" align="center"
                nowrap="true">1m
               20s
               
            </td>
         </tr>
      </table>
      <div style="width: 200px;">
         <label for="groupMethodsCheckBox" style="font-weight: bold; margin: 0;">
            <input id="groupMethodsCheckBox" type="checkbox" onclick="switchTestMethodsView(this)"
                   checked=""></input>
            Group by class
            
         </label>
         <br></br>
         <label for="methodsFilter_ALL" style="font-weight: bold; margin: 0;">
            <input id="methodsFilter_ALL" type="checkbox"
                   onclick="testMethodsFilterChanged(this, 'ALL')"
                   checked=""></input>
            All
            
         </label>
      </div>
      <label for="methodsFilter_FAIL" style="margin-left: 20px;">
         <input id="methodsFilter_FAIL" type="checkbox"
                onclick="testMethodsFilterChanged(this, 'FAIL')"
                checked=""></input>
         Failed
         
      </label>
      <label for="methodsFilter_PASS">
         <input id="methodsFilter_PASS" type="checkbox"
                onclick="testMethodsFilterChanged(this, 'PASS')"
                checked=""></input>
         Passed
         
      </label>
      <label for="methodsFilter_SKIP">
         <input id="methodsFilter_SKIP" type="checkbox"
                onclick="testMethodsFilterChanged(this, 'SKIP')"
                checked=""></input>
         Skipped
         
      </label>
      <label for="methodsFilter_CONF">
         <input id="methodsFilter_CONF" type="checkbox"
                onclick="testMethodsFilterChanged(this, 'CONF')"
                checked=""></input>
         Config
         
      </label>
      <br></br>
      <div id="testMethodsByStatus" style="display: none;">
         <table class="testMethodsTable" cellpadding="0" cellspacing="0">
            <tr class="methodsTableHeader">
               <td width="100%">Name</td>
               <td nowrap="true">Started</td>
               <td nowrap="true">Duration</td>
               <td>Exception</td>
            </tr>
            <tr id="DeleteTesting.MokeDeleteTest_moke_delete_byStatus_failed_FAIL1_row"
                class="testMethodStatusFAIL">
               <td width="100%" class="firstMethodCell">
                  <a onclick="toggleDetailsVisibility('DeleteTesting.MokeDeleteTest_moke_delete_byStatus_failed_FAIL1_details')">moke_delete(la
                     
                     ,
                     
                     1qaz2wsx
                     
                     ,
                     
                     C:/Program Files (x86)/Mozilla Firefox/uploadFile.exe
                     
                     ,
                     
                     C:/Program Files (x86)/Mozilla Firefox/uploadVideo.exe)
                  </a>
               </td>
               <td nowrap="true">14:17:01</td>
               <td nowrap="true" align="right">4s
                  
               </td>
               <td nowrap="true">
                  <a onclick="toggleDetailsVisibility('DeleteTesting.MokeDeleteTest_moke_delete_byStatus_failed_FAIL1_exception')">org.openqa.selenium.WebDriverException: 
                     chrome not reachable
                     (Session info: chrome=58.0.3029.110)
                     (Driver info: chromedriver=2.27.440174 (e97a722caafc2d3a8b807ee115bfb307f7d2cfd9),platform=Windows NT 10.0.15063 x86_64) (WARNING:
                     The server did not provide any stacktrace information)
                     Command duration or timeout: 4.02 seconds
                     Build info: version: '2.53.1', revision: 'a36b8b1', time: '2016-06-30 17:37:03'
                     System info: host: 'chenziyang', ip: '192.168.1.46', os.name: 'Windows NT (unknown)', os.arch: 'x86', os.version: '6.2', java.version:
                     '1.7.0_01'
                     Session ID: 07695b458b5cc1c8047bd3cef70b01a2
                     Driver info: org.openqa.selenium.chrome.ChromeDriver
                     Capabilities [{platform=WIN8, acceptSslCerts=true, javascriptEnabled=true, browserName=chrome, chrome={userDataDir=C:\Users\ziyang\AppData\Local\Temp\scoped_dir14256_32439,
                     chromedriverVersion=2.27.440174 (e97a722caafc2d3a8b807ee115bfb307f7d2cfd9)}, networkConnectionEnabled=false, unexpectedAlertBehaviour=,
                     rotatable=false, locationContextEnabled=true, mobileEmulationEnabled=false, version=58.0.3029.110, pageLoadStrategy=normal,
                     takesHeapSnapshot=true, cssSelectorsEnabled=true, databaseEnabled=false, handlesAlerts=true, browserConnectionEnabled=false,
                     webStorageEnabled=true, nativeEvents=true, hasTouchScreen=false, applicationCacheEnabled=false, takesScreenshot=true}]
                     
                  </a>
                   
                  
               </td>
            </tr>
            <tr>
               <td colspan="4" class="detailsBox">
                  <div id="DeleteTesting.MokeDeleteTest_moke_delete_byStatus_failed_FAIL1_details"
                       class="testMethodDetails">
                     <div>
                        <b>Name: </b>moke_delete
                     </div>
                     <div>
                        <b>Signature: </b>moke_delete(java.lang.String, java.lang.String, java.lang.String, java.lang.String)[pri:0, instance:DeleteTesting.MokeDeleteTest@19430ca]
                     </div>
                     <div>
                        <b>Parameters: </b>
                        
                        la
                        
                        ,
                        
                        1qaz2wsx
                        
                        ,
                        
                        C:/Program Files (x86)/Mozilla Firefox/uploadFile.exe
                        
                        ,
                        
                        C:/Program Files (x86)/Mozilla Firefox/uploadVideo.exe
                        
                        
                     </div>
                     <div>
                        <b>Start time: </b>14:17:01
                     </div>
                     <div>
                        <b>End time: </b>14:17:05
                     </div>
                     <div>
                        <b>Duration: </b>4s
                        
                     </div>
                  </div>
               </td>
            </tr>
            <tr>
               <td colspan="4" class="detailsBox">
                  <div id="DeleteTesting.MokeDeleteTest_moke_delete_byStatus_failed_FAIL1_exception"
                       class="testMethodDetails">
                     <pre style="padding: 5px; margin: 0;">org.openqa.selenium.WebDriverException: chrome not reachable
                        (Session info: chrome=58.0.3029.110)
                        (Driver info: chromedriver=2.27.440174 (e97a722caafc2d3a8b807ee115bfb307f7d2cfd9),platform=Windows NT 10.0.15063 x86_64) (WARNING:
                        The server did not provide any stacktrace information)
                        Command duration or timeout: 4.02 seconds
                        Build info: version: '2.53.1', revision: 'a36b8b1', time: '2016-06-30 17:37:03'
                        System info: host: 'chenziyang', ip: '192.168.1.46', os.name: 'Windows NT (unknown)', os.arch: 'x86', os.version: '6.2', java.version:
                        '1.7.0_01'
                        Session ID: 07695b458b5cc1c8047bd3cef70b01a2
                        Driver info: org.openqa.selenium.chrome.ChromeDriver
                        Capabilities [{platform=WIN8, acceptSslCerts=true, javascriptEnabled=true, browserName=chrome, chrome={userDataDir=C:\Users\ziyang\AppData\Local\Temp\scoped_dir14256_32439,
                        chromedriverVersion=2.27.440174 (e97a722caafc2d3a8b807ee115bfb307f7d2cfd9)}, networkConnectionEnabled=false, unexpectedAlertBehaviour=,
                        rotatable=false, locationContextEnabled=true, mobileEmulationEnabled=false, version=58.0.3029.110, pageLoadStrategy=normal,
                        takesHeapSnapshot=true, cssSelectorsEnabled=true, databaseEnabled=false, handlesAlerts=true, browserConnectionEnabled=false,
                        webStorageEnabled=true, nativeEvents=true, hasTouchScreen=false, applicationCacheEnabled=false, takesScreenshot=true}]
                        	at sun.reflect.GeneratedConstructorAccessor11.newInstance(Unknown Source)
                        	at sun.reflect.DelegatingConstructorAccessorImpl.newInstance(DelegatingConstructorAccessorImpl.java:45)
                        	at java.lang.reflect.Constructor.newInstance(Constructor.java:525)
                        	at org.openqa.selenium.remote.ErrorHandler.createThrowable(ErrorHandler.java:206)
                        	at org.openqa.selenium.remote.ErrorHandler.throwIfResponseFailed(ErrorHandler.java:158)
                        	at org.openqa.selenium.remote.RemoteWebDriver.execute(RemoteWebDriver.java:678)
                        	at org.openqa.selenium.remote.RemoteWebDriver.get(RemoteWebDriver.java:316)
                        	at uti.Uti.ChromeBrowser_setup(Uti.java:25)
                        	at DeleteTesting.MokeDeleteTest.moke_delete(MokeDeleteTest.java:19)
                        	at sun.reflect.NativeMethodAccessorImpl.invoke0(Native Method)
                        	at sun.reflect.NativeMethodAccessorImpl.invoke(NativeMethodAccessorImpl.java:57)
                        	at sun.reflect.DelegatingMethodAccessorImpl.invoke(DelegatingMethodAccessorImpl.java:43)
                        	at java.lang.reflect.Method.invoke(Method.java:601)
                        	at org.testng.internal.MethodInvocationHelper.invokeMethod(MethodInvocationHelper.java:85)
                        	at org.testng.internal.Invoker.invokeMethod(Invoker.java:639)
                        	at org.testng.internal.Invoker.invokeTestMethod(Invoker.java:816)
                        	at org.testng.internal.Invoker.invokeTestMethods(Invoker.java:1124)
                        	at org.testng.internal.TestMethodWorker.invokeTestMethods(TestMethodWorker.java:125)
                        	at org.testng.internal.TestMethodWorker.run(TestMethodWorker.java:108)
                        	at org.testng.TestRunner.privateRun(TestRunner.java:774)
                        	at org.testng.TestRunner.run(TestRunner.java:624)
                        	at org.testng.SuiteRunner.runTest(SuiteRunner.java:359)
                        	at org.testng.SuiteRunner.access$000(SuiteRunner.java:39)
                        	at org.testng.SuiteRunner$SuiteWorker.run(SuiteRunner.java:393)
                        	at org.testng.internal.thread.ThreadUtil$2.call(ThreadUtil.java:64)
                        	at java.util.concurrent.FutureTask$Sync.innerRun(FutureTask.java:334)
                        	at java.util.concurrent.FutureTask.run(FutureTask.java:166)
                        	at java.util.concurrent.ThreadPoolExecutor.runWorker(ThreadPoolExecutor.java:1110)
                        	at java.util.concurrent.ThreadPoolExecutor$Worker.run(ThreadPoolExecutor.java:603)
                        	at java.lang.Thread.run(Thread.java:722)
                     </pre>
                  </div>
               </td>
            </tr>
            <tr id="DeleteTesting.JiaoLiuDeleteTest_jiaoliu_delete_byStatus_failed_FAIL2_row"
                class="testMethodStatusFAIL">
               <td width="100%" class="firstMethodCell">
                  <a onclick="toggleDetailsVisibility('DeleteTesting.JiaoLiuDeleteTest_jiaoliu_delete_byStatus_failed_FAIL2_details')">jiaoliu_delete(xmgly
                     
                     ,
                     
                     aaaaaaa1
                     
                     ,
                     
                     C:/Program Files (x86)/Mozilla Firefox/uploadFile.exe
                     
                     ,
                     
                     C:/Program Files (x86)/Mozilla Firefox/uploadVideo.exe)
                  </a>
               </td>
               <td nowrap="true">14:16:45</td>
               <td nowrap="true" align="right">4s
                  
               </td>
               <td nowrap="true">
                  <a onclick="toggleDetailsVisibility('DeleteTesting.JiaoLiuDeleteTest_jiaoliu_delete_byStatus_failed_FAIL2_exception')">org.openqa.selenium.WebDriverException: 
                     chrome not reachable
                     (Session info: chrome=58.0.3029.110)
                     (Driver info: chromedriver=2.27.440174 (e97a722caafc2d3a8b807ee115bfb307f7d2cfd9),platform=Windows NT 10.0.15063 x86_64) (WARNING:
                     The server did not provide any stacktrace information)
                     Command duration or timeout: 4.02 seconds
                     Build info: version: '2.53.1', revision: 'a36b8b1', time: '2016-06-30 17:37:03'
                     System info: host: 'chenziyang', ip: '192.168.1.46', os.name: 'Windows NT (unknown)', os.arch: 'x86', os.version: '6.2', java.version:
                     '1.7.0_01'
                     Session ID: c3a436df6390c43697dae0bada3bef9d
                     Driver info: org.openqa.selenium.chrome.ChromeDriver
                     Capabilities [{platform=WIN8, acceptSslCerts=true, javascriptEnabled=true, browserName=chrome, chrome={userDataDir=C:\Users\ziyang\AppData\Local\Temp\scoped_dir20112_16952,
                     chromedriverVersion=2.27.440174 (e97a722caafc2d3a8b807ee115bfb307f7d2cfd9)}, networkConnectionEnabled=false, unexpectedAlertBehaviour=,
                     rotatable=false, locationContextEnabled=true, mobileEmulationEnabled=false, version=58.0.3029.110, pageLoadStrategy=normal,
                     takesHeapSnapshot=true, cssSelectorsEnabled=true, databaseEnabled=false, handlesAlerts=true, browserConnectionEnabled=false,
                     webStorageEnabled=true, nativeEvents=true, hasTouchScreen=false, applicationCacheEnabled=false, takesScreenshot=true}]
                     
                  </a>
                   
                  
               </td>
            </tr>
            <tr>
               <td colspan="4" class="detailsBox">
                  <div id="DeleteTesting.JiaoLiuDeleteTest_jiaoliu_delete_byStatus_failed_FAIL2_details"
                       class="testMethodDetails">
                     <div>
                        <b>Name: </b>jiaoliu_delete
                     </div>
                     <div>
                        <b>Signature: </b>jiaoliu_delete(java.lang.String, java.lang.String, java.lang.String, java.lang.String)[pri:0, instance:DeleteTesting.JiaoLiuDeleteTest@35c7be]
                     </div>
                     <div>
                        <b>Parameters: </b>
                        
                        xmgly
                        
                        ,
                        
                        aaaaaaa1
                        
                        ,
                        
                        C:/Program Files (x86)/Mozilla Firefox/uploadFile.exe
                        
                        ,
                        
                        C:/Program Files (x86)/Mozilla Firefox/uploadVideo.exe
                        
                        
                     </div>
                     <div>
                        <b>Start time: </b>14:16:45
                     </div>
                     <div>
                        <b>End time: </b>14:16:49
                     </div>
                     <div>
                        <b>Duration: </b>4s
                        
                     </div>
                  </div>
               </td>
            </tr>
            <tr>
               <td colspan="4" class="detailsBox">
                  <div id="DeleteTesting.JiaoLiuDeleteTest_jiaoliu_delete_byStatus_failed_FAIL2_exception"
                       class="testMethodDetails">
                     <pre style="padding: 5px; margin: 0;">org.openqa.selenium.WebDriverException: chrome not reachable
                        (Session info: chrome=58.0.3029.110)
                        (Driver info: chromedriver=2.27.440174 (e97a722caafc2d3a8b807ee115bfb307f7d2cfd9),platform=Windows NT 10.0.15063 x86_64) (WARNING:
                        The server did not provide any stacktrace information)
                        Command duration or timeout: 4.02 seconds
                        Build info: version: '2.53.1', revision: 'a36b8b1', time: '2016-06-30 17:37:03'
                        System info: host: 'chenziyang', ip: '192.168.1.46', os.name: 'Windows NT (unknown)', os.arch: 'x86', os.version: '6.2', java.version:
                        '1.7.0_01'
                        Session ID: c3a436df6390c43697dae0bada3bef9d
                        Driver info: org.openqa.selenium.chrome.ChromeDriver
                        Capabilities [{platform=WIN8, acceptSslCerts=true, javascriptEnabled=true, browserName=chrome, chrome={userDataDir=C:\Users\ziyang\AppData\Local\Temp\scoped_dir20112_16952,
                        chromedriverVersion=2.27.440174 (e97a722caafc2d3a8b807ee115bfb307f7d2cfd9)}, networkConnectionEnabled=false, unexpectedAlertBehaviour=,
                        rotatable=false, locationContextEnabled=true, mobileEmulationEnabled=false, version=58.0.3029.110, pageLoadStrategy=normal,
                        takesHeapSnapshot=true, cssSelectorsEnabled=true, databaseEnabled=false, handlesAlerts=true, browserConnectionEnabled=false,
                        webStorageEnabled=true, nativeEvents=true, hasTouchScreen=false, applicationCacheEnabled=false, takesScreenshot=true}]
                        	at sun.reflect.GeneratedConstructorAccessor11.newInstance(Unknown Source)
                        	at sun.reflect.DelegatingConstructorAccessorImpl.newInstance(DelegatingConstructorAccessorImpl.java:45)
                        	at java.lang.reflect.Constructor.newInstance(Constructor.java:525)
                        	at org.openqa.selenium.remote.ErrorHandler.createThrowable(ErrorHandler.java:206)
                        	at org.openqa.selenium.remote.ErrorHandler.throwIfResponseFailed(ErrorHandler.java:158)
                        	at org.openqa.selenium.remote.RemoteWebDriver.execute(RemoteWebDriver.java:678)
                        	at org.openqa.selenium.remote.RemoteWebDriver.get(RemoteWebDriver.java:316)
                        	at uti.Uti.ChromeBrowser_setup(Uti.java:25)
                        	at DeleteTesting.JiaoLiuDeleteTest.jiaoliu_delete(JiaoLiuDeleteTest.java:19)
                        	at sun.reflect.NativeMethodAccessorImpl.invoke0(Native Method)
                        	at sun.reflect.NativeMethodAccessorImpl.invoke(NativeMethodAccessorImpl.java:57)
                        	at sun.reflect.DelegatingMethodAccessorImpl.invoke(DelegatingMethodAccessorImpl.java:43)
                        	at java.lang.reflect.Method.invoke(Method.java:601)
                        	at org.testng.internal.MethodInvocationHelper.invokeMethod(MethodInvocationHelper.java:85)
                        	at org.testng.internal.Invoker.invokeMethod(Invoker.java:639)
                        	at org.testng.internal.Invoker.invokeTestMethod(Invoker.java:816)
                        	at org.testng.internal.Invoker.invokeTestMethods(Invoker.java:1124)
                        	at org.testng.internal.TestMethodWorker.invokeTestMethods(TestMethodWorker.java:125)
                        	at org.testng.internal.TestMethodWorker.run(TestMethodWorker.java:108)
                        	at org.testng.TestRunner.privateRun(TestRunner.java:774)
                        	at org.testng.TestRunner.run(TestRunner.java:624)
                        	at org.testng.SuiteRunner.runTest(SuiteRunner.java:359)
                        	at org.testng.SuiteRunner.access$000(SuiteRunner.java:39)
                        	at org.testng.SuiteRunner$SuiteWorker.run(SuiteRunner.java:393)
                        	at org.testng.internal.thread.ThreadUtil$2.call(ThreadUtil.java:64)
                        	at java.util.concurrent.FutureTask$Sync.innerRun(FutureTask.java:334)
                        	at java.util.concurrent.FutureTask.run(FutureTask.java:166)
                        	at java.util.concurrent.ThreadPoolExecutor.runWorker(ThreadPoolExecutor.java:1110)
                        	at java.util.concurrent.ThreadPoolExecutor$Worker.run(ThreadPoolExecutor.java:603)
                        	at java.lang.Thread.run(Thread.java:722)
                     </pre>
                  </div>
               </td>
            </tr>
            <tr id="DeleteTesting.TongbanxiezuoDeleteTest_xiezuo_delete_byStatus_failed_FAIL3_row"
                class="testMethodStatusFAIL">
               <td width="100%" class="firstMethodCell">
                  <a onclick="toggleDetailsVisibility('DeleteTesting.TongbanxiezuoDeleteTest_xiezuo_delete_byStatus_failed_FAIL3_details')">xiezuo_delete(la
                     
                     ,
                     
                     1qaz2wsx
                     
                     ,
                     
                     C:/Program Files (x86)/Mozilla Firefox/uploadFile.exe
                     
                     ,
                     
                     C:/Program Files (x86)/Mozilla Firefox/uploadVideo.exe)
                  </a>
               </td>
               <td nowrap="true">14:17:09</td>
               <td nowrap="true" align="right">4s
                  
               </td>
               <td nowrap="true">
                  <a onclick="toggleDetailsVisibility('DeleteTesting.TongbanxiezuoDeleteTest_xiezuo_delete_byStatus_failed_FAIL3_exception')">org.openqa.selenium.WebDriverException: 
                     chrome not reachable
                     (Session info: chrome=58.0.3029.110)
                     (Driver info: chromedriver=2.27.440174 (e97a722caafc2d3a8b807ee115bfb307f7d2cfd9),platform=Windows NT 10.0.15063 x86_64) (WARNING:
                     The server did not provide any stacktrace information)
                     Command duration or timeout: 4.01 seconds
                     Build info: version: '2.53.1', revision: 'a36b8b1', time: '2016-06-30 17:37:03'
                     System info: host: 'chenziyang', ip: '192.168.1.46', os.name: 'Windows NT (unknown)', os.arch: 'x86', os.version: '6.2', java.version:
                     '1.7.0_01'
                     Session ID: ae5398f37273e958ce22ba9123a8ead4
                     Driver info: org.openqa.selenium.chrome.ChromeDriver
                     Capabilities [{platform=WIN8, acceptSslCerts=true, javascriptEnabled=true, browserName=chrome, chrome={userDataDir=C:\Users\ziyang\AppData\Local\Temp\scoped_dir20880_30960,
                     chromedriverVersion=2.27.440174 (e97a722caafc2d3a8b807ee115bfb307f7d2cfd9)}, networkConnectionEnabled=false, unexpectedAlertBehaviour=,
                     rotatable=false, locationContextEnabled=true, mobileEmulationEnabled=false, version=58.0.3029.110, pageLoadStrategy=normal,
                     takesHeapSnapshot=true, cssSelectorsEnabled=true, databaseEnabled=false, handlesAlerts=true, browserConnectionEnabled=false,
                     webStorageEnabled=true, nativeEvents=true, hasTouchScreen=false, applicationCacheEnabled=false, takesScreenshot=true}]
                     
                  </a>
                   
                  
               </td>
            </tr>
            <tr>
               <td colspan="4" class="detailsBox">
                  <div id="DeleteTesting.TongbanxiezuoDeleteTest_xiezuo_delete_byStatus_failed_FAIL3_details"
                       class="testMethodDetails">
                     <div>
                        <b>Name: </b>xiezuo_delete
                     </div>
                     <div>
                        <b>Signature: </b>xiezuo_delete(java.lang.String, java.lang.String, java.lang.String, java.lang.String)[pri:0, instance:DeleteTesting.TongbanxiezuoDeleteTest@f3941]
                     </div>
                     <div>
                        <b>Parameters: </b>
                        
                        la
                        
                        ,
                        
                        1qaz2wsx
                        
                        ,
                        
                        C:/Program Files (x86)/Mozilla Firefox/uploadFile.exe
                        
                        ,
                        
                        C:/Program Files (x86)/Mozilla Firefox/uploadVideo.exe
                        
                        
                     </div>
                     <div>
                        <b>Start time: </b>14:17:09
                     </div>
                     <div>
                        <b>End time: </b>14:17:13
                     </div>
                     <div>
                        <b>Duration: </b>4s
                        
                     </div>
                  </div>
               </td>
            </tr>
            <tr>
               <td colspan="4" class="detailsBox">
                  <div id="DeleteTesting.TongbanxiezuoDeleteTest_xiezuo_delete_byStatus_failed_FAIL3_exception"
                       class="testMethodDetails">
                     <pre style="padding: 5px; margin: 0;">org.openqa.selenium.WebDriverException: chrome not reachable
                        (Session info: chrome=58.0.3029.110)
                        (Driver info: chromedriver=2.27.440174 (e97a722caafc2d3a8b807ee115bfb307f7d2cfd9),platform=Windows NT 10.0.15063 x86_64) (WARNING:
                        The server did not provide any stacktrace information)
                        Command duration or timeout: 4.01 seconds
                        Build info: version: '2.53.1', revision: 'a36b8b1', time: '2016-06-30 17:37:03'
                        System info: host: 'chenziyang', ip: '192.168.1.46', os.name: 'Windows NT (unknown)', os.arch: 'x86', os.version: '6.2', java.version:
                        '1.7.0_01'
                        Session ID: ae5398f37273e958ce22ba9123a8ead4
                        Driver info: org.openqa.selenium.chrome.ChromeDriver
                        Capabilities [{platform=WIN8, acceptSslCerts=true, javascriptEnabled=true, browserName=chrome, chrome={userDataDir=C:\Users\ziyang\AppData\Local\Temp\scoped_dir20880_30960,
                        chromedriverVersion=2.27.440174 (e97a722caafc2d3a8b807ee115bfb307f7d2cfd9)}, networkConnectionEnabled=false, unexpectedAlertBehaviour=,
                        rotatable=false, locationContextEnabled=true, mobileEmulationEnabled=false, version=58.0.3029.110, pageLoadStrategy=normal,
                        takesHeapSnapshot=true, cssSelectorsEnabled=true, databaseEnabled=false, handlesAlerts=true, browserConnectionEnabled=false,
                        webStorageEnabled=true, nativeEvents=true, hasTouchScreen=false, applicationCacheEnabled=false, takesScreenshot=true}]
                        	at sun.reflect.GeneratedConstructorAccessor11.newInstance(Unknown Source)
                        	at sun.reflect.DelegatingConstructorAccessorImpl.newInstance(DelegatingConstructorAccessorImpl.java:45)
                        	at java.lang.reflect.Constructor.newInstance(Constructor.java:525)
                        	at org.openqa.selenium.remote.ErrorHandler.createThrowable(ErrorHandler.java:206)
                        	at org.openqa.selenium.remote.ErrorHandler.throwIfResponseFailed(ErrorHandler.java:158)
                        	at org.openqa.selenium.remote.RemoteWebDriver.execute(RemoteWebDriver.java:678)
                        	at org.openqa.selenium.remote.RemoteWebDriver.get(RemoteWebDriver.java:316)
                        	at uti.Uti.ChromeBrowser_setup(Uti.java:25)
                        	at DeleteTesting.TongbanxiezuoDeleteTest.xiezuo_delete(TongbanxiezuoDeleteTest.java:18)
                        	at sun.reflect.NativeMethodAccessorImpl.invoke0(Native Method)
                        	at sun.reflect.NativeMethodAccessorImpl.invoke(NativeMethodAccessorImpl.java:57)
                        	at sun.reflect.DelegatingMethodAccessorImpl.invoke(DelegatingMethodAccessorImpl.java:43)
                        	at java.lang.reflect.Method.invoke(Method.java:601)
                        	at org.testng.internal.MethodInvocationHelper.invokeMethod(MethodInvocationHelper.java:85)
                        	at org.testng.internal.Invoker.invokeMethod(Invoker.java:639)
                        	at org.testng.internal.Invoker.invokeTestMethod(Invoker.java:816)
                        	at org.testng.internal.Invoker.invokeTestMethods(Invoker.java:1124)
                        	at org.testng.internal.TestMethodWorker.invokeTestMethods(TestMethodWorker.java:125)
                        	at org.testng.internal.TestMethodWorker.run(TestMethodWorker.java:108)
                        	at org.testng.TestRunner.privateRun(TestRunner.java:774)
                        	at org.testng.TestRunner.run(TestRunner.java:624)
                        	at org.testng.SuiteRunner.runTest(SuiteRunner.java:359)
                        	at org.testng.SuiteRunner.access$000(SuiteRunner.java:39)
                        	at org.testng.SuiteRunner$SuiteWorker.run(SuiteRunner.java:393)
                        	at org.testng.internal.thread.ThreadUtil$2.call(ThreadUtil.java:64)
                        	at java.util.concurrent.FutureTask$Sync.innerRun(FutureTask.java:334)
                        	at java.util.concurrent.FutureTask.run(FutureTask.java:166)
                        	at java.util.concurrent.ThreadPoolExecutor.runWorker(ThreadPoolExecutor.java:1110)
                        	at java.util.concurrent.ThreadPoolExecutor$Worker.run(ThreadPoolExecutor.java:603)
                        	at java.lang.Thread.run(Thread.java:722)
                     </pre>
                  </div>
               </td>
            </tr>
            <tr id="DeleteTesting.ZuoyeDeleteTest_zuoye_delete_byStatus_failed_FAIL4_row"
                class="testMethodStatusFAIL">
               <td width="100%" class="firstMethodCell">
                  <a onclick="toggleDetailsVisibility('DeleteTesting.ZuoyeDeleteTest_zuoye_delete_byStatus_failed_FAIL4_details')">zuoye_delete(xmgly
                     
                     ,
                     
                     aaaaaaa1
                     
                     ,
                     
                     C:/Program Files (x86)/Mozilla Firefox/uploadFile.exe
                     
                     ,
                     
                     C:/Program Files (x86)/Mozilla Firefox/uploadVideo.exe)
                  </a>
               </td>
               <td nowrap="true">14:17:25</td>
               <td nowrap="true" align="right">4s
                  
               </td>
               <td nowrap="true">
                  <a onclick="toggleDetailsVisibility('DeleteTesting.ZuoyeDeleteTest_zuoye_delete_byStatus_failed_FAIL4_exception')">org.openqa.selenium.WebDriverException: 
                     chrome not reachable
                     (Session info: chrome=58.0.3029.110)
                     (Driver info: chromedriver=2.27.440174 (e97a722caafc2d3a8b807ee115bfb307f7d2cfd9),platform=Windows NT 10.0.15063 x86_64) (WARNING:
                     The server did not provide any stacktrace information)
                     Command duration or timeout: 4.02 seconds
                     Build info: version: '2.53.1', revision: 'a36b8b1', time: '2016-06-30 17:37:03'
                     System info: host: 'chenziyang', ip: '192.168.1.46', os.name: 'Windows NT (unknown)', os.arch: 'x86', os.version: '6.2', java.version:
                     '1.7.0_01'
                     Session ID: af52d491bff12156ec83c36ee7a3b779
                     Driver info: org.openqa.selenium.chrome.ChromeDriver
                     Capabilities [{platform=WIN8, acceptSslCerts=true, javascriptEnabled=true, browserName=chrome, chrome={userDataDir=C:\Users\ziyang\AppData\Local\Temp\scoped_dir12556_27505,
                     chromedriverVersion=2.27.440174 (e97a722caafc2d3a8b807ee115bfb307f7d2cfd9)}, networkConnectionEnabled=false, unexpectedAlertBehaviour=,
                     rotatable=false, locationContextEnabled=true, mobileEmulationEnabled=false, version=58.0.3029.110, pageLoadStrategy=normal,
                     takesHeapSnapshot=true, cssSelectorsEnabled=true, databaseEnabled=false, handlesAlerts=true, browserConnectionEnabled=false,
                     webStorageEnabled=true, nativeEvents=true, hasTouchScreen=false, applicationCacheEnabled=false, takesScreenshot=true}]
                     
                  </a>
                   
                  
               </td>
            </tr>
            <tr>
               <td colspan="4" class="detailsBox">
                  <div id="DeleteTesting.ZuoyeDeleteTest_zuoye_delete_byStatus_failed_FAIL4_details"
                       class="testMethodDetails">
                     <div>
                        <b>Name: </b>zuoye_delete
                     </div>
                     <div>
                        <b>Signature: </b>zuoye_delete(java.lang.String, java.lang.String, java.lang.String, java.lang.String)[pri:0, instance:DeleteTesting.ZuoyeDeleteTest@471a09]
                     </div>
                     <div>
                        <b>Parameters: </b>
                        
                        xmgly
                        
                        ,
                        
                        aaaaaaa1
                        
                        ,
                        
                        C:/Program Files (x86)/Mozilla Firefox/uploadFile.exe
                        
                        ,
                        
                        C:/Program Files (x86)/Mozilla Firefox/uploadVideo.exe
                        
                        
                     </div>
                     <div>
                        <b>Start time: </b>14:17:25
                     </div>
                     <div>
                        <b>End time: </b>14:17:29
                     </div>
                     <div>
                        <b>Duration: </b>4s
                        
                     </div>
                  </div>
               </td>
            </tr>
            <tr>
               <td colspan="4" class="detailsBox">
                  <div id="DeleteTesting.ZuoyeDeleteTest_zuoye_delete_byStatus_failed_FAIL4_exception"
                       class="testMethodDetails">
                     <pre style="padding: 5px; margin: 0;">org.openqa.selenium.WebDriverException: chrome not reachable
                        (Session info: chrome=58.0.3029.110)
                        (Driver info: chromedriver=2.27.440174 (e97a722caafc2d3a8b807ee115bfb307f7d2cfd9),platform=Windows NT 10.0.15063 x86_64) (WARNING:
                        The server did not provide any stacktrace information)
                        Command duration or timeout: 4.02 seconds
                        Build info: version: '2.53.1', revision: 'a36b8b1', time: '2016-06-30 17:37:03'
                        System info: host: 'chenziyang', ip: '192.168.1.46', os.name: 'Windows NT (unknown)', os.arch: 'x86', os.version: '6.2', java.version:
                        '1.7.0_01'
                        Session ID: af52d491bff12156ec83c36ee7a3b779
                        Driver info: org.openqa.selenium.chrome.ChromeDriver
                        Capabilities [{platform=WIN8, acceptSslCerts=true, javascriptEnabled=true, browserName=chrome, chrome={userDataDir=C:\Users\ziyang\AppData\Local\Temp\scoped_dir12556_27505,
                        chromedriverVersion=2.27.440174 (e97a722caafc2d3a8b807ee115bfb307f7d2cfd9)}, networkConnectionEnabled=false, unexpectedAlertBehaviour=,
                        rotatable=false, locationContextEnabled=true, mobileEmulationEnabled=false, version=58.0.3029.110, pageLoadStrategy=normal,
                        takesHeapSnapshot=true, cssSelectorsEnabled=true, databaseEnabled=false, handlesAlerts=true, browserConnectionEnabled=false,
                        webStorageEnabled=true, nativeEvents=true, hasTouchScreen=false, applicationCacheEnabled=false, takesScreenshot=true}]
                        	at sun.reflect.GeneratedConstructorAccessor11.newInstance(Unknown Source)
                        	at sun.reflect.DelegatingConstructorAccessorImpl.newInstance(DelegatingConstructorAccessorImpl.java:45)
                        	at java.lang.reflect.Constructor.newInstance(Constructor.java:525)
                        	at org.openqa.selenium.remote.ErrorHandler.createThrowable(ErrorHandler.java:206)
                        	at org.openqa.selenium.remote.ErrorHandler.throwIfResponseFailed(ErrorHandler.java:158)
                        	at org.openqa.selenium.remote.RemoteWebDriver.execute(RemoteWebDriver.java:678)
                        	at org.openqa.selenium.remote.RemoteWebDriver.get(RemoteWebDriver.java:316)
                        	at uti.Uti.ChromeBrowser_setup(Uti.java:25)
                        	at DeleteTesting.ZuoyeDeleteTest.zuoye_delete(ZuoyeDeleteTest.java:19)
                        	at sun.reflect.NativeMethodAccessorImpl.invoke0(Native Method)
                        	at sun.reflect.NativeMethodAccessorImpl.invoke(NativeMethodAccessorImpl.java:57)
                        	at sun.reflect.DelegatingMethodAccessorImpl.invoke(DelegatingMethodAccessorImpl.java:43)
                        	at java.lang.reflect.Method.invoke(Method.java:601)
                        	at org.testng.internal.MethodInvocationHelper.invokeMethod(MethodInvocationHelper.java:85)
                        	at org.testng.internal.Invoker.invokeMethod(Invoker.java:639)
                        	at org.testng.internal.Invoker.invokeTestMethod(Invoker.java:816)
                        	at org.testng.internal.Invoker.invokeTestMethods(Invoker.java:1124)
                        	at org.testng.internal.TestMethodWorker.invokeTestMethods(TestMethodWorker.java:125)
                        	at org.testng.internal.TestMethodWorker.run(TestMethodWorker.java:108)
                        	at org.testng.TestRunner.privateRun(TestRunner.java:774)
                        	at org.testng.TestRunner.run(TestRunner.java:624)
                        	at org.testng.SuiteRunner.runTest(SuiteRunner.java:359)
                        	at org.testng.SuiteRunner.access$000(SuiteRunner.java:39)
                        	at org.testng.SuiteRunner$SuiteWorker.run(SuiteRunner.java:393)
                        	at org.testng.internal.thread.ThreadUtil$2.call(ThreadUtil.java:64)
                        	at java.util.concurrent.FutureTask$Sync.innerRun(FutureTask.java:334)
                        	at java.util.concurrent.FutureTask.run(FutureTask.java:166)
                        	at java.util.concurrent.ThreadPoolExecutor.runWorker(ThreadPoolExecutor.java:1110)
                        	at java.util.concurrent.ThreadPoolExecutor$Worker.run(ThreadPoolExecutor.java:603)
                        	at java.lang.Thread.run(Thread.java:722)
                     </pre>
                  </div>
               </td>
            </tr>
            <tr id="DeleteTesting.DiaochawenjuanDeleteTest_diaochawenjuan_delete_byStatus_failed_FAIL5_row"
                class="testMethodStatusFAIL">
               <td width="100%" class="firstMethodCell">
                  <a onclick="toggleDetailsVisibility('DeleteTesting.DiaochawenjuanDeleteTest_diaochawenjuan_delete_byStatus_failed_FAIL5_details')">diaochawenjuan_delete(xmgly
                     
                     ,
                     
                     aaaaaaa1
                     
                     ,
                     
                     C:/Program Files (x86)/Mozilla Firefox/uploadFile.exe
                     
                     ,
                     
                     C:/Program Files (x86)/Mozilla Firefox/uploadVideo.exe)
                  </a>
               </td>
               <td nowrap="true">14:16:29</td>
               <td nowrap="true" align="right">4s
                  
               </td>
               <td nowrap="true">
                  <a onclick="toggleDetailsVisibility('DeleteTesting.DiaochawenjuanDeleteTest_diaochawenjuan_delete_byStatus_failed_FAIL5_exception')">org.openqa.selenium.WebDriverException: 
                     chrome not reachable
                     (Session info: chrome=58.0.3029.110)
                     (Driver info: chromedriver=2.27.440174 (e97a722caafc2d3a8b807ee115bfb307f7d2cfd9),platform=Windows NT 10.0.15063 x86_64) (WARNING:
                     The server did not provide any stacktrace information)
                     Command duration or timeout: 4.08 seconds
                     Build info: version: '2.53.1', revision: 'a36b8b1', time: '2016-06-30 17:37:03'
                     System info: host: 'chenziyang', ip: '192.168.1.46', os.name: 'Windows NT (unknown)', os.arch: 'x86', os.version: '6.2', java.version:
                     '1.7.0_01'
                     Session ID: 3ab2ded34b52bd7214877c3e12038235
                     Driver info: org.openqa.selenium.chrome.ChromeDriver
                     Capabilities [{platform=WIN8, acceptSslCerts=true, javascriptEnabled=true, browserName=chrome, chrome={userDataDir=C:\Users\ziyang\AppData\Local\Temp\scoped_dir6044_28555,
                     chromedriverVersion=2.27.440174 (e97a722caafc2d3a8b807ee115bfb307f7d2cfd9)}, networkConnectionEnabled=false, unexpectedAlertBehaviour=,
                     rotatable=false, locationContextEnabled=true, mobileEmulationEnabled=false, version=58.0.3029.110, pageLoadStrategy=normal,
                     takesHeapSnapshot=true, cssSelectorsEnabled=true, databaseEnabled=false, handlesAlerts=true, browserConnectionEnabled=false,
                     webStorageEnabled=true, nativeEvents=true, hasTouchScreen=false, applicationCacheEnabled=false, takesScreenshot=true}]
                     
                  </a>
                   
                  
               </td>
            </tr>
            <tr>
               <td colspan="4" class="detailsBox">
                  <div id="DeleteTesting.DiaochawenjuanDeleteTest_diaochawenjuan_delete_byStatus_failed_FAIL5_details"
                       class="testMethodDetails">
                     <div>
                        <b>Name: </b>diaochawenjuan_delete
                     </div>
                     <div>
                        <b>Signature: </b>diaochawenjuan_delete(java.lang.String, java.lang.String, java.lang.String, java.lang.String)[pri:0, instance:DeleteTesting.DiaochawenjuanDeleteTest@aaf8f2]
                     </div>
                     <div>
                        <b>Parameters: </b>
                        
                        xmgly
                        
                        ,
                        
                        aaaaaaa1
                        
                        ,
                        
                        C:/Program Files (x86)/Mozilla Firefox/uploadFile.exe
                        
                        ,
                        
                        C:/Program Files (x86)/Mozilla Firefox/uploadVideo.exe
                        
                        
                     </div>
                     <div>
                        <b>Start time: </b>14:16:29
                     </div>
                     <div>
                        <b>End time: </b>14:16:33
                     </div>
                     <div>
                        <b>Duration: </b>4s
                        
                     </div>
                  </div>
               </td>
            </tr>
            <tr>
               <td colspan="4" class="detailsBox">
                  <div id="DeleteTesting.DiaochawenjuanDeleteTest_diaochawenjuan_delete_byStatus_failed_FAIL5_exception"
                       class="testMethodDetails">
                     <pre style="padding: 5px; margin: 0;">org.openqa.selenium.WebDriverException: chrome not reachable
                        (Session info: chrome=58.0.3029.110)
                        (Driver info: chromedriver=2.27.440174 (e97a722caafc2d3a8b807ee115bfb307f7d2cfd9),platform=Windows NT 10.0.15063 x86_64) (WARNING:
                        The server did not provide any stacktrace information)
                        Command duration or timeout: 4.08 seconds
                        Build info: version: '2.53.1', revision: 'a36b8b1', time: '2016-06-30 17:37:03'
                        System info: host: 'chenziyang', ip: '192.168.1.46', os.name: 'Windows NT (unknown)', os.arch: 'x86', os.version: '6.2', java.version:
                        '1.7.0_01'
                        Session ID: 3ab2ded34b52bd7214877c3e12038235
                        Driver info: org.openqa.selenium.chrome.ChromeDriver
                        Capabilities [{platform=WIN8, acceptSslCerts=true, javascriptEnabled=true, browserName=chrome, chrome={userDataDir=C:\Users\ziyang\AppData\Local\Temp\scoped_dir6044_28555,
                        chromedriverVersion=2.27.440174 (e97a722caafc2d3a8b807ee115bfb307f7d2cfd9)}, networkConnectionEnabled=false, unexpectedAlertBehaviour=,
                        rotatable=false, locationContextEnabled=true, mobileEmulationEnabled=false, version=58.0.3029.110, pageLoadStrategy=normal,
                        takesHeapSnapshot=true, cssSelectorsEnabled=true, databaseEnabled=false, handlesAlerts=true, browserConnectionEnabled=false,
                        webStorageEnabled=true, nativeEvents=true, hasTouchScreen=false, applicationCacheEnabled=false, takesScreenshot=true}]
                        	at sun.reflect.NativeConstructorAccessorImpl.newInstance0(Native Method)
                        	at sun.reflect.NativeConstructorAccessorImpl.newInstance(NativeConstructorAccessorImpl.java:57)
                        	at sun.reflect.DelegatingConstructorAccessorImpl.newInstance(DelegatingConstructorAccessorImpl.java:45)
                        	at java.lang.reflect.Constructor.newInstance(Constructor.java:525)
                        	at org.openqa.selenium.remote.ErrorHandler.createThrowable(ErrorHandler.java:206)
                        	at org.openqa.selenium.remote.ErrorHandler.throwIfResponseFailed(ErrorHandler.java:158)
                        	at org.openqa.selenium.remote.RemoteWebDriver.execute(RemoteWebDriver.java:678)
                        	at org.openqa.selenium.remote.RemoteWebDriver.get(RemoteWebDriver.java:316)
                        	at uti.Uti.ChromeBrowser_setup(Uti.java:25)
                        	at DeleteTesting.DiaochawenjuanDeleteTest.diaochawenjuan_delete(DiaochawenjuanDeleteTest.java:20)
                        	at sun.reflect.NativeMethodAccessorImpl.invoke0(Native Method)
                        	at sun.reflect.NativeMethodAccessorImpl.invoke(NativeMethodAccessorImpl.java:57)
                        	at sun.reflect.DelegatingMethodAccessorImpl.invoke(DelegatingMethodAccessorImpl.java:43)
                        	at java.lang.reflect.Method.invoke(Method.java:601)
                        	at org.testng.internal.MethodInvocationHelper.invokeMethod(MethodInvocationHelper.java:85)
                        	at org.testng.internal.Invoker.invokeMethod(Invoker.java:639)
                        	at org.testng.internal.Invoker.invokeTestMethod(Invoker.java:816)
                        	at org.testng.internal.Invoker.invokeTestMethods(Invoker.java:1124)
                        	at org.testng.internal.TestMethodWorker.invokeTestMethods(TestMethodWorker.java:125)
                        	at org.testng.internal.TestMethodWorker.run(TestMethodWorker.java:108)
                        	at org.testng.TestRunner.privateRun(TestRunner.java:774)
                        	at org.testng.TestRunner.run(TestRunner.java:624)
                        	at org.testng.SuiteRunner.runTest(SuiteRunner.java:359)
                        	at org.testng.SuiteRunner.access$000(SuiteRunner.java:39)
                        	at org.testng.SuiteRunner$SuiteWorker.run(SuiteRunner.java:393)
                        	at org.testng.internal.thread.ThreadUtil$2.call(ThreadUtil.java:64)
                        	at java.util.concurrent.FutureTask$Sync.innerRun(FutureTask.java:334)
                        	at java.util.concurrent.FutureTask.run(FutureTask.java:166)
                        	at java.util.concurrent.ThreadPoolExecutor.runWorker(ThreadPoolExecutor.java:1110)
                        	at java.util.concurrent.ThreadPoolExecutor$Worker.run(ThreadPoolExecutor.java:603)
                        	at java.lang.Thread.run(Thread.java:722)
                     </pre>
                  </div>
               </td>
            </tr>
            <tr id="DeleteTesting.WenzhangDeleteTest_wenzhang_delete_byStatus_failed_FAIL6_row"
                class="testMethodStatusFAIL">
               <td width="100%" class="firstMethodCell">
                  <a onclick="toggleDetailsVisibility('DeleteTesting.WenzhangDeleteTest_wenzhang_delete_byStatus_failed_FAIL6_details')">wenzhang_delete(xmgly
                     
                     ,
                     
                     aaaaaaa1
                     
                     ,
                     
                     C:/Program Files (x86)/Mozilla Firefox/uploadFile.exe
                     
                     ,
                     
                     C:/Program Files (x86)/Mozilla Firefox/uploadVideo.exe)
                  </a>
               </td>
               <td nowrap="true">14:17:17</td>
               <td nowrap="true" align="right">4s
                  
               </td>
               <td nowrap="true">
                  <a onclick="toggleDetailsVisibility('DeleteTesting.WenzhangDeleteTest_wenzhang_delete_byStatus_failed_FAIL6_exception')">org.openqa.selenium.WebDriverException: 
                     chrome not reachable
                     (Session info: chrome=58.0.3029.110)
                     (Driver info: chromedriver=2.27.440174 (e97a722caafc2d3a8b807ee115bfb307f7d2cfd9),platform=Windows NT 10.0.15063 x86_64) (WARNING:
                     The server did not provide any stacktrace information)
                     Command duration or timeout: 4.02 seconds
                     Build info: version: '2.53.1', revision: 'a36b8b1', time: '2016-06-30 17:37:03'
                     System info: host: 'chenziyang', ip: '192.168.1.46', os.name: 'Windows NT (unknown)', os.arch: 'x86', os.version: '6.2', java.version:
                     '1.7.0_01'
                     Session ID: 96ec99b4a3504d7749ffa5d3869d9f8c
                     Driver info: org.openqa.selenium.chrome.ChromeDriver
                     Capabilities [{platform=WIN8, acceptSslCerts=true, javascriptEnabled=true, browserName=chrome, chrome={userDataDir=C:\Users\ziyang\AppData\Local\Temp\scoped_dir21396_7495,
                     chromedriverVersion=2.27.440174 (e97a722caafc2d3a8b807ee115bfb307f7d2cfd9)}, networkConnectionEnabled=false, unexpectedAlertBehaviour=,
                     rotatable=false, locationContextEnabled=true, mobileEmulationEnabled=false, version=58.0.3029.110, pageLoadStrategy=normal,
                     takesHeapSnapshot=true, cssSelectorsEnabled=true, databaseEnabled=false, handlesAlerts=true, browserConnectionEnabled=false,
                     webStorageEnabled=true, nativeEvents=true, hasTouchScreen=false, applicationCacheEnabled=false, takesScreenshot=true}]
                     
                  </a>
                   
                  
               </td>
            </tr>
            <tr>
               <td colspan="4" class="detailsBox">
                  <div id="DeleteTesting.WenzhangDeleteTest_wenzhang_delete_byStatus_failed_FAIL6_details"
                       class="testMethodDetails">
                     <div>
                        <b>Name: </b>wenzhang_delete
                     </div>
                     <div>
                        <b>Signature: </b>wenzhang_delete(java.lang.String, java.lang.String, java.lang.String, java.lang.String)[pri:0, instance:DeleteTesting.WenzhangDeleteTest@177e4b0]
                     </div>
                     <div>
                        <b>Parameters: </b>
                        
                        xmgly
                        
                        ,
                        
                        aaaaaaa1
                        
                        ,
                        
                        C:/Program Files (x86)/Mozilla Firefox/uploadFile.exe
                        
                        ,
                        
                        C:/Program Files (x86)/Mozilla Firefox/uploadVideo.exe
                        
                        
                     </div>
                     <div>
                        <b>Start time: </b>14:17:17
                     </div>
                     <div>
                        <b>End time: </b>14:17:21
                     </div>
                     <div>
                        <b>Duration: </b>4s
                        
                     </div>
                  </div>
               </td>
            </tr>
            <tr>
               <td colspan="4" class="detailsBox">
                  <div id="DeleteTesting.WenzhangDeleteTest_wenzhang_delete_byStatus_failed_FAIL6_exception"
                       class="testMethodDetails">
                     <pre style="padding: 5px; margin: 0;">org.openqa.selenium.WebDriverException: chrome not reachable
                        (Session info: chrome=58.0.3029.110)
                        (Driver info: chromedriver=2.27.440174 (e97a722caafc2d3a8b807ee115bfb307f7d2cfd9),platform=Windows NT 10.0.15063 x86_64) (WARNING:
                        The server did not provide any stacktrace information)
                        Command duration or timeout: 4.02 seconds
                        Build info: version: '2.53.1', revision: 'a36b8b1', time: '2016-06-30 17:37:03'
                        System info: host: 'chenziyang', ip: '192.168.1.46', os.name: 'Windows NT (unknown)', os.arch: 'x86', os.version: '6.2', java.version:
                        '1.7.0_01'
                        Session ID: 96ec99b4a3504d7749ffa5d3869d9f8c
                        Driver info: org.openqa.selenium.chrome.ChromeDriver
                        Capabilities [{platform=WIN8, acceptSslCerts=true, javascriptEnabled=true, browserName=chrome, chrome={userDataDir=C:\Users\ziyang\AppData\Local\Temp\scoped_dir21396_7495,
                        chromedriverVersion=2.27.440174 (e97a722caafc2d3a8b807ee115bfb307f7d2cfd9)}, networkConnectionEnabled=false, unexpectedAlertBehaviour=,
                        rotatable=false, locationContextEnabled=true, mobileEmulationEnabled=false, version=58.0.3029.110, pageLoadStrategy=normal,
                        takesHeapSnapshot=true, cssSelectorsEnabled=true, databaseEnabled=false, handlesAlerts=true, browserConnectionEnabled=false,
                        webStorageEnabled=true, nativeEvents=true, hasTouchScreen=false, applicationCacheEnabled=false, takesScreenshot=true}]
                        	at sun.reflect.GeneratedConstructorAccessor11.newInstance(Unknown Source)
                        	at sun.reflect.DelegatingConstructorAccessorImpl.newInstance(DelegatingConstructorAccessorImpl.java:45)
                        	at java.lang.reflect.Constructor.newInstance(Constructor.java:525)
                        	at org.openqa.selenium.remote.ErrorHandler.createThrowable(ErrorHandler.java:206)
                        	at org.openqa.selenium.remote.ErrorHandler.throwIfResponseFailed(ErrorHandler.java:158)
                        	at org.openqa.selenium.remote.RemoteWebDriver.execute(RemoteWebDriver.java:678)
                        	at org.openqa.selenium.remote.RemoteWebDriver.get(RemoteWebDriver.java:316)
                        	at uti.Uti.ChromeBrowser_setup(Uti.java:25)
                        	at DeleteTesting.WenzhangDeleteTest.wenzhang_delete(WenzhangDeleteTest.java:22)
                        	at sun.reflect.NativeMethodAccessorImpl.invoke0(Native Method)
                        	at sun.reflect.NativeMethodAccessorImpl.invoke(NativeMethodAccessorImpl.java:57)
                        	at sun.reflect.DelegatingMethodAccessorImpl.invoke(DelegatingMethodAccessorImpl.java:43)
                        	at java.lang.reflect.Method.invoke(Method.java:601)
                        	at org.testng.internal.MethodInvocationHelper.invokeMethod(MethodInvocationHelper.java:85)
                        	at org.testng.internal.Invoker.invokeMethod(Invoker.java:639)
                        	at org.testng.internal.Invoker.invokeTestMethod(Invoker.java:816)
                        	at org.testng.internal.Invoker.invokeTestMethods(Invoker.java:1124)
                        	at org.testng.internal.TestMethodWorker.invokeTestMethods(TestMethodWorker.java:125)
                        	at org.testng.internal.TestMethodWorker.run(TestMethodWorker.java:108)
                        	at org.testng.TestRunner.privateRun(TestRunner.java:774)
                        	at org.testng.TestRunner.run(TestRunner.java:624)
                        	at org.testng.SuiteRunner.runTest(SuiteRunner.java:359)
                        	at org.testng.SuiteRunner.access$000(SuiteRunner.java:39)
                        	at org.testng.SuiteRunner$SuiteWorker.run(SuiteRunner.java:393)
                        	at org.testng.internal.thread.ThreadUtil$2.call(ThreadUtil.java:64)
                        	at java.util.concurrent.FutureTask$Sync.innerRun(FutureTask.java:334)
                        	at java.util.concurrent.FutureTask.run(FutureTask.java:166)
                        	at java.util.concurrent.ThreadPoolExecutor.runWorker(ThreadPoolExecutor.java:1110)
                        	at java.util.concurrent.ThreadPoolExecutor$Worker.run(ThreadPoolExecutor.java:603)
                        	at java.lang.Thread.run(Thread.java:722)
                     </pre>
                  </div>
               </td>
            </tr>
            <tr id="DeleteTesting.KeguantiDeleteTest_diaochawenjuan_delete_byStatus_failed_FAIL7_row"
                class="testMethodStatusFAIL">
               <td width="100%" class="firstMethodCell">
                  <a onclick="toggleDetailsVisibility('DeleteTesting.KeguantiDeleteTest_diaochawenjuan_delete_byStatus_failed_FAIL7_details')">diaochawenjuan_delete(la
                     
                     ,
                     
                     1qaz2wsx
                     
                     ,
                     
                     C:/Program Files (x86)/Mozilla Firefox/uploadFile.exe
                     
                     ,
                     
                     C:/Program Files (x86)/Mozilla Firefox/uploadVideo.exe)
                  </a>
               </td>
               <td nowrap="true">14:16:53</td>
               <td nowrap="true" align="right">4s
                  
               </td>
               <td nowrap="true">
                  <a onclick="toggleDetailsVisibility('DeleteTesting.KeguantiDeleteTest_diaochawenjuan_delete_byStatus_failed_FAIL7_exception')">org.openqa.selenium.WebDriverException: 
                     chrome not reachable
                     (Session info: chrome=58.0.3029.110)
                     (Driver info: chromedriver=2.27.440174 (e97a722caafc2d3a8b807ee115bfb307f7d2cfd9),platform=Windows NT 10.0.15063 x86_64) (WARNING:
                     The server did not provide any stacktrace information)
                     Command duration or timeout: 4.03 seconds
                     Build info: version: '2.53.1', revision: 'a36b8b1', time: '2016-06-30 17:37:03'
                     System info: host: 'chenziyang', ip: '192.168.1.46', os.name: 'Windows NT (unknown)', os.arch: 'x86', os.version: '6.2', java.version:
                     '1.7.0_01'
                     Session ID: d6f65182487aa4e21b9c44039b19ef41
                     Driver info: org.openqa.selenium.chrome.ChromeDriver
                     Capabilities [{platform=WIN8, acceptSslCerts=true, javascriptEnabled=true, browserName=chrome, chrome={userDataDir=C:\Users\ziyang\AppData\Local\Temp\scoped_dir14536_28991,
                     chromedriverVersion=2.27.440174 (e97a722caafc2d3a8b807ee115bfb307f7d2cfd9)}, networkConnectionEnabled=false, unexpectedAlertBehaviour=,
                     rotatable=false, locationContextEnabled=true, mobileEmulationEnabled=false, version=58.0.3029.110, pageLoadStrategy=normal,
                     takesHeapSnapshot=true, cssSelectorsEnabled=true, databaseEnabled=false, handlesAlerts=true, browserConnectionEnabled=false,
                     webStorageEnabled=true, nativeEvents=true, hasTouchScreen=false, applicationCacheEnabled=false, takesScreenshot=true}]
                     
                  </a>
                   
                  
               </td>
            </tr>
            <tr>
               <td colspan="4" class="detailsBox">
                  <div id="DeleteTesting.KeguantiDeleteTest_diaochawenjuan_delete_byStatus_failed_FAIL7_details"
                       class="testMethodDetails">
                     <div>
                        <b>Name: </b>diaochawenjuan_delete
                     </div>
                     <div>
                        <b>Signature: </b>diaochawenjuan_delete(java.lang.String, java.lang.String, java.lang.String, java.lang.String)[pri:0, instance:DeleteTesting.KeguantiDeleteTest@cca5b9]
                     </div>
                     <div>
                        <b>Parameters: </b>
                        
                        la
                        
                        ,
                        
                        1qaz2wsx
                        
                        ,
                        
                        C:/Program Files (x86)/Mozilla Firefox/uploadFile.exe
                        
                        ,
                        
                        C:/Program Files (x86)/Mozilla Firefox/uploadVideo.exe
                        
                        
                     </div>
                     <div>
                        <b>Start time: </b>14:16:53
                     </div>
                     <div>
                        <b>End time: </b>14:16:57
                     </div>
                     <div>
                        <b>Duration: </b>4s
                        
                     </div>
                  </div>
               </td>
            </tr>
            <tr>
               <td colspan="4" class="detailsBox">
                  <div id="DeleteTesting.KeguantiDeleteTest_diaochawenjuan_delete_byStatus_failed_FAIL7_exception"
                       class="testMethodDetails">
                     <pre style="padding: 5px; margin: 0;">org.openqa.selenium.WebDriverException: chrome not reachable
                        (Session info: chrome=58.0.3029.110)
                        (Driver info: chromedriver=2.27.440174 (e97a722caafc2d3a8b807ee115bfb307f7d2cfd9),platform=Windows NT 10.0.15063 x86_64) (WARNING:
                        The server did not provide any stacktrace information)
                        Command duration or timeout: 4.03 seconds
                        Build info: version: '2.53.1', revision: 'a36b8b1', time: '2016-06-30 17:37:03'
                        System info: host: 'chenziyang', ip: '192.168.1.46', os.name: 'Windows NT (unknown)', os.arch: 'x86', os.version: '6.2', java.version:
                        '1.7.0_01'
                        Session ID: d6f65182487aa4e21b9c44039b19ef41
                        Driver info: org.openqa.selenium.chrome.ChromeDriver
                        Capabilities [{platform=WIN8, acceptSslCerts=true, javascriptEnabled=true, browserName=chrome, chrome={userDataDir=C:\Users\ziyang\AppData\Local\Temp\scoped_dir14536_28991,
                        chromedriverVersion=2.27.440174 (e97a722caafc2d3a8b807ee115bfb307f7d2cfd9)}, networkConnectionEnabled=false, unexpectedAlertBehaviour=,
                        rotatable=false, locationContextEnabled=true, mobileEmulationEnabled=false, version=58.0.3029.110, pageLoadStrategy=normal,
                        takesHeapSnapshot=true, cssSelectorsEnabled=true, databaseEnabled=false, handlesAlerts=true, browserConnectionEnabled=false,
                        webStorageEnabled=true, nativeEvents=true, hasTouchScreen=false, applicationCacheEnabled=false, takesScreenshot=true}]
                        	at sun.reflect.GeneratedConstructorAccessor11.newInstance(Unknown Source)
                        	at sun.reflect.DelegatingConstructorAccessorImpl.newInstance(DelegatingConstructorAccessorImpl.java:45)
                        	at java.lang.reflect.Constructor.newInstance(Constructor.java:525)
                        	at org.openqa.selenium.remote.ErrorHandler.createThrowable(ErrorHandler.java:206)
                        	at org.openqa.selenium.remote.ErrorHandler.throwIfResponseFailed(ErrorHandler.java:158)
                        	at org.openqa.selenium.remote.RemoteWebDriver.execute(RemoteWebDriver.java:678)
                        	at org.openqa.selenium.remote.RemoteWebDriver.get(RemoteWebDriver.java:316)
                        	at uti.Uti.ChromeBrowser_setup(Uti.java:25)
                        	at DeleteTesting.KeguantiDeleteTest.diaochawenjuan_delete(KeguantiDeleteTest.java:18)
                        	at sun.reflect.NativeMethodAccessorImpl.invoke0(Native Method)
                        	at sun.reflect.NativeMethodAccessorImpl.invoke(NativeMethodAccessorImpl.java:57)
                        	at sun.reflect.DelegatingMethodAccessorImpl.invoke(DelegatingMethodAccessorImpl.java:43)
                        	at java.lang.reflect.Method.invoke(Method.java:601)
                        	at org.testng.internal.MethodInvocationHelper.invokeMethod(MethodInvocationHelper.java:85)
                        	at org.testng.internal.Invoker.invokeMethod(Invoker.java:639)
                        	at org.testng.internal.Invoker.invokeTestMethod(Invoker.java:816)
                        	at org.testng.internal.Invoker.invokeTestMethods(Invoker.java:1124)
                        	at org.testng.internal.TestMethodWorker.invokeTestMethods(TestMethodWorker.java:125)
                        	at org.testng.internal.TestMethodWorker.run(TestMethodWorker.java:108)
                        	at org.testng.TestRunner.privateRun(TestRunner.java:774)
                        	at org.testng.TestRunner.run(TestRunner.java:624)
                        	at org.testng.SuiteRunner.runTest(SuiteRunner.java:359)
                        	at org.testng.SuiteRunner.access$000(SuiteRunner.java:39)
                        	at org.testng.SuiteRunner$SuiteWorker.run(SuiteRunner.java:393)
                        	at org.testng.internal.thread.ThreadUtil$2.call(ThreadUtil.java:64)
                        	at java.util.concurrent.FutureTask$Sync.innerRun(FutureTask.java:334)
                        	at java.util.concurrent.FutureTask.run(FutureTask.java:166)
                        	at java.util.concurrent.ThreadPoolExecutor.runWorker(ThreadPoolExecutor.java:1110)
                        	at java.util.concurrent.ThreadPoolExecutor$Worker.run(ThreadPoolExecutor.java:603)
                        	at java.lang.Thread.run(Thread.java:722)
                     </pre>
                  </div>
               </td>
            </tr>
            <tr id="DeleteTesting.HuodongDeleteTest_huodong_delete_byStatus_failed_FAIL8_row"
                class="testMethodStatusFAIL">
               <td width="100%" class="firstMethodCell">
                  <a onclick="toggleDetailsVisibility('DeleteTesting.HuodongDeleteTest_huodong_delete_byStatus_failed_FAIL8_details')">huodong_delete(xmgly
                     
                     ,
                     
                     aaaaaaa1
                     
                     ,
                     
                     C:/Program Files (x86)/Mozilla Firefox/uploadFile.exe
                     
                     ,
                     
                     C:/Program Files (x86)/Mozilla Firefox/uploadVideo.exe)
                  </a>
               </td>
               <td nowrap="true">14:16:37</td>
               <td nowrap="true" align="right">4s
                  
               </td>
               <td nowrap="true">
                  <a onclick="toggleDetailsVisibility('DeleteTesting.HuodongDeleteTest_huodong_delete_byStatus_failed_FAIL8_exception')">org.openqa.selenium.WebDriverException: 
                     chrome not reachable
                     (Session info: chrome=58.0.3029.110)
                     (Driver info: chromedriver=2.27.440174 (e97a722caafc2d3a8b807ee115bfb307f7d2cfd9),platform=Windows NT 10.0.15063 x86_64) (WARNING:
                     The server did not provide any stacktrace information)
                     Command duration or timeout: 4.01 seconds
                     Build info: version: '2.53.1', revision: 'a36b8b1', time: '2016-06-30 17:37:03'
                     System info: host: 'chenziyang', ip: '192.168.1.46', os.name: 'Windows NT (unknown)', os.arch: 'x86', os.version: '6.2', java.version:
                     '1.7.0_01'
                     Session ID: 0aacf67b645f4d69fd16fdc7f795e704
                     Driver info: org.openqa.selenium.chrome.ChromeDriver
                     Capabilities [{platform=WIN8, acceptSslCerts=true, javascriptEnabled=true, browserName=chrome, chrome={userDataDir=C:\Users\ziyang\AppData\Local\Temp\scoped_dir19572_5356,
                     chromedriverVersion=2.27.440174 (e97a722caafc2d3a8b807ee115bfb307f7d2cfd9)}, networkConnectionEnabled=false, unexpectedAlertBehaviour=,
                     rotatable=false, locationContextEnabled=true, mobileEmulationEnabled=false, version=58.0.3029.110, pageLoadStrategy=normal,
                     takesHeapSnapshot=true, cssSelectorsEnabled=true, databaseEnabled=false, handlesAlerts=true, browserConnectionEnabled=false,
                     webStorageEnabled=true, nativeEvents=true, hasTouchScreen=false, applicationCacheEnabled=false, takesScreenshot=true}]
                     
                  </a>
                   
                  
               </td>
            </tr>
            <tr>
               <td colspan="4" class="detailsBox">
                  <div id="DeleteTesting.HuodongDeleteTest_huodong_delete_byStatus_failed_FAIL8_details"
                       class="testMethodDetails">
                     <div>
                        <b>Name: </b>huodong_delete
                     </div>
                     <div>
                        <b>Signature: </b>huodong_delete(java.lang.String, java.lang.String, java.lang.String, java.lang.String)[pri:0, instance:DeleteTesting.HuodongDeleteTest@be10a1]
                     </div>
                     <div>
                        <b>Parameters: </b>
                        
                        xmgly
                        
                        ,
                        
                        aaaaaaa1
                        
                        ,
                        
                        C:/Program Files (x86)/Mozilla Firefox/uploadFile.exe
                        
                        ,
                        
                        C:/Program Files (x86)/Mozilla Firefox/uploadVideo.exe
                        
                        
                     </div>
                     <div>
                        <b>Start time: </b>14:16:37
                     </div>
                     <div>
                        <b>End time: </b>14:16:41
                     </div>
                     <div>
                        <b>Duration: </b>4s
                        
                     </div>
                  </div>
               </td>
            </tr>
            <tr>
               <td colspan="4" class="detailsBox">
                  <div id="DeleteTesting.HuodongDeleteTest_huodong_delete_byStatus_failed_FAIL8_exception"
                       class="testMethodDetails">
                     <pre style="padding: 5px; margin: 0;">org.openqa.selenium.WebDriverException: chrome not reachable
                        (Session info: chrome=58.0.3029.110)
                        (Driver info: chromedriver=2.27.440174 (e97a722caafc2d3a8b807ee115bfb307f7d2cfd9),platform=Windows NT 10.0.15063 x86_64) (WARNING:
                        The server did not provide any stacktrace information)
                        Command duration or timeout: 4.01 seconds
                        Build info: version: '2.53.1', revision: 'a36b8b1', time: '2016-06-30 17:37:03'
                        System info: host: 'chenziyang', ip: '192.168.1.46', os.name: 'Windows NT (unknown)', os.arch: 'x86', os.version: '6.2', java.version:
                        '1.7.0_01'
                        Session ID: 0aacf67b645f4d69fd16fdc7f795e704
                        Driver info: org.openqa.selenium.chrome.ChromeDriver
                        Capabilities [{platform=WIN8, acceptSslCerts=true, javascriptEnabled=true, browserName=chrome, chrome={userDataDir=C:\Users\ziyang\AppData\Local\Temp\scoped_dir19572_5356,
                        chromedriverVersion=2.27.440174 (e97a722caafc2d3a8b807ee115bfb307f7d2cfd9)}, networkConnectionEnabled=false, unexpectedAlertBehaviour=,
                        rotatable=false, locationContextEnabled=true, mobileEmulationEnabled=false, version=58.0.3029.110, pageLoadStrategy=normal,
                        takesHeapSnapshot=true, cssSelectorsEnabled=true, databaseEnabled=false, handlesAlerts=true, browserConnectionEnabled=false,
                        webStorageEnabled=true, nativeEvents=true, hasTouchScreen=false, applicationCacheEnabled=false, takesScreenshot=true}]
                        	at sun.reflect.GeneratedConstructorAccessor11.newInstance(Unknown Source)
                        	at sun.reflect.DelegatingConstructorAccessorImpl.newInstance(DelegatingConstructorAccessorImpl.java:45)
                        	at java.lang.reflect.Constructor.newInstance(Constructor.java:525)
                        	at org.openqa.selenium.remote.ErrorHandler.createThrowable(ErrorHandler.java:206)
                        	at org.openqa.selenium.remote.ErrorHandler.throwIfResponseFailed(ErrorHandler.java:158)
                        	at org.openqa.selenium.remote.RemoteWebDriver.execute(RemoteWebDriver.java:678)
                        	at org.openqa.selenium.remote.RemoteWebDriver.get(RemoteWebDriver.java:316)
                        	at uti.Uti.ChromeBrowser_setup(Uti.java:25)
                        	at DeleteTesting.HuodongDeleteTest.huodong_delete(HuodongDeleteTest.java:21)
                        	at sun.reflect.NativeMethodAccessorImpl.invoke0(Native Method)
                        	at sun.reflect.NativeMethodAccessorImpl.invoke(NativeMethodAccessorImpl.java:57)
                        	at sun.reflect.DelegatingMethodAccessorImpl.invoke(DelegatingMethodAccessorImpl.java:43)
                        	at java.lang.reflect.Method.invoke(Method.java:601)
                        	at org.testng.internal.MethodInvocationHelper.invokeMethod(MethodInvocationHelper.java:85)
                        	at org.testng.internal.Invoker.invokeMethod(Invoker.java:639)
                        	at org.testng.internal.Invoker.invokeTestMethod(Invoker.java:816)
                        	at org.testng.internal.Invoker.invokeTestMethods(Invoker.java:1124)
                        	at org.testng.internal.TestMethodWorker.invokeTestMethods(TestMethodWorker.java:125)
                        	at org.testng.internal.TestMethodWorker.run(TestMethodWorker.java:108)
                        	at org.testng.TestRunner.privateRun(TestRunner.java:774)
                        	at org.testng.TestRunner.run(TestRunner.java:624)
                        	at org.testng.SuiteRunner.runTest(SuiteRunner.java:359)
                        	at org.testng.SuiteRunner.access$000(SuiteRunner.java:39)
                        	at org.testng.SuiteRunner$SuiteWorker.run(SuiteRunner.java:393)
                        	at org.testng.internal.thread.ThreadUtil$2.call(ThreadUtil.java:64)
                        	at java.util.concurrent.FutureTask$Sync.innerRun(FutureTask.java:334)
                        	at java.util.concurrent.FutureTask.run(FutureTask.java:166)
                        	at java.util.concurrent.ThreadPoolExecutor.runWorker(ThreadPoolExecutor.java:1110)
                        	at java.util.concurrent.ThreadPoolExecutor$Worker.run(ThreadPoolExecutor.java:603)
                        	at java.lang.Thread.run(Thread.java:722)
                     </pre>
                  </div>
               </td>
            </tr>
            <tr id="DeleteTesting.BeikeDeleteTest_beike_delete_byStatus_failed_FAIL9_row"
                class="testMethodStatusFAIL">
               <td width="100%" class="firstMethodCell">
                  <a onclick="toggleDetailsVisibility('DeleteTesting.BeikeDeleteTest_beike_delete_byStatus_failed_FAIL9_details')">beike_delete(xmgly
                     
                     ,
                     
                     aaaaaaa1
                     
                     ,
                     
                     C:/Program Files (x86)/Mozilla Firefox/uploadFile.exe
                     
                     ,
                     
                     C:/Program Files (x86)/Mozilla Firefox/uploadVideo.exe)
                  </a>
               </td>
               <td nowrap="true">14:16:13</td>
               <td nowrap="true" align="right">16s
                  
               </td>
               <td nowrap="true">
                  <a onclick="toggleDetailsVisibility('DeleteTesting.BeikeDeleteTest_beike_delete_byStatus_failed_FAIL9_exception')">java.lang.NullPointerException: </a>
                   
                  
               </td>
            </tr>
            <tr>
               <td colspan="4" class="detailsBox">
                  <div id="DeleteTesting.BeikeDeleteTest_beike_delete_byStatus_failed_FAIL9_details"
                       class="testMethodDetails">
                     <div>
                        <b>Name: </b>beike_delete
                     </div>
                     <div>
                        <b>Signature: </b>beike_delete(java.lang.String, java.lang.String, java.lang.String, java.lang.String)[pri:0, instance:DeleteTesting.BeikeDeleteTest@1dac0d9]
                     </div>
                     <div>
                        <b>Parameters: </b>
                        
                        xmgly
                        
                        ,
                        
                        aaaaaaa1
                        
                        ,
                        
                        C:/Program Files (x86)/Mozilla Firefox/uploadFile.exe
                        
                        ,
                        
                        C:/Program Files (x86)/Mozilla Firefox/uploadVideo.exe
                        
                        
                     </div>
                     <div>
                        <b>Start time: </b>14:16:13
                     </div>
                     <div>
                        <b>End time: </b>14:16:29
                     </div>
                     <div>
                        <b>Duration: </b>16s
                        
                     </div>
                  </div>
               </td>
            </tr>
            <tr>
               <td colspan="4" class="detailsBox">
                  <div id="DeleteTesting.BeikeDeleteTest_beike_delete_byStatus_failed_FAIL9_exception"
                       class="testMethodDetails">
                     <pre style="padding: 5px; margin: 0;">java.lang.NullPointerException
                        	at DeleteTesting.BeikeDeleteTest.beike_delete(BeikeDeleteTest.java:21)
                        	at sun.reflect.NativeMethodAccessorImpl.invoke0(Native Method)
                        	at sun.reflect.NativeMethodAccessorImpl.invoke(NativeMethodAccessorImpl.java:57)
                        	at sun.reflect.DelegatingMethodAccessorImpl.invoke(DelegatingMethodAccessorImpl.java:43)
                        	at java.lang.reflect.Method.invoke(Method.java:601)
                        	at org.testng.internal.MethodInvocationHelper.invokeMethod(MethodInvocationHelper.java:85)
                        	at org.testng.internal.Invoker.invokeMethod(Invoker.java:639)
                        	at org.testng.internal.Invoker.invokeTestMethod(Invoker.java:816)
                        	at org.testng.internal.Invoker.invokeTestMethods(Invoker.java:1124)
                        	at org.testng.internal.TestMethodWorker.invokeTestMethods(TestMethodWorker.java:125)
                        	at org.testng.internal.TestMethodWorker.run(TestMethodWorker.java:108)
                        	at org.testng.TestRunner.privateRun(TestRunner.java:774)
                        	at org.testng.TestRunner.run(TestRunner.java:624)
                        	at org.testng.SuiteRunner.runTest(SuiteRunner.java:359)
                        	at org.testng.SuiteRunner.access$000(SuiteRunner.java:39)
                        	at org.testng.SuiteRunner$SuiteWorker.run(SuiteRunner.java:393)
                        	at org.testng.internal.thread.ThreadUtil$2.call(ThreadUtil.java:64)
                        	at java.util.concurrent.FutureTask$Sync.innerRun(FutureTask.java:334)
                        	at java.util.concurrent.FutureTask.run(FutureTask.java:166)
                        	at java.util.concurrent.ThreadPoolExecutor.runWorker(ThreadPoolExecutor.java:1110)
                        	at java.util.concurrent.ThreadPoolExecutor$Worker.run(ThreadPoolExecutor.java:603)
                        	at java.lang.Thread.run(Thread.java:722)
                     </pre>
                  </div>
               </td>
            </tr>
         </table>
      </div>
      <div id="testMethodsByClass">
         <table class="testMethodsTable" cellpadding="0" cellspacing="0">
            <tr>
               <td colspan="4">
                  <h3 style="display: inline;">DeleteTesting.BeikeDeleteTest</h3>
               </td>
            </tr>
            <tr class="methodsTableHeader">
               <td width="100%">Name</td>
               <td nowrap="true">Started</td>
               <td nowrap="true">Duration</td>
               <td>Exception</td>
            </tr>
            <tr id="DeleteTesting.BeikeDeleteTest_beike_delete_byClass_FAIL1_row"
                class="testMethodStatusFAIL">
               <td width="100%" class="firstMethodCell">
                  <a onclick="toggleDetailsVisibility('DeleteTesting.BeikeDeleteTest_beike_delete_byClass_FAIL1_details')">beike_delete(xmgly
                     
                     ,
                     
                     aaaaaaa1
                     
                     ,
                     
                     C:/Program Files (x86)/Mozilla Firefox/uploadFile.exe
                     
                     ,
                     
                     C:/Program Files (x86)/Mozilla Firefox/uploadVideo.exe)
                  </a>
               </td>
               <td nowrap="true">14:16:13</td>
               <td nowrap="true" align="right">16s
                  
               </td>
               <td nowrap="true">
                  <a onclick="toggleDetailsVisibility('DeleteTesting.BeikeDeleteTest_beike_delete_byClass_FAIL1_exception')">java.lang.NullPointerException: </a>
                   
                  
               </td>
            </tr>
            <tr>
               <td colspan="4" class="detailsBox">
                  <div id="DeleteTesting.BeikeDeleteTest_beike_delete_byClass_FAIL1_details"
                       class="testMethodDetails">
                     <div>
                        <b>Name: </b>beike_delete
                     </div>
                     <div>
                        <b>Signature: </b>beike_delete(java.lang.String, java.lang.String, java.lang.String, java.lang.String)[pri:0, instance:DeleteTesting.BeikeDeleteTest@1dac0d9]
                     </div>
                     <div>
                        <b>Parameters: </b>
                        
                        xmgly
                        
                        ,
                        
                        aaaaaaa1
                        
                        ,
                        
                        C:/Program Files (x86)/Mozilla Firefox/uploadFile.exe
                        
                        ,
                        
                        C:/Program Files (x86)/Mozilla Firefox/uploadVideo.exe
                        
                        
                     </div>
                     <div>
                        <b>Start time: </b>14:16:13
                     </div>
                     <div>
                        <b>End time: </b>14:16:29
                     </div>
                     <div>
                        <b>Duration: </b>16s
                        
                     </div>
                  </div>
               </td>
            </tr>
            <tr>
               <td colspan="4" class="detailsBox">
                  <div id="DeleteTesting.BeikeDeleteTest_beike_delete_byClass_FAIL1_exception"
                       class="testMethodDetails">
                     <pre style="padding: 5px; margin: 0;">java.lang.NullPointerException
                        	at DeleteTesting.BeikeDeleteTest.beike_delete(BeikeDeleteTest.java:21)
                        	at sun.reflect.NativeMethodAccessorImpl.invoke0(Native Method)
                        	at sun.reflect.NativeMethodAccessorImpl.invoke(NativeMethodAccessorImpl.java:57)
                        	at sun.reflect.DelegatingMethodAccessorImpl.invoke(DelegatingMethodAccessorImpl.java:43)
                        	at java.lang.reflect.Method.invoke(Method.java:601)
                        	at org.testng.internal.MethodInvocationHelper.invokeMethod(MethodInvocationHelper.java:85)
                        	at org.testng.internal.Invoker.invokeMethod(Invoker.java:639)
                        	at org.testng.internal.Invoker.invokeTestMethod(Invoker.java:816)
                        	at org.testng.internal.Invoker.invokeTestMethods(Invoker.java:1124)
                        	at org.testng.internal.TestMethodWorker.invokeTestMethods(TestMethodWorker.java:125)
                        	at org.testng.internal.TestMethodWorker.run(TestMethodWorker.java:108)
                        	at org.testng.TestRunner.privateRun(TestRunner.java:774)
                        	at org.testng.TestRunner.run(TestRunner.java:624)
                        	at org.testng.SuiteRunner.runTest(SuiteRunner.java:359)
                        	at org.testng.SuiteRunner.access$000(SuiteRunner.java:39)
                        	at org.testng.SuiteRunner$SuiteWorker.run(SuiteRunner.java:393)
                        	at org.testng.internal.thread.ThreadUtil$2.call(ThreadUtil.java:64)
                        	at java.util.concurrent.FutureTask$Sync.innerRun(FutureTask.java:334)
                        	at java.util.concurrent.FutureTask.run(FutureTask.java:166)
                        	at java.util.concurrent.ThreadPoolExecutor.runWorker(ThreadPoolExecutor.java:1110)
                        	at java.util.concurrent.ThreadPoolExecutor$Worker.run(ThreadPoolExecutor.java:603)
                        	at java.lang.Thread.run(Thread.java:722)
                     </pre>
                  </div>
               </td>
            </tr>
         </table>
         <br></br>
         <table class="testMethodsTable" cellpadding="0" cellspacing="0">
            <tr>
               <td colspan="4">
                  <h3 style="display: inline;">DeleteTesting.DiaochawenjuanDeleteTest</h3>
               </td>
            </tr>
            <tr class="methodsTableHeader">
               <td width="100%">Name</td>
               <td nowrap="true">Started</td>
               <td nowrap="true">Duration</td>
               <td>Exception</td>
            </tr>
            <tr id="DeleteTesting.DiaochawenjuanDeleteTest_diaochawenjuan_delete_byClass_FAIL1_row"
                class="testMethodStatusFAIL">
               <td width="100%" class="firstMethodCell">
                  <a onclick="toggleDetailsVisibility('DeleteTesting.DiaochawenjuanDeleteTest_diaochawenjuan_delete_byClass_FAIL1_details')">diaochawenjuan_delete(xmgly
                     
                     ,
                     
                     aaaaaaa1
                     
                     ,
                     
                     C:/Program Files (x86)/Mozilla Firefox/uploadFile.exe
                     
                     ,
                     
                     C:/Program Files (x86)/Mozilla Firefox/uploadVideo.exe)
                  </a>
               </td>
               <td nowrap="true">14:16:29</td>
               <td nowrap="true" align="right">4s
                  
               </td>
               <td nowrap="true">
                  <a onclick="toggleDetailsVisibility('DeleteTesting.DiaochawenjuanDeleteTest_diaochawenjuan_delete_byClass_FAIL1_exception')">org.openqa.selenium.WebDriverException: 
                     chrome not reachable
                     (Session info: chrome=58.0.3029.110)
                     (Driver info: chromedriver=2.27.440174 (e97a722caafc2d3a8b807ee115bfb307f7d2cfd9),platform=Windows NT 10.0.15063 x86_64) (WARNING:
                     The server did not provide any stacktrace information)
                     Command duration or timeout: 4.08 seconds
                     Build info: version: '2.53.1', revision: 'a36b8b1', time: '2016-06-30 17:37:03'
                     System info: host: 'chenziyang', ip: '192.168.1.46', os.name: 'Windows NT (unknown)', os.arch: 'x86', os.version: '6.2', java.version:
                     '1.7.0_01'
                     Session ID: 3ab2ded34b52bd7214877c3e12038235
                     Driver info: org.openqa.selenium.chrome.ChromeDriver
                     Capabilities [{platform=WIN8, acceptSslCerts=true, javascriptEnabled=true, browserName=chrome, chrome={userDataDir=C:\Users\ziyang\AppData\Local\Temp\scoped_dir6044_28555,
                     chromedriverVersion=2.27.440174 (e97a722caafc2d3a8b807ee115bfb307f7d2cfd9)}, networkConnectionEnabled=false, unexpectedAlertBehaviour=,
                     rotatable=false, locationContextEnabled=true, mobileEmulationEnabled=false, version=58.0.3029.110, pageLoadStrategy=normal,
                     takesHeapSnapshot=true, cssSelectorsEnabled=true, databaseEnabled=false, handlesAlerts=true, browserConnectionEnabled=false,
                     webStorageEnabled=true, nativeEvents=true, hasTouchScreen=false, applicationCacheEnabled=false, takesScreenshot=true}]
                     
                  </a>
                   
                  
               </td>
            </tr>
            <tr>
               <td colspan="4" class="detailsBox">
                  <div id="DeleteTesting.DiaochawenjuanDeleteTest_diaochawenjuan_delete_byClass_FAIL1_details"
                       class="testMethodDetails">
                     <div>
                        <b>Name: </b>diaochawenjuan_delete
                     </div>
                     <div>
                        <b>Signature: </b>diaochawenjuan_delete(java.lang.String, java.lang.String, java.lang.String, java.lang.String)[pri:0, instance:DeleteTesting.DiaochawenjuanDeleteTest@aaf8f2]
                     </div>
                     <div>
                        <b>Parameters: </b>
                        
                        xmgly
                        
                        ,
                        
                        aaaaaaa1
                        
                        ,
                        
                        C:/Program Files (x86)/Mozilla Firefox/uploadFile.exe
                        
                        ,
                        
                        C:/Program Files (x86)/Mozilla Firefox/uploadVideo.exe
                        
                        
                     </div>
                     <div>
                        <b>Start time: </b>14:16:29
                     </div>
                     <div>
                        <b>End time: </b>14:16:33
                     </div>
                     <div>
                        <b>Duration: </b>4s
                        
                     </div>
                  </div>
               </td>
            </tr>
            <tr>
               <td colspan="4" class="detailsBox">
                  <div id="DeleteTesting.DiaochawenjuanDeleteTest_diaochawenjuan_delete_byClass_FAIL1_exception"
                       class="testMethodDetails">
                     <pre style="padding: 5px; margin: 0;">org.openqa.selenium.WebDriverException: chrome not reachable
                        (Session info: chrome=58.0.3029.110)
                        (Driver info: chromedriver=2.27.440174 (e97a722caafc2d3a8b807ee115bfb307f7d2cfd9),platform=Windows NT 10.0.15063 x86_64) (WARNING:
                        The server did not provide any stacktrace information)
                        Command duration or timeout: 4.08 seconds
                        Build info: version: '2.53.1', revision: 'a36b8b1', time: '2016-06-30 17:37:03'
                        System info: host: 'chenziyang', ip: '192.168.1.46', os.name: 'Windows NT (unknown)', os.arch: 'x86', os.version: '6.2', java.version:
                        '1.7.0_01'
                        Session ID: 3ab2ded34b52bd7214877c3e12038235
                        Driver info: org.openqa.selenium.chrome.ChromeDriver
                        Capabilities [{platform=WIN8, acceptSslCerts=true, javascriptEnabled=true, browserName=chrome, chrome={userDataDir=C:\Users\ziyang\AppData\Local\Temp\scoped_dir6044_28555,
                        chromedriverVersion=2.27.440174 (e97a722caafc2d3a8b807ee115bfb307f7d2cfd9)}, networkConnectionEnabled=false, unexpectedAlertBehaviour=,
                        rotatable=false, locationContextEnabled=true, mobileEmulationEnabled=false, version=58.0.3029.110, pageLoadStrategy=normal,
                        takesHeapSnapshot=true, cssSelectorsEnabled=true, databaseEnabled=false, handlesAlerts=true, browserConnectionEnabled=false,
                        webStorageEnabled=true, nativeEvents=true, hasTouchScreen=false, applicationCacheEnabled=false, takesScreenshot=true}]
                        	at sun.reflect.NativeConstructorAccessorImpl.newInstance0(Native Method)
                        	at sun.reflect.NativeConstructorAccessorImpl.newInstance(NativeConstructorAccessorImpl.java:57)
                        	at sun.reflect.DelegatingConstructorAccessorImpl.newInstance(DelegatingConstructorAccessorImpl.java:45)
                        	at java.lang.reflect.Constructor.newInstance(Constructor.java:525)
                        	at org.openqa.selenium.remote.ErrorHandler.createThrowable(ErrorHandler.java:206)
                        	at org.openqa.selenium.remote.ErrorHandler.throwIfResponseFailed(ErrorHandler.java:158)
                        	at org.openqa.selenium.remote.RemoteWebDriver.execute(RemoteWebDriver.java:678)
                        	at org.openqa.selenium.remote.RemoteWebDriver.get(RemoteWebDriver.java:316)
                        	at uti.Uti.ChromeBrowser_setup(Uti.java:25)
                        	at DeleteTesting.DiaochawenjuanDeleteTest.diaochawenjuan_delete(DiaochawenjuanDeleteTest.java:20)
                        	at sun.reflect.NativeMethodAccessorImpl.invoke0(Native Method)
                        	at sun.reflect.NativeMethodAccessorImpl.invoke(NativeMethodAccessorImpl.java:57)
                        	at sun.reflect.DelegatingMethodAccessorImpl.invoke(DelegatingMethodAccessorImpl.java:43)
                        	at java.lang.reflect.Method.invoke(Method.java:601)
                        	at org.testng.internal.MethodInvocationHelper.invokeMethod(MethodInvocationHelper.java:85)
                        	at org.testng.internal.Invoker.invokeMethod(Invoker.java:639)
                        	at org.testng.internal.Invoker.invokeTestMethod(Invoker.java:816)
                        	at org.testng.internal.Invoker.invokeTestMethods(Invoker.java:1124)
                        	at org.testng.internal.TestMethodWorker.invokeTestMethods(TestMethodWorker.java:125)
                        	at org.testng.internal.TestMethodWorker.run(TestMethodWorker.java:108)
                        	at org.testng.TestRunner.privateRun(TestRunner.java:774)
                        	at org.testng.TestRunner.run(TestRunner.java:624)
                        	at org.testng.SuiteRunner.runTest(SuiteRunner.java:359)
                        	at org.testng.SuiteRunner.access$000(SuiteRunner.java:39)
                        	at org.testng.SuiteRunner$SuiteWorker.run(SuiteRunner.java:393)
                        	at org.testng.internal.thread.ThreadUtil$2.call(ThreadUtil.java:64)
                        	at java.util.concurrent.FutureTask$Sync.innerRun(FutureTask.java:334)
                        	at java.util.concurrent.FutureTask.run(FutureTask.java:166)
                        	at java.util.concurrent.ThreadPoolExecutor.runWorker(ThreadPoolExecutor.java:1110)
                        	at java.util.concurrent.ThreadPoolExecutor$Worker.run(ThreadPoolExecutor.java:603)
                        	at java.lang.Thread.run(Thread.java:722)
                     </pre>
                  </div>
               </td>
            </tr>
         </table>
         <br></br>
         <table class="testMethodsTable" cellpadding="0" cellspacing="0">
            <tr>
               <td colspan="4">
                  <h3 style="display: inline;">DeleteTesting.HuodongDeleteTest</h3>
               </td>
            </tr>
            <tr class="methodsTableHeader">
               <td width="100%">Name</td>
               <td nowrap="true">Started</td>
               <td nowrap="true">Duration</td>
               <td>Exception</td>
            </tr>
            <tr id="DeleteTesting.HuodongDeleteTest_huodong_delete_byClass_FAIL1_row"
                class="testMethodStatusFAIL">
               <td width="100%" class="firstMethodCell">
                  <a onclick="toggleDetailsVisibility('DeleteTesting.HuodongDeleteTest_huodong_delete_byClass_FAIL1_details')">huodong_delete(xmgly
                     
                     ,
                     
                     aaaaaaa1
                     
                     ,
                     
                     C:/Program Files (x86)/Mozilla Firefox/uploadFile.exe
                     
                     ,
                     
                     C:/Program Files (x86)/Mozilla Firefox/uploadVideo.exe)
                  </a>
               </td>
               <td nowrap="true">14:16:37</td>
               <td nowrap="true" align="right">4s
                  
               </td>
               <td nowrap="true">
                  <a onclick="toggleDetailsVisibility('DeleteTesting.HuodongDeleteTest_huodong_delete_byClass_FAIL1_exception')">org.openqa.selenium.WebDriverException: 
                     chrome not reachable
                     (Session info: chrome=58.0.3029.110)
                     (Driver info: chromedriver=2.27.440174 (e97a722caafc2d3a8b807ee115bfb307f7d2cfd9),platform=Windows NT 10.0.15063 x86_64) (WARNING:
                     The server did not provide any stacktrace information)
                     Command duration or timeout: 4.01 seconds
                     Build info: version: '2.53.1', revision: 'a36b8b1', time: '2016-06-30 17:37:03'
                     System info: host: 'chenziyang', ip: '192.168.1.46', os.name: 'Windows NT (unknown)', os.arch: 'x86', os.version: '6.2', java.version:
                     '1.7.0_01'
                     Session ID: 0aacf67b645f4d69fd16fdc7f795e704
                     Driver info: org.openqa.selenium.chrome.ChromeDriver
                     Capabilities [{platform=WIN8, acceptSslCerts=true, javascriptEnabled=true, browserName=chrome, chrome={userDataDir=C:\Users\ziyang\AppData\Local\Temp\scoped_dir19572_5356,
                     chromedriverVersion=2.27.440174 (e97a722caafc2d3a8b807ee115bfb307f7d2cfd9)}, networkConnectionEnabled=false, unexpectedAlertBehaviour=,
                     rotatable=false, locationContextEnabled=true, mobileEmulationEnabled=false, version=58.0.3029.110, pageLoadStrategy=normal,
                     takesHeapSnapshot=true, cssSelectorsEnabled=true, databaseEnabled=false, handlesAlerts=true, browserConnectionEnabled=false,
                     webStorageEnabled=true, nativeEvents=true, hasTouchScreen=false, applicationCacheEnabled=false, takesScreenshot=true}]
                     
                  </a>
                   
                  
               </td>
            </tr>
            <tr>
               <td colspan="4" class="detailsBox">
                  <div id="DeleteTesting.HuodongDeleteTest_huodong_delete_byClass_FAIL1_details"
                       class="testMethodDetails">
                     <div>
                        <b>Name: </b>huodong_delete
                     </div>
                     <div>
                        <b>Signature: </b>huodong_delete(java.lang.String, java.lang.String, java.lang.String, java.lang.String)[pri:0, instance:DeleteTesting.HuodongDeleteTest@be10a1]
                     </div>
                     <div>
                        <b>Parameters: </b>
                        
                        xmgly
                        
                        ,
                        
                        aaaaaaa1
                        
                        ,
                        
                        C:/Program Files (x86)/Mozilla Firefox/uploadFile.exe
                        
                        ,
                        
                        C:/Program Files (x86)/Mozilla Firefox/uploadVideo.exe
                        
                        
                     </div>
                     <div>
                        <b>Start time: </b>14:16:37
                     </div>
                     <div>
                        <b>End time: </b>14:16:41
                     </div>
                     <div>
                        <b>Duration: </b>4s
                        
                     </div>
                  </div>
               </td>
            </tr>
            <tr>
               <td colspan="4" class="detailsBox">
                  <div id="DeleteTesting.HuodongDeleteTest_huodong_delete_byClass_FAIL1_exception"
                       class="testMethodDetails">
                     <pre style="padding: 5px; margin: 0;">org.openqa.selenium.WebDriverException: chrome not reachable
                        (Session info: chrome=58.0.3029.110)
                        (Driver info: chromedriver=2.27.440174 (e97a722caafc2d3a8b807ee115bfb307f7d2cfd9),platform=Windows NT 10.0.15063 x86_64) (WARNING:
                        The server did not provide any stacktrace information)
                        Command duration or timeout: 4.01 seconds
                        Build info: version: '2.53.1', revision: 'a36b8b1', time: '2016-06-30 17:37:03'
                        System info: host: 'chenziyang', ip: '192.168.1.46', os.name: 'Windows NT (unknown)', os.arch: 'x86', os.version: '6.2', java.version:
                        '1.7.0_01'
                        Session ID: 0aacf67b645f4d69fd16fdc7f795e704
                        Driver info: org.openqa.selenium.chrome.ChromeDriver
                        Capabilities [{platform=WIN8, acceptSslCerts=true, javascriptEnabled=true, browserName=chrome, chrome={userDataDir=C:\Users\ziyang\AppData\Local\Temp\scoped_dir19572_5356,
                        chromedriverVersion=2.27.440174 (e97a722caafc2d3a8b807ee115bfb307f7d2cfd9)}, networkConnectionEnabled=false, unexpectedAlertBehaviour=,
                        rotatable=false, locationContextEnabled=true, mobileEmulationEnabled=false, version=58.0.3029.110, pageLoadStrategy=normal,
                        takesHeapSnapshot=true, cssSelectorsEnabled=true, databaseEnabled=false, handlesAlerts=true, browserConnectionEnabled=false,
                        webStorageEnabled=true, nativeEvents=true, hasTouchScreen=false, applicationCacheEnabled=false, takesScreenshot=true}]
                        	at sun.reflect.GeneratedConstructorAccessor11.newInstance(Unknown Source)
                        	at sun.reflect.DelegatingConstructorAccessorImpl.newInstance(DelegatingConstructorAccessorImpl.java:45)
                        	at java.lang.reflect.Constructor.newInstance(Constructor.java:525)
                        	at org.openqa.selenium.remote.ErrorHandler.createThrowable(ErrorHandler.java:206)
                        	at org.openqa.selenium.remote.ErrorHandler.throwIfResponseFailed(ErrorHandler.java:158)
                        	at org.openqa.selenium.remote.RemoteWebDriver.execute(RemoteWebDriver.java:678)
                        	at org.openqa.selenium.remote.RemoteWebDriver.get(RemoteWebDriver.java:316)
                        	at uti.Uti.ChromeBrowser_setup(Uti.java:25)
                        	at DeleteTesting.HuodongDeleteTest.huodong_delete(HuodongDeleteTest.java:21)
                        	at sun.reflect.NativeMethodAccessorImpl.invoke0(Native Method)
                        	at sun.reflect.NativeMethodAccessorImpl.invoke(NativeMethodAccessorImpl.java:57)
                        	at sun.reflect.DelegatingMethodAccessorImpl.invoke(DelegatingMethodAccessorImpl.java:43)
                        	at java.lang.reflect.Method.invoke(Method.java:601)
                        	at org.testng.internal.MethodInvocationHelper.invokeMethod(MethodInvocationHelper.java:85)
                        	at org.testng.internal.Invoker.invokeMethod(Invoker.java:639)
                        	at org.testng.internal.Invoker.invokeTestMethod(Invoker.java:816)
                        	at org.testng.internal.Invoker.invokeTestMethods(Invoker.java:1124)
                        	at org.testng.internal.TestMethodWorker.invokeTestMethods(TestMethodWorker.java:125)
                        	at org.testng.internal.TestMethodWorker.run(TestMethodWorker.java:108)
                        	at org.testng.TestRunner.privateRun(TestRunner.java:774)
                        	at org.testng.TestRunner.run(TestRunner.java:624)
                        	at org.testng.SuiteRunner.runTest(SuiteRunner.java:359)
                        	at org.testng.SuiteRunner.access$000(SuiteRunner.java:39)
                        	at org.testng.SuiteRunner$SuiteWorker.run(SuiteRunner.java:393)
                        	at org.testng.internal.thread.ThreadUtil$2.call(ThreadUtil.java:64)
                        	at java.util.concurrent.FutureTask$Sync.innerRun(FutureTask.java:334)
                        	at java.util.concurrent.FutureTask.run(FutureTask.java:166)
                        	at java.util.concurrent.ThreadPoolExecutor.runWorker(ThreadPoolExecutor.java:1110)
                        	at java.util.concurrent.ThreadPoolExecutor$Worker.run(ThreadPoolExecutor.java:603)
                        	at java.lang.Thread.run(Thread.java:722)
                     </pre>
                  </div>
               </td>
            </tr>
         </table>
         <br></br>
         <table class="testMethodsTable" cellpadding="0" cellspacing="0">
            <tr>
               <td colspan="4">
                  <h3 style="display: inline;">DeleteTesting.JiaoLiuDeleteTest</h3>
               </td>
            </tr>
            <tr class="methodsTableHeader">
               <td width="100%">Name</td>
               <td nowrap="true">Started</td>
               <td nowrap="true">Duration</td>
               <td>Exception</td>
            </tr>
            <tr id="DeleteTesting.JiaoLiuDeleteTest_jiaoliu_delete_byClass_FAIL1_row"
                class="testMethodStatusFAIL">
               <td width="100%" class="firstMethodCell">
                  <a onclick="toggleDetailsVisibility('DeleteTesting.JiaoLiuDeleteTest_jiaoliu_delete_byClass_FAIL1_details')">jiaoliu_delete(xmgly
                     
                     ,
                     
                     aaaaaaa1
                     
                     ,
                     
                     C:/Program Files (x86)/Mozilla Firefox/uploadFile.exe
                     
                     ,
                     
                     C:/Program Files (x86)/Mozilla Firefox/uploadVideo.exe)
                  </a>
               </td>
               <td nowrap="true">14:16:45</td>
               <td nowrap="true" align="right">4s
                  
               </td>
               <td nowrap="true">
                  <a onclick="toggleDetailsVisibility('DeleteTesting.JiaoLiuDeleteTest_jiaoliu_delete_byClass_FAIL1_exception')">org.openqa.selenium.WebDriverException: 
                     chrome not reachable
                     (Session info: chrome=58.0.3029.110)
                     (Driver info: chromedriver=2.27.440174 (e97a722caafc2d3a8b807ee115bfb307f7d2cfd9),platform=Windows NT 10.0.15063 x86_64) (WARNING:
                     The server did not provide any stacktrace information)
                     Command duration or timeout: 4.02 seconds
                     Build info: version: '2.53.1', revision: 'a36b8b1', time: '2016-06-30 17:37:03'
                     System info: host: 'chenziyang', ip: '192.168.1.46', os.name: 'Windows NT (unknown)', os.arch: 'x86', os.version: '6.2', java.version:
                     '1.7.0_01'
                     Session ID: c3a436df6390c43697dae0bada3bef9d
                     Driver info: org.openqa.selenium.chrome.ChromeDriver
                     Capabilities [{platform=WIN8, acceptSslCerts=true, javascriptEnabled=true, browserName=chrome, chrome={userDataDir=C:\Users\ziyang\AppData\Local\Temp\scoped_dir20112_16952,
                     chromedriverVersion=2.27.440174 (e97a722caafc2d3a8b807ee115bfb307f7d2cfd9)}, networkConnectionEnabled=false, unexpectedAlertBehaviour=,
                     rotatable=false, locationContextEnabled=true, mobileEmulationEnabled=false, version=58.0.3029.110, pageLoadStrategy=normal,
                     takesHeapSnapshot=true, cssSelectorsEnabled=true, databaseEnabled=false, handlesAlerts=true, browserConnectionEnabled=false,
                     webStorageEnabled=true, nativeEvents=true, hasTouchScreen=false, applicationCacheEnabled=false, takesScreenshot=true}]
                     
                  </a>
                   
                  
               </td>
            </tr>
            <tr>
               <td colspan="4" class="detailsBox">
                  <div id="DeleteTesting.JiaoLiuDeleteTest_jiaoliu_delete_byClass_FAIL1_details"
                       class="testMethodDetails">
                     <div>
                        <b>Name: </b>jiaoliu_delete
                     </div>
                     <div>
                        <b>Signature: </b>jiaoliu_delete(java.lang.String, java.lang.String, java.lang.String, java.lang.String)[pri:0, instance:DeleteTesting.JiaoLiuDeleteTest@35c7be]
                     </div>
                     <div>
                        <b>Parameters: </b>
                        
                        xmgly
                        
                        ,
                        
                        aaaaaaa1
                        
                        ,
                        
                        C:/Program Files (x86)/Mozilla Firefox/uploadFile.exe
                        
                        ,
                        
                        C:/Program Files (x86)/Mozilla Firefox/uploadVideo.exe
                        
                        
                     </div>
                     <div>
                        <b>Start time: </b>14:16:45
                     </div>
                     <div>
                        <b>End time: </b>14:16:49
                     </div>
                     <div>
                        <b>Duration: </b>4s
                        
                     </div>
                  </div>
               </td>
            </tr>
            <tr>
               <td colspan="4" class="detailsBox">
                  <div id="DeleteTesting.JiaoLiuDeleteTest_jiaoliu_delete_byClass_FAIL1_exception"
                       class="testMethodDetails">
                     <pre style="padding: 5px; margin: 0;">org.openqa.selenium.WebDriverException: chrome not reachable
                        (Session info: chrome=58.0.3029.110)
                        (Driver info: chromedriver=2.27.440174 (e97a722caafc2d3a8b807ee115bfb307f7d2cfd9),platform=Windows NT 10.0.15063 x86_64) (WARNING:
                        The server did not provide any stacktrace information)
                        Command duration or timeout: 4.02 seconds
                        Build info: version: '2.53.1', revision: 'a36b8b1', time: '2016-06-30 17:37:03'
                        System info: host: 'chenziyang', ip: '192.168.1.46', os.name: 'Windows NT (unknown)', os.arch: 'x86', os.version: '6.2', java.version:
                        '1.7.0_01'
                        Session ID: c3a436df6390c43697dae0bada3bef9d
                        Driver info: org.openqa.selenium.chrome.ChromeDriver
                        Capabilities [{platform=WIN8, acceptSslCerts=true, javascriptEnabled=true, browserName=chrome, chrome={userDataDir=C:\Users\ziyang\AppData\Local\Temp\scoped_dir20112_16952,
                        chromedriverVersion=2.27.440174 (e97a722caafc2d3a8b807ee115bfb307f7d2cfd9)}, networkConnectionEnabled=false, unexpectedAlertBehaviour=,
                        rotatable=false, locationContextEnabled=true, mobileEmulationEnabled=false, version=58.0.3029.110, pageLoadStrategy=normal,
                        takesHeapSnapshot=true, cssSelectorsEnabled=true, databaseEnabled=false, handlesAlerts=true, browserConnectionEnabled=false,
                        webStorageEnabled=true, nativeEvents=true, hasTouchScreen=false, applicationCacheEnabled=false, takesScreenshot=true}]
                        	at sun.reflect.GeneratedConstructorAccessor11.newInstance(Unknown Source)
                        	at sun.reflect.DelegatingConstructorAccessorImpl.newInstance(DelegatingConstructorAccessorImpl.java:45)
                        	at java.lang.reflect.Constructor.newInstance(Constructor.java:525)
                        	at org.openqa.selenium.remote.ErrorHandler.createThrowable(ErrorHandler.java:206)
                        	at org.openqa.selenium.remote.ErrorHandler.throwIfResponseFailed(ErrorHandler.java:158)
                        	at org.openqa.selenium.remote.RemoteWebDriver.execute(RemoteWebDriver.java:678)
                        	at org.openqa.selenium.remote.RemoteWebDriver.get(RemoteWebDriver.java:316)
                        	at uti.Uti.ChromeBrowser_setup(Uti.java:25)
                        	at DeleteTesting.JiaoLiuDeleteTest.jiaoliu_delete(JiaoLiuDeleteTest.java:19)
                        	at sun.reflect.NativeMethodAccessorImpl.invoke0(Native Method)
                        	at sun.reflect.NativeMethodAccessorImpl.invoke(NativeMethodAccessorImpl.java:57)
                        	at sun.reflect.DelegatingMethodAccessorImpl.invoke(DelegatingMethodAccessorImpl.java:43)
                        	at java.lang.reflect.Method.invoke(Method.java:601)
                        	at org.testng.internal.MethodInvocationHelper.invokeMethod(MethodInvocationHelper.java:85)
                        	at org.testng.internal.Invoker.invokeMethod(Invoker.java:639)
                        	at org.testng.internal.Invoker.invokeTestMethod(Invoker.java:816)
                        	at org.testng.internal.Invoker.invokeTestMethods(Invoker.java:1124)
                        	at org.testng.internal.TestMethodWorker.invokeTestMethods(TestMethodWorker.java:125)
                        	at org.testng.internal.TestMethodWorker.run(TestMethodWorker.java:108)
                        	at org.testng.TestRunner.privateRun(TestRunner.java:774)
                        	at org.testng.TestRunner.run(TestRunner.java:624)
                        	at org.testng.SuiteRunner.runTest(SuiteRunner.java:359)
                        	at org.testng.SuiteRunner.access$000(SuiteRunner.java:39)
                        	at org.testng.SuiteRunner$SuiteWorker.run(SuiteRunner.java:393)
                        	at org.testng.internal.thread.ThreadUtil$2.call(ThreadUtil.java:64)
                        	at java.util.concurrent.FutureTask$Sync.innerRun(FutureTask.java:334)
                        	at java.util.concurrent.FutureTask.run(FutureTask.java:166)
                        	at java.util.concurrent.ThreadPoolExecutor.runWorker(ThreadPoolExecutor.java:1110)
                        	at java.util.concurrent.ThreadPoolExecutor$Worker.run(ThreadPoolExecutor.java:603)
                        	at java.lang.Thread.run(Thread.java:722)
                     </pre>
                  </div>
               </td>
            </tr>
         </table>
         <br></br>
         <table class="testMethodsTable" cellpadding="0" cellspacing="0">
            <tr>
               <td colspan="4">
                  <h3 style="display: inline;">DeleteTesting.KeguantiDeleteTest</h3>
               </td>
            </tr>
            <tr class="methodsTableHeader">
               <td width="100%">Name</td>
               <td nowrap="true">Started</td>
               <td nowrap="true">Duration</td>
               <td>Exception</td>
            </tr>
            <tr id="DeleteTesting.KeguantiDeleteTest_diaochawenjuan_delete_byClass_FAIL1_row"
                class="testMethodStatusFAIL">
               <td width="100%" class="firstMethodCell">
                  <a onclick="toggleDetailsVisibility('DeleteTesting.KeguantiDeleteTest_diaochawenjuan_delete_byClass_FAIL1_details')">diaochawenjuan_delete(la
                     
                     ,
                     
                     1qaz2wsx
                     
                     ,
                     
                     C:/Program Files (x86)/Mozilla Firefox/uploadFile.exe
                     
                     ,
                     
                     C:/Program Files (x86)/Mozilla Firefox/uploadVideo.exe)
                  </a>
               </td>
               <td nowrap="true">14:16:53</td>
               <td nowrap="true" align="right">4s
                  
               </td>
               <td nowrap="true">
                  <a onclick="toggleDetailsVisibility('DeleteTesting.KeguantiDeleteTest_diaochawenjuan_delete_byClass_FAIL1_exception')">org.openqa.selenium.WebDriverException: 
                     chrome not reachable
                     (Session info: chrome=58.0.3029.110)
                     (Driver info: chromedriver=2.27.440174 (e97a722caafc2d3a8b807ee115bfb307f7d2cfd9),platform=Windows NT 10.0.15063 x86_64) (WARNING:
                     The server did not provide any stacktrace information)
                     Command duration or timeout: 4.03 seconds
                     Build info: version: '2.53.1', revision: 'a36b8b1', time: '2016-06-30 17:37:03'
                     System info: host: 'chenziyang', ip: '192.168.1.46', os.name: 'Windows NT (unknown)', os.arch: 'x86', os.version: '6.2', java.version:
                     '1.7.0_01'
                     Session ID: d6f65182487aa4e21b9c44039b19ef41
                     Driver info: org.openqa.selenium.chrome.ChromeDriver
                     Capabilities [{platform=WIN8, acceptSslCerts=true, javascriptEnabled=true, browserName=chrome, chrome={userDataDir=C:\Users\ziyang\AppData\Local\Temp\scoped_dir14536_28991,
                     chromedriverVersion=2.27.440174 (e97a722caafc2d3a8b807ee115bfb307f7d2cfd9)}, networkConnectionEnabled=false, unexpectedAlertBehaviour=,
                     rotatable=false, locationContextEnabled=true, mobileEmulationEnabled=false, version=58.0.3029.110, pageLoadStrategy=normal,
                     takesHeapSnapshot=true, cssSelectorsEnabled=true, databaseEnabled=false, handlesAlerts=true, browserConnectionEnabled=false,
                     webStorageEnabled=true, nativeEvents=true, hasTouchScreen=false, applicationCacheEnabled=false, takesScreenshot=true}]
                     
                  </a>
                   
                  
               </td>
            </tr>
            <tr>
               <td colspan="4" class="detailsBox">
                  <div id="DeleteTesting.KeguantiDeleteTest_diaochawenjuan_delete_byClass_FAIL1_details"
                       class="testMethodDetails">
                     <div>
                        <b>Name: </b>diaochawenjuan_delete
                     </div>
                     <div>
                        <b>Signature: </b>diaochawenjuan_delete(java.lang.String, java.lang.String, java.lang.String, java.lang.String)[pri:0, instance:DeleteTesting.KeguantiDeleteTest@cca5b9]
                     </div>
                     <div>
                        <b>Parameters: </b>
                        
                        la
                        
                        ,
                        
                        1qaz2wsx
                        
                        ,
                        
                        C:/Program Files (x86)/Mozilla Firefox/uploadFile.exe
                        
                        ,
                        
                        C:/Program Files (x86)/Mozilla Firefox/uploadVideo.exe
                        
                        
                     </div>
                     <div>
                        <b>Start time: </b>14:16:53
                     </div>
                     <div>
                        <b>End time: </b>14:16:57
                     </div>
                     <div>
                        <b>Duration: </b>4s
                        
                     </div>
                  </div>
               </td>
            </tr>
            <tr>
               <td colspan="4" class="detailsBox">
                  <div id="DeleteTesting.KeguantiDeleteTest_diaochawenjuan_delete_byClass_FAIL1_exception"
                       class="testMethodDetails">
                     <pre style="padding: 5px; margin: 0;">org.openqa.selenium.WebDriverException: chrome not reachable
                        (Session info: chrome=58.0.3029.110)
                        (Driver info: chromedriver=2.27.440174 (e97a722caafc2d3a8b807ee115bfb307f7d2cfd9),platform=Windows NT 10.0.15063 x86_64) (WARNING:
                        The server did not provide any stacktrace information)
                        Command duration or timeout: 4.03 seconds
                        Build info: version: '2.53.1', revision: 'a36b8b1', time: '2016-06-30 17:37:03'
                        System info: host: 'chenziyang', ip: '192.168.1.46', os.name: 'Windows NT (unknown)', os.arch: 'x86', os.version: '6.2', java.version:
                        '1.7.0_01'
                        Session ID: d6f65182487aa4e21b9c44039b19ef41
                        Driver info: org.openqa.selenium.chrome.ChromeDriver
                        Capabilities [{platform=WIN8, acceptSslCerts=true, javascriptEnabled=true, browserName=chrome, chrome={userDataDir=C:\Users\ziyang\AppData\Local\Temp\scoped_dir14536_28991,
                        chromedriverVersion=2.27.440174 (e97a722caafc2d3a8b807ee115bfb307f7d2cfd9)}, networkConnectionEnabled=false, unexpectedAlertBehaviour=,
                        rotatable=false, locationContextEnabled=true, mobileEmulationEnabled=false, version=58.0.3029.110, pageLoadStrategy=normal,
                        takesHeapSnapshot=true, cssSelectorsEnabled=true, databaseEnabled=false, handlesAlerts=true, browserConnectionEnabled=false,
                        webStorageEnabled=true, nativeEvents=true, hasTouchScreen=false, applicationCacheEnabled=false, takesScreenshot=true}]
                        	at sun.reflect.GeneratedConstructorAccessor11.newInstance(Unknown Source)
                        	at sun.reflect.DelegatingConstructorAccessorImpl.newInstance(DelegatingConstructorAccessorImpl.java:45)
                        	at java.lang.reflect.Constructor.newInstance(Constructor.java:525)
                        	at org.openqa.selenium.remote.ErrorHandler.createThrowable(ErrorHandler.java:206)
                        	at org.openqa.selenium.remote.ErrorHandler.throwIfResponseFailed(ErrorHandler.java:158)
                        	at org.openqa.selenium.remote.RemoteWebDriver.execute(RemoteWebDriver.java:678)
                        	at org.openqa.selenium.remote.RemoteWebDriver.get(RemoteWebDriver.java:316)
                        	at uti.Uti.ChromeBrowser_setup(Uti.java:25)
                        	at DeleteTesting.KeguantiDeleteTest.diaochawenjuan_delete(KeguantiDeleteTest.java:18)
                        	at sun.reflect.NativeMethodAccessorImpl.invoke0(Native Method)
                        	at sun.reflect.NativeMethodAccessorImpl.invoke(NativeMethodAccessorImpl.java:57)
                        	at sun.reflect.DelegatingMethodAccessorImpl.invoke(DelegatingMethodAccessorImpl.java:43)
                        	at java.lang.reflect.Method.invoke(Method.java:601)
                        	at org.testng.internal.MethodInvocationHelper.invokeMethod(MethodInvocationHelper.java:85)
                        	at org.testng.internal.Invoker.invokeMethod(Invoker.java:639)
                        	at org.testng.internal.Invoker.invokeTestMethod(Invoker.java:816)
                        	at org.testng.internal.Invoker.invokeTestMethods(Invoker.java:1124)
                        	at org.testng.internal.TestMethodWorker.invokeTestMethods(TestMethodWorker.java:125)
                        	at org.testng.internal.TestMethodWorker.run(TestMethodWorker.java:108)
                        	at org.testng.TestRunner.privateRun(TestRunner.java:774)
                        	at org.testng.TestRunner.run(TestRunner.java:624)
                        	at org.testng.SuiteRunner.runTest(SuiteRunner.java:359)
                        	at org.testng.SuiteRunner.access$000(SuiteRunner.java:39)
                        	at org.testng.SuiteRunner$SuiteWorker.run(SuiteRunner.java:393)
                        	at org.testng.internal.thread.ThreadUtil$2.call(ThreadUtil.java:64)
                        	at java.util.concurrent.FutureTask$Sync.innerRun(FutureTask.java:334)
                        	at java.util.concurrent.FutureTask.run(FutureTask.java:166)
                        	at java.util.concurrent.ThreadPoolExecutor.runWorker(ThreadPoolExecutor.java:1110)
                        	at java.util.concurrent.ThreadPoolExecutor$Worker.run(ThreadPoolExecutor.java:603)
                        	at java.lang.Thread.run(Thread.java:722)
                     </pre>
                  </div>
               </td>
            </tr>
         </table>
         <br></br>
         <table class="testMethodsTable" cellpadding="0" cellspacing="0">
            <tr>
               <td colspan="4">
                  <h3 style="display: inline;">DeleteTesting.MokeDeleteTest</h3>
               </td>
            </tr>
            <tr class="methodsTableHeader">
               <td width="100%">Name</td>
               <td nowrap="true">Started</td>
               <td nowrap="true">Duration</td>
               <td>Exception</td>
            </tr>
            <tr id="DeleteTesting.MokeDeleteTest_moke_delete_byClass_FAIL1_row"
                class="testMethodStatusFAIL">
               <td width="100%" class="firstMethodCell">
                  <a onclick="toggleDetailsVisibility('DeleteTesting.MokeDeleteTest_moke_delete_byClass_FAIL1_details')">moke_delete(la
                     
                     ,
                     
                     1qaz2wsx
                     
                     ,
                     
                     C:/Program Files (x86)/Mozilla Firefox/uploadFile.exe
                     
                     ,
                     
                     C:/Program Files (x86)/Mozilla Firefox/uploadVideo.exe)
                  </a>
               </td>
               <td nowrap="true">14:17:01</td>
               <td nowrap="true" align="right">4s
                  
               </td>
               <td nowrap="true">
                  <a onclick="toggleDetailsVisibility('DeleteTesting.MokeDeleteTest_moke_delete_byClass_FAIL1_exception')">org.openqa.selenium.WebDriverException: 
                     chrome not reachable
                     (Session info: chrome=58.0.3029.110)
                     (Driver info: chromedriver=2.27.440174 (e97a722caafc2d3a8b807ee115bfb307f7d2cfd9),platform=Windows NT 10.0.15063 x86_64) (WARNING:
                     The server did not provide any stacktrace information)
                     Command duration or timeout: 4.02 seconds
                     Build info: version: '2.53.1', revision: 'a36b8b1', time: '2016-06-30 17:37:03'
                     System info: host: 'chenziyang', ip: '192.168.1.46', os.name: 'Windows NT (unknown)', os.arch: 'x86', os.version: '6.2', java.version:
                     '1.7.0_01'
                     Session ID: 07695b458b5cc1c8047bd3cef70b01a2
                     Driver info: org.openqa.selenium.chrome.ChromeDriver
                     Capabilities [{platform=WIN8, acceptSslCerts=true, javascriptEnabled=true, browserName=chrome, chrome={userDataDir=C:\Users\ziyang\AppData\Local\Temp\scoped_dir14256_32439,
                     chromedriverVersion=2.27.440174 (e97a722caafc2d3a8b807ee115bfb307f7d2cfd9)}, networkConnectionEnabled=false, unexpectedAlertBehaviour=,
                     rotatable=false, locationContextEnabled=true, mobileEmulationEnabled=false, version=58.0.3029.110, pageLoadStrategy=normal,
                     takesHeapSnapshot=true, cssSelectorsEnabled=true, databaseEnabled=false, handlesAlerts=true, browserConnectionEnabled=false,
                     webStorageEnabled=true, nativeEvents=true, hasTouchScreen=false, applicationCacheEnabled=false, takesScreenshot=true}]
                     
                  </a>
                   
                  
               </td>
            </tr>
            <tr>
               <td colspan="4" class="detailsBox">
                  <div id="DeleteTesting.MokeDeleteTest_moke_delete_byClass_FAIL1_details"
                       class="testMethodDetails">
                     <div>
                        <b>Name: </b>moke_delete
                     </div>
                     <div>
                        <b>Signature: </b>moke_delete(java.lang.String, java.lang.String, java.lang.String, java.lang.String)[pri:0, instance:DeleteTesting.MokeDeleteTest@19430ca]
                     </div>
                     <div>
                        <b>Parameters: </b>
                        
                        la
                        
                        ,
                        
                        1qaz2wsx
                        
                        ,
                        
                        C:/Program Files (x86)/Mozilla Firefox/uploadFile.exe
                        
                        ,
                        
                        C:/Program Files (x86)/Mozilla Firefox/uploadVideo.exe
                        
                        
                     </div>
                     <div>
                        <b>Start time: </b>14:17:01
                     </div>
                     <div>
                        <b>End time: </b>14:17:05
                     </div>
                     <div>
                        <b>Duration: </b>4s
                        
                     </div>
                  </div>
               </td>
            </tr>
            <tr>
               <td colspan="4" class="detailsBox">
                  <div id="DeleteTesting.MokeDeleteTest_moke_delete_byClass_FAIL1_exception"
                       class="testMethodDetails">
                     <pre style="padding: 5px; margin: 0;">org.openqa.selenium.WebDriverException: chrome not reachable
                        (Session info: chrome=58.0.3029.110)
                        (Driver info: chromedriver=2.27.440174 (e97a722caafc2d3a8b807ee115bfb307f7d2cfd9),platform=Windows NT 10.0.15063 x86_64) (WARNING:
                        The server did not provide any stacktrace information)
                        Command duration or timeout: 4.02 seconds
                        Build info: version: '2.53.1', revision: 'a36b8b1', time: '2016-06-30 17:37:03'
                        System info: host: 'chenziyang', ip: '192.168.1.46', os.name: 'Windows NT (unknown)', os.arch: 'x86', os.version: '6.2', java.version:
                        '1.7.0_01'
                        Session ID: 07695b458b5cc1c8047bd3cef70b01a2
                        Driver info: org.openqa.selenium.chrome.ChromeDriver
                        Capabilities [{platform=WIN8, acceptSslCerts=true, javascriptEnabled=true, browserName=chrome, chrome={userDataDir=C:\Users\ziyang\AppData\Local\Temp\scoped_dir14256_32439,
                        chromedriverVersion=2.27.440174 (e97a722caafc2d3a8b807ee115bfb307f7d2cfd9)}, networkConnectionEnabled=false, unexpectedAlertBehaviour=,
                        rotatable=false, locationContextEnabled=true, mobileEmulationEnabled=false, version=58.0.3029.110, pageLoadStrategy=normal,
                        takesHeapSnapshot=true, cssSelectorsEnabled=true, databaseEnabled=false, handlesAlerts=true, browserConnectionEnabled=false,
                        webStorageEnabled=true, nativeEvents=true, hasTouchScreen=false, applicationCacheEnabled=false, takesScreenshot=true}]
                        	at sun.reflect.GeneratedConstructorAccessor11.newInstance(Unknown Source)
                        	at sun.reflect.DelegatingConstructorAccessorImpl.newInstance(DelegatingConstructorAccessorImpl.java:45)
                        	at java.lang.reflect.Constructor.newInstance(Constructor.java:525)
                        	at org.openqa.selenium.remote.ErrorHandler.createThrowable(ErrorHandler.java:206)
                        	at org.openqa.selenium.remote.ErrorHandler.throwIfResponseFailed(ErrorHandler.java:158)
                        	at org.openqa.selenium.remote.RemoteWebDriver.execute(RemoteWebDriver.java:678)
                        	at org.openqa.selenium.remote.RemoteWebDriver.get(RemoteWebDriver.java:316)
                        	at uti.Uti.ChromeBrowser_setup(Uti.java:25)
                        	at DeleteTesting.MokeDeleteTest.moke_delete(MokeDeleteTest.java:19)
                        	at sun.reflect.NativeMethodAccessorImpl.invoke0(Native Method)
                        	at sun.reflect.NativeMethodAccessorImpl.invoke(NativeMethodAccessorImpl.java:57)
                        	at sun.reflect.DelegatingMethodAccessorImpl.invoke(DelegatingMethodAccessorImpl.java:43)
                        	at java.lang.reflect.Method.invoke(Method.java:601)
                        	at org.testng.internal.MethodInvocationHelper.invokeMethod(MethodInvocationHelper.java:85)
                        	at org.testng.internal.Invoker.invokeMethod(Invoker.java:639)
                        	at org.testng.internal.Invoker.invokeTestMethod(Invoker.java:816)
                        	at org.testng.internal.Invoker.invokeTestMethods(Invoker.java:1124)
                        	at org.testng.internal.TestMethodWorker.invokeTestMethods(TestMethodWorker.java:125)
                        	at org.testng.internal.TestMethodWorker.run(TestMethodWorker.java:108)
                        	at org.testng.TestRunner.privateRun(TestRunner.java:774)
                        	at org.testng.TestRunner.run(TestRunner.java:624)
                        	at org.testng.SuiteRunner.runTest(SuiteRunner.java:359)
                        	at org.testng.SuiteRunner.access$000(SuiteRunner.java:39)
                        	at org.testng.SuiteRunner$SuiteWorker.run(SuiteRunner.java:393)
                        	at org.testng.internal.thread.ThreadUtil$2.call(ThreadUtil.java:64)
                        	at java.util.concurrent.FutureTask$Sync.innerRun(FutureTask.java:334)
                        	at java.util.concurrent.FutureTask.run(FutureTask.java:166)
                        	at java.util.concurrent.ThreadPoolExecutor.runWorker(ThreadPoolExecutor.java:1110)
                        	at java.util.concurrent.ThreadPoolExecutor$Worker.run(ThreadPoolExecutor.java:603)
                        	at java.lang.Thread.run(Thread.java:722)
                     </pre>
                  </div>
               </td>
            </tr>
         </table>
         <br></br>
         <table class="testMethodsTable" cellpadding="0" cellspacing="0">
            <tr>
               <td colspan="4">
                  <h3 style="display: inline;">DeleteTesting.TongbanxiezuoDeleteTest</h3>
               </td>
            </tr>
            <tr class="methodsTableHeader">
               <td width="100%">Name</td>
               <td nowrap="true">Started</td>
               <td nowrap="true">Duration</td>
               <td>Exception</td>
            </tr>
            <tr id="DeleteTesting.TongbanxiezuoDeleteTest_xiezuo_delete_byClass_FAIL1_row"
                class="testMethodStatusFAIL">
               <td width="100%" class="firstMethodCell">
                  <a onclick="toggleDetailsVisibility('DeleteTesting.TongbanxiezuoDeleteTest_xiezuo_delete_byClass_FAIL1_details')">xiezuo_delete(la
                     
                     ,
                     
                     1qaz2wsx
                     
                     ,
                     
                     C:/Program Files (x86)/Mozilla Firefox/uploadFile.exe
                     
                     ,
                     
                     C:/Program Files (x86)/Mozilla Firefox/uploadVideo.exe)
                  </a>
               </td>
               <td nowrap="true">14:17:09</td>
               <td nowrap="true" align="right">4s
                  
               </td>
               <td nowrap="true">
                  <a onclick="toggleDetailsVisibility('DeleteTesting.TongbanxiezuoDeleteTest_xiezuo_delete_byClass_FAIL1_exception')">org.openqa.selenium.WebDriverException: 
                     chrome not reachable
                     (Session info: chrome=58.0.3029.110)
                     (Driver info: chromedriver=2.27.440174 (e97a722caafc2d3a8b807ee115bfb307f7d2cfd9),platform=Windows NT 10.0.15063 x86_64) (WARNING:
                     The server did not provide any stacktrace information)
                     Command duration or timeout: 4.01 seconds
                     Build info: version: '2.53.1', revision: 'a36b8b1', time: '2016-06-30 17:37:03'
                     System info: host: 'chenziyang', ip: '192.168.1.46', os.name: 'Windows NT (unknown)', os.arch: 'x86', os.version: '6.2', java.version:
                     '1.7.0_01'
                     Session ID: ae5398f37273e958ce22ba9123a8ead4
                     Driver info: org.openqa.selenium.chrome.ChromeDriver
                     Capabilities [{platform=WIN8, acceptSslCerts=true, javascriptEnabled=true, browserName=chrome, chrome={userDataDir=C:\Users\ziyang\AppData\Local\Temp\scoped_dir20880_30960,
                     chromedriverVersion=2.27.440174 (e97a722caafc2d3a8b807ee115bfb307f7d2cfd9)}, networkConnectionEnabled=false, unexpectedAlertBehaviour=,
                     rotatable=false, locationContextEnabled=true, mobileEmulationEnabled=false, version=58.0.3029.110, pageLoadStrategy=normal,
                     takesHeapSnapshot=true, cssSelectorsEnabled=true, databaseEnabled=false, handlesAlerts=true, browserConnectionEnabled=false,
                     webStorageEnabled=true, nativeEvents=true, hasTouchScreen=false, applicationCacheEnabled=false, takesScreenshot=true}]
                     
                  </a>
                   
                  
               </td>
            </tr>
            <tr>
               <td colspan="4" class="detailsBox">
                  <div id="DeleteTesting.TongbanxiezuoDeleteTest_xiezuo_delete_byClass_FAIL1_details"
                       class="testMethodDetails">
                     <div>
                        <b>Name: </b>xiezuo_delete
                     </div>
                     <div>
                        <b>Signature: </b>xiezuo_delete(java.lang.String, java.lang.String, java.lang.String, java.lang.String)[pri:0, instance:DeleteTesting.TongbanxiezuoDeleteTest@f3941]
                     </div>
                     <div>
                        <b>Parameters: </b>
                        
                        la
                        
                        ,
                        
                        1qaz2wsx
                        
                        ,
                        
                        C:/Program Files (x86)/Mozilla Firefox/uploadFile.exe
                        
                        ,
                        
                        C:/Program Files (x86)/Mozilla Firefox/uploadVideo.exe
                        
                        
                     </div>
                     <div>
                        <b>Start time: </b>14:17:09
                     </div>
                     <div>
                        <b>End time: </b>14:17:13
                     </div>
                     <div>
                        <b>Duration: </b>4s
                        
                     </div>
                  </div>
               </td>
            </tr>
            <tr>
               <td colspan="4" class="detailsBox">
                  <div id="DeleteTesting.TongbanxiezuoDeleteTest_xiezuo_delete_byClass_FAIL1_exception"
                       class="testMethodDetails">
                     <pre style="padding: 5px; margin: 0;">org.openqa.selenium.WebDriverException: chrome not reachable
                        (Session info: chrome=58.0.3029.110)
                        (Driver info: chromedriver=2.27.440174 (e97a722caafc2d3a8b807ee115bfb307f7d2cfd9),platform=Windows NT 10.0.15063 x86_64) (WARNING:
                        The server did not provide any stacktrace information)
                        Command duration or timeout: 4.01 seconds
                        Build info: version: '2.53.1', revision: 'a36b8b1', time: '2016-06-30 17:37:03'
                        System info: host: 'chenziyang', ip: '192.168.1.46', os.name: 'Windows NT (unknown)', os.arch: 'x86', os.version: '6.2', java.version:
                        '1.7.0_01'
                        Session ID: ae5398f37273e958ce22ba9123a8ead4
                        Driver info: org.openqa.selenium.chrome.ChromeDriver
                        Capabilities [{platform=WIN8, acceptSslCerts=true, javascriptEnabled=true, browserName=chrome, chrome={userDataDir=C:\Users\ziyang\AppData\Local\Temp\scoped_dir20880_30960,
                        chromedriverVersion=2.27.440174 (e97a722caafc2d3a8b807ee115bfb307f7d2cfd9)}, networkConnectionEnabled=false, unexpectedAlertBehaviour=,
                        rotatable=false, locationContextEnabled=true, mobileEmulationEnabled=false, version=58.0.3029.110, pageLoadStrategy=normal,
                        takesHeapSnapshot=true, cssSelectorsEnabled=true, databaseEnabled=false, handlesAlerts=true, browserConnectionEnabled=false,
                        webStorageEnabled=true, nativeEvents=true, hasTouchScreen=false, applicationCacheEnabled=false, takesScreenshot=true}]
                        	at sun.reflect.GeneratedConstructorAccessor11.newInstance(Unknown Source)
                        	at sun.reflect.DelegatingConstructorAccessorImpl.newInstance(DelegatingConstructorAccessorImpl.java:45)
                        	at java.lang.reflect.Constructor.newInstance(Constructor.java:525)
                        	at org.openqa.selenium.remote.ErrorHandler.createThrowable(ErrorHandler.java:206)
                        	at org.openqa.selenium.remote.ErrorHandler.throwIfResponseFailed(ErrorHandler.java:158)
                        	at org.openqa.selenium.remote.RemoteWebDriver.execute(RemoteWebDriver.java:678)
                        	at org.openqa.selenium.remote.RemoteWebDriver.get(RemoteWebDriver.java:316)
                        	at uti.Uti.ChromeBrowser_setup(Uti.java:25)
                        	at DeleteTesting.TongbanxiezuoDeleteTest.xiezuo_delete(TongbanxiezuoDeleteTest.java:18)
                        	at sun.reflect.NativeMethodAccessorImpl.invoke0(Native Method)
                        	at sun.reflect.NativeMethodAccessorImpl.invoke(NativeMethodAccessorImpl.java:57)
                        	at sun.reflect.DelegatingMethodAccessorImpl.invoke(DelegatingMethodAccessorImpl.java:43)
                        	at java.lang.reflect.Method.invoke(Method.java:601)
                        	at org.testng.internal.MethodInvocationHelper.invokeMethod(MethodInvocationHelper.java:85)
                        	at org.testng.internal.Invoker.invokeMethod(Invoker.java:639)
                        	at org.testng.internal.Invoker.invokeTestMethod(Invoker.java:816)
                        	at org.testng.internal.Invoker.invokeTestMethods(Invoker.java:1124)
                        	at org.testng.internal.TestMethodWorker.invokeTestMethods(TestMethodWorker.java:125)
                        	at org.testng.internal.TestMethodWorker.run(TestMethodWorker.java:108)
                        	at org.testng.TestRunner.privateRun(TestRunner.java:774)
                        	at org.testng.TestRunner.run(TestRunner.java:624)
                        	at org.testng.SuiteRunner.runTest(SuiteRunner.java:359)
                        	at org.testng.SuiteRunner.access$000(SuiteRunner.java:39)
                        	at org.testng.SuiteRunner$SuiteWorker.run(SuiteRunner.java:393)
                        	at org.testng.internal.thread.ThreadUtil$2.call(ThreadUtil.java:64)
                        	at java.util.concurrent.FutureTask$Sync.innerRun(FutureTask.java:334)
                        	at java.util.concurrent.FutureTask.run(FutureTask.java:166)
                        	at java.util.concurrent.ThreadPoolExecutor.runWorker(ThreadPoolExecutor.java:1110)
                        	at java.util.concurrent.ThreadPoolExecutor$Worker.run(ThreadPoolExecutor.java:603)
                        	at java.lang.Thread.run(Thread.java:722)
                     </pre>
                  </div>
               </td>
            </tr>
         </table>
         <br></br>
         <table class="testMethodsTable" cellpadding="0" cellspacing="0">
            <tr>
               <td colspan="4">
                  <h3 style="display: inline;">DeleteTesting.WenzhangDeleteTest</h3>
               </td>
            </tr>
            <tr class="methodsTableHeader">
               <td width="100%">Name</td>
               <td nowrap="true">Started</td>
               <td nowrap="true">Duration</td>
               <td>Exception</td>
            </tr>
            <tr id="DeleteTesting.WenzhangDeleteTest_wenzhang_delete_byClass_FAIL1_row"
                class="testMethodStatusFAIL">
               <td width="100%" class="firstMethodCell">
                  <a onclick="toggleDetailsVisibility('DeleteTesting.WenzhangDeleteTest_wenzhang_delete_byClass_FAIL1_details')">wenzhang_delete(xmgly
                     
                     ,
                     
                     aaaaaaa1
                     
                     ,
                     
                     C:/Program Files (x86)/Mozilla Firefox/uploadFile.exe
                     
                     ,
                     
                     C:/Program Files (x86)/Mozilla Firefox/uploadVideo.exe)
                  </a>
               </td>
               <td nowrap="true">14:17:17</td>
               <td nowrap="true" align="right">4s
                  
               </td>
               <td nowrap="true">
                  <a onclick="toggleDetailsVisibility('DeleteTesting.WenzhangDeleteTest_wenzhang_delete_byClass_FAIL1_exception')">org.openqa.selenium.WebDriverException: 
                     chrome not reachable
                     (Session info: chrome=58.0.3029.110)
                     (Driver info: chromedriver=2.27.440174 (e97a722caafc2d3a8b807ee115bfb307f7d2cfd9),platform=Windows NT 10.0.15063 x86_64) (WARNING:
                     The server did not provide any stacktrace information)
                     Command duration or timeout: 4.02 seconds
                     Build info: version: '2.53.1', revision: 'a36b8b1', time: '2016-06-30 17:37:03'
                     System info: host: 'chenziyang', ip: '192.168.1.46', os.name: 'Windows NT (unknown)', os.arch: 'x86', os.version: '6.2', java.version:
                     '1.7.0_01'
                     Session ID: 96ec99b4a3504d7749ffa5d3869d9f8c
                     Driver info: org.openqa.selenium.chrome.ChromeDriver
                     Capabilities [{platform=WIN8, acceptSslCerts=true, javascriptEnabled=true, browserName=chrome, chrome={userDataDir=C:\Users\ziyang\AppData\Local\Temp\scoped_dir21396_7495,
                     chromedriverVersion=2.27.440174 (e97a722caafc2d3a8b807ee115bfb307f7d2cfd9)}, networkConnectionEnabled=false, unexpectedAlertBehaviour=,
                     rotatable=false, locationContextEnabled=true, mobileEmulationEnabled=false, version=58.0.3029.110, pageLoadStrategy=normal,
                     takesHeapSnapshot=true, cssSelectorsEnabled=true, databaseEnabled=false, handlesAlerts=true, browserConnectionEnabled=false,
                     webStorageEnabled=true, nativeEvents=true, hasTouchScreen=false, applicationCacheEnabled=false, takesScreenshot=true}]
                     
                  </a>
                   
                  
               </td>
            </tr>
            <tr>
               <td colspan="4" class="detailsBox">
                  <div id="DeleteTesting.WenzhangDeleteTest_wenzhang_delete_byClass_FAIL1_details"
                       class="testMethodDetails">
                     <div>
                        <b>Name: </b>wenzhang_delete
                     </div>
                     <div>
                        <b>Signature: </b>wenzhang_delete(java.lang.String, java.lang.String, java.lang.String, java.lang.String)[pri:0, instance:DeleteTesting.WenzhangDeleteTest@177e4b0]
                     </div>
                     <div>
                        <b>Parameters: </b>
                        
                        xmgly
                        
                        ,
                        
                        aaaaaaa1
                        
                        ,
                        
                        C:/Program Files (x86)/Mozilla Firefox/uploadFile.exe
                        
                        ,
                        
                        C:/Program Files (x86)/Mozilla Firefox/uploadVideo.exe
                        
                        
                     </div>
                     <div>
                        <b>Start time: </b>14:17:17
                     </div>
                     <div>
                        <b>End time: </b>14:17:21
                     </div>
                     <div>
                        <b>Duration: </b>4s
                        
                     </div>
                  </div>
               </td>
            </tr>
            <tr>
               <td colspan="4" class="detailsBox">
                  <div id="DeleteTesting.WenzhangDeleteTest_wenzhang_delete_byClass_FAIL1_exception"
                       class="testMethodDetails">
                     <pre style="padding: 5px; margin: 0;">org.openqa.selenium.WebDriverException: chrome not reachable
                        (Session info: chrome=58.0.3029.110)
                        (Driver info: chromedriver=2.27.440174 (e97a722caafc2d3a8b807ee115bfb307f7d2cfd9),platform=Windows NT 10.0.15063 x86_64) (WARNING:
                        The server did not provide any stacktrace information)
                        Command duration or timeout: 4.02 seconds
                        Build info: version: '2.53.1', revision: 'a36b8b1', time: '2016-06-30 17:37:03'
                        System info: host: 'chenziyang', ip: '192.168.1.46', os.name: 'Windows NT (unknown)', os.arch: 'x86', os.version: '6.2', java.version:
                        '1.7.0_01'
                        Session ID: 96ec99b4a3504d7749ffa5d3869d9f8c
                        Driver info: org.openqa.selenium.chrome.ChromeDriver
                        Capabilities [{platform=WIN8, acceptSslCerts=true, javascriptEnabled=true, browserName=chrome, chrome={userDataDir=C:\Users\ziyang\AppData\Local\Temp\scoped_dir21396_7495,
                        chromedriverVersion=2.27.440174 (e97a722caafc2d3a8b807ee115bfb307f7d2cfd9)}, networkConnectionEnabled=false, unexpectedAlertBehaviour=,
                        rotatable=false, locationContextEnabled=true, mobileEmulationEnabled=false, version=58.0.3029.110, pageLoadStrategy=normal,
                        takesHeapSnapshot=true, cssSelectorsEnabled=true, databaseEnabled=false, handlesAlerts=true, browserConnectionEnabled=false,
                        webStorageEnabled=true, nativeEvents=true, hasTouchScreen=false, applicationCacheEnabled=false, takesScreenshot=true}]
                        	at sun.reflect.GeneratedConstructorAccessor11.newInstance(Unknown Source)
                        	at sun.reflect.DelegatingConstructorAccessorImpl.newInstance(DelegatingConstructorAccessorImpl.java:45)
                        	at java.lang.reflect.Constructor.newInstance(Constructor.java:525)
                        	at org.openqa.selenium.remote.ErrorHandler.createThrowable(ErrorHandler.java:206)
                        	at org.openqa.selenium.remote.ErrorHandler.throwIfResponseFailed(ErrorHandler.java:158)
                        	at org.openqa.selenium.remote.RemoteWebDriver.execute(RemoteWebDriver.java:678)
                        	at org.openqa.selenium.remote.RemoteWebDriver.get(RemoteWebDriver.java:316)
                        	at uti.Uti.ChromeBrowser_setup(Uti.java:25)
                        	at DeleteTesting.WenzhangDeleteTest.wenzhang_delete(WenzhangDeleteTest.java:22)
                        	at sun.reflect.NativeMethodAccessorImpl.invoke0(Native Method)
                        	at sun.reflect.NativeMethodAccessorImpl.invoke(NativeMethodAccessorImpl.java:57)
                        	at sun.reflect.DelegatingMethodAccessorImpl.invoke(DelegatingMethodAccessorImpl.java:43)
                        	at java.lang.reflect.Method.invoke(Method.java:601)
                        	at org.testng.internal.MethodInvocationHelper.invokeMethod(MethodInvocationHelper.java:85)
                        	at org.testng.internal.Invoker.invokeMethod(Invoker.java:639)
                        	at org.testng.internal.Invoker.invokeTestMethod(Invoker.java:816)
                        	at org.testng.internal.Invoker.invokeTestMethods(Invoker.java:1124)
                        	at org.testng.internal.TestMethodWorker.invokeTestMethods(TestMethodWorker.java:125)
                        	at org.testng.internal.TestMethodWorker.run(TestMethodWorker.java:108)
                        	at org.testng.TestRunner.privateRun(TestRunner.java:774)
                        	at org.testng.TestRunner.run(TestRunner.java:624)
                        	at org.testng.SuiteRunner.runTest(SuiteRunner.java:359)
                        	at org.testng.SuiteRunner.access$000(SuiteRunner.java:39)
                        	at org.testng.SuiteRunner$SuiteWorker.run(SuiteRunner.java:393)
                        	at org.testng.internal.thread.ThreadUtil$2.call(ThreadUtil.java:64)
                        	at java.util.concurrent.FutureTask$Sync.innerRun(FutureTask.java:334)
                        	at java.util.concurrent.FutureTask.run(FutureTask.java:166)
                        	at java.util.concurrent.ThreadPoolExecutor.runWorker(ThreadPoolExecutor.java:1110)
                        	at java.util.concurrent.ThreadPoolExecutor$Worker.run(ThreadPoolExecutor.java:603)
                        	at java.lang.Thread.run(Thread.java:722)
                     </pre>
                  </div>
               </td>
            </tr>
         </table>
         <br></br>
         <table class="testMethodsTable" cellpadding="0" cellspacing="0">
            <tr>
               <td colspan="4">
                  <h3 style="display: inline;">DeleteTesting.ZuoyeDeleteTest</h3>
               </td>
            </tr>
            <tr class="methodsTableHeader">
               <td width="100%">Name</td>
               <td nowrap="true">Started</td>
               <td nowrap="true">Duration</td>
               <td>Exception</td>
            </tr>
            <tr id="DeleteTesting.ZuoyeDeleteTest_zuoye_delete_byClass_FAIL1_row"
                class="testMethodStatusFAIL">
               <td width="100%" class="firstMethodCell">
                  <a onclick="toggleDetailsVisibility('DeleteTesting.ZuoyeDeleteTest_zuoye_delete_byClass_FAIL1_details')">zuoye_delete(xmgly
                     
                     ,
                     
                     aaaaaaa1
                     
                     ,
                     
                     C:/Program Files (x86)/Mozilla Firefox/uploadFile.exe
                     
                     ,
                     
                     C:/Program Files (x86)/Mozilla Firefox/uploadVideo.exe)
                  </a>
               </td>
               <td nowrap="true">14:17:25</td>
               <td nowrap="true" align="right">4s
                  
               </td>
               <td nowrap="true">
                  <a onclick="toggleDetailsVisibility('DeleteTesting.ZuoyeDeleteTest_zuoye_delete_byClass_FAIL1_exception')">org.openqa.selenium.WebDriverException: 
                     chrome not reachable
                     (Session info: chrome=58.0.3029.110)
                     (Driver info: chromedriver=2.27.440174 (e97a722caafc2d3a8b807ee115bfb307f7d2cfd9),platform=Windows NT 10.0.15063 x86_64) (WARNING:
                     The server did not provide any stacktrace information)
                     Command duration or timeout: 4.02 seconds
                     Build info: version: '2.53.1', revision: 'a36b8b1', time: '2016-06-30 17:37:03'
                     System info: host: 'chenziyang', ip: '192.168.1.46', os.name: 'Windows NT (unknown)', os.arch: 'x86', os.version: '6.2', java.version:
                     '1.7.0_01'
                     Session ID: af52d491bff12156ec83c36ee7a3b779
                     Driver info: org.openqa.selenium.chrome.ChromeDriver
                     Capabilities [{platform=WIN8, acceptSslCerts=true, javascriptEnabled=true, browserName=chrome, chrome={userDataDir=C:\Users\ziyang\AppData\Local\Temp\scoped_dir12556_27505,
                     chromedriverVersion=2.27.440174 (e97a722caafc2d3a8b807ee115bfb307f7d2cfd9)}, networkConnectionEnabled=false, unexpectedAlertBehaviour=,
                     rotatable=false, locationContextEnabled=true, mobileEmulationEnabled=false, version=58.0.3029.110, pageLoadStrategy=normal,
                     takesHeapSnapshot=true, cssSelectorsEnabled=true, databaseEnabled=false, handlesAlerts=true, browserConnectionEnabled=false,
                     webStorageEnabled=true, nativeEvents=true, hasTouchScreen=false, applicationCacheEnabled=false, takesScreenshot=true}]
                     
                  </a>
                   
                  
               </td>
            </tr>
            <tr>
               <td colspan="4" class="detailsBox">
                  <div id="DeleteTesting.ZuoyeDeleteTest_zuoye_delete_byClass_FAIL1_details"
                       class="testMethodDetails">
                     <div>
                        <b>Name: </b>zuoye_delete
                     </div>
                     <div>
                        <b>Signature: </b>zuoye_delete(java.lang.String, java.lang.String, java.lang.String, java.lang.String)[pri:0, instance:DeleteTesting.ZuoyeDeleteTest@471a09]
                     </div>
                     <div>
                        <b>Parameters: </b>
                        
                        xmgly
                        
                        ,
                        
                        aaaaaaa1
                        
                        ,
                        
                        C:/Program Files (x86)/Mozilla Firefox/uploadFile.exe
                        
                        ,
                        
                        C:/Program Files (x86)/Mozilla Firefox/uploadVideo.exe
                        
                        
                     </div>
                     <div>
                        <b>Start time: </b>14:17:25
                     </div>
                     <div>
                        <b>End time: </b>14:17:29
                     </div>
                     <div>
                        <b>Duration: </b>4s
                        
                     </div>
                  </div>
               </td>
            </tr>
            <tr>
               <td colspan="4" class="detailsBox">
                  <div id="DeleteTesting.ZuoyeDeleteTest_zuoye_delete_byClass_FAIL1_exception"
                       class="testMethodDetails">
                     <pre style="padding: 5px; margin: 0;">org.openqa.selenium.WebDriverException: chrome not reachable
                        (Session info: chrome=58.0.3029.110)
                        (Driver info: chromedriver=2.27.440174 (e97a722caafc2d3a8b807ee115bfb307f7d2cfd9),platform=Windows NT 10.0.15063 x86_64) (WARNING:
                        The server did not provide any stacktrace information)
                        Command duration or timeout: 4.02 seconds
                        Build info: version: '2.53.1', revision: 'a36b8b1', time: '2016-06-30 17:37:03'
                        System info: host: 'chenziyang', ip: '192.168.1.46', os.name: 'Windows NT (unknown)', os.arch: 'x86', os.version: '6.2', java.version:
                        '1.7.0_01'
                        Session ID: af52d491bff12156ec83c36ee7a3b779
                        Driver info: org.openqa.selenium.chrome.ChromeDriver
                        Capabilities [{platform=WIN8, acceptSslCerts=true, javascriptEnabled=true, browserName=chrome, chrome={userDataDir=C:\Users\ziyang\AppData\Local\Temp\scoped_dir12556_27505,
                        chromedriverVersion=2.27.440174 (e97a722caafc2d3a8b807ee115bfb307f7d2cfd9)}, networkConnectionEnabled=false, unexpectedAlertBehaviour=,
                        rotatable=false, locationContextEnabled=true, mobileEmulationEnabled=false, version=58.0.3029.110, pageLoadStrategy=normal,
                        takesHeapSnapshot=true, cssSelectorsEnabled=true, databaseEnabled=false, handlesAlerts=true, browserConnectionEnabled=false,
                        webStorageEnabled=true, nativeEvents=true, hasTouchScreen=false, applicationCacheEnabled=false, takesScreenshot=true}]
                        	at sun.reflect.GeneratedConstructorAccessor11.newInstance(Unknown Source)
                        	at sun.reflect.DelegatingConstructorAccessorImpl.newInstance(DelegatingConstructorAccessorImpl.java:45)
                        	at java.lang.reflect.Constructor.newInstance(Constructor.java:525)
                        	at org.openqa.selenium.remote.ErrorHandler.createThrowable(ErrorHandler.java:206)
                        	at org.openqa.selenium.remote.ErrorHandler.throwIfResponseFailed(ErrorHandler.java:158)
                        	at org.openqa.selenium.remote.RemoteWebDriver.execute(RemoteWebDriver.java:678)
                        	at org.openqa.selenium.remote.RemoteWebDriver.get(RemoteWebDriver.java:316)
                        	at uti.Uti.ChromeBrowser_setup(Uti.java:25)
                        	at DeleteTesting.ZuoyeDeleteTest.zuoye_delete(ZuoyeDeleteTest.java:19)
                        	at sun.reflect.NativeMethodAccessorImpl.invoke0(Native Method)
                        	at sun.reflect.NativeMethodAccessorImpl.invoke(NativeMethodAccessorImpl.java:57)
                        	at sun.reflect.DelegatingMethodAccessorImpl.invoke(DelegatingMethodAccessorImpl.java:43)
                        	at java.lang.reflect.Method.invoke(Method.java:601)
                        	at org.testng.internal.MethodInvocationHelper.invokeMethod(MethodInvocationHelper.java:85)
                        	at org.testng.internal.Invoker.invokeMethod(Invoker.java:639)
                        	at org.testng.internal.Invoker.invokeTestMethod(Invoker.java:816)
                        	at org.testng.internal.Invoker.invokeTestMethods(Invoker.java:1124)
                        	at org.testng.internal.TestMethodWorker.invokeTestMethods(TestMethodWorker.java:125)
                        	at org.testng.internal.TestMethodWorker.run(TestMethodWorker.java:108)
                        	at org.testng.TestRunner.privateRun(TestRunner.java:774)
                        	at org.testng.TestRunner.run(TestRunner.java:624)
                        	at org.testng.SuiteRunner.runTest(SuiteRunner.java:359)
                        	at org.testng.SuiteRunner.access$000(SuiteRunner.java:39)
                        	at org.testng.SuiteRunner$SuiteWorker.run(SuiteRunner.java:393)
                        	at org.testng.internal.thread.ThreadUtil$2.call(ThreadUtil.java:64)
                        	at java.util.concurrent.FutureTask$Sync.innerRun(FutureTask.java:334)
                        	at java.util.concurrent.FutureTask.run(FutureTask.java:166)
                        	at java.util.concurrent.ThreadPoolExecutor.runWorker(ThreadPoolExecutor.java:1110)
                        	at java.util.concurrent.ThreadPoolExecutor$Worker.run(ThreadPoolExecutor.java:603)
                        	at java.lang.Thread.run(Thread.java:722)
                     </pre>
                  </div>
               </td>
            </tr>
         </table>
         <br></br>
      </div>
      <div style="margin-top: 15px; color: gray; text-align: center; font-size: 9px;">
         Generated with
         
         <a href="http://code.google.com/p/testng-xslt/" style="color: #8888aa;"
            target="_blank">
            TestNG XSLT
            
         </a>
      </div>
   </body>
</html>