<?xml version="1.0" encoding="UTF-8"?>
<!-- Generated by org.testng.reporters.JUnitXMLReporter -->
<testsuite hostname="chenziyang" name="同伴协作流程测试" tests="2" failures="1" timestamp="28 Mar 2017 02:10:39 GMT" time="112.536" errors="0">
  <testcase name="join_cooperation" time="45.592" classname="Tongbanxiezuo.Join_cooperation">
    <failure type="java.lang.IllegalArgumentException" message="Cannot find elements when link text is null.">
      <![CDATA[java.lang.IllegalArgumentException: Cannot find elements when link text is null.
	at org.openqa.selenium.By.linkText(By.java:65)
	at Tongbanxiezuo.Join_cooperation.join_cooperation(Join_cooperation.java:39)
	at java.util.concurrent.FutureTask$Sync.innerRun(FutureTask.java:334)
	at java.util.concurrent.FutureTask.run(FutureTask.java:166)
	at java.util.concurrent.ThreadPoolExecutor.runWorker(ThreadPoolExecutor.java:1110)
	at java.util.concurrent.ThreadPoolExecutor$Worker.run(ThreadPoolExecutor.java:603)
	at java.lang.Thread.run(Thread.java:722)
... Removed 16 stack frames]]>
    </failure>
  </testcase> <!-- join_cooperation -->
  <testcase name="publish_cooperation" time="64.91" classname="Tongbanxiezuo.Publish_cooperation"/>
</testsuite> <!-- 同伴协作流程测试 -->
