<!DOCTYPE html PUBLIC "-//W3C//DTD XHTML 1.1//EN" "http://www.w3.org/TR/xhtml11/DTD/xhtml11.dtd">
<html xmlns="http://www.w3.org/1999/xhtml"><head><title>TestNG Report</title><style type="text/css">table {margin-bottom:10px;border-collapse:collapse;empty-cells:show}th,td {border:1px solid #009;padding:.25em .5em}th {vertical-align:bottom}td {vertical-align:top}table a {font-weight:bold}.stripe td {background-color: #E6EBF9}.num {text-align:right}.passedodd td {background-color: #3F3}.passedeven td {background-color: #0A0}.skippedodd td {background-color: #DDD}.skippedeven td {background-color: #CCC}.failedodd td,.attn {background-color: #F33}.failedeven td,.stripe .attn {background-color: #D00}.stacktrace {white-space:pre;font-family:monospace}.totop {font-size:85%;text-align:center;border-bottom:2px solid #000}</style></head><body><table><tr><th>Test</th><th># Passed</th><th># Skipped</th><th># Failed</th><th>Time (ms)</th><th>Included Groups</th><th>Excluded Groups</th></tr><tr><th colspan="7">Suite1</th></tr><tr><td><a href="#t0">活动流程测试</a></td><td class="num">2</td><td class="num attn">2</td><td class="num attn">1</td><td class="num">161,998</td><td></td><td></td></tr><tr class="stripe"><td><a href="#t1">备课流程测试</a></td><td class="num">3</td><td class="num">0</td><td class="num">0</td><td class="num">35,430</td><td></td><td></td></tr><tr><td><a href="#t2">文章交流测试</a></td><td class="num">4</td><td class="num">0</td><td class="num">0</td><td class="num">54,024</td><td></td><td></td></tr><tr class="stripe"><td><a href="#t3">磨课流程测试</a></td><td class="num">2</td><td class="num attn">2</td><td class="num attn">1</td><td class="num">74,225</td><td></td><td></td></tr><tr><td><a href="#t4">作业流程测试</a></td><td class="num">3</td><td class="num">0</td><td class="num">0</td><td class="num">59,038</td><td></td><td></td></tr><tr><th>Total</th><th class="num">14</th><th class="num attn">4</th><th class="num attn">2</th><th class="num">384,715</th><th colspan="2"></th></tr></table><table><thead><tr><th>Class</th><th>Method</th><th>Start</th><th>Time (ms)</th></tr></thead><tbody><tr><th colspan="4">Suite1</th></tr></tbody><tbody id="t0"><tr><th colspan="4">活动流程测试 &#8212; failed</th></tr><tr class="failedeven"><td rowspan="1">Activity.Advice_to_activity</td><td><a href="#m0">advice_to_activity</a></td><td rowspan="1">1489484480200</td><td rowspan="1">15726</td></tr><tr><th colspan="4">活动流程测试 &#8212; skipped</th></tr><tr class="skippedeven"><td rowspan="2">Activity.Advice_to_activity</td><td><a href="#m1">advice_to_activity</a></td><td rowspan="2">1489484464358</td><td rowspan="2">15832</td></tr><tr class="skippedeven"><td><a href="#m2">advice_to_activity</a></td></tr><tr><th colspan="4">活动流程测试 &#8212; passed</th></tr><tr class="passedeven"><td rowspan="1">Activity.Publish_ActivitywithallStep</td><td><a href="#m3">publish_activity</a></td><td rowspan="1">1489484333950</td><td rowspan="1">58820</td></tr><tr class="passedodd"><td rowspan="1">Activity.To_joinActivity</td><td><a href="#m4">to_joinActivity</a></td><td rowspan="1">1489484392770</td><td rowspan="1">33984</td></tr></tbody><tbody id="t1"><tr><th colspan="4">备课流程测试 &#8212; passed</th></tr><tr class="passedeven"><td rowspan="1">Backup_Course.Join_bCourse</td><td><a href="#m5">join_bCourse</a></td><td rowspan="1">1489484508241</td><td rowspan="1">14446</td></tr><tr class="passedodd"><td rowspan="1">Backup_Course.making</td><td><a href="#m6">read</a></td><td rowspan="1">1489484522689</td><td rowspan="1">8752</td></tr><tr class="passedeven"><td rowspan="1">Backup_Course.publish_bcourse</td><td><a href="#m7">read_beker</a></td><td rowspan="1">1489484496013</td><td rowspan="1">12227</td></tr></tbody><tbody id="t2"><tr><th colspan="4">文章交流测试 &#8212; passed</th></tr><tr class="passedeven"><td rowspan="1">Documentation_and_exchange.SentDoc</td><td><a href="#m8">sent_doc</a></td><td rowspan="1">1489484531461</td><td rowspan="1">19908</td></tr><tr class="passedodd"><td rowspan="1">Documentation_and_exchange.Sent_Exchange</td><td><a href="#m9">sent_exchange</a></td><td rowspan="1">1489484551370</td><td rowspan="1">12764</td></tr><tr class="passedeven"><td rowspan="2">Documentation_and_exchange.take_comments</td><td><a href="#m10">document</a></td><td rowspan="1">1489484564134</td><td rowspan="1">9320</td></tr><tr class="passedeven"><td><a href="#m11">exchange</a></td><td rowspan="1">1489484573456</td><td rowspan="1">12027</td></tr></tbody><tbody id="t3"><tr><th colspan="4">磨课流程测试 &#8212; failed</th></tr><tr class="failedeven"><td rowspan="1">Mo_course.Check_data</td><td><a href="#m12">check_data</a></td><td rowspan="1">1489484644046</td><td rowspan="1">15687</td></tr><tr><th colspan="4">磨课流程测试 &#8212; skipped</th></tr><tr class="skippedeven"><td rowspan="2">Mo_course.Check_data</td><td><a href="#m13">check_data</a></td><td rowspan="2">1489484628331</td><td rowspan="2">15712</td></tr><tr class="skippedeven"><td><a href="#m14">check_data</a></td></tr><tr><th colspan="4">磨课流程测试 &#8212; passed</th></tr><tr class="passedeven"><td rowspan="1">Mo_course.Publish_moke</td><td><a href="#m15">publish_moke</a></td><td rowspan="1">1489484585512</td><td rowspan="1">14548</td></tr><tr class="passedodd"><td rowspan="1">Mo_course.join_moke</td><td><a href="#m16">addtomoke</a></td><td rowspan="1">1489484600062</td><td rowspan="1">8819</td></tr></tbody><tbody id="t4"><tr><th colspan="4">作业流程测试 &#8212; passed</th></tr><tr class="passedeven"><td rowspan="1">task.Making</td><td><a href="#m17">making</a></td><td rowspan="1">1489484706817</td><td rowspan="1">11992</td></tr><tr class="passedodd"><td rowspan="1">task.Publish_Task</td><td><a href="#m18">publish_Task</a></td><td rowspan="1">1489484659776</td><td rowspan="1">23649</td></tr><tr class="passedeven"><td rowspan="1">task.Submit_Task</td><td><a href="#m19">submit_Task</a></td><td rowspan="1">1489484683427</td><td rowspan="1">23388</td></tr></tbody></table><h2>活动流程测试</h2><h3 id="m0">Activity.Advice_to_activity#advice_to_activity</h3><table class="result"><tr><th>Exception</th></tr><tr><td><div class="stacktrace">org.openqa.selenium.NoSuchElementException: no such element: Unable to locate element: {&quot;method&quot;:&quot;partial link text&quot;,&quot;selector&quot;:&quot;活动&quot;}
  (Session info: chrome=56.0.2924.87)
  (Driver info: chromedriver=2.27.440174 (e97a722caafc2d3a8b807ee115bfb307f7d2cfd9),platform=Windows NT 10.0.14393 x86_64) (WARNING: The server did not provide any stacktrace information)
Command duration or timeout: 15.05 seconds
For documentation on this error, please visit: http://seleniumhq.org/exceptions/no_such_element.html
Build info: version: &apos;2.53.1&apos;, revision: &apos;a36b8b1&apos;, time: &apos;2016-06-30 17:32:46&apos;
System info: host: &apos;chenziyang&apos;, ip: &apos;192.168.0.172&apos;, os.name: &apos;Windows NT (unknown)&apos;, os.arch: &apos;x86&apos;, os.version: &apos;6.2&apos;, java.version: &apos;1.7.0_01&apos;
*** Element info: {Using=partial link text, value=活动}
Session ID: 2d35c61b68aea0ed2ec68b38b79b95e4
Driver info: org.openqa.selenium.chrome.ChromeDriver
Capabilities [{platform=WIN8, acceptSslCerts=true, javascriptEnabled=true, browserName=chrome, chrome={userDataDir=C:\Users\ziyang\AppData\Local\Temp\scoped_dir16988_23495, chromedriverVersion=2.27.440174 (e97a722caafc2d3a8b807ee115bfb307f7d2cfd9)}, networkConnectionEnabled=false, unexpectedAlertBehaviour=, rotatable=false, locationContextEnabled=true, mobileEmulationEnabled=false, version=56.0.2924.87, pageLoadStrategy=normal, takesHeapSnapshot=true, cssSelectorsEnabled=true, databaseEnabled=false, handlesAlerts=true, browserConnectionEnabled=false, webStorageEnabled=true, nativeEvents=true, hasTouchScreen=false, applicationCacheEnabled=false, takesScreenshot=true}]
	at org.openqa.selenium.remote.ErrorHandler.createThrowable(ErrorHandler.java:206)
	at org.openqa.selenium.remote.ErrorHandler.throwIfResponseFailed(ErrorHandler.java:158)
	at org.openqa.selenium.remote.RemoteWebDriver.execute(RemoteWebDriver.java:678)
	at org.openqa.selenium.remote.RemoteWebDriver.findElement(RemoteWebDriver.java:363)
	at org.openqa.selenium.remote.RemoteWebDriver.findElementByPartialLinkText(RemoteWebDriver.java:436)
	at org.openqa.selenium.By$ByPartialLinkText.findElement(By.java:273)
	at org.openqa.selenium.remote.RemoteWebDriver.findElement(RemoteWebDriver.java:355)
	at Activity.Advice_to_activity.advice_to_activity(Advice_to_activity.java:20)
... Removed 28 stack frames</div></td></tr></table><p class="totop"><a href="#summary">back to summary</a></p><h3 id="m1">Activity.Advice_to_activity#advice_to_activity</h3><table class="result"><tr><th>Exception</th></tr><tr><td><div class="stacktrace">org.openqa.selenium.NoSuchElementException: no such element: Unable to locate element: {&quot;method&quot;:&quot;partial link text&quot;,&quot;selector&quot;:&quot;活动&quot;}
  (Session info: chrome=56.0.2924.87)
  (Driver info: chromedriver=2.27.440174 (e97a722caafc2d3a8b807ee115bfb307f7d2cfd9),platform=Windows NT 10.0.14393 x86_64) (WARNING: The server did not provide any stacktrace information)
Command duration or timeout: 15.02 seconds
For documentation on this error, please visit: http://seleniumhq.org/exceptions/no_such_element.html
Build info: version: &apos;2.53.1&apos;, revision: &apos;a36b8b1&apos;, time: &apos;2016-06-30 17:32:46&apos;
System info: host: &apos;chenziyang&apos;, ip: &apos;192.168.0.172&apos;, os.name: &apos;Windows NT (unknown)&apos;, os.arch: &apos;x86&apos;, os.version: &apos;6.2&apos;, java.version: &apos;1.7.0_01&apos;
*** Element info: {Using=partial link text, value=活动}
Session ID: 2d35c61b68aea0ed2ec68b38b79b95e4
Driver info: org.openqa.selenium.chrome.ChromeDriver
Capabilities [{platform=WIN8, acceptSslCerts=true, javascriptEnabled=true, browserName=chrome, chrome={userDataDir=C:\Users\ziyang\AppData\Local\Temp\scoped_dir16988_23495, chromedriverVersion=2.27.440174 (e97a722caafc2d3a8b807ee115bfb307f7d2cfd9)}, networkConnectionEnabled=false, unexpectedAlertBehaviour=, rotatable=false, locationContextEnabled=true, mobileEmulationEnabled=false, version=56.0.2924.87, pageLoadStrategy=normal, takesHeapSnapshot=true, cssSelectorsEnabled=true, databaseEnabled=false, handlesAlerts=true, browserConnectionEnabled=false, webStorageEnabled=true, nativeEvents=true, hasTouchScreen=false, applicationCacheEnabled=false, takesScreenshot=true}]
	at org.openqa.selenium.remote.ErrorHandler.createThrowable(ErrorHandler.java:206)
	at org.openqa.selenium.remote.ErrorHandler.throwIfResponseFailed(ErrorHandler.java:158)
	at org.openqa.selenium.remote.RemoteWebDriver.execute(RemoteWebDriver.java:678)
	at org.openqa.selenium.remote.RemoteWebDriver.findElement(RemoteWebDriver.java:363)
	at org.openqa.selenium.remote.RemoteWebDriver.findElementByPartialLinkText(RemoteWebDriver.java:436)
	at org.openqa.selenium.By$ByPartialLinkText.findElement(By.java:273)
	at org.openqa.selenium.remote.RemoteWebDriver.findElement(RemoteWebDriver.java:355)
	at Activity.Advice_to_activity.advice_to_activity(Advice_to_activity.java:20)
... Removed 28 stack frames</div></td></tr></table><p class="totop"><a href="#summary">back to summary</a></p><h3 id="m2">Activity.Advice_to_activity#advice_to_activity</h3><table class="result"><tr><th>Exception</th></tr><tr><td><div class="stacktrace">org.openqa.selenium.NoSuchElementException: no such element: Unable to locate element: {&quot;method&quot;:&quot;link text&quot;,&quot;selector&quot;:&quot;查看并批阅&quot;}
  (Session info: chrome=56.0.2924.87)
  (Driver info: chromedriver=2.27.440174 (e97a722caafc2d3a8b807ee115bfb307f7d2cfd9),platform=Windows NT 10.0.14393 x86_64) (WARNING: The server did not provide any stacktrace information)
Command duration or timeout: 15.06 seconds
For documentation on this error, please visit: http://seleniumhq.org/exceptions/no_such_element.html
Build info: version: &apos;2.53.1&apos;, revision: &apos;a36b8b1&apos;, time: &apos;2016-06-30 17:32:46&apos;
System info: host: &apos;chenziyang&apos;, ip: &apos;192.168.0.172&apos;, os.name: &apos;Windows NT (unknown)&apos;, os.arch: &apos;x86&apos;, os.version: &apos;6.2&apos;, java.version: &apos;1.7.0_01&apos;
*** Element info: {Using=link text, value=查看并批阅}
Session ID: 2d35c61b68aea0ed2ec68b38b79b95e4
Driver info: org.openqa.selenium.chrome.ChromeDriver
Capabilities [{platform=WIN8, acceptSslCerts=true, javascriptEnabled=true, browserName=chrome, chrome={userDataDir=C:\Users\ziyang\AppData\Local\Temp\scoped_dir16988_23495, chromedriverVersion=2.27.440174 (e97a722caafc2d3a8b807ee115bfb307f7d2cfd9)}, networkConnectionEnabled=false, unexpectedAlertBehaviour=, rotatable=false, locationContextEnabled=true, mobileEmulationEnabled=false, version=56.0.2924.87, pageLoadStrategy=normal, takesHeapSnapshot=true, cssSelectorsEnabled=true, databaseEnabled=false, handlesAlerts=true, browserConnectionEnabled=false, webStorageEnabled=true, nativeEvents=true, hasTouchScreen=false, applicationCacheEnabled=false, takesScreenshot=true}]
	at org.openqa.selenium.remote.ErrorHandler.createThrowable(ErrorHandler.java:206)
	at org.openqa.selenium.remote.ErrorHandler.throwIfResponseFailed(ErrorHandler.java:158)
	at org.openqa.selenium.remote.RemoteWebDriver.execute(RemoteWebDriver.java:678)
	at org.openqa.selenium.remote.RemoteWebDriver.findElement(RemoteWebDriver.java:363)
	at org.openqa.selenium.remote.RemoteWebDriver.findElementByLinkText(RemoteWebDriver.java:428)
	at org.openqa.selenium.By$ByLinkText.findElement(By.java:246)
	at org.openqa.selenium.remote.RemoteWebDriver.findElement(RemoteWebDriver.java:355)
	at Activity.Advice_to_activity.advice_to_activity(Advice_to_activity.java:31)
... Removed 28 stack frames</div></td></tr></table><p class="totop"><a href="#summary">back to summary</a></p><h3 id="m3">Activity.Publish_ActivitywithallStep#publish_activity</h3><table class="result"></table><p class="totop"><a href="#summary">back to summary</a></p><h3 id="m4">Activity.To_joinActivity#to_joinActivity</h3><table class="result"></table><p class="totop"><a href="#summary">back to summary</a></p><h2>备课流程测试</h2><h3 id="m5">Backup_Course.Join_bCourse#join_bCourse</h3><table class="result"></table><p class="totop"><a href="#summary">back to summary</a></p><h3 id="m6">Backup_Course.making#read</h3><table class="result"></table><p class="totop"><a href="#summary">back to summary</a></p><h3 id="m7">Backup_Course.publish_bcourse#read_beker</h3><table class="result"></table><p class="totop"><a href="#summary">back to summary</a></p><h2>文章交流测试</h2><h3 id="m8">Documentation_and_exchange.SentDoc#sent_doc</h3><table class="result"></table><p class="totop"><a href="#summary">back to summary</a></p><h3 id="m9">Documentation_and_exchange.Sent_Exchange#sent_exchange</h3><table class="result"></table><p class="totop"><a href="#summary">back to summary</a></p><h3 id="m10">Documentation_and_exchange.take_comments#document</h3><table class="result"></table><p class="totop"><a href="#summary">back to summary</a></p><h3 id="m11">Documentation_and_exchange.take_comments#exchange</h3><table class="result"></table><p class="totop"><a href="#summary">back to summary</a></p><h2>磨课流程测试</h2><h3 id="m12">Mo_course.Check_data#check_data</h3><table class="result"><tr><th>Exception</th></tr><tr><td><div class="stacktrace">org.openqa.selenium.NoSuchElementException: no such element: Unable to locate element: {&quot;method&quot;:&quot;partial link text&quot;,&quot;selector&quot;:&quot;磨课&quot;}
  (Session info: chrome=56.0.2924.87)
  (Driver info: chromedriver=2.27.440174 (e97a722caafc2d3a8b807ee115bfb307f7d2cfd9),platform=Windows NT 10.0.14393 x86_64) (WARNING: The server did not provide any stacktrace information)
Command duration or timeout: 15.05 seconds
For documentation on this error, please visit: http://seleniumhq.org/exceptions/no_such_element.html
Build info: version: &apos;2.53.1&apos;, revision: &apos;a36b8b1&apos;, time: &apos;2016-06-30 17:32:46&apos;
System info: host: &apos;chenziyang&apos;, ip: &apos;192.168.0.172&apos;, os.name: &apos;Windows NT (unknown)&apos;, os.arch: &apos;x86&apos;, os.version: &apos;6.2&apos;, java.version: &apos;1.7.0_01&apos;
*** Element info: {Using=partial link text, value=磨课}
Session ID: ef3dc4aecc4b29f691696dd36c923c9c
Driver info: org.openqa.selenium.chrome.ChromeDriver
Capabilities [{platform=WIN8, acceptSslCerts=true, javascriptEnabled=true, browserName=chrome, chrome={userDataDir=C:\Users\ziyang\AppData\Local\Temp\scoped_dir16708_19998, chromedriverVersion=2.27.440174 (e97a722caafc2d3a8b807ee115bfb307f7d2cfd9)}, networkConnectionEnabled=false, unexpectedAlertBehaviour=, rotatable=false, locationContextEnabled=true, mobileEmulationEnabled=false, version=56.0.2924.87, pageLoadStrategy=normal, takesHeapSnapshot=true, cssSelectorsEnabled=true, databaseEnabled=false, handlesAlerts=true, browserConnectionEnabled=false, webStorageEnabled=true, nativeEvents=true, hasTouchScreen=false, applicationCacheEnabled=false, takesScreenshot=true}]
	at org.openqa.selenium.remote.ErrorHandler.createThrowable(ErrorHandler.java:206)
	at org.openqa.selenium.remote.ErrorHandler.throwIfResponseFailed(ErrorHandler.java:158)
	at org.openqa.selenium.remote.RemoteWebDriver.execute(RemoteWebDriver.java:678)
	at org.openqa.selenium.remote.RemoteWebDriver.findElement(RemoteWebDriver.java:363)
	at org.openqa.selenium.remote.RemoteWebDriver.findElementByPartialLinkText(RemoteWebDriver.java:436)
	at org.openqa.selenium.By$ByPartialLinkText.findElement(By.java:273)
	at org.openqa.selenium.remote.RemoteWebDriver.findElement(RemoteWebDriver.java:355)
	at Mo_course.Check_data.check_data(Check_data.java:20)
... Removed 28 stack frames</div></td></tr></table><p class="totop"><a href="#summary">back to summary</a></p><h3 id="m13">Mo_course.Check_data#check_data</h3><table class="result"><tr><th>Exception</th></tr><tr><td><div class="stacktrace">org.openqa.selenium.NoSuchElementException: no such element: Unable to locate element: {&quot;method&quot;:&quot;partial link text&quot;,&quot;selector&quot;:&quot;磨课&quot;}
  (Session info: chrome=56.0.2924.87)
  (Driver info: chromedriver=2.27.440174 (e97a722caafc2d3a8b807ee115bfb307f7d2cfd9),platform=Windows NT 10.0.14393 x86_64) (WARNING: The server did not provide any stacktrace information)
Command duration or timeout: 15.02 seconds
For documentation on this error, please visit: http://seleniumhq.org/exceptions/no_such_element.html
Build info: version: &apos;2.53.1&apos;, revision: &apos;a36b8b1&apos;, time: &apos;2016-06-30 17:32:46&apos;
System info: host: &apos;chenziyang&apos;, ip: &apos;192.168.0.172&apos;, os.name: &apos;Windows NT (unknown)&apos;, os.arch: &apos;x86&apos;, os.version: &apos;6.2&apos;, java.version: &apos;1.7.0_01&apos;
*** Element info: {Using=partial link text, value=磨课}
Session ID: ef3dc4aecc4b29f691696dd36c923c9c
Driver info: org.openqa.selenium.chrome.ChromeDriver
Capabilities [{platform=WIN8, acceptSslCerts=true, javascriptEnabled=true, browserName=chrome, chrome={userDataDir=C:\Users\ziyang\AppData\Local\Temp\scoped_dir16708_19998, chromedriverVersion=2.27.440174 (e97a722caafc2d3a8b807ee115bfb307f7d2cfd9)}, networkConnectionEnabled=false, unexpectedAlertBehaviour=, rotatable=false, locationContextEnabled=true, mobileEmulationEnabled=false, version=56.0.2924.87, pageLoadStrategy=normal, takesHeapSnapshot=true, cssSelectorsEnabled=true, databaseEnabled=false, handlesAlerts=true, browserConnectionEnabled=false, webStorageEnabled=true, nativeEvents=true, hasTouchScreen=false, applicationCacheEnabled=false, takesScreenshot=true}]
	at org.openqa.selenium.remote.ErrorHandler.createThrowable(ErrorHandler.java:206)
	at org.openqa.selenium.remote.ErrorHandler.throwIfResponseFailed(ErrorHandler.java:158)
	at org.openqa.selenium.remote.RemoteWebDriver.execute(RemoteWebDriver.java:678)
	at org.openqa.selenium.remote.RemoteWebDriver.findElement(RemoteWebDriver.java:363)
	at org.openqa.selenium.remote.RemoteWebDriver.findElementByPartialLinkText(RemoteWebDriver.java:436)
	at org.openqa.selenium.By$ByPartialLinkText.findElement(By.java:273)
	at org.openqa.selenium.remote.RemoteWebDriver.findElement(RemoteWebDriver.java:355)
	at Mo_course.Check_data.check_data(Check_data.java:20)
... Removed 28 stack frames</div></td></tr></table><p class="totop"><a href="#summary">back to summary</a></p><h3 id="m14">Mo_course.Check_data#check_data</h3><table class="result"><tr><th>Exception</th></tr><tr><td><div class="stacktrace">org.openqa.selenium.NoSuchElementException: no such element: Unable to locate element: {&quot;method&quot;:&quot;xpath&quot;,&quot;selector&quot;:&quot;(//a[contains(text(),&apos;查看详细&apos;)])[1]&quot;}
  (Session info: chrome=56.0.2924.87)
  (Driver info: chromedriver=2.27.440174 (e97a722caafc2d3a8b807ee115bfb307f7d2cfd9),platform=Windows NT 10.0.14393 x86_64) (WARNING: The server did not provide any stacktrace information)
Command duration or timeout: 15.02 seconds
For documentation on this error, please visit: http://seleniumhq.org/exceptions/no_such_element.html
Build info: version: &apos;2.53.1&apos;, revision: &apos;a36b8b1&apos;, time: &apos;2016-06-30 17:32:46&apos;
System info: host: &apos;chenziyang&apos;, ip: &apos;192.168.0.172&apos;, os.name: &apos;Windows NT (unknown)&apos;, os.arch: &apos;x86&apos;, os.version: &apos;6.2&apos;, java.version: &apos;1.7.0_01&apos;
*** Element info: {Using=xpath, value=(//a[contains(text(),&apos;查看详细&apos;)])[1]}
Session ID: ef3dc4aecc4b29f691696dd36c923c9c
Driver info: org.openqa.selenium.chrome.ChromeDriver
Capabilities [{platform=WIN8, acceptSslCerts=true, javascriptEnabled=true, browserName=chrome, chrome={userDataDir=C:\Users\ziyang\AppData\Local\Temp\scoped_dir16708_19998, chromedriverVersion=2.27.440174 (e97a722caafc2d3a8b807ee115bfb307f7d2cfd9)}, networkConnectionEnabled=false, unexpectedAlertBehaviour=, rotatable=false, locationContextEnabled=true, mobileEmulationEnabled=false, version=56.0.2924.87, pageLoadStrategy=normal, takesHeapSnapshot=true, cssSelectorsEnabled=true, databaseEnabled=false, handlesAlerts=true, browserConnectionEnabled=false, webStorageEnabled=true, nativeEvents=true, hasTouchScreen=false, applicationCacheEnabled=false, takesScreenshot=true}]
	at org.openqa.selenium.remote.ErrorHandler.createThrowable(ErrorHandler.java:206)
	at org.openqa.selenium.remote.ErrorHandler.throwIfResponseFailed(ErrorHandler.java:158)
	at org.openqa.selenium.remote.RemoteWebDriver.execute(RemoteWebDriver.java:678)
	at org.openqa.selenium.remote.RemoteWebDriver.findElement(RemoteWebDriver.java:363)
	at org.openqa.selenium.remote.RemoteWebDriver.findElementByXPath(RemoteWebDriver.java:500)
	at org.openqa.selenium.By$ByXPath.findElement(By.java:361)
	at org.openqa.selenium.remote.RemoteWebDriver.findElement(RemoteWebDriver.java:355)
	at Mo_course.Check_data.check_data(Check_data.java:24)
... Removed 28 stack frames</div></td></tr></table><p class="totop"><a href="#summary">back to summary</a></p><h3 id="m15">Mo_course.Publish_moke#publish_moke</h3><table class="result"></table><p class="totop"><a href="#summary">back to summary</a></p><h3 id="m16">Mo_course.join_moke#addtomoke</h3><table class="result"></table><p class="totop"><a href="#summary">back to summary</a></p><h2>作业流程测试</h2><h3 id="m17">task.Making#making</h3><table class="result"></table><p class="totop"><a href="#summary">back to summary</a></p><h3 id="m18">task.Publish_Task#publish_Task</h3><table class="result"></table><p class="totop"><a href="#summary">back to summary</a></p><h3 id="m19">task.Submit_Task#submit_Task</h3><table class="result"></table><p class="totop"><a href="#summary">back to summary</a></p></body></html>