<!DOCTYPE html PUBLIC "-//W3C//DTD XHTML 1.1//EN" "http://www.w3.org/TR/xhtml11/DTD/xhtml11.dtd">
<html xmlns="http://www.w3.org/1999/xhtml"><head><title>TestNG Report</title><style type="text/css">table {margin-bottom:10px;border-collapse:collapse;empty-cells:show}th,td {border:1px solid #009;padding:.25em .5em}th {vertical-align:bottom}td {vertical-align:top}table a {font-weight:bold}.stripe td {background-color: #E6EBF9}.num {text-align:right}.passedodd td {background-color: #3F3}.passedeven td {background-color: #0A0}.skippedodd td {background-color: #DDD}.skippedeven td {background-color: #CCC}.failedodd td,.attn {background-color: #F33}.failedeven td,.stripe .attn {background-color: #D00}.stacktrace {white-space:pre;font-family:monospace}.totop {font-size:85%;text-align:center;border-bottom:2px solid #000}</style></head><body><table><tr><th>Test</th><th># Passed</th><th># Skipped</th><th># Failed</th><th>Time (ms)</th><th>Included Groups</th><th>Excluded Groups</th></tr><tr><th colspan="7">NormaTestPlan</th></tr><tr><td><a href="#t0">活动流程测试</a></td><td class="num">3</td><td class="num">0</td><td class="num">0</td><td class="num">234,062</td><td></td><td></td></tr><tr class="stripe"><td><a href="#t1">备课流程测试</a></td><td class="num">3</td><td class="num">0</td><td class="num">0</td><td class="num">68,968</td><td></td><td></td></tr><tr><td><a href="#t2">文章交流测试</a></td><td class="num">3</td><td class="num">0</td><td class="num">0</td><td class="num">114,825</td><td></td><td></td></tr><tr class="stripe"><td><a href="#t3">磨课流程测试</a></td><td class="num">3</td><td class="num">0</td><td class="num">0</td><td class="num">64,343</td><td></td><td></td></tr><tr><td><a href="#t4">作业流程测试</a></td><td class="num">2</td><td class="num">0</td><td class="num attn">1</td><td class="num">145,813</td><td></td><td></td></tr><tr class="stripe"><td><a href="#t5">同伴协作流程测试</a></td><td class="num">0</td><td class="num">0</td><td class="num attn">2</td><td class="num">143,504</td><td></td><td></td></tr><tr><td><a href="#t6">新活动测试</a></td><td class="num">1</td><td class="num">0</td><td class="num attn">2</td><td class="num">104,416</td><td></td><td></td></tr><tr class="stripe"><td><a href="#t7">课程学习测试</a></td><td class="num">1</td><td class="num">0</td><td class="num">0</td><td class="num">43,060</td><td></td><td></td></tr><tr><td><a href="#t8">资源测试</a></td><td class="num">0</td><td class="num">0</td><td class="num attn">2</td><td class="num">54,707</td><td></td><td></td></tr><tr class="stripe"><td><a href="#t9">视频测试</a></td><td class="num">2</td><td class="num">0</td><td class="num">0</td><td class="num">119,201</td><td></td><td></td></tr><tr><td><a href="#t10">删除测试</a></td><td class="num">2</td><td class="num">0</td><td class="num attn">7</td><td class="num">130,388</td><td></td><td></td></tr><tr><th>Total</th><th class="num">20</th><th class="num">0</th><th class="num attn">14</th><th class="num">1,223,287</th><th colspan="2"></th></tr></table><table><thead><tr><th>Class</th><th>Method</th><th>Start</th><th>Time (ms)</th></tr></thead><tbody><tr><th colspan="4">NormaTestPlan</th></tr></tbody><tbody id="t0"><tr><th colspan="4">活动流程测试 &#8212; passed</th></tr><tr class="passedeven"><td rowspan="1">Activity.Advice_to_activity</td><td><a href="#m0">advice_to_activity</a></td><td rowspan="1">1516952661998</td><td rowspan="1">18850</td></tr><tr class="passedodd"><td rowspan="1">Activity.Publish_ActivitywithallStep</td><td><a href="#m1">publish_activity</a></td><td rowspan="1">1516952447255</td><td rowspan="1">160222</td></tr><tr class="passedeven"><td rowspan="1">Activity.To_joinActivity</td><td><a href="#m2">to_joinActivity</a></td><td rowspan="1">1516952607479</td><td rowspan="1">54516</td></tr></tbody><tbody id="t1"><tr><th colspan="4">备课流程测试 &#8212; passed</th></tr><tr class="passedeven"><td rowspan="1">Backup_Course.Join_bCourse</td><td><a href="#m3">join_bCourse</a></td><td rowspan="1">1516952705443</td><td rowspan="1">25549</td></tr><tr class="passedodd"><td rowspan="1">Backup_Course.making</td><td><a href="#m4">read</a></td><td rowspan="1">1516952730993</td><td rowspan="1">18898</td></tr><tr class="passedeven"><td rowspan="1">Backup_Course.publish_bcourse</td><td><a href="#m5">read_beker</a></td><td rowspan="1">1516952680925</td><td rowspan="1">24516</td></tr></tbody><tbody id="t2"><tr><th colspan="4">文章交流测试 &#8212; passed</th></tr><tr class="passedeven"><td rowspan="1">Documentation_and_exchange.SentDoc</td><td><a href="#m6">sent_doc</a></td><td rowspan="1">1516952749905</td><td rowspan="1">64639</td></tr><tr class="passedodd"><td rowspan="1">Documentation_and_exchange.Sent_Exchange</td><td><a href="#m7">sent_exchange</a></td><td rowspan="1">1516952814545</td><td rowspan="1">24363</td></tr><tr class="passedeven"><td rowspan="1">Documentation_and_exchange.doc_comments</td><td><a href="#m8">documentComments</a></td><td rowspan="1">1516952838910</td><td rowspan="1">25818</td></tr></tbody><tbody id="t3"><tr><th colspan="4">磨课流程测试 &#8212; passed</th></tr><tr class="passedeven"><td rowspan="1">Mo_course.Check_data</td><td><a href="#m9">check_data</a></td><td rowspan="1">1516952910866</td><td rowspan="1">18212</td></tr><tr class="passedodd"><td rowspan="1">Mo_course.Publish_moke</td><td><a href="#m10">publish_moke</a></td><td rowspan="1">1516952864737</td><td rowspan="1">26373</td></tr><tr class="passedeven"><td rowspan="1">Mo_course.join_moke</td><td><a href="#m11">addtomoke</a></td><td rowspan="1">1516952891111</td><td rowspan="1">19754</td></tr></tbody><tbody id="t4"><tr><th colspan="4">作业流程测试 &#8212; failed</th></tr><tr class="failedeven"><td rowspan="1">task.Making</td><td><a href="#m12">making</a></td><td rowspan="1">1516953059020</td><td rowspan="1">15882</td></tr><tr><th colspan="4">作业流程测试 &#8212; passed</th></tr><tr class="passedeven"><td rowspan="1">task.Publish_Task</td><td><a href="#m13">publish_Task</a></td><td rowspan="1">1516952929092</td><td rowspan="1">66087</td></tr><tr class="passedodd"><td rowspan="1">task.Submit_Task</td><td><a href="#m14">submit_Task</a></td><td rowspan="1">1516952995181</td><td rowspan="1">63836</td></tr></tbody><tbody id="t5"><tr><th colspan="4">同伴协作流程测试 &#8212; failed</th></tr><tr class="failedeven"><td rowspan="1">Tongbanxiezuo.Join_cooperation</td><td><a href="#m15">join_cooperation</a></td><td rowspan="1">1516953189275</td><td rowspan="1">29171</td></tr><tr class="failedodd"><td rowspan="1">Tongbanxiezuo.Publish_cooperation</td><td><a href="#m16">publish_cooperation</a></td><td rowspan="1">1516953074946</td><td rowspan="1">114325</td></tr></tbody><tbody id="t6"><tr><th colspan="4">新活动测试 &#8212; failed</th></tr><tr class="failedeven"><td rowspan="1">NewActivity.JoinActivity</td><td><a href="#m17">studuentakePartActivity</a></td><td rowspan="1">1516953273063</td><td rowspan="1">16006</td></tr><tr class="failedodd"><td rowspan="1">NewActivity.MakingHuodong</td><td><a href="#m18">checkHuodongOfStudents</a></td><td rowspan="1">1516953289074</td><td rowspan="1">33814</td></tr><tr><th colspan="4">新活动测试 &#8212; passed</th></tr><tr class="passedeven"><td rowspan="1">NewActivity.ChengGuoZhanSi</td><td><a href="#m19">publishHuodong</a></td><td rowspan="1">1516953218475</td><td rowspan="1">54585</td></tr></tbody><tbody id="t7"><tr><th colspan="4">课程学习测试 &#8212; passed</th></tr><tr class="passedeven"><td rowspan="1">course_learning.Learning</td><td><a href="#m20">raimn</a></td><td rowspan="1">1516953322911</td><td rowspan="1">43056</td></tr></tbody><tbody id="t8"><tr><th colspan="4">资源测试 &#8212; failed</th></tr><tr class="failedeven"><td rowspan="1">Resources.EditAndDeleteSource</td><td><a href="#m21">uploadSource</a></td><td rowspan="1">1516953393487</td><td rowspan="1">27195</td></tr><tr class="failedodd"><td rowspan="1">Resources.UploadSource</td><td><a href="#m22">uploadSource</a></td><td rowspan="1">1516953365978</td><td rowspan="1">27505</td></tr></tbody><tbody id="t9"><tr><th colspan="4">视频测试 &#8212; passed</th></tr><tr class="passedeven"><td rowspan="1">Vedio.EditAndDeleteThePublishedVedio</td><td><a href="#m23">upVedio</a></td><td rowspan="1">1516953476950</td><td rowspan="1">62958</td></tr><tr class="passedodd"><td rowspan="1">Vedio.UploadVedio</td><td><a href="#m24">upVedio</a></td><td rowspan="1">1516953420712</td><td rowspan="1">56236</td></tr></tbody><tbody id="t10"><tr><th colspan="4">删除测试 &#8212; failed</th></tr><tr class="failedeven"><td rowspan="1">DeleteTesting.HuodongDeleteTest</td><td><a href="#m25">huodong_delete</a></td><td rowspan="1">1516953597418</td><td rowspan="1">13663</td></tr><tr class="failedodd"><td rowspan="1">DeleteTesting.JiaoLiuDeleteTest</td><td><a href="#m26">jiaoliu_delete</a></td><td rowspan="1">1516953611086</td><td rowspan="1">8714</td></tr><tr class="failedeven"><td rowspan="1">DeleteTesting.KeguantiDeleteTest</td><td><a href="#m27">keguantiDeleteTest</a></td><td rowspan="1">1516953619802</td><td rowspan="1">10052</td></tr><tr class="failedodd"><td rowspan="1">DeleteTesting.MokeDeleteTest</td><td><a href="#m28">moke_delete</a></td><td rowspan="1">1516953629855</td><td rowspan="1">10053</td></tr><tr class="failedeven"><td rowspan="1">DeleteTesting.TongbanxiezuoDeleteTest</td><td><a href="#m29">xiezuo_delete</a></td><td rowspan="1">1516953639910</td><td rowspan="1">10041</td></tr><tr class="failedodd"><td rowspan="1">DeleteTesting.WenzhangDeleteTest</td><td><a href="#m30">wenzhang_delete</a></td><td rowspan="1">1516953649953</td><td rowspan="1">10025</td></tr><tr class="failedeven"><td rowspan="1">DeleteTesting.ZuoyeDeleteTest</td><td><a href="#m31">zuoye_delete</a></td><td rowspan="1">1516953659980</td><td rowspan="1">10323</td></tr><tr><th colspan="4">删除测试 &#8212; passed</th></tr><tr class="passedeven"><td rowspan="1">DeleteTesting.BeikeDeleteTest</td><td><a href="#m32">beike_delete</a></td><td rowspan="1">1516953539918</td><td rowspan="1">27026</td></tr><tr class="passedodd"><td rowspan="1">DeleteTesting.DiaochawenjuanDeleteTest</td><td><a href="#m33">diaochawenjuan_delete</a></td><td rowspan="1">1516953566946</td><td rowspan="1">30470</td></tr></tbody></table><h2>活动流程测试</h2><h3 id="m0">Activity.Advice_to_activity#advice_to_activity</h3><table class="result"></table><p class="totop"><a href="#summary">back to summary</a></p><h3 id="m1">Activity.Publish_ActivitywithallStep#publish_activity</h3><table class="result"><tr class="param"><th>Parameter #1</th><th>Parameter #2</th><th>Parameter #3</th><th>Parameter #4</th></tr><tr class="param stripe"><td>devguanliyuan</td><td>3edc$RFV</td><td>E:/Downloads/uploadFile.exe</td><td>E:/Downloads/uploadvedio.exe</td></tr></table><p class="totop"><a href="#summary">back to summary</a></p><h3 id="m2">Activity.To_joinActivity#to_joinActivity</h3><table class="result"><tr class="param"><th>Parameter #1</th><th>Parameter #2</th><th>Parameter #3</th><th>Parameter #4</th><th>Parameter #5</th></tr><tr class="param stripe"><td>devstudent2</td><td>123123</td><td>E:/Downloads/uploadFile.exe</td><td>E:/Downloads/uploadvedio.exe</td><td>T2教学与信息化技术手段</td></tr></table><p class="totop"><a href="#summary">back to summary</a></p><h2>备课流程测试</h2><h3 id="m3">Backup_Course.Join_bCourse#join_bCourse</h3><table class="result"></table><p class="totop"><a href="#summary">back to summary</a></p><h3 id="m4">Backup_Course.making#read</h3><table class="result"></table><p class="totop"><a href="#summary">back to summary</a></p><h3 id="m5">Backup_Course.publish_bcourse#read_beker</h3><table class="result"></table><p class="totop"><a href="#summary">back to summary</a></p><h2>文章交流测试</h2><h3 id="m6">Documentation_and_exchange.SentDoc#sent_doc</h3><table class="result"></table><p class="totop"><a href="#summary">back to summary</a></p><h3 id="m7">Documentation_and_exchange.Sent_Exchange#sent_exchange</h3><table class="result"></table><p class="totop"><a href="#summary">back to summary</a></p><h3 id="m8">Documentation_and_exchange.doc_comments#documentComments</h3><table class="result"><tr class="param"><th>Parameter #1</th><th>Parameter #2</th><th>Parameter #3</th><th>Parameter #4</th></tr><tr class="param stripe"><td>devstudent1</td><td>123123</td><td>E:/Downloads/uploadFile.exe</td><td>E:/Downloads/uploadvedio.exe</td></tr></table><p class="totop"><a href="#summary">back to summary</a></p><h2>磨课流程测试</h2><h3 id="m9">Mo_course.Check_data#check_data</h3><table class="result"></table><p class="totop"><a href="#summary">back to summary</a></p><h3 id="m10">Mo_course.Publish_moke#publish_moke</h3><table class="result"></table><p class="totop"><a href="#summary">back to summary</a></p><h3 id="m11">Mo_course.join_moke#addtomoke</h3><table class="result"></table><p class="totop"><a href="#summary">back to summary</a></p><h2>作业流程测试</h2><h3 id="m12">task.Making#making</h3><table class="result"><tr><th>Exception</th></tr><tr><td><div class="stacktrace">org.openqa.selenium.StaleElementReferenceException: stale element reference: element is not attached to the page document
  (Session info: chrome=60.0.3112.90)
  (Driver info: chromedriver=2.33.506120 (e3e53437346286c0bc2d2dc9aa4915ba81d9023f),platform=Windows NT 6.1.7601 SP1 x86_64) (WARNING: The server did not provide any stacktrace information)
Command duration or timeout: 1.52 seconds
For documentation on this error, please visit: http://seleniumhq.org/exceptions/stale_element_reference.html
Build info: version: &apos;2.53.1&apos;, revision: &apos;a36b8b1&apos;, time: &apos;2016-06-30 17:37:03&apos;
System info: host: &apos;gg-PC&apos;, ip: &apos;192.168.1.38&apos;, os.name: &apos;Windows 7&apos;, os.arch: &apos;x86&apos;, os.version: &apos;6.1&apos;, java.version: &apos;1.8.0_45&apos;
Driver info: org.openqa.selenium.chrome.ChromeDriver
Capabilities [{applicationCacheEnabled=false, rotatable=false, mobileEmulationEnabled=false, networkConnectionEnabled=false, chrome={chromedriverVersion=2.33.506120 (e3e53437346286c0bc2d2dc9aa4915ba81d9023f), userDataDir=C:\Users\gg\AppData\Local\Temp\scoped_dir12044_2162}, takesHeapSnapshot=true, pageLoadStrategy=normal, databaseEnabled=false, handlesAlerts=true, hasTouchScreen=false, version=60.0.3112.90, platform=XP, browserConnectionEnabled=false, nativeEvents=true, acceptSslCerts=true, locationContextEnabled=true, webStorageEnabled=true, browserName=chrome, takesScreenshot=true, javascriptEnabled=true, cssSelectorsEnabled=true, setWindowRect=true, unexpectedAlertBehaviour=}]
Session ID: 7acc27b10ed914b6b3898f3cac04ca18
	at org.openqa.selenium.remote.ErrorHandler.createThrowable(ErrorHandler.java:206)
	at org.openqa.selenium.remote.ErrorHandler.throwIfResponseFailed(ErrorHandler.java:158)
	at org.openqa.selenium.remote.RemoteWebDriver.execute(RemoteWebDriver.java:678)
	at org.openqa.selenium.remote.RemoteWebElement.execute(RemoteWebElement.java:327)
	at org.openqa.selenium.remote.RemoteWebElement.click(RemoteWebElement.java:85)
	at task.Making.making(Making.java:17)
	at java.util.concurrent.FutureTask.run(Unknown Source)
	at java.util.concurrent.ThreadPoolExecutor.runWorker(Unknown Source)
	at java.util.concurrent.ThreadPoolExecutor$Worker.run(Unknown Source)
	at java.lang.Thread.run(Unknown Source)
... Removed 20 stack frames</div></td></tr></table><p class="totop"><a href="#summary">back to summary</a></p><h3 id="m13">task.Publish_Task#publish_Task</h3><table class="result"></table><p class="totop"><a href="#summary">back to summary</a></p><h3 id="m14">task.Submit_Task#submit_Task</h3><table class="result"><tr class="param"><th>Parameter #1</th><th>Parameter #2</th><th>Parameter #3</th><th>Parameter #4</th></tr><tr class="param stripe"><td>devstudent1</td><td>123123</td><td>E:/Downloads/uploadFile.exe</td><td>E:/Downloads/uploadvedio.exe</td></tr></table><p class="totop"><a href="#summary">back to summary</a></p><h2>同伴协作流程测试</h2><h3 id="m15">Tongbanxiezuo.Join_cooperation#join_cooperation</h3><table class="result"><tr class="param"><th>Parameter #1</th><th>Parameter #2</th><th>Parameter #3</th><th>Parameter #4</th></tr><tr class="param stripe"><td>devstudent1</td><td>123123</td><td>E:/Downloads/uploadFile.exe</td><td>E:/Downloads/uploadvedio.exe</td></tr><tr><th colspan="4">Exception</th></tr><tr><td colspan="4"><div class="stacktrace">org.openqa.selenium.NoSuchElementException: no such element: Unable to locate element: {&quot;method&quot;:&quot;partial link text&quot;,&quot;selector&quot;:&quot;同伴协作494&quot;}
  (Session info: chrome=60.0.3112.90)
  (Driver info: chromedriver=2.33.506120 (e3e53437346286c0bc2d2dc9aa4915ba81d9023f),platform=Windows NT 6.1.7601 SP1 x86_64) (WARNING: The server did not provide any stacktrace information)
Command duration or timeout: 15.10 seconds
For documentation on this error, please visit: http://seleniumhq.org/exceptions/no_such_element.html
Build info: version: &apos;2.53.1&apos;, revision: &apos;a36b8b1&apos;, time: &apos;2016-06-30 17:37:03&apos;
System info: host: &apos;gg-PC&apos;, ip: &apos;192.168.1.38&apos;, os.name: &apos;Windows 7&apos;, os.arch: &apos;x86&apos;, os.version: &apos;6.1&apos;, java.version: &apos;1.8.0_45&apos;
Driver info: org.openqa.selenium.chrome.ChromeDriver
Capabilities [{applicationCacheEnabled=false, rotatable=false, mobileEmulationEnabled=false, networkConnectionEnabled=false, chrome={chromedriverVersion=2.33.506120 (e3e53437346286c0bc2d2dc9aa4915ba81d9023f), userDataDir=C:\Users\gg\AppData\Local\Temp\scoped_dir14872_1495}, takesHeapSnapshot=true, pageLoadStrategy=normal, databaseEnabled=false, handlesAlerts=true, hasTouchScreen=false, version=60.0.3112.90, platform=XP, browserConnectionEnabled=false, nativeEvents=true, acceptSslCerts=true, locationContextEnabled=true, webStorageEnabled=true, browserName=chrome, takesScreenshot=true, javascriptEnabled=true, cssSelectorsEnabled=true, setWindowRect=true, unexpectedAlertBehaviour=}]
Session ID: 50c066086aba7e5426432646d73d0a45
*** Element info: {Using=partial link text, value=同伴协作494}
	at org.openqa.selenium.remote.ErrorHandler.createThrowable(ErrorHandler.java:206)
	at org.openqa.selenium.remote.ErrorHandler.throwIfResponseFailed(ErrorHandler.java:158)
	at org.openqa.selenium.remote.RemoteWebDriver.execute(RemoteWebDriver.java:678)
	at org.openqa.selenium.remote.RemoteWebDriver.findElement(RemoteWebDriver.java:363)
	at org.openqa.selenium.remote.RemoteWebDriver.findElementByPartialLinkText(RemoteWebDriver.java:436)
	at org.openqa.selenium.By$ByPartialLinkText.findElement(By.java:273)
	at org.openqa.selenium.remote.RemoteWebDriver.findElement(RemoteWebDriver.java:355)
	at Tongbanxiezuo.Join_cooperation.join_cooperation(Join_cooperation.java:28)
	at java.util.concurrent.FutureTask.run(Unknown Source)
	at java.util.concurrent.ThreadPoolExecutor.runWorker(Unknown Source)
	at java.util.concurrent.ThreadPoolExecutor$Worker.run(Unknown Source)
	at java.lang.Thread.run(Unknown Source)
... Removed 20 stack frames</div></td></tr></table><p class="totop"><a href="#summary">back to summary</a></p><h3 id="m16">Tongbanxiezuo.Publish_cooperation#publish_cooperation</h3><table class="result"><tr class="param"><th>Parameter #1</th><th>Parameter #2</th><th>Parameter #3</th><th>Parameter #4</th><th>Parameter #5</th><th>Parameter #6</th></tr><tr class="param stripe"><td>devteacher</td><td>3edc$RFV</td><td>E:/Downloads/uploadFile.exe</td><td>E:/Downloads/uploadvedio.exe</td><td>高中语文教学计划2</td><td>T2教学与信息化技术手段</td></tr><tr><th colspan="6">Exception</th></tr><tr><td colspan="6"><div class="stacktrace">org.openqa.selenium.NoSuchElementException: no such element: Unable to locate element: {&quot;method&quot;:&quot;id&quot;,&quot;selector&quot;:&quot;jiadd1&quot;}
  (Session info: chrome=60.0.3112.90)
  (Driver info: chromedriver=2.33.506120 (e3e53437346286c0bc2d2dc9aa4915ba81d9023f),platform=Windows NT 6.1.7601 SP1 x86_64) (WARNING: The server did not provide any stacktrace information)
Command duration or timeout: 16.31 seconds
For documentation on this error, please visit: http://seleniumhq.org/exceptions/no_such_element.html
Build info: version: &apos;2.53.1&apos;, revision: &apos;a36b8b1&apos;, time: &apos;2016-06-30 17:37:03&apos;
System info: host: &apos;gg-PC&apos;, ip: &apos;192.168.1.38&apos;, os.name: &apos;Windows 7&apos;, os.arch: &apos;x86&apos;, os.version: &apos;6.1&apos;, java.version: &apos;1.8.0_45&apos;
Driver info: org.openqa.selenium.chrome.ChromeDriver
Capabilities [{applicationCacheEnabled=false, rotatable=false, mobileEmulationEnabled=false, networkConnectionEnabled=false, chrome={chromedriverVersion=2.33.506120 (e3e53437346286c0bc2d2dc9aa4915ba81d9023f), userDataDir=C:\Users\gg\AppData\Local\Temp\scoped_dir14956_19210}, takesHeapSnapshot=true, pageLoadStrategy=normal, databaseEnabled=false, handlesAlerts=true, hasTouchScreen=false, version=60.0.3112.90, platform=XP, browserConnectionEnabled=false, nativeEvents=true, acceptSslCerts=true, locationContextEnabled=true, webStorageEnabled=true, browserName=chrome, takesScreenshot=true, javascriptEnabled=true, cssSelectorsEnabled=true, setWindowRect=true, unexpectedAlertBehaviour=}]
Session ID: 3131bae1bf7f631e1916d49c0ae9af81
*** Element info: {Using=id, value=jiadd1}
	at org.openqa.selenium.remote.ErrorHandler.createThrowable(ErrorHandler.java:206)
	at org.openqa.selenium.remote.ErrorHandler.throwIfResponseFailed(ErrorHandler.java:158)
	at org.openqa.selenium.remote.RemoteWebDriver.execute(RemoteWebDriver.java:678)
	at org.openqa.selenium.remote.RemoteWebDriver.findElement(RemoteWebDriver.java:363)
	at org.openqa.selenium.remote.RemoteWebDriver.findElementById(RemoteWebDriver.java:413)
	at org.openqa.selenium.By$ById.findElement(By.java:218)
	at org.openqa.selenium.remote.RemoteWebDriver.findElement(RemoteWebDriver.java:355)
	at Tongbanxiezuo.Publish_cooperation.publish_cooperation(Publish_cooperation.java:131)
	at java.util.concurrent.FutureTask.run(Unknown Source)
	at java.util.concurrent.ThreadPoolExecutor.runWorker(Unknown Source)
	at java.util.concurrent.ThreadPoolExecutor$Worker.run(Unknown Source)
	at java.lang.Thread.run(Unknown Source)
... Removed 20 stack frames</div></td></tr></table><p class="totop"><a href="#summary">back to summary</a></p><h2>新活动测试</h2><h3 id="m17">NewActivity.JoinActivity#studuentakePartActivity</h3><table class="result"><tr class="param"><th>Parameter #1</th><th>Parameter #2</th><th>Parameter #3</th><th>Parameter #4</th></tr><tr class="param stripe"><td>devstudent1</td><td>123123</td><td>E:/Downloads/uploadFile.exe</td><td>E:/Downloads/uploadvedio.exe</td></tr><tr><th colspan="4">Exception</th></tr><tr><td colspan="4"><div class="stacktrace">org.openqa.selenium.ElementNotVisibleException: element not visible
  (Session info: chrome=60.0.3112.90)
  (Driver info: chromedriver=2.33.506120 (e3e53437346286c0bc2d2dc9aa4915ba81d9023f),platform=Windows NT 6.1.7601 SP1 x86_64) (WARNING: The server did not provide any stacktrace information)
Command duration or timeout: 93 milliseconds
Build info: version: &apos;2.53.1&apos;, revision: &apos;a36b8b1&apos;, time: &apos;2016-06-30 17:37:03&apos;
System info: host: &apos;gg-PC&apos;, ip: &apos;192.168.1.38&apos;, os.name: &apos;Windows 7&apos;, os.arch: &apos;x86&apos;, os.version: &apos;6.1&apos;, java.version: &apos;1.8.0_45&apos;
Driver info: org.openqa.selenium.chrome.ChromeDriver
Capabilities [{applicationCacheEnabled=false, rotatable=false, mobileEmulationEnabled=false, networkConnectionEnabled=false, chrome={chromedriverVersion=2.33.506120 (e3e53437346286c0bc2d2dc9aa4915ba81d9023f), userDataDir=C:\Users\gg\AppData\Local\Temp\scoped_dir16372_22225}, takesHeapSnapshot=true, pageLoadStrategy=normal, databaseEnabled=false, handlesAlerts=true, hasTouchScreen=false, version=60.0.3112.90, platform=XP, browserConnectionEnabled=false, nativeEvents=true, acceptSslCerts=true, locationContextEnabled=true, webStorageEnabled=true, browserName=chrome, takesScreenshot=true, javascriptEnabled=true, cssSelectorsEnabled=true, setWindowRect=true, unexpectedAlertBehaviour=}]
Session ID: a6ff6918ae30a87265cf2b32d891cc42
	at org.openqa.selenium.remote.ErrorHandler.createThrowable(ErrorHandler.java:206)
	at org.openqa.selenium.remote.ErrorHandler.throwIfResponseFailed(ErrorHandler.java:158)
	at org.openqa.selenium.remote.RemoteWebDriver.execute(RemoteWebDriver.java:678)
	at org.openqa.selenium.remote.RemoteWebElement.execute(RemoteWebElement.java:327)
	at org.openqa.selenium.remote.RemoteWebElement.click(RemoteWebElement.java:85)
	at NewActivity.JoinActivity.studuentakePartActivity(JoinActivity.java:44)
	at java.util.concurrent.FutureTask.run(Unknown Source)
	at java.util.concurrent.ThreadPoolExecutor.runWorker(Unknown Source)
	at java.util.concurrent.ThreadPoolExecutor$Worker.run(Unknown Source)
	at java.lang.Thread.run(Unknown Source)
... Removed 20 stack frames</div></td></tr></table><p class="totop"><a href="#summary">back to summary</a></p><h3 id="m18">NewActivity.MakingHuodong#checkHuodongOfStudents</h3><table class="result"><tr class="param"><th>Parameter #1</th><th>Parameter #2</th><th>Parameter #3</th><th>Parameter #4</th></tr><tr class="param stripe"><td>devzhuanjia</td><td>3edc$RFV</td><td>E:/Downloads/uploadFile.exe</td><td>E:/Downloads/uploadvedio.exe</td></tr><tr><th colspan="4">Exception</th></tr><tr><td colspan="4"><div class="stacktrace">org.openqa.selenium.NoSuchElementException: no such element: Unable to locate element: {&quot;method&quot;:&quot;link text&quot;,&quot;selector&quot;:&quot;查看并批阅&quot;}
  (Session info: chrome=60.0.3112.90)
  (Driver info: chromedriver=2.33.506120 (e3e53437346286c0bc2d2dc9aa4915ba81d9023f),platform=Windows NT 6.1.7601 SP1 x86_64) (WARNING: The server did not provide any stacktrace information)
Command duration or timeout: 15.02 seconds
For documentation on this error, please visit: http://seleniumhq.org/exceptions/no_such_element.html
Build info: version: &apos;2.53.1&apos;, revision: &apos;a36b8b1&apos;, time: &apos;2016-06-30 17:37:03&apos;
System info: host: &apos;gg-PC&apos;, ip: &apos;192.168.1.38&apos;, os.name: &apos;Windows 7&apos;, os.arch: &apos;x86&apos;, os.version: &apos;6.1&apos;, java.version: &apos;1.8.0_45&apos;
Driver info: org.openqa.selenium.chrome.ChromeDriver
Capabilities [{applicationCacheEnabled=false, rotatable=false, mobileEmulationEnabled=false, networkConnectionEnabled=false, chrome={chromedriverVersion=2.33.506120 (e3e53437346286c0bc2d2dc9aa4915ba81d9023f), userDataDir=C:\Users\gg\AppData\Local\Temp\scoped_dir16500_24174}, takesHeapSnapshot=true, pageLoadStrategy=normal, databaseEnabled=false, handlesAlerts=true, hasTouchScreen=false, version=60.0.3112.90, platform=XP, browserConnectionEnabled=false, nativeEvents=true, acceptSslCerts=true, locationContextEnabled=true, webStorageEnabled=true, browserName=chrome, takesScreenshot=true, javascriptEnabled=true, cssSelectorsEnabled=true, setWindowRect=true, unexpectedAlertBehaviour=}]
Session ID: 22356718827cafde01fe8f512aabd494
*** Element info: {Using=link text, value=查看并批阅}
	at org.openqa.selenium.remote.ErrorHandler.createThrowable(ErrorHandler.java:206)
	at org.openqa.selenium.remote.ErrorHandler.throwIfResponseFailed(ErrorHandler.java:158)
	at org.openqa.selenium.remote.RemoteWebDriver.execute(RemoteWebDriver.java:678)
	at org.openqa.selenium.remote.RemoteWebDriver.findElement(RemoteWebDriver.java:363)
	at org.openqa.selenium.remote.RemoteWebDriver.findElementByLinkText(RemoteWebDriver.java:428)
	at org.openqa.selenium.By$ByLinkText.findElement(By.java:246)
	at org.openqa.selenium.remote.RemoteWebDriver.findElement(RemoteWebDriver.java:355)
	at NewActivity.MakingHuodong.checkHuodongOfStudents(MakingHuodong.java:28)
	at java.util.concurrent.FutureTask.run(Unknown Source)
	at java.util.concurrent.ThreadPoolExecutor.runWorker(Unknown Source)
	at java.util.concurrent.ThreadPoolExecutor$Worker.run(Unknown Source)
	at java.lang.Thread.run(Unknown Source)
... Removed 20 stack frames</div></td></tr></table><p class="totop"><a href="#summary">back to summary</a></p><h3 id="m19">NewActivity.ChengGuoZhanSi#publishHuodong</h3><table class="result"><tr class="param"><th>Parameter #1</th><th>Parameter #2</th><th>Parameter #3</th><th>Parameter #4</th></tr><tr class="param stripe"><td>devzhuanjia</td><td>3edc$RFV</td><td>E:/Downloads/uploadFile.exe</td><td>E:/Downloads/uploadvedio.exe</td></tr></table><p class="totop"><a href="#summary">back to summary</a></p><h2>课程学习测试</h2><h3 id="m20">course_learning.Learning#raimn</h3><table class="result"><tr class="param"><th>Parameter #1</th><th>Parameter #2</th></tr><tr class="param stripe"><td>devstudent1</td><td>123123</td></tr></table><p class="totop"><a href="#summary">back to summary</a></p><h2>资源测试</h2><h3 id="m21">Resources.EditAndDeleteSource#uploadSource</h3><table class="result"><tr class="param"><th>Parameter #1</th><th>Parameter #2</th></tr><tr class="param stripe"><td>devzhuanjia</td><td>3edc$RFV</td></tr><tr><th colspan="2">Exception</th></tr><tr><td colspan="2"><div class="stacktrace">org.openqa.selenium.NoSuchElementException: no such element: Unable to locate element: {&quot;method&quot;:&quot;link text&quot;,&quot;selector&quot;:&quot;编辑&quot;}
  (Session info: chrome=60.0.3112.90)
  (Driver info: chromedriver=2.33.506120 (e3e53437346286c0bc2d2dc9aa4915ba81d9023f),platform=Windows NT 6.1.7601 SP1 x86_64) (WARNING: The server did not provide any stacktrace information)
Command duration or timeout: 15.13 seconds
For documentation on this error, please visit: http://seleniumhq.org/exceptions/no_such_element.html
Build info: version: &apos;2.53.1&apos;, revision: &apos;a36b8b1&apos;, time: &apos;2016-06-30 17:37:03&apos;
System info: host: &apos;gg-PC&apos;, ip: &apos;192.168.1.38&apos;, os.name: &apos;Windows 7&apos;, os.arch: &apos;x86&apos;, os.version: &apos;6.1&apos;, java.version: &apos;1.8.0_45&apos;
Driver info: org.openqa.selenium.chrome.ChromeDriver
Capabilities [{applicationCacheEnabled=false, rotatable=false, mobileEmulationEnabled=false, networkConnectionEnabled=false, chrome={chromedriverVersion=2.33.506120 (e3e53437346286c0bc2d2dc9aa4915ba81d9023f), userDataDir=C:\Users\gg\AppData\Local\Temp\scoped_dir18072_12155}, takesHeapSnapshot=true, pageLoadStrategy=normal, databaseEnabled=false, handlesAlerts=true, hasTouchScreen=false, version=60.0.3112.90, platform=XP, browserConnectionEnabled=false, nativeEvents=true, acceptSslCerts=true, locationContextEnabled=true, webStorageEnabled=true, browserName=chrome, takesScreenshot=true, javascriptEnabled=true, cssSelectorsEnabled=true, setWindowRect=true, unexpectedAlertBehaviour=}]
Session ID: eb6213fdde78a68c2c83fb0a20338342
*** Element info: {Using=link text, value=编辑}
	at org.openqa.selenium.remote.ErrorHandler.createThrowable(ErrorHandler.java:206)
	at org.openqa.selenium.remote.ErrorHandler.throwIfResponseFailed(ErrorHandler.java:158)
	at org.openqa.selenium.remote.RemoteWebDriver.execute(RemoteWebDriver.java:678)
	at org.openqa.selenium.remote.RemoteWebDriver.findElement(RemoteWebDriver.java:363)
	at org.openqa.selenium.remote.RemoteWebDriver.findElementByLinkText(RemoteWebDriver.java:428)
	at Resources.EditAndDeleteSource.uploadSource(EditAndDeleteSource.java:30)
	at java.util.concurrent.FutureTask.run(Unknown Source)
	at java.util.concurrent.ThreadPoolExecutor.runWorker(Unknown Source)
	at java.util.concurrent.ThreadPoolExecutor$Worker.run(Unknown Source)
	at java.lang.Thread.run(Unknown Source)
... Removed 20 stack frames</div></td></tr></table><p class="totop"><a href="#summary">back to summary</a></p><h3 id="m22">Resources.UploadSource#uploadSource</h3><table class="result"><tr class="param"><th>Parameter #1</th><th>Parameter #2</th><th>Parameter #3</th><th>Parameter #4</th></tr><tr class="param stripe"><td>devzhuanjia</td><td>3edc$RFV</td><td>E:/Downloads/uploadFile.exe</td><td>E:/Downloads/uploadvedio.exe</td></tr><tr><th colspan="4">Exception</th></tr><tr><td colspan="4"><div class="stacktrace">org.openqa.selenium.UnhandledAlertException: unexpected alert open: {Alert text : 请先上传附件！}
  (Session info: chrome=60.0.3112.90)
  (Driver info: chromedriver=2.33.506120 (e3e53437346286c0bc2d2dc9aa4915ba81d9023f),platform=Windows NT 6.1.7601 SP1 x86_64) (WARNING: The server did not provide any stacktrace information)
Command duration or timeout: 8 milliseconds: null
Build info: version: &apos;2.53.1&apos;, revision: &apos;a36b8b1&apos;, time: &apos;2016-06-30 17:37:03&apos;
System info: host: &apos;gg-PC&apos;, ip: &apos;192.168.1.38&apos;, os.name: &apos;Windows 7&apos;, os.arch: &apos;x86&apos;, os.version: &apos;6.1&apos;, java.version: &apos;1.8.0_45&apos;
Driver info: org.openqa.selenium.chrome.ChromeDriver
Capabilities [{applicationCacheEnabled=false, rotatable=false, mobileEmulationEnabled=false, networkConnectionEnabled=false, chrome={chromedriverVersion=2.33.506120 (e3e53437346286c0bc2d2dc9aa4915ba81d9023f), userDataDir=C:\Users\gg\AppData\Local\Temp\scoped_dir17032_19222}, takesHeapSnapshot=true, pageLoadStrategy=normal, databaseEnabled=false, handlesAlerts=true, hasTouchScreen=false, version=60.0.3112.90, platform=XP, browserConnectionEnabled=false, nativeEvents=true, acceptSslCerts=true, locationContextEnabled=true, webStorageEnabled=true, browserName=chrome, takesScreenshot=true, javascriptEnabled=true, cssSelectorsEnabled=true, setWindowRect=true, unexpectedAlertBehaviour=}]
Session ID: 2c16ff8ad9e76039e95a118e8489fc13
*** Element info: {Using=id, value=input_name}
	at org.openqa.selenium.remote.ErrorHandler.createThrowable(ErrorHandler.java:206)
	at org.openqa.selenium.remote.ErrorHandler.throwIfResponseFailed(ErrorHandler.java:164)
	at org.openqa.selenium.remote.RemoteWebDriver.execute(RemoteWebDriver.java:678)
	at org.openqa.selenium.remote.RemoteWebDriver.findElement(RemoteWebDriver.java:363)
	at org.openqa.selenium.remote.RemoteWebDriver.findElementById(RemoteWebDriver.java:413)
	at Resources.UploadSource.uploadSource(UploadSource.java:102)
	at java.util.concurrent.FutureTask.run(Unknown Source)
	at java.util.concurrent.ThreadPoolExecutor.runWorker(Unknown Source)
	at java.util.concurrent.ThreadPoolExecutor$Worker.run(Unknown Source)
	at java.lang.Thread.run(Unknown Source)
... Removed 20 stack frames</div></td></tr></table><p class="totop"><a href="#summary">back to summary</a></p><h2>视频测试</h2><h3 id="m23">Vedio.EditAndDeleteThePublishedVedio#upVedio</h3><table class="result"><tr class="param"><th>Parameter #1</th><th>Parameter #2</th><th>Parameter #3</th><th>Parameter #4</th></tr><tr class="param stripe"><td>devteacher</td><td>3edc$RFV</td><td>E:/Downloads/uploadFile.exe</td><td>E:/Downloads/uploadvedio.exe</td></tr></table><p class="totop"><a href="#summary">back to summary</a></p><h3 id="m24">Vedio.UploadVedio#upVedio</h3><table class="result"><tr class="param"><th>Parameter #1</th><th>Parameter #2</th><th>Parameter #3</th><th>Parameter #4</th></tr><tr class="param stripe"><td>devteacher</td><td>3edc$RFV</td><td>E:/Downloads/uploadFile.exe</td><td>E:/Downloads/uploadvedio.exe</td></tr></table><p class="totop"><a href="#summary">back to summary</a></p><h2>删除测试</h2><h3 id="m25">DeleteTesting.HuodongDeleteTest#huodong_delete</h3><table class="result"><tr class="param"><th>Parameter #1</th><th>Parameter #2</th><th>Parameter #3</th><th>Parameter #4</th></tr><tr class="param stripe"><td>devzhuanjia</td><td>3edc$RFV</td><td>E:/Downloads/uploadFile.exe</td><td>E:/Downloads/uploadvedio.exe</td></tr><tr><th colspan="4">Exception</th></tr><tr><td colspan="4"><div class="stacktrace">java.lang.NullPointerException
	at DeleteTesting.HuodongDeleteTest.huodong_delete(HuodongDeleteTest.java:23)
	at java.util.concurrent.FutureTask.run(Unknown Source)
	at java.util.concurrent.ThreadPoolExecutor.runWorker(Unknown Source)
	at java.util.concurrent.ThreadPoolExecutor$Worker.run(Unknown Source)
	at java.lang.Thread.run(Unknown Source)
... Removed 16 stack frames</div></td></tr></table><p class="totop"><a href="#summary">back to summary</a></p><h3 id="m26">DeleteTesting.JiaoLiuDeleteTest#jiaoliu_delete</h3><table class="result"><tr class="param"><th>Parameter #1</th><th>Parameter #2</th><th>Parameter #3</th><th>Parameter #4</th></tr><tr class="param stripe"><td>devguanliyuan</td><td>3edc$RFV</td><td>E:/Downloads/uploadFile.exe</td><td>E:/Downloads/uploadvedio.exe</td></tr><tr><th colspan="4">Exception</th></tr><tr><td colspan="4"><div class="stacktrace">org.openqa.selenium.WebDriverException: chrome not reachable
  (Session info: chrome=60.0.3112.90)
  (Driver info: chromedriver=2.33.506120 (e3e53437346286c0bc2d2dc9aa4915ba81d9023f),platform=Windows NT 6.1.7601 SP1 x86_64) (WARNING: The server did not provide any stacktrace information)
Command duration or timeout: 4.02 seconds
Build info: version: &apos;2.53.1&apos;, revision: &apos;a36b8b1&apos;, time: &apos;2016-06-30 17:37:03&apos;
System info: host: &apos;gg-PC&apos;, ip: &apos;192.168.1.38&apos;, os.name: &apos;Windows 7&apos;, os.arch: &apos;x86&apos;, os.version: &apos;6.1&apos;, java.version: &apos;1.8.0_45&apos;
Driver info: org.openqa.selenium.chrome.ChromeDriver
Capabilities [{applicationCacheEnabled=false, rotatable=false, mobileEmulationEnabled=false, networkConnectionEnabled=false, chrome={chromedriverVersion=2.33.506120 (e3e53437346286c0bc2d2dc9aa4915ba81d9023f), userDataDir=C:\Users\gg\AppData\Local\Temp\scoped_dir16340_6832}, takesHeapSnapshot=true, pageLoadStrategy=normal, databaseEnabled=false, handlesAlerts=true, hasTouchScreen=false, version=60.0.3112.90, platform=XP, browserConnectionEnabled=false, nativeEvents=true, acceptSslCerts=true, locationContextEnabled=true, webStorageEnabled=true, browserName=chrome, takesScreenshot=true, javascriptEnabled=true, cssSelectorsEnabled=true, setWindowRect=true, unexpectedAlertBehaviour=}]
Session ID: b0beac3608793a77eed9701fc77021de
*** Element info: {Using=id, value=username}
	at org.openqa.selenium.remote.ErrorHandler.createThrowable(ErrorHandler.java:206)
	at org.openqa.selenium.remote.ErrorHandler.throwIfResponseFailed(ErrorHandler.java:158)
	at org.openqa.selenium.remote.RemoteWebDriver.execute(RemoteWebDriver.java:678)
	at org.openqa.selenium.remote.RemoteWebDriver.findElement(RemoteWebDriver.java:363)
	at org.openqa.selenium.remote.RemoteWebDriver.findElementById(RemoteWebDriver.java:413)
	at org.openqa.selenium.By$ById.findElement(By.java:218)
	at org.openqa.selenium.remote.RemoteWebDriver.findElement(RemoteWebDriver.java:355)
	at uti.Uti.ChromeBrowser_setup(Uti.java:25)
	at DeleteTesting.JiaoLiuDeleteTest.jiaoliu_delete(JiaoLiuDeleteTest.java:19)
	at java.util.concurrent.FutureTask.run(Unknown Source)
	at java.util.concurrent.ThreadPoolExecutor.runWorker(Unknown Source)
	at java.util.concurrent.ThreadPoolExecutor$Worker.run(Unknown Source)
	at java.lang.Thread.run(Unknown Source)
... Removed 20 stack frames</div></td></tr></table><p class="totop"><a href="#summary">back to summary</a></p><h3 id="m27">DeleteTesting.KeguantiDeleteTest#keguantiDeleteTest</h3><table class="result"><tr class="param"><th>Parameter #1</th><th>Parameter #2</th><th>Parameter #3</th><th>Parameter #4</th></tr><tr class="param stripe"><td>devzhuanjia</td><td>3edc$RFV</td><td>E:/Downloads/uploadFile.exe</td><td>E:/Downloads/uploadvedio.exe</td></tr><tr><th colspan="4">Exception</th></tr><tr><td colspan="4"><div class="stacktrace">org.openqa.selenium.WebDriverException: chrome not reachable
  (Session info: chrome=60.0.3112.90)
  (Driver info: chromedriver=2.33.506120 (e3e53437346286c0bc2d2dc9aa4915ba81d9023f),platform=Windows NT 6.1.7601 SP1 x86_64) (WARNING: The server did not provide any stacktrace information)
Command duration or timeout: 4.02 seconds
Build info: version: &apos;2.53.1&apos;, revision: &apos;a36b8b1&apos;, time: &apos;2016-06-30 17:37:03&apos;
System info: host: &apos;gg-PC&apos;, ip: &apos;192.168.1.38&apos;, os.name: &apos;Windows 7&apos;, os.arch: &apos;x86&apos;, os.version: &apos;6.1&apos;, java.version: &apos;1.8.0_45&apos;
Driver info: org.openqa.selenium.chrome.ChromeDriver
Capabilities [{applicationCacheEnabled=false, rotatable=false, mobileEmulationEnabled=false, networkConnectionEnabled=false, chrome={chromedriverVersion=2.33.506120 (e3e53437346286c0bc2d2dc9aa4915ba81d9023f), userDataDir=C:\Users\gg\AppData\Local\Temp\scoped_dir19928_23276}, takesHeapSnapshot=true, pageLoadStrategy=normal, databaseEnabled=false, handlesAlerts=true, hasTouchScreen=false, version=60.0.3112.90, platform=XP, browserConnectionEnabled=false, nativeEvents=true, acceptSslCerts=true, locationContextEnabled=true, webStorageEnabled=true, browserName=chrome, takesScreenshot=true, javascriptEnabled=true, cssSelectorsEnabled=true, setWindowRect=true, unexpectedAlertBehaviour=}]
Session ID: 876c80db695728f7632ee22d924137cd
	at org.openqa.selenium.remote.ErrorHandler.createThrowable(ErrorHandler.java:206)
	at org.openqa.selenium.remote.ErrorHandler.throwIfResponseFailed(ErrorHandler.java:158)
	at org.openqa.selenium.remote.RemoteWebDriver.execute(RemoteWebDriver.java:678)
	at org.openqa.selenium.remote.RemoteWebDriver.get(RemoteWebDriver.java:316)
	at uti.Uti.ChromeBrowser_setup(Uti.java:24)
	at DeleteTesting.KeguantiDeleteTest.keguantiDeleteTest(KeguantiDeleteTest.java:18)
	at java.util.concurrent.FutureTask.run(Unknown Source)
	at java.util.concurrent.ThreadPoolExecutor.runWorker(Unknown Source)
	at java.util.concurrent.ThreadPoolExecutor$Worker.run(Unknown Source)
	at java.lang.Thread.run(Unknown Source)
... Removed 20 stack frames</div></td></tr></table><p class="totop"><a href="#summary">back to summary</a></p><h3 id="m28">DeleteTesting.MokeDeleteTest#moke_delete</h3><table class="result"><tr class="param"><th>Parameter #1</th><th>Parameter #2</th><th>Parameter #3</th><th>Parameter #4</th></tr><tr class="param stripe"><td>devzhuanjia</td><td>3edc$RFV</td><td>E:/Downloads/uploadFile.exe</td><td>E:/Downloads/uploadvedio.exe</td></tr><tr><th colspan="4">Exception</th></tr><tr><td colspan="4"><div class="stacktrace">org.openqa.selenium.WebDriverException: chrome not reachable
  (Session info: chrome=60.0.3112.90)
  (Driver info: chromedriver=2.33.506120 (e3e53437346286c0bc2d2dc9aa4915ba81d9023f),platform=Windows NT 6.1.7601 SP1 x86_64) (WARNING: The server did not provide any stacktrace information)
Command duration or timeout: 4.03 seconds
Build info: version: &apos;2.53.1&apos;, revision: &apos;a36b8b1&apos;, time: &apos;2016-06-30 17:37:03&apos;
System info: host: &apos;gg-PC&apos;, ip: &apos;192.168.1.38&apos;, os.name: &apos;Windows 7&apos;, os.arch: &apos;x86&apos;, os.version: &apos;6.1&apos;, java.version: &apos;1.8.0_45&apos;
Driver info: org.openqa.selenium.chrome.ChromeDriver
Capabilities [{applicationCacheEnabled=false, rotatable=false, mobileEmulationEnabled=false, networkConnectionEnabled=false, chrome={chromedriverVersion=2.33.506120 (e3e53437346286c0bc2d2dc9aa4915ba81d9023f), userDataDir=C:\Users\gg\AppData\Local\Temp\scoped_dir16356_3936}, takesHeapSnapshot=true, pageLoadStrategy=normal, databaseEnabled=false, handlesAlerts=true, hasTouchScreen=false, version=60.0.3112.90, platform=XP, browserConnectionEnabled=false, nativeEvents=true, acceptSslCerts=true, locationContextEnabled=true, webStorageEnabled=true, browserName=chrome, takesScreenshot=true, javascriptEnabled=true, cssSelectorsEnabled=true, setWindowRect=true, unexpectedAlertBehaviour=}]
Session ID: 026d44b24d9798e6fc853b98621a678f
	at org.openqa.selenium.remote.ErrorHandler.createThrowable(ErrorHandler.java:206)
	at org.openqa.selenium.remote.ErrorHandler.throwIfResponseFailed(ErrorHandler.java:158)
	at org.openqa.selenium.remote.RemoteWebDriver.execute(RemoteWebDriver.java:678)
	at org.openqa.selenium.remote.RemoteWebDriver.get(RemoteWebDriver.java:316)
	at uti.Uti.ChromeBrowser_setup(Uti.java:24)
	at DeleteTesting.MokeDeleteTest.moke_delete(MokeDeleteTest.java:20)
	at java.util.concurrent.FutureTask.run(Unknown Source)
	at java.util.concurrent.ThreadPoolExecutor.runWorker(Unknown Source)
	at java.util.concurrent.ThreadPoolExecutor$Worker.run(Unknown Source)
	at java.lang.Thread.run(Unknown Source)
... Removed 20 stack frames</div></td></tr></table><p class="totop"><a href="#summary">back to summary</a></p><h3 id="m29">DeleteTesting.TongbanxiezuoDeleteTest#xiezuo_delete</h3><table class="result"><tr class="param"><th>Parameter #1</th><th>Parameter #2</th><th>Parameter #3</th><th>Parameter #4</th></tr><tr class="param stripe"><td>devguanliyuan</td><td>3edc$RFV</td><td>E:/Downloads/uploadFile.exe</td><td>E:/Downloads/uploadvedio.exe</td></tr><tr><th colspan="4">Exception</th></tr><tr><td colspan="4"><div class="stacktrace">org.openqa.selenium.WebDriverException: chrome not reachable
  (Session info: chrome=60.0.3112.90)
  (Driver info: chromedriver=2.33.506120 (e3e53437346286c0bc2d2dc9aa4915ba81d9023f),platform=Windows NT 6.1.7601 SP1 x86_64) (WARNING: The server did not provide any stacktrace information)
Command duration or timeout: 4.01 seconds
Build info: version: &apos;2.53.1&apos;, revision: &apos;a36b8b1&apos;, time: &apos;2016-06-30 17:37:03&apos;
System info: host: &apos;gg-PC&apos;, ip: &apos;192.168.1.38&apos;, os.name: &apos;Windows 7&apos;, os.arch: &apos;x86&apos;, os.version: &apos;6.1&apos;, java.version: &apos;1.8.0_45&apos;
Driver info: org.openqa.selenium.chrome.ChromeDriver
Capabilities [{applicationCacheEnabled=false, rotatable=false, mobileEmulationEnabled=false, networkConnectionEnabled=false, chrome={chromedriverVersion=2.33.506120 (e3e53437346286c0bc2d2dc9aa4915ba81d9023f), userDataDir=C:\Users\gg\AppData\Local\Temp\scoped_dir20784_567}, takesHeapSnapshot=true, pageLoadStrategy=normal, databaseEnabled=false, handlesAlerts=true, hasTouchScreen=false, version=60.0.3112.90, platform=XP, browserConnectionEnabled=false, nativeEvents=true, acceptSslCerts=true, locationContextEnabled=true, webStorageEnabled=true, browserName=chrome, takesScreenshot=true, javascriptEnabled=true, cssSelectorsEnabled=true, setWindowRect=true, unexpectedAlertBehaviour=}]
Session ID: 0ed6c5881e50fb100f3d815b05462b6f
	at org.openqa.selenium.remote.ErrorHandler.createThrowable(ErrorHandler.java:206)
	at org.openqa.selenium.remote.ErrorHandler.throwIfResponseFailed(ErrorHandler.java:158)
	at org.openqa.selenium.remote.RemoteWebDriver.execute(RemoteWebDriver.java:678)
	at org.openqa.selenium.remote.RemoteWebDriver.get(RemoteWebDriver.java:316)
	at uti.Uti.ChromeBrowser_setup(Uti.java:24)
	at DeleteTesting.TongbanxiezuoDeleteTest.xiezuo_delete(TongbanxiezuoDeleteTest.java:18)
	at java.util.concurrent.FutureTask.run(Unknown Source)
	at java.util.concurrent.ThreadPoolExecutor.runWorker(Unknown Source)
	at java.util.concurrent.ThreadPoolExecutor$Worker.run(Unknown Source)
	at java.lang.Thread.run(Unknown Source)
... Removed 20 stack frames</div></td></tr></table><p class="totop"><a href="#summary">back to summary</a></p><h3 id="m30">DeleteTesting.WenzhangDeleteTest#wenzhang_delete</h3><table class="result"><tr class="param"><th>Parameter #1</th><th>Parameter #2</th><th>Parameter #3</th><th>Parameter #4</th></tr><tr class="param stripe"><td>devguanliyuan</td><td>3edc$RFV</td><td>E:/Downloads/uploadFile.exe</td><td>E:/Downloads/uploadvedio.exe</td></tr><tr><th colspan="4">Exception</th></tr><tr><td colspan="4"><div class="stacktrace">org.openqa.selenium.WebDriverException: chrome not reachable
  (Session info: chrome=60.0.3112.90)
  (Driver info: chromedriver=2.33.506120 (e3e53437346286c0bc2d2dc9aa4915ba81d9023f),platform=Windows NT 6.1.7601 SP1 x86_64) (WARNING: The server did not provide any stacktrace information)
Command duration or timeout: 4.00 seconds
Build info: version: &apos;2.53.1&apos;, revision: &apos;a36b8b1&apos;, time: &apos;2016-06-30 17:37:03&apos;
System info: host: &apos;gg-PC&apos;, ip: &apos;192.168.1.38&apos;, os.name: &apos;Windows 7&apos;, os.arch: &apos;x86&apos;, os.version: &apos;6.1&apos;, java.version: &apos;1.8.0_45&apos;
Driver info: org.openqa.selenium.chrome.ChromeDriver
Capabilities [{applicationCacheEnabled=false, rotatable=false, mobileEmulationEnabled=false, networkConnectionEnabled=false, chrome={chromedriverVersion=2.33.506120 (e3e53437346286c0bc2d2dc9aa4915ba81d9023f), userDataDir=C:\Users\gg\AppData\Local\Temp\scoped_dir21384_21155}, takesHeapSnapshot=true, pageLoadStrategy=normal, databaseEnabled=false, handlesAlerts=true, hasTouchScreen=false, version=60.0.3112.90, platform=XP, browserConnectionEnabled=false, nativeEvents=true, acceptSslCerts=true, locationContextEnabled=true, webStorageEnabled=true, browserName=chrome, takesScreenshot=true, javascriptEnabled=true, cssSelectorsEnabled=true, setWindowRect=true, unexpectedAlertBehaviour=}]
Session ID: cb2b89aea2a0c7bb8156beb91098a85f
	at org.openqa.selenium.remote.ErrorHandler.createThrowable(ErrorHandler.java:206)
	at org.openqa.selenium.remote.ErrorHandler.throwIfResponseFailed(ErrorHandler.java:158)
	at org.openqa.selenium.remote.RemoteWebDriver.execute(RemoteWebDriver.java:678)
	at org.openqa.selenium.remote.RemoteWebDriver.get(RemoteWebDriver.java:316)
	at uti.Uti.ChromeBrowser_setup(Uti.java:24)
	at DeleteTesting.WenzhangDeleteTest.wenzhang_delete(WenzhangDeleteTest.java:19)
	at java.util.concurrent.FutureTask.run(Unknown Source)
	at java.util.concurrent.ThreadPoolExecutor.runWorker(Unknown Source)
	at java.util.concurrent.ThreadPoolExecutor$Worker.run(Unknown Source)
	at java.lang.Thread.run(Unknown Source)
... Removed 20 stack frames</div></td></tr></table><p class="totop"><a href="#summary">back to summary</a></p><h3 id="m31">DeleteTesting.ZuoyeDeleteTest#zuoye_delete</h3><table class="result"><tr class="param"><th>Parameter #1</th><th>Parameter #2</th><th>Parameter #3</th><th>Parameter #4</th></tr><tr class="param stripe"><td>devguanliyuan</td><td>3edc$RFV</td><td>E:/Downloads/uploadFile.exe</td><td>E:/Downloads/uploadvedio.exe</td></tr><tr><th colspan="4">Exception</th></tr><tr><td colspan="4"><div class="stacktrace">org.openqa.selenium.WebDriverException: chrome not reachable
  (Session info: chrome=60.0.3112.90)
  (Driver info: chromedriver=2.33.506120 (e3e53437346286c0bc2d2dc9aa4915ba81d9023f),platform=Windows NT 6.1.7601 SP1 x86_64) (WARNING: The server did not provide any stacktrace information)
Command duration or timeout: 4.17 seconds
Build info: version: &apos;2.53.1&apos;, revision: &apos;a36b8b1&apos;, time: &apos;2016-06-30 17:37:03&apos;
System info: host: &apos;gg-PC&apos;, ip: &apos;192.168.1.38&apos;, os.name: &apos;Windows 7&apos;, os.arch: &apos;x86&apos;, os.version: &apos;6.1&apos;, java.version: &apos;1.8.0_45&apos;
Driver info: org.openqa.selenium.chrome.ChromeDriver
Capabilities [{applicationCacheEnabled=false, rotatable=false, mobileEmulationEnabled=false, networkConnectionEnabled=false, chrome={chromedriverVersion=2.33.506120 (e3e53437346286c0bc2d2dc9aa4915ba81d9023f), userDataDir=C:\Users\gg\AppData\Local\Temp\scoped_dir21132_29673}, takesHeapSnapshot=true, pageLoadStrategy=normal, databaseEnabled=false, handlesAlerts=true, hasTouchScreen=false, version=60.0.3112.90, platform=XP, browserConnectionEnabled=false, nativeEvents=true, acceptSslCerts=true, locationContextEnabled=true, webStorageEnabled=true, browserName=chrome, takesScreenshot=true, javascriptEnabled=true, cssSelectorsEnabled=true, setWindowRect=true, unexpectedAlertBehaviour=}]
Session ID: d5ccfed653bf687fb0a2355aa19a205c
	at org.openqa.selenium.remote.ErrorHandler.createThrowable(ErrorHandler.java:206)
	at org.openqa.selenium.remote.ErrorHandler.throwIfResponseFailed(ErrorHandler.java:158)
	at org.openqa.selenium.remote.RemoteWebDriver.execute(RemoteWebDriver.java:678)
	at org.openqa.selenium.remote.RemoteWebDriver.get(RemoteWebDriver.java:316)
	at uti.Uti.ChromeBrowser_setup(Uti.java:24)
	at DeleteTesting.ZuoyeDeleteTest.zuoye_delete(ZuoyeDeleteTest.java:20)
	at java.util.concurrent.FutureTask.run(Unknown Source)
	at java.util.concurrent.ThreadPoolExecutor.runWorker(Unknown Source)
	at java.util.concurrent.ThreadPoolExecutor$Worker.run(Unknown Source)
	at java.lang.Thread.run(Unknown Source)
... Removed 20 stack frames</div></td></tr></table><p class="totop"><a href="#summary">back to summary</a></p><h3 id="m32">DeleteTesting.BeikeDeleteTest#beike_delete</h3><table class="result"><tr class="param"><th>Parameter #1</th><th>Parameter #2</th><th>Parameter #3</th><th>Parameter #4</th></tr><tr class="param stripe"><td>devzhuanjia</td><td>3edc$RFV</td><td>E:/Downloads/uploadFile.exe</td><td>E:/Downloads/uploadvedio.exe</td></tr></table><p class="totop"><a href="#summary">back to summary</a></p><h3 id="m33">DeleteTesting.DiaochawenjuanDeleteTest#diaochawenjuan_delete</h3><table class="result"><tr class="param"><th>Parameter #1</th><th>Parameter #2</th><th>Parameter #3</th><th>Parameter #4</th></tr><tr class="param stripe"><td>devguanliyuan</td><td>3edc$RFV</td><td>E:/Downloads/uploadFile.exe</td><td>E:/Downloads/uploadvedio.exe</td></tr></table><p class="totop"><a href="#summary">back to summary</a></p></body></html>