<?xml version="1.0" encoding="UTF-8"?>
<testng-results skipped="0" failed="14" total="34" passed="20">
  <reporter-output>
  </reporter-output>
  <suite name="NormaTestPlan" duration-ms="1223515" started-at="2018-01-26T07:40:46Z" finished-at="2018-01-26T08:01:10Z">
    <groups>
      <group name="Mo_course">
        <method signature="Check_data.check_data()[pri:0, instance:Mo_course.Check_data@12ea799]" name="check_data" class="Mo_course.Check_data"/>
        <method signature="Publish_moke.publish_moke()[pri:0, instance:Mo_course.Publish_moke@171beb3]" name="publish_moke" class="Mo_course.Publish_moke"/>
        <method signature="join_moke.addtomoke()[pri:0, instance:Mo_course.join_moke@1399530]" name="addtomoke" class="Mo_course.join_moke"/>
      </group> <!-- Mo_course -->
      <group name="task">
        <method signature="Making.making()[pri:0, instance:task.Making@17a5baa]" name="making" class="task.Making"/>
        <method signature="Publish_Task.publish_Task()[pri:0, instance:task.Publish_Task@15c2241]" name="publish_Task" class="task.Publish_Task"/>
        <method signature="Submit_Task.submit_Task(java.lang.String, java.lang.String, java.lang.String, java.lang.String)[pri:0, instance:task.Submit_Task@1bf0d49]" name="submit_Task" class="task.Submit_Task"/>
      </group> <!-- task -->
      <group name="course_learning">
        <method signature="Learning.raimn(java.lang.String, java.lang.String)[pri:0, instance:course_learning.Learning@173f9fc]" name="raimn" class="course_learning.Learning"/>
      </group> <!-- course_learning -->
      <group name="Backup_Course">
        <method signature="Join_bCourse.join_bCourse()[pri:0, instance:Backup_Course.Join_bCourse@56be13]" name="join_bCourse" class="Backup_Course.Join_bCourse"/>
        <method signature="making.read()[pri:0, instance:Backup_Course.making@18d6a3]" name="read" class="Backup_Course.making"/>
        <method signature="publish_bcourse.read_beker()[pri:0, instance:Backup_Course.publish_bcourse@15834f2]" name="read_beker" class="Backup_Course.publish_bcourse"/>
      </group> <!-- Backup_Course -->
      <group name="vedio">
        <method signature="EditAndDeleteThePublishedVedio.upVedio(java.lang.String, java.lang.String, java.lang.String, java.lang.String)[pri:0, instance:Vedio.EditAndDeleteThePublishedVedio@143e411]" name="upVedio" class="Vedio.EditAndDeleteThePublishedVedio"/>
        <method signature="UploadVedio.upVedio(java.lang.String, java.lang.String, java.lang.String, java.lang.String)[pri:0, instance:Vedio.UploadVedio@2ac478]" name="upVedio" class="Vedio.UploadVedio"/>
      </group> <!-- vedio -->
      <group name="Cooperation">
        <method signature="Join_cooperation.join_cooperation(java.lang.String, java.lang.String, java.lang.String, java.lang.String)[pri:0, instance:Tongbanxiezuo.Join_cooperation@12b08d6]" name="join_cooperation" class="Tongbanxiezuo.Join_cooperation"/>
        <method signature="Publish_cooperation.publish_cooperation(java.lang.String, java.lang.String, java.lang.String, java.lang.String, java.lang.String, java.lang.String)[pri:0, instance:Tongbanxiezuo.Publish_cooperation@6a70ef]" name="publish_cooperation" class="Tongbanxiezuo.Publish_cooperation"/>
      </group> <!-- Cooperation -->
      <group name="Activity">
        <method signature="Advice_to_activity.advice_to_activity()[pri:0, instance:Activity.Advice_to_activity@19f10e1]" name="advice_to_activity" class="Activity.Advice_to_activity"/>
        <method signature="Publish_ActivitywithallStep.publish_activity(java.lang.String, java.lang.String, java.lang.String, java.lang.String)[pri:0, instance:Activity.Publish_ActivitywithallStep@1b699ef]" name="publish_activity" class="Activity.Publish_ActivitywithallStep"/>
        <method signature="To_joinActivity.to_joinActivity(java.lang.String, java.lang.String, java.lang.String, java.lang.String, java.lang.String)[pri:0, instance:Activity.To_joinActivity@78bef]" name="to_joinActivity" class="Activity.To_joinActivity"/>
        <method signature="ChengGuoZhanSi.publishHuodong(java.lang.String, java.lang.String, java.lang.String, java.lang.String)[pri:0, instance:NewActivity.ChengGuoZhanSi@11ef81a]" name="publishHuodong" class="NewActivity.ChengGuoZhanSi"/>
        <method signature="JoinActivity.studuentakePartActivity(java.lang.String, java.lang.String, java.lang.String, java.lang.String)[pri:0, instance:NewActivity.JoinActivity@402120]" name="studuentakePartActivity" class="NewActivity.JoinActivity"/>
        <method signature="MakingHuodong.checkHuodongOfStudents(java.lang.String, java.lang.String, java.lang.String, java.lang.String)[pri:0, instance:NewActivity.MakingHuodong@127514f]" name="checkHuodongOfStudents" class="NewActivity.MakingHuodong"/>
      </group> <!-- Activity -->
      <group name="Documentation_and_exchange">
        <method signature="SentDoc.sent_doc()[pri:0, instance:Documentation_and_exchange.SentDoc@1d477ed]" name="sent_doc" class="Documentation_and_exchange.SentDoc"/>
        <method signature="Sent_Exchange.sent_exchange()[pri:0, instance:Documentation_and_exchange.Sent_Exchange@190fc5b]" name="sent_exchange" class="Documentation_and_exchange.Sent_Exchange"/>
        <method signature="doc_comments.documentComments(java.lang.String, java.lang.String, java.lang.String, java.lang.String)[pri:0, instance:Documentation_and_exchange.doc_comments@197fbdb]" name="documentComments" class="Documentation_and_exchange.doc_comments"/>
      </group> <!-- Documentation_and_exchange -->
    </groups>
    <test name="活动流程测试" duration-ms="234062" started-at="2018-01-26T07:40:46Z" finished-at="2018-01-26T07:44:40Z">
      <class name="Activity.Publish_ActivitywithallStep">
        <test-method status="PASS" signature="publish_activity(java.lang.String, java.lang.String, java.lang.String, java.lang.String)[pri:0, instance:Activity.Publish_ActivitywithallStep@1b699ef]" name="publish_activity" duration-ms="160222" started-at="2018-01-26T15:40:47Z" data-provider="guanliyuanFilePath" finished-at="2018-01-26T15:43:27Z">
          <params>
            <param index="0">
              <value>
                <![CDATA[devguanliyuan]]>
              </value>
            </param>
            <param index="1">
              <value>
                <![CDATA[3edc$RFV]]>
              </value>
            </param>
            <param index="2">
              <value>
                <![CDATA[E:/Downloads/uploadFile.exe]]>
              </value>
            </param>
            <param index="3">
              <value>
                <![CDATA[E:/Downloads/uploadvedio.exe]]>
              </value>
            </param>
          </params>
          <reporter-output>
          </reporter-output>
        </test-method> <!-- publish_activity -->
      </class> <!-- Activity.Publish_ActivitywithallStep -->
      <class name="Activity.To_joinActivity">
        <test-method status="PASS" signature="to_joinActivity(java.lang.String, java.lang.String, java.lang.String, java.lang.String, java.lang.String)[pri:0, instance:Activity.To_joinActivity@78bef]" name="to_joinActivity" duration-ms="54516" started-at="2018-01-26T15:43:27Z" data-provider="xueyuanContainsClist" finished-at="2018-01-26T15:44:21Z">
          <params>
            <param index="0">
              <value>
                <![CDATA[devstudent2]]>
              </value>
            </param>
            <param index="1">
              <value>
                <![CDATA[123123]]>
              </value>
            </param>
            <param index="2">
              <value>
                <![CDATA[E:/Downloads/uploadFile.exe]]>
              </value>
            </param>
            <param index="3">
              <value>
                <![CDATA[E:/Downloads/uploadvedio.exe]]>
              </value>
            </param>
            <param index="4">
              <value>
                <![CDATA[T2教学与信息化技术手段]]>
              </value>
            </param>
          </params>
          <reporter-output>
          </reporter-output>
        </test-method> <!-- to_joinActivity -->
      </class> <!-- Activity.To_joinActivity -->
      <class name="Activity.Advice_to_activity">
        <test-method status="PASS" signature="advice_to_activity()[pri:0, instance:Activity.Advice_to_activity@19f10e1]" name="advice_to_activity" duration-ms="18850" started-at="2018-01-26T15:44:21Z" finished-at="2018-01-26T15:44:40Z">
          <reporter-output>
          </reporter-output>
        </test-method> <!-- advice_to_activity -->
      </class> <!-- Activity.Advice_to_activity -->
    </test> <!-- 活动流程测试 -->
    <test name="备课流程测试" duration-ms="68968" started-at="2018-01-26T07:44:40Z" finished-at="2018-01-26T07:45:49Z">
      <class name="Backup_Course.making">
        <test-method status="PASS" signature="read()[pri:0, instance:Backup_Course.making@18d6a3]" name="read" duration-ms="18898" started-at="2018-01-26T15:45:30Z" finished-at="2018-01-26T15:45:49Z">
          <reporter-output>
          </reporter-output>
        </test-method> <!-- read -->
      </class> <!-- Backup_Course.making -->
      <class name="Backup_Course.publish_bcourse">
        <test-method status="PASS" signature="read_beker()[pri:0, instance:Backup_Course.publish_bcourse@15834f2]" name="read_beker" duration-ms="24516" started-at="2018-01-26T15:44:40Z" finished-at="2018-01-26T15:45:05Z">
          <reporter-output>
          </reporter-output>
        </test-method> <!-- read_beker -->
      </class> <!-- Backup_Course.publish_bcourse -->
      <class name="Backup_Course.Join_bCourse">
        <test-method status="PASS" signature="join_bCourse()[pri:0, instance:Backup_Course.Join_bCourse@56be13]" name="join_bCourse" duration-ms="25549" started-at="2018-01-26T15:45:05Z" finished-at="2018-01-26T15:45:30Z">
          <reporter-output>
          </reporter-output>
        </test-method> <!-- join_bCourse -->
      </class> <!-- Backup_Course.Join_bCourse -->
    </test> <!-- 备课流程测试 -->
    <test name="文章交流测试" duration-ms="114825" started-at="2018-01-26T07:45:49Z" finished-at="2018-01-26T07:47:44Z">
      <class name="Documentation_and_exchange.doc_comments">
        <test-method status="PASS" signature="documentComments(java.lang.String, java.lang.String, java.lang.String, java.lang.String)[pri:0, instance:Documentation_and_exchange.doc_comments@197fbdb]" name="documentComments" duration-ms="25818" started-at="2018-01-26T15:47:18Z" data-provider="xueyuanFilePath" finished-at="2018-01-26T15:47:44Z">
          <params>
            <param index="0">
              <value>
                <![CDATA[devstudent1]]>
              </value>
            </param>
            <param index="1">
              <value>
                <![CDATA[123123]]>
              </value>
            </param>
            <param index="2">
              <value>
                <![CDATA[E:/Downloads/uploadFile.exe]]>
              </value>
            </param>
            <param index="3">
              <value>
                <![CDATA[E:/Downloads/uploadvedio.exe]]>
              </value>
            </param>
          </params>
          <reporter-output>
          </reporter-output>
        </test-method> <!-- documentComments -->
      </class> <!-- Documentation_and_exchange.doc_comments -->
      <class name="Documentation_and_exchange.SentDoc">
        <test-method status="PASS" signature="sent_doc()[pri:0, instance:Documentation_and_exchange.SentDoc@1d477ed]" name="sent_doc" duration-ms="64639" started-at="2018-01-26T15:45:49Z" finished-at="2018-01-26T15:46:54Z">
          <reporter-output>
          </reporter-output>
        </test-method> <!-- sent_doc -->
      </class> <!-- Documentation_and_exchange.SentDoc -->
      <class name="Documentation_and_exchange.Sent_Exchange">
        <test-method status="PASS" signature="sent_exchange()[pri:0, instance:Documentation_and_exchange.Sent_Exchange@190fc5b]" name="sent_exchange" duration-ms="24363" started-at="2018-01-26T15:46:54Z" finished-at="2018-01-26T15:47:18Z">
          <reporter-output>
          </reporter-output>
        </test-method> <!-- sent_exchange -->
      </class> <!-- Documentation_and_exchange.Sent_Exchange -->
    </test> <!-- 文章交流测试 -->
    <test name="磨课流程测试" duration-ms="64343" started-at="2018-01-26T07:47:44Z" finished-at="2018-01-26T07:48:49Z">
      <class name="Mo_course.Publish_moke">
        <test-method status="PASS" signature="publish_moke()[pri:0, instance:Mo_course.Publish_moke@171beb3]" name="publish_moke" duration-ms="26373" started-at="2018-01-26T15:47:44Z" finished-at="2018-01-26T15:48:11Z">
          <reporter-output>
          </reporter-output>
        </test-method> <!-- publish_moke -->
      </class> <!-- Mo_course.Publish_moke -->
      <class name="Mo_course.join_moke">
        <test-method status="PASS" signature="addtomoke()[pri:0, instance:Mo_course.join_moke@1399530]" name="addtomoke" duration-ms="19754" started-at="2018-01-26T15:48:11Z" finished-at="2018-01-26T15:48:30Z">
          <reporter-output>
          </reporter-output>
        </test-method> <!-- addtomoke -->
      </class> <!-- Mo_course.join_moke -->
      <class name="Mo_course.Check_data">
        <test-method status="PASS" signature="check_data()[pri:0, instance:Mo_course.Check_data@12ea799]" name="check_data" duration-ms="18212" started-at="2018-01-26T15:48:30Z" finished-at="2018-01-26T15:48:49Z">
          <reporter-output>
          </reporter-output>
        </test-method> <!-- check_data -->
      </class> <!-- Mo_course.Check_data -->
    </test> <!-- 磨课流程测试 -->
    <test name="作业流程测试" duration-ms="145813" started-at="2018-01-26T07:48:49Z" finished-at="2018-01-26T07:51:14Z">
      <class name="task.Making">
        <test-method status="FAIL" signature="making()[pri:0, instance:task.Making@17a5baa]" name="making" duration-ms="15882" started-at="2018-01-26T15:50:59Z" finished-at="2018-01-26T15:51:14Z">
          <exception class="org.openqa.selenium.StaleElementReferenceException">
            <message>
              <![CDATA[stale element reference: element is not attached to the page document
  (Session info: chrome=60.0.3112.90)
  (Driver info: chromedriver=2.33.506120 (e3e53437346286c0bc2d2dc9aa4915ba81d9023f),platform=Windows NT 6.1.7601 SP1 x86_64) (WARNING: The server did not provide any stacktrace information)
Command duration or timeout: 1.52 seconds
For documentation on this error, please visit: http://seleniumhq.org/exceptions/stale_element_reference.html
Build info: version: '2.53.1', revision: 'a36b8b1', time: '2016-06-30 17:37:03'
System info: host: 'gg-PC', ip: '192.168.1.38', os.name: 'Windows 7', os.arch: 'x86', os.version: '6.1', java.version: '1.8.0_45'
Driver info: org.openqa.selenium.chrome.ChromeDriver
Capabilities [{applicationCacheEnabled=false, rotatable=false, mobileEmulationEnabled=false, networkConnectionEnabled=false, chrome={chromedriverVersion=2.33.506120 (e3e53437346286c0bc2d2dc9aa4915ba81d9023f), userDataDir=C:\Users\gg\AppData\Local\Temp\scoped_dir12044_2162}, takesHeapSnapshot=true, pageLoadStrategy=normal, databaseEnabled=false, handlesAlerts=true, hasTouchScreen=false, version=60.0.3112.90, platform=XP, browserConnectionEnabled=false, nativeEvents=true, acceptSslCerts=true, locationContextEnabled=true, webStorageEnabled=true, browserName=chrome, takesScreenshot=true, javascriptEnabled=true, cssSelectorsEnabled=true, setWindowRect=true, unexpectedAlertBehaviour=}]
Session ID: 7acc27b10ed914b6b3898f3cac04ca18]]>
            </message>
            <full-stacktrace>
              <![CDATA[org.openqa.selenium.StaleElementReferenceException: stale element reference: element is not attached to the page document
  (Session info: chrome=60.0.3112.90)
  (Driver info: chromedriver=2.33.506120 (e3e53437346286c0bc2d2dc9aa4915ba81d9023f),platform=Windows NT 6.1.7601 SP1 x86_64) (WARNING: The server did not provide any stacktrace information)
Command duration or timeout: 1.52 seconds
For documentation on this error, please visit: http://seleniumhq.org/exceptions/stale_element_reference.html
Build info: version: '2.53.1', revision: 'a36b8b1', time: '2016-06-30 17:37:03'
System info: host: 'gg-PC', ip: '192.168.1.38', os.name: 'Windows 7', os.arch: 'x86', os.version: '6.1', java.version: '1.8.0_45'
Driver info: org.openqa.selenium.chrome.ChromeDriver
Capabilities [{applicationCacheEnabled=false, rotatable=false, mobileEmulationEnabled=false, networkConnectionEnabled=false, chrome={chromedriverVersion=2.33.506120 (e3e53437346286c0bc2d2dc9aa4915ba81d9023f), userDataDir=C:\Users\gg\AppData\Local\Temp\scoped_dir12044_2162}, takesHeapSnapshot=true, pageLoadStrategy=normal, databaseEnabled=false, handlesAlerts=true, hasTouchScreen=false, version=60.0.3112.90, platform=XP, browserConnectionEnabled=false, nativeEvents=true, acceptSslCerts=true, locationContextEnabled=true, webStorageEnabled=true, browserName=chrome, takesScreenshot=true, javascriptEnabled=true, cssSelectorsEnabled=true, setWindowRect=true, unexpectedAlertBehaviour=}]
Session ID: 7acc27b10ed914b6b3898f3cac04ca18
	at sun.reflect.NativeConstructorAccessorImpl.newInstance0(Native Method)
	at sun.reflect.NativeConstructorAccessorImpl.newInstance(Unknown Source)
	at sun.reflect.DelegatingConstructorAccessorImpl.newInstance(Unknown Source)
	at java.lang.reflect.Constructor.newInstance(Unknown Source)
	at org.openqa.selenium.remote.ErrorHandler.createThrowable(ErrorHandler.java:206)
	at org.openqa.selenium.remote.ErrorHandler.throwIfResponseFailed(ErrorHandler.java:158)
	at org.openqa.selenium.remote.RemoteWebDriver.execute(RemoteWebDriver.java:678)
	at org.openqa.selenium.remote.RemoteWebElement.execute(RemoteWebElement.java:327)
	at org.openqa.selenium.remote.RemoteWebElement.click(RemoteWebElement.java:85)
	at task.Making.making(Making.java:17)
	at sun.reflect.NativeMethodAccessorImpl.invoke0(Native Method)
	at sun.reflect.NativeMethodAccessorImpl.invoke(Unknown Source)
	at sun.reflect.DelegatingMethodAccessorImpl.invoke(Unknown Source)
	at java.lang.reflect.Method.invoke(Unknown Source)
	at org.testng.internal.MethodInvocationHelper.invokeMethod(MethodInvocationHelper.java:85)
	at org.testng.internal.Invoker.invokeMethod(Invoker.java:639)
	at org.testng.internal.Invoker.invokeTestMethod(Invoker.java:816)
	at org.testng.internal.Invoker.invokeTestMethods(Invoker.java:1124)
	at org.testng.internal.TestMethodWorker.invokeTestMethods(TestMethodWorker.java:125)
	at org.testng.internal.TestMethodWorker.run(TestMethodWorker.java:108)
	at org.testng.TestRunner.privateRun(TestRunner.java:774)
	at org.testng.TestRunner.run(TestRunner.java:624)
	at org.testng.SuiteRunner.runTest(SuiteRunner.java:359)
	at org.testng.SuiteRunner.access$000(SuiteRunner.java:39)
	at org.testng.SuiteRunner$SuiteWorker.run(SuiteRunner.java:393)
	at org.testng.internal.thread.ThreadUtil$2.call(ThreadUtil.java:64)
	at java.util.concurrent.FutureTask.run(Unknown Source)
	at java.util.concurrent.ThreadPoolExecutor.runWorker(Unknown Source)
	at java.util.concurrent.ThreadPoolExecutor$Worker.run(Unknown Source)
	at java.lang.Thread.run(Unknown Source)
]]>
            </full-stacktrace>
          </exception> <!-- org.openqa.selenium.StaleElementReferenceException -->
          <reporter-output>
          </reporter-output>
        </test-method> <!-- making -->
      </class> <!-- task.Making -->
      <class name="task.Publish_Task">
        <test-method status="PASS" signature="publish_Task()[pri:0, instance:task.Publish_Task@15c2241]" name="publish_Task" duration-ms="66087" started-at="2018-01-26T15:48:49Z" finished-at="2018-01-26T15:49:55Z">
          <reporter-output>
          </reporter-output>
        </test-method> <!-- publish_Task -->
      </class> <!-- task.Publish_Task -->
      <class name="task.Submit_Task">
        <test-method status="PASS" signature="submit_Task(java.lang.String, java.lang.String, java.lang.String, java.lang.String)[pri:0, instance:task.Submit_Task@1bf0d49]" name="submit_Task" duration-ms="63836" started-at="2018-01-26T15:49:55Z" data-provider="xueyuanFilePath" finished-at="2018-01-26T15:50:59Z">
          <params>
            <param index="0">
              <value>
                <![CDATA[devstudent1]]>
              </value>
            </param>
            <param index="1">
              <value>
                <![CDATA[123123]]>
              </value>
            </param>
            <param index="2">
              <value>
                <![CDATA[E:/Downloads/uploadFile.exe]]>
              </value>
            </param>
            <param index="3">
              <value>
                <![CDATA[E:/Downloads/uploadvedio.exe]]>
              </value>
            </param>
          </params>
          <reporter-output>
          </reporter-output>
        </test-method> <!-- submit_Task -->
      </class> <!-- task.Submit_Task -->
    </test> <!-- 作业流程测试 -->
    <test name="同伴协作流程测试" duration-ms="143504" started-at="2018-01-26T07:51:14Z" finished-at="2018-01-26T07:53:38Z">
      <class name="Tongbanxiezuo.Publish_cooperation">
        <test-method status="FAIL" signature="publish_cooperation(java.lang.String, java.lang.String, java.lang.String, java.lang.String, java.lang.String, java.lang.String)[pri:0, instance:Tongbanxiezuo.Publish_cooperation@6a70ef]" name="publish_cooperation" duration-ms="114325" started-at="2018-01-26T15:51:14Z" data-provider="teacherKill" finished-at="2018-01-26T15:53:09Z">
          <params>
            <param index="0">
              <value>
                <![CDATA[devteacher]]>
              </value>
            </param>
            <param index="1">
              <value>
                <![CDATA[3edc$RFV]]>
              </value>
            </param>
            <param index="2">
              <value>
                <![CDATA[E:/Downloads/uploadFile.exe]]>
              </value>
            </param>
            <param index="3">
              <value>
                <![CDATA[E:/Downloads/uploadvedio.exe]]>
              </value>
            </param>
            <param index="4">
              <value>
                <![CDATA[高中语文教学计划2]]>
              </value>
            </param>
            <param index="5">
              <value>
                <![CDATA[T2教学与信息化技术手段]]>
              </value>
            </param>
          </params>
          <exception class="org.openqa.selenium.NoSuchElementException">
            <message>
              <![CDATA[no such element: Unable to locate element: {"method":"id","selector":"jiadd1"}
  (Session info: chrome=60.0.3112.90)
  (Driver info: chromedriver=2.33.506120 (e3e53437346286c0bc2d2dc9aa4915ba81d9023f),platform=Windows NT 6.1.7601 SP1 x86_64) (WARNING: The server did not provide any stacktrace information)
Command duration or timeout: 16.31 seconds
For documentation on this error, please visit: http://seleniumhq.org/exceptions/no_such_element.html
Build info: version: '2.53.1', revision: 'a36b8b1', time: '2016-06-30 17:37:03'
System info: host: 'gg-PC', ip: '192.168.1.38', os.name: 'Windows 7', os.arch: 'x86', os.version: '6.1', java.version: '1.8.0_45'
Driver info: org.openqa.selenium.chrome.ChromeDriver
Capabilities [{applicationCacheEnabled=false, rotatable=false, mobileEmulationEnabled=false, networkConnectionEnabled=false, chrome={chromedriverVersion=2.33.506120 (e3e53437346286c0bc2d2dc9aa4915ba81d9023f), userDataDir=C:\Users\gg\AppData\Local\Temp\scoped_dir14956_19210}, takesHeapSnapshot=true, pageLoadStrategy=normal, databaseEnabled=false, handlesAlerts=true, hasTouchScreen=false, version=60.0.3112.90, platform=XP, browserConnectionEnabled=false, nativeEvents=true, acceptSslCerts=true, locationContextEnabled=true, webStorageEnabled=true, browserName=chrome, takesScreenshot=true, javascriptEnabled=true, cssSelectorsEnabled=true, setWindowRect=true, unexpectedAlertBehaviour=}]
Session ID: 3131bae1bf7f631e1916d49c0ae9af81
*** Element info: {Using=id, value=jiadd1}]]>
            </message>
            <full-stacktrace>
              <![CDATA[org.openqa.selenium.NoSuchElementException: no such element: Unable to locate element: {"method":"id","selector":"jiadd1"}
  (Session info: chrome=60.0.3112.90)
  (Driver info: chromedriver=2.33.506120 (e3e53437346286c0bc2d2dc9aa4915ba81d9023f),platform=Windows NT 6.1.7601 SP1 x86_64) (WARNING: The server did not provide any stacktrace information)
Command duration or timeout: 16.31 seconds
For documentation on this error, please visit: http://seleniumhq.org/exceptions/no_such_element.html
Build info: version: '2.53.1', revision: 'a36b8b1', time: '2016-06-30 17:37:03'
System info: host: 'gg-PC', ip: '192.168.1.38', os.name: 'Windows 7', os.arch: 'x86', os.version: '6.1', java.version: '1.8.0_45'
Driver info: org.openqa.selenium.chrome.ChromeDriver
Capabilities [{applicationCacheEnabled=false, rotatable=false, mobileEmulationEnabled=false, networkConnectionEnabled=false, chrome={chromedriverVersion=2.33.506120 (e3e53437346286c0bc2d2dc9aa4915ba81d9023f), userDataDir=C:\Users\gg\AppData\Local\Temp\scoped_dir14956_19210}, takesHeapSnapshot=true, pageLoadStrategy=normal, databaseEnabled=false, handlesAlerts=true, hasTouchScreen=false, version=60.0.3112.90, platform=XP, browserConnectionEnabled=false, nativeEvents=true, acceptSslCerts=true, locationContextEnabled=true, webStorageEnabled=true, browserName=chrome, takesScreenshot=true, javascriptEnabled=true, cssSelectorsEnabled=true, setWindowRect=true, unexpectedAlertBehaviour=}]
Session ID: 3131bae1bf7f631e1916d49c0ae9af81
*** Element info: {Using=id, value=jiadd1}
	at sun.reflect.NativeConstructorAccessorImpl.newInstance0(Native Method)
	at sun.reflect.NativeConstructorAccessorImpl.newInstance(Unknown Source)
	at sun.reflect.DelegatingConstructorAccessorImpl.newInstance(Unknown Source)
	at java.lang.reflect.Constructor.newInstance(Unknown Source)
	at org.openqa.selenium.remote.ErrorHandler.createThrowable(ErrorHandler.java:206)
	at org.openqa.selenium.remote.ErrorHandler.throwIfResponseFailed(ErrorHandler.java:158)
	at org.openqa.selenium.remote.RemoteWebDriver.execute(RemoteWebDriver.java:678)
	at org.openqa.selenium.remote.RemoteWebDriver.findElement(RemoteWebDriver.java:363)
	at org.openqa.selenium.remote.RemoteWebDriver.findElementById(RemoteWebDriver.java:413)
	at org.openqa.selenium.By$ById.findElement(By.java:218)
	at org.openqa.selenium.remote.RemoteWebDriver.findElement(RemoteWebDriver.java:355)
	at Tongbanxiezuo.Publish_cooperation.publish_cooperation(Publish_cooperation.java:131)
	at sun.reflect.NativeMethodAccessorImpl.invoke0(Native Method)
	at sun.reflect.NativeMethodAccessorImpl.invoke(Unknown Source)
	at sun.reflect.DelegatingMethodAccessorImpl.invoke(Unknown Source)
	at java.lang.reflect.Method.invoke(Unknown Source)
	at org.testng.internal.MethodInvocationHelper.invokeMethod(MethodInvocationHelper.java:85)
	at org.testng.internal.Invoker.invokeMethod(Invoker.java:639)
	at org.testng.internal.Invoker.invokeTestMethod(Invoker.java:816)
	at org.testng.internal.Invoker.invokeTestMethods(Invoker.java:1124)
	at org.testng.internal.TestMethodWorker.invokeTestMethods(TestMethodWorker.java:125)
	at org.testng.internal.TestMethodWorker.run(TestMethodWorker.java:108)
	at org.testng.TestRunner.privateRun(TestRunner.java:774)
	at org.testng.TestRunner.run(TestRunner.java:624)
	at org.testng.SuiteRunner.runTest(SuiteRunner.java:359)
	at org.testng.SuiteRunner.access$000(SuiteRunner.java:39)
	at org.testng.SuiteRunner$SuiteWorker.run(SuiteRunner.java:393)
	at org.testng.internal.thread.ThreadUtil$2.call(ThreadUtil.java:64)
	at java.util.concurrent.FutureTask.run(Unknown Source)
	at java.util.concurrent.ThreadPoolExecutor.runWorker(Unknown Source)
	at java.util.concurrent.ThreadPoolExecutor$Worker.run(Unknown Source)
	at java.lang.Thread.run(Unknown Source)
]]>
            </full-stacktrace>
          </exception> <!-- org.openqa.selenium.NoSuchElementException -->
          <reporter-output>
          </reporter-output>
        </test-method> <!-- publish_cooperation -->
      </class> <!-- Tongbanxiezuo.Publish_cooperation -->
      <class name="Tongbanxiezuo.Join_cooperation">
        <test-method status="FAIL" signature="join_cooperation(java.lang.String, java.lang.String, java.lang.String, java.lang.String)[pri:0, instance:Tongbanxiezuo.Join_cooperation@12b08d6]" name="join_cooperation" duration-ms="29171" started-at="2018-01-26T15:53:09Z" data-provider="xueyuanFilePath" finished-at="2018-01-26T15:53:38Z">
          <params>
            <param index="0">
              <value>
                <![CDATA[devstudent1]]>
              </value>
            </param>
            <param index="1">
              <value>
                <![CDATA[123123]]>
              </value>
            </param>
            <param index="2">
              <value>
                <![CDATA[E:/Downloads/uploadFile.exe]]>
              </value>
            </param>
            <param index="3">
              <value>
                <![CDATA[E:/Downloads/uploadvedio.exe]]>
              </value>
            </param>
          </params>
          <exception class="org.openqa.selenium.NoSuchElementException">
            <message>
              <![CDATA[no such element: Unable to locate element: {"method":"partial link text","selector":"同伴协作494"}
  (Session info: chrome=60.0.3112.90)
  (Driver info: chromedriver=2.33.506120 (e3e53437346286c0bc2d2dc9aa4915ba81d9023f),platform=Windows NT 6.1.7601 SP1 x86_64) (WARNING: The server did not provide any stacktrace information)
Command duration or timeout: 15.10 seconds
For documentation on this error, please visit: http://seleniumhq.org/exceptions/no_such_element.html
Build info: version: '2.53.1', revision: 'a36b8b1', time: '2016-06-30 17:37:03'
System info: host: 'gg-PC', ip: '192.168.1.38', os.name: 'Windows 7', os.arch: 'x86', os.version: '6.1', java.version: '1.8.0_45'
Driver info: org.openqa.selenium.chrome.ChromeDriver
Capabilities [{applicationCacheEnabled=false, rotatable=false, mobileEmulationEnabled=false, networkConnectionEnabled=false, chrome={chromedriverVersion=2.33.506120 (e3e53437346286c0bc2d2dc9aa4915ba81d9023f), userDataDir=C:\Users\gg\AppData\Local\Temp\scoped_dir14872_1495}, takesHeapSnapshot=true, pageLoadStrategy=normal, databaseEnabled=false, handlesAlerts=true, hasTouchScreen=false, version=60.0.3112.90, platform=XP, browserConnectionEnabled=false, nativeEvents=true, acceptSslCerts=true, locationContextEnabled=true, webStorageEnabled=true, browserName=chrome, takesScreenshot=true, javascriptEnabled=true, cssSelectorsEnabled=true, setWindowRect=true, unexpectedAlertBehaviour=}]
Session ID: 50c066086aba7e5426432646d73d0a45
*** Element info: {Using=partial link text, value=同伴协作494}]]>
            </message>
            <full-stacktrace>
              <![CDATA[org.openqa.selenium.NoSuchElementException: no such element: Unable to locate element: {"method":"partial link text","selector":"同伴协作494"}
  (Session info: chrome=60.0.3112.90)
  (Driver info: chromedriver=2.33.506120 (e3e53437346286c0bc2d2dc9aa4915ba81d9023f),platform=Windows NT 6.1.7601 SP1 x86_64) (WARNING: The server did not provide any stacktrace information)
Command duration or timeout: 15.10 seconds
For documentation on this error, please visit: http://seleniumhq.org/exceptions/no_such_element.html
Build info: version: '2.53.1', revision: 'a36b8b1', time: '2016-06-30 17:37:03'
System info: host: 'gg-PC', ip: '192.168.1.38', os.name: 'Windows 7', os.arch: 'x86', os.version: '6.1', java.version: '1.8.0_45'
Driver info: org.openqa.selenium.chrome.ChromeDriver
Capabilities [{applicationCacheEnabled=false, rotatable=false, mobileEmulationEnabled=false, networkConnectionEnabled=false, chrome={chromedriverVersion=2.33.506120 (e3e53437346286c0bc2d2dc9aa4915ba81d9023f), userDataDir=C:\Users\gg\AppData\Local\Temp\scoped_dir14872_1495}, takesHeapSnapshot=true, pageLoadStrategy=normal, databaseEnabled=false, handlesAlerts=true, hasTouchScreen=false, version=60.0.3112.90, platform=XP, browserConnectionEnabled=false, nativeEvents=true, acceptSslCerts=true, locationContextEnabled=true, webStorageEnabled=true, browserName=chrome, takesScreenshot=true, javascriptEnabled=true, cssSelectorsEnabled=true, setWindowRect=true, unexpectedAlertBehaviour=}]
Session ID: 50c066086aba7e5426432646d73d0a45
*** Element info: {Using=partial link text, value=同伴协作494}
	at sun.reflect.NativeConstructorAccessorImpl.newInstance0(Native Method)
	at sun.reflect.NativeConstructorAccessorImpl.newInstance(Unknown Source)
	at sun.reflect.DelegatingConstructorAccessorImpl.newInstance(Unknown Source)
	at java.lang.reflect.Constructor.newInstance(Unknown Source)
	at org.openqa.selenium.remote.ErrorHandler.createThrowable(ErrorHandler.java:206)
	at org.openqa.selenium.remote.ErrorHandler.throwIfResponseFailed(ErrorHandler.java:158)
	at org.openqa.selenium.remote.RemoteWebDriver.execute(RemoteWebDriver.java:678)
	at org.openqa.selenium.remote.RemoteWebDriver.findElement(RemoteWebDriver.java:363)
	at org.openqa.selenium.remote.RemoteWebDriver.findElementByPartialLinkText(RemoteWebDriver.java:436)
	at org.openqa.selenium.By$ByPartialLinkText.findElement(By.java:273)
	at org.openqa.selenium.remote.RemoteWebDriver.findElement(RemoteWebDriver.java:355)
	at Tongbanxiezuo.Join_cooperation.join_cooperation(Join_cooperation.java:28)
	at sun.reflect.NativeMethodAccessorImpl.invoke0(Native Method)
	at sun.reflect.NativeMethodAccessorImpl.invoke(Unknown Source)
	at sun.reflect.DelegatingMethodAccessorImpl.invoke(Unknown Source)
	at java.lang.reflect.Method.invoke(Unknown Source)
	at org.testng.internal.MethodInvocationHelper.invokeMethod(MethodInvocationHelper.java:85)
	at org.testng.internal.Invoker.invokeMethod(Invoker.java:639)
	at org.testng.internal.Invoker.invokeTestMethod(Invoker.java:816)
	at org.testng.internal.Invoker.invokeTestMethods(Invoker.java:1124)
	at org.testng.internal.TestMethodWorker.invokeTestMethods(TestMethodWorker.java:125)
	at org.testng.internal.TestMethodWorker.run(TestMethodWorker.java:108)
	at org.testng.TestRunner.privateRun(TestRunner.java:774)
	at org.testng.TestRunner.run(TestRunner.java:624)
	at org.testng.SuiteRunner.runTest(SuiteRunner.java:359)
	at org.testng.SuiteRunner.access$000(SuiteRunner.java:39)
	at org.testng.SuiteRunner$SuiteWorker.run(SuiteRunner.java:393)
	at org.testng.internal.thread.ThreadUtil$2.call(ThreadUtil.java:64)
	at java.util.concurrent.FutureTask.run(Unknown Source)
	at java.util.concurrent.ThreadPoolExecutor.runWorker(Unknown Source)
	at java.util.concurrent.ThreadPoolExecutor$Worker.run(Unknown Source)
	at java.lang.Thread.run(Unknown Source)
]]>
            </full-stacktrace>
          </exception> <!-- org.openqa.selenium.NoSuchElementException -->
          <reporter-output>
          </reporter-output>
        </test-method> <!-- join_cooperation -->
      </class> <!-- Tongbanxiezuo.Join_cooperation -->
    </test> <!-- 同伴协作流程测试 -->
    <test name="新活动测试" duration-ms="104416" started-at="2018-01-26T07:53:38Z" finished-at="2018-01-26T07:55:22Z">
      <class name="NewActivity.MakingHuodong">
        <test-method status="FAIL" signature="checkHuodongOfStudents(java.lang.String, java.lang.String, java.lang.String, java.lang.String)[pri:0, instance:NewActivity.MakingHuodong@127514f]" name="checkHuodongOfStudents" duration-ms="33814" started-at="2018-01-26T15:54:49Z" data-provider="zhuanjiaFilePath" finished-at="2018-01-26T15:55:22Z">
          <params>
            <param index="0">
              <value>
                <![CDATA[devzhuanjia]]>
              </value>
            </param>
            <param index="1">
              <value>
                <![CDATA[3edc$RFV]]>
              </value>
            </param>
            <param index="2">
              <value>
                <![CDATA[E:/Downloads/uploadFile.exe]]>
              </value>
            </param>
            <param index="3">
              <value>
                <![CDATA[E:/Downloads/uploadvedio.exe]]>
              </value>
            </param>
          </params>
          <exception class="org.openqa.selenium.NoSuchElementException">
            <message>
              <![CDATA[no such element: Unable to locate element: {"method":"link text","selector":"查看并批阅"}
  (Session info: chrome=60.0.3112.90)
  (Driver info: chromedriver=2.33.506120 (e3e53437346286c0bc2d2dc9aa4915ba81d9023f),platform=Windows NT 6.1.7601 SP1 x86_64) (WARNING: The server did not provide any stacktrace information)
Command duration or timeout: 15.02 seconds
For documentation on this error, please visit: http://seleniumhq.org/exceptions/no_such_element.html
Build info: version: '2.53.1', revision: 'a36b8b1', time: '2016-06-30 17:37:03'
System info: host: 'gg-PC', ip: '192.168.1.38', os.name: 'Windows 7', os.arch: 'x86', os.version: '6.1', java.version: '1.8.0_45'
Driver info: org.openqa.selenium.chrome.ChromeDriver
Capabilities [{applicationCacheEnabled=false, rotatable=false, mobileEmulationEnabled=false, networkConnectionEnabled=false, chrome={chromedriverVersion=2.33.506120 (e3e53437346286c0bc2d2dc9aa4915ba81d9023f), userDataDir=C:\Users\gg\AppData\Local\Temp\scoped_dir16500_24174}, takesHeapSnapshot=true, pageLoadStrategy=normal, databaseEnabled=false, handlesAlerts=true, hasTouchScreen=false, version=60.0.3112.90, platform=XP, browserConnectionEnabled=false, nativeEvents=true, acceptSslCerts=true, locationContextEnabled=true, webStorageEnabled=true, browserName=chrome, takesScreenshot=true, javascriptEnabled=true, cssSelectorsEnabled=true, setWindowRect=true, unexpectedAlertBehaviour=}]
Session ID: 22356718827cafde01fe8f512aabd494
*** Element info: {Using=link text, value=查看并批阅}]]>
            </message>
            <full-stacktrace>
              <![CDATA[org.openqa.selenium.NoSuchElementException: no such element: Unable to locate element: {"method":"link text","selector":"查看并批阅"}
  (Session info: chrome=60.0.3112.90)
  (Driver info: chromedriver=2.33.506120 (e3e53437346286c0bc2d2dc9aa4915ba81d9023f),platform=Windows NT 6.1.7601 SP1 x86_64) (WARNING: The server did not provide any stacktrace information)
Command duration or timeout: 15.02 seconds
For documentation on this error, please visit: http://seleniumhq.org/exceptions/no_such_element.html
Build info: version: '2.53.1', revision: 'a36b8b1', time: '2016-06-30 17:37:03'
System info: host: 'gg-PC', ip: '192.168.1.38', os.name: 'Windows 7', os.arch: 'x86', os.version: '6.1', java.version: '1.8.0_45'
Driver info: org.openqa.selenium.chrome.ChromeDriver
Capabilities [{applicationCacheEnabled=false, rotatable=false, mobileEmulationEnabled=false, networkConnectionEnabled=false, chrome={chromedriverVersion=2.33.506120 (e3e53437346286c0bc2d2dc9aa4915ba81d9023f), userDataDir=C:\Users\gg\AppData\Local\Temp\scoped_dir16500_24174}, takesHeapSnapshot=true, pageLoadStrategy=normal, databaseEnabled=false, handlesAlerts=true, hasTouchScreen=false, version=60.0.3112.90, platform=XP, browserConnectionEnabled=false, nativeEvents=true, acceptSslCerts=true, locationContextEnabled=true, webStorageEnabled=true, browserName=chrome, takesScreenshot=true, javascriptEnabled=true, cssSelectorsEnabled=true, setWindowRect=true, unexpectedAlertBehaviour=}]
Session ID: 22356718827cafde01fe8f512aabd494
*** Element info: {Using=link text, value=查看并批阅}
	at sun.reflect.NativeConstructorAccessorImpl.newInstance0(Native Method)
	at sun.reflect.NativeConstructorAccessorImpl.newInstance(Unknown Source)
	at sun.reflect.DelegatingConstructorAccessorImpl.newInstance(Unknown Source)
	at java.lang.reflect.Constructor.newInstance(Unknown Source)
	at org.openqa.selenium.remote.ErrorHandler.createThrowable(ErrorHandler.java:206)
	at org.openqa.selenium.remote.ErrorHandler.throwIfResponseFailed(ErrorHandler.java:158)
	at org.openqa.selenium.remote.RemoteWebDriver.execute(RemoteWebDriver.java:678)
	at org.openqa.selenium.remote.RemoteWebDriver.findElement(RemoteWebDriver.java:363)
	at org.openqa.selenium.remote.RemoteWebDriver.findElementByLinkText(RemoteWebDriver.java:428)
	at org.openqa.selenium.By$ByLinkText.findElement(By.java:246)
	at org.openqa.selenium.remote.RemoteWebDriver.findElement(RemoteWebDriver.java:355)
	at NewActivity.MakingHuodong.checkHuodongOfStudents(MakingHuodong.java:28)
	at sun.reflect.NativeMethodAccessorImpl.invoke0(Native Method)
	at sun.reflect.NativeMethodAccessorImpl.invoke(Unknown Source)
	at sun.reflect.DelegatingMethodAccessorImpl.invoke(Unknown Source)
	at java.lang.reflect.Method.invoke(Unknown Source)
	at org.testng.internal.MethodInvocationHelper.invokeMethod(MethodInvocationHelper.java:85)
	at org.testng.internal.Invoker.invokeMethod(Invoker.java:639)
	at org.testng.internal.Invoker.invokeTestMethod(Invoker.java:816)
	at org.testng.internal.Invoker.invokeTestMethods(Invoker.java:1124)
	at org.testng.internal.TestMethodWorker.invokeTestMethods(TestMethodWorker.java:125)
	at org.testng.internal.TestMethodWorker.run(TestMethodWorker.java:108)
	at org.testng.TestRunner.privateRun(TestRunner.java:774)
	at org.testng.TestRunner.run(TestRunner.java:624)
	at org.testng.SuiteRunner.runTest(SuiteRunner.java:359)
	at org.testng.SuiteRunner.access$000(SuiteRunner.java:39)
	at org.testng.SuiteRunner$SuiteWorker.run(SuiteRunner.java:393)
	at org.testng.internal.thread.ThreadUtil$2.call(ThreadUtil.java:64)
	at java.util.concurrent.FutureTask.run(Unknown Source)
	at java.util.concurrent.ThreadPoolExecutor.runWorker(Unknown Source)
	at java.util.concurrent.ThreadPoolExecutor$Worker.run(Unknown Source)
	at java.lang.Thread.run(Unknown Source)
]]>
            </full-stacktrace>
          </exception> <!-- org.openqa.selenium.NoSuchElementException -->
          <reporter-output>
          </reporter-output>
        </test-method> <!-- checkHuodongOfStudents -->
      </class> <!-- NewActivity.MakingHuodong -->
      <class name="NewActivity.ChengGuoZhanSi">
        <test-method status="PASS" signature="publishHuodong(java.lang.String, java.lang.String, java.lang.String, java.lang.String)[pri:0, instance:NewActivity.ChengGuoZhanSi@11ef81a]" name="publishHuodong" duration-ms="54585" started-at="2018-01-26T15:53:38Z" data-provider="zhuanjiaFilePath" finished-at="2018-01-26T15:54:33Z">
          <params>
            <param index="0">
              <value>
                <![CDATA[devzhuanjia]]>
              </value>
            </param>
            <param index="1">
              <value>
                <![CDATA[3edc$RFV]]>
              </value>
            </param>
            <param index="2">
              <value>
                <![CDATA[E:/Downloads/uploadFile.exe]]>
              </value>
            </param>
            <param index="3">
              <value>
                <![CDATA[E:/Downloads/uploadvedio.exe]]>
              </value>
            </param>
          </params>
          <reporter-output>
          </reporter-output>
        </test-method> <!-- publishHuodong -->
      </class> <!-- NewActivity.ChengGuoZhanSi -->
      <class name="NewActivity.JoinActivity">
        <test-method status="FAIL" signature="studuentakePartActivity(java.lang.String, java.lang.String, java.lang.String, java.lang.String)[pri:0, instance:NewActivity.JoinActivity@402120]" name="studuentakePartActivity" duration-ms="16006" started-at="2018-01-26T15:54:33Z" data-provider="xueyuanFilePath" finished-at="2018-01-26T15:54:49Z">
          <params>
            <param index="0">
              <value>
                <![CDATA[devstudent1]]>
              </value>
            </param>
            <param index="1">
              <value>
                <![CDATA[123123]]>
              </value>
            </param>
            <param index="2">
              <value>
                <![CDATA[E:/Downloads/uploadFile.exe]]>
              </value>
            </param>
            <param index="3">
              <value>
                <![CDATA[E:/Downloads/uploadvedio.exe]]>
              </value>
            </param>
          </params>
          <exception class="org.openqa.selenium.ElementNotVisibleException">
            <message>
              <![CDATA[element not visible
  (Session info: chrome=60.0.3112.90)
  (Driver info: chromedriver=2.33.506120 (e3e53437346286c0bc2d2dc9aa4915ba81d9023f),platform=Windows NT 6.1.7601 SP1 x86_64) (WARNING: The server did not provide any stacktrace information)
Command duration or timeout: 93 milliseconds
Build info: version: '2.53.1', revision: 'a36b8b1', time: '2016-06-30 17:37:03'
System info: host: 'gg-PC', ip: '192.168.1.38', os.name: 'Windows 7', os.arch: 'x86', os.version: '6.1', java.version: '1.8.0_45'
Driver info: org.openqa.selenium.chrome.ChromeDriver
Capabilities [{applicationCacheEnabled=false, rotatable=false, mobileEmulationEnabled=false, networkConnectionEnabled=false, chrome={chromedriverVersion=2.33.506120 (e3e53437346286c0bc2d2dc9aa4915ba81d9023f), userDataDir=C:\Users\gg\AppData\Local\Temp\scoped_dir16372_22225}, takesHeapSnapshot=true, pageLoadStrategy=normal, databaseEnabled=false, handlesAlerts=true, hasTouchScreen=false, version=60.0.3112.90, platform=XP, browserConnectionEnabled=false, nativeEvents=true, acceptSslCerts=true, locationContextEnabled=true, webStorageEnabled=true, browserName=chrome, takesScreenshot=true, javascriptEnabled=true, cssSelectorsEnabled=true, setWindowRect=true, unexpectedAlertBehaviour=}]
Session ID: a6ff6918ae30a87265cf2b32d891cc42]]>
            </message>
            <full-stacktrace>
              <![CDATA[org.openqa.selenium.ElementNotVisibleException: element not visible
  (Session info: chrome=60.0.3112.90)
  (Driver info: chromedriver=2.33.506120 (e3e53437346286c0bc2d2dc9aa4915ba81d9023f),platform=Windows NT 6.1.7601 SP1 x86_64) (WARNING: The server did not provide any stacktrace information)
Command duration or timeout: 93 milliseconds
Build info: version: '2.53.1', revision: 'a36b8b1', time: '2016-06-30 17:37:03'
System info: host: 'gg-PC', ip: '192.168.1.38', os.name: 'Windows 7', os.arch: 'x86', os.version: '6.1', java.version: '1.8.0_45'
Driver info: org.openqa.selenium.chrome.ChromeDriver
Capabilities [{applicationCacheEnabled=false, rotatable=false, mobileEmulationEnabled=false, networkConnectionEnabled=false, chrome={chromedriverVersion=2.33.506120 (e3e53437346286c0bc2d2dc9aa4915ba81d9023f), userDataDir=C:\Users\gg\AppData\Local\Temp\scoped_dir16372_22225}, takesHeapSnapshot=true, pageLoadStrategy=normal, databaseEnabled=false, handlesAlerts=true, hasTouchScreen=false, version=60.0.3112.90, platform=XP, browserConnectionEnabled=false, nativeEvents=true, acceptSslCerts=true, locationContextEnabled=true, webStorageEnabled=true, browserName=chrome, takesScreenshot=true, javascriptEnabled=true, cssSelectorsEnabled=true, setWindowRect=true, unexpectedAlertBehaviour=}]
Session ID: a6ff6918ae30a87265cf2b32d891cc42
	at sun.reflect.NativeConstructorAccessorImpl.newInstance0(Native Method)
	at sun.reflect.NativeConstructorAccessorImpl.newInstance(Unknown Source)
	at sun.reflect.DelegatingConstructorAccessorImpl.newInstance(Unknown Source)
	at java.lang.reflect.Constructor.newInstance(Unknown Source)
	at org.openqa.selenium.remote.ErrorHandler.createThrowable(ErrorHandler.java:206)
	at org.openqa.selenium.remote.ErrorHandler.throwIfResponseFailed(ErrorHandler.java:158)
	at org.openqa.selenium.remote.RemoteWebDriver.execute(RemoteWebDriver.java:678)
	at org.openqa.selenium.remote.RemoteWebElement.execute(RemoteWebElement.java:327)
	at org.openqa.selenium.remote.RemoteWebElement.click(RemoteWebElement.java:85)
	at NewActivity.JoinActivity.studuentakePartActivity(JoinActivity.java:44)
	at sun.reflect.NativeMethodAccessorImpl.invoke0(Native Method)
	at sun.reflect.NativeMethodAccessorImpl.invoke(Unknown Source)
	at sun.reflect.DelegatingMethodAccessorImpl.invoke(Unknown Source)
	at java.lang.reflect.Method.invoke(Unknown Source)
	at org.testng.internal.MethodInvocationHelper.invokeMethod(MethodInvocationHelper.java:85)
	at org.testng.internal.Invoker.invokeMethod(Invoker.java:639)
	at org.testng.internal.Invoker.invokeTestMethod(Invoker.java:816)
	at org.testng.internal.Invoker.invokeTestMethods(Invoker.java:1124)
	at org.testng.internal.TestMethodWorker.invokeTestMethods(TestMethodWorker.java:125)
	at org.testng.internal.TestMethodWorker.run(TestMethodWorker.java:108)
	at org.testng.TestRunner.privateRun(TestRunner.java:774)
	at org.testng.TestRunner.run(TestRunner.java:624)
	at org.testng.SuiteRunner.runTest(SuiteRunner.java:359)
	at org.testng.SuiteRunner.access$000(SuiteRunner.java:39)
	at org.testng.SuiteRunner$SuiteWorker.run(SuiteRunner.java:393)
	at org.testng.internal.thread.ThreadUtil$2.call(ThreadUtil.java:64)
	at java.util.concurrent.FutureTask.run(Unknown Source)
	at java.util.concurrent.ThreadPoolExecutor.runWorker(Unknown Source)
	at java.util.concurrent.ThreadPoolExecutor$Worker.run(Unknown Source)
	at java.lang.Thread.run(Unknown Source)
]]>
            </full-stacktrace>
          </exception> <!-- org.openqa.selenium.ElementNotVisibleException -->
          <reporter-output>
          </reporter-output>
        </test-method> <!-- studuentakePartActivity -->
      </class> <!-- NewActivity.JoinActivity -->
    </test> <!-- 新活动测试 -->
    <test name="课程学习测试" duration-ms="43060" started-at="2018-01-26T07:55:22Z" finished-at="2018-01-26T07:56:05Z">
      <class name="course_learning.Learning">
        <test-method status="PASS" signature="raimn(java.lang.String, java.lang.String)[pri:0, instance:course_learning.Learning@173f9fc]" name="raimn" duration-ms="43056" started-at="2018-01-26T15:55:22Z" data-provider="xueyuan" finished-at="2018-01-26T15:56:05Z">
          <params>
            <param index="0">
              <value>
                <![CDATA[devstudent1]]>
              </value>
            </param>
            <param index="1">
              <value>
                <![CDATA[123123]]>
              </value>
            </param>
          </params>
          <reporter-output>
          </reporter-output>
        </test-method> <!-- raimn -->
      </class> <!-- course_learning.Learning -->
    </test> <!-- 课程学习测试 -->
    <test name="资源测试" duration-ms="54707" started-at="2018-01-26T07:56:05Z" finished-at="2018-01-26T07:57:00Z">
      <class name="Resources.EditAndDeleteSource">
        <test-method status="FAIL" signature="uploadSource(java.lang.String, java.lang.String)[pri:0, instance:Resources.EditAndDeleteSource@189da5e]" name="uploadSource" duration-ms="27195" started-at="2018-01-26T15:56:33Z" data-provider="zhuanjia" finished-at="2018-01-26T15:57:00Z">
          <params>
            <param index="0">
              <value>
                <![CDATA[devzhuanjia]]>
              </value>
            </param>
            <param index="1">
              <value>
                <![CDATA[3edc$RFV]]>
              </value>
            </param>
          </params>
          <exception class="org.openqa.selenium.NoSuchElementException">
            <message>
              <![CDATA[no such element: Unable to locate element: {"method":"link text","selector":"编辑"}
  (Session info: chrome=60.0.3112.90)
  (Driver info: chromedriver=2.33.506120 (e3e53437346286c0bc2d2dc9aa4915ba81d9023f),platform=Windows NT 6.1.7601 SP1 x86_64) (WARNING: The server did not provide any stacktrace information)
Command duration or timeout: 15.13 seconds
For documentation on this error, please visit: http://seleniumhq.org/exceptions/no_such_element.html
Build info: version: '2.53.1', revision: 'a36b8b1', time: '2016-06-30 17:37:03'
System info: host: 'gg-PC', ip: '192.168.1.38', os.name: 'Windows 7', os.arch: 'x86', os.version: '6.1', java.version: '1.8.0_45'
Driver info: org.openqa.selenium.chrome.ChromeDriver
Capabilities [{applicationCacheEnabled=false, rotatable=false, mobileEmulationEnabled=false, networkConnectionEnabled=false, chrome={chromedriverVersion=2.33.506120 (e3e53437346286c0bc2d2dc9aa4915ba81d9023f), userDataDir=C:\Users\gg\AppData\Local\Temp\scoped_dir18072_12155}, takesHeapSnapshot=true, pageLoadStrategy=normal, databaseEnabled=false, handlesAlerts=true, hasTouchScreen=false, version=60.0.3112.90, platform=XP, browserConnectionEnabled=false, nativeEvents=true, acceptSslCerts=true, locationContextEnabled=true, webStorageEnabled=true, browserName=chrome, takesScreenshot=true, javascriptEnabled=true, cssSelectorsEnabled=true, setWindowRect=true, unexpectedAlertBehaviour=}]
Session ID: eb6213fdde78a68c2c83fb0a20338342
*** Element info: {Using=link text, value=编辑}]]>
            </message>
            <full-stacktrace>
              <![CDATA[org.openqa.selenium.NoSuchElementException: no such element: Unable to locate element: {"method":"link text","selector":"编辑"}
  (Session info: chrome=60.0.3112.90)
  (Driver info: chromedriver=2.33.506120 (e3e53437346286c0bc2d2dc9aa4915ba81d9023f),platform=Windows NT 6.1.7601 SP1 x86_64) (WARNING: The server did not provide any stacktrace information)
Command duration or timeout: 15.13 seconds
For documentation on this error, please visit: http://seleniumhq.org/exceptions/no_such_element.html
Build info: version: '2.53.1', revision: 'a36b8b1', time: '2016-06-30 17:37:03'
System info: host: 'gg-PC', ip: '192.168.1.38', os.name: 'Windows 7', os.arch: 'x86', os.version: '6.1', java.version: '1.8.0_45'
Driver info: org.openqa.selenium.chrome.ChromeDriver
Capabilities [{applicationCacheEnabled=false, rotatable=false, mobileEmulationEnabled=false, networkConnectionEnabled=false, chrome={chromedriverVersion=2.33.506120 (e3e53437346286c0bc2d2dc9aa4915ba81d9023f), userDataDir=C:\Users\gg\AppData\Local\Temp\scoped_dir18072_12155}, takesHeapSnapshot=true, pageLoadStrategy=normal, databaseEnabled=false, handlesAlerts=true, hasTouchScreen=false, version=60.0.3112.90, platform=XP, browserConnectionEnabled=false, nativeEvents=true, acceptSslCerts=true, locationContextEnabled=true, webStorageEnabled=true, browserName=chrome, takesScreenshot=true, javascriptEnabled=true, cssSelectorsEnabled=true, setWindowRect=true, unexpectedAlertBehaviour=}]
Session ID: eb6213fdde78a68c2c83fb0a20338342
*** Element info: {Using=link text, value=编辑}
	at sun.reflect.NativeConstructorAccessorImpl.newInstance0(Native Method)
	at sun.reflect.NativeConstructorAccessorImpl.newInstance(Unknown Source)
	at sun.reflect.DelegatingConstructorAccessorImpl.newInstance(Unknown Source)
	at java.lang.reflect.Constructor.newInstance(Unknown Source)
	at org.openqa.selenium.remote.ErrorHandler.createThrowable(ErrorHandler.java:206)
	at org.openqa.selenium.remote.ErrorHandler.throwIfResponseFailed(ErrorHandler.java:158)
	at org.openqa.selenium.remote.RemoteWebDriver.execute(RemoteWebDriver.java:678)
	at org.openqa.selenium.remote.RemoteWebDriver.findElement(RemoteWebDriver.java:363)
	at org.openqa.selenium.remote.RemoteWebDriver.findElementByLinkText(RemoteWebDriver.java:428)
	at Resources.EditAndDeleteSource.uploadSource(EditAndDeleteSource.java:30)
	at sun.reflect.NativeMethodAccessorImpl.invoke0(Native Method)
	at sun.reflect.NativeMethodAccessorImpl.invoke(Unknown Source)
	at sun.reflect.DelegatingMethodAccessorImpl.invoke(Unknown Source)
	at java.lang.reflect.Method.invoke(Unknown Source)
	at org.testng.internal.MethodInvocationHelper.invokeMethod(MethodInvocationHelper.java:85)
	at org.testng.internal.Invoker.invokeMethod(Invoker.java:639)
	at org.testng.internal.Invoker.invokeTestMethod(Invoker.java:816)
	at org.testng.internal.Invoker.invokeTestMethods(Invoker.java:1124)
	at org.testng.internal.TestMethodWorker.invokeTestMethods(TestMethodWorker.java:125)
	at org.testng.internal.TestMethodWorker.run(TestMethodWorker.java:108)
	at org.testng.TestRunner.privateRun(TestRunner.java:774)
	at org.testng.TestRunner.run(TestRunner.java:624)
	at org.testng.SuiteRunner.runTest(SuiteRunner.java:359)
	at org.testng.SuiteRunner.access$000(SuiteRunner.java:39)
	at org.testng.SuiteRunner$SuiteWorker.run(SuiteRunner.java:393)
	at org.testng.internal.thread.ThreadUtil$2.call(ThreadUtil.java:64)
	at java.util.concurrent.FutureTask.run(Unknown Source)
	at java.util.concurrent.ThreadPoolExecutor.runWorker(Unknown Source)
	at java.util.concurrent.ThreadPoolExecutor$Worker.run(Unknown Source)
	at java.lang.Thread.run(Unknown Source)
]]>
            </full-stacktrace>
          </exception> <!-- org.openqa.selenium.NoSuchElementException -->
          <reporter-output>
          </reporter-output>
        </test-method> <!-- uploadSource -->
      </class> <!-- Resources.EditAndDeleteSource -->
      <class name="Resources.UploadSource">
        <test-method status="FAIL" signature="uploadSource(java.lang.String, java.lang.String, java.lang.String, java.lang.String)[pri:0, instance:Resources.UploadSource@a9e4eb]" name="uploadSource" duration-ms="27505" started-at="2018-01-26T15:56:05Z" data-provider="zhuanjiaFilePath" finished-at="2018-01-26T15:56:33Z">
          <params>
            <param index="0">
              <value>
                <![CDATA[devzhuanjia]]>
              </value>
            </param>
            <param index="1">
              <value>
                <![CDATA[3edc$RFV]]>
              </value>
            </param>
            <param index="2">
              <value>
                <![CDATA[E:/Downloads/uploadFile.exe]]>
              </value>
            </param>
            <param index="3">
              <value>
                <![CDATA[E:/Downloads/uploadvedio.exe]]>
              </value>
            </param>
          </params>
          <exception class="org.openqa.selenium.UnhandledAlertException">
            <message>
              <![CDATA[unexpected alert open: {Alert text : 请先上传附件！}
  (Session info: chrome=60.0.3112.90)
  (Driver info: chromedriver=2.33.506120 (e3e53437346286c0bc2d2dc9aa4915ba81d9023f),platform=Windows NT 6.1.7601 SP1 x86_64) (WARNING: The server did not provide any stacktrace information)
Command duration or timeout: 8 milliseconds: null
Build info: version: '2.53.1', revision: 'a36b8b1', time: '2016-06-30 17:37:03'
System info: host: 'gg-PC', ip: '192.168.1.38', os.name: 'Windows 7', os.arch: 'x86', os.version: '6.1', java.version: '1.8.0_45'
Driver info: org.openqa.selenium.chrome.ChromeDriver
Capabilities [{applicationCacheEnabled=false, rotatable=false, mobileEmulationEnabled=false, networkConnectionEnabled=false, chrome={chromedriverVersion=2.33.506120 (e3e53437346286c0bc2d2dc9aa4915ba81d9023f), userDataDir=C:\Users\gg\AppData\Local\Temp\scoped_dir17032_19222}, takesHeapSnapshot=true, pageLoadStrategy=normal, databaseEnabled=false, handlesAlerts=true, hasTouchScreen=false, version=60.0.3112.90, platform=XP, browserConnectionEnabled=false, nativeEvents=true, acceptSslCerts=true, locationContextEnabled=true, webStorageEnabled=true, browserName=chrome, takesScreenshot=true, javascriptEnabled=true, cssSelectorsEnabled=true, setWindowRect=true, unexpectedAlertBehaviour=}]
Session ID: 2c16ff8ad9e76039e95a118e8489fc13
*** Element info: {Using=id, value=input_name}]]>
            </message>
            <full-stacktrace>
              <![CDATA[org.openqa.selenium.UnhandledAlertException: unexpected alert open: {Alert text : 请先上传附件！}
  (Session info: chrome=60.0.3112.90)
  (Driver info: chromedriver=2.33.506120 (e3e53437346286c0bc2d2dc9aa4915ba81d9023f),platform=Windows NT 6.1.7601 SP1 x86_64) (WARNING: The server did not provide any stacktrace information)
Command duration or timeout: 8 milliseconds: null
Build info: version: '2.53.1', revision: 'a36b8b1', time: '2016-06-30 17:37:03'
System info: host: 'gg-PC', ip: '192.168.1.38', os.name: 'Windows 7', os.arch: 'x86', os.version: '6.1', java.version: '1.8.0_45'
Driver info: org.openqa.selenium.chrome.ChromeDriver
Capabilities [{applicationCacheEnabled=false, rotatable=false, mobileEmulationEnabled=false, networkConnectionEnabled=false, chrome={chromedriverVersion=2.33.506120 (e3e53437346286c0bc2d2dc9aa4915ba81d9023f), userDataDir=C:\Users\gg\AppData\Local\Temp\scoped_dir17032_19222}, takesHeapSnapshot=true, pageLoadStrategy=normal, databaseEnabled=false, handlesAlerts=true, hasTouchScreen=false, version=60.0.3112.90, platform=XP, browserConnectionEnabled=false, nativeEvents=true, acceptSslCerts=true, locationContextEnabled=true, webStorageEnabled=true, browserName=chrome, takesScreenshot=true, javascriptEnabled=true, cssSelectorsEnabled=true, setWindowRect=true, unexpectedAlertBehaviour=}]
Session ID: 2c16ff8ad9e76039e95a118e8489fc13
*** Element info: {Using=id, value=input_name}
	at sun.reflect.NativeConstructorAccessorImpl.newInstance0(Native Method)
	at sun.reflect.NativeConstructorAccessorImpl.newInstance(Unknown Source)
	at sun.reflect.DelegatingConstructorAccessorImpl.newInstance(Unknown Source)
	at java.lang.reflect.Constructor.newInstance(Unknown Source)
	at org.openqa.selenium.remote.ErrorHandler.createThrowable(ErrorHandler.java:206)
	at org.openqa.selenium.remote.ErrorHandler.throwIfResponseFailed(ErrorHandler.java:164)
	at org.openqa.selenium.remote.RemoteWebDriver.execute(RemoteWebDriver.java:678)
	at org.openqa.selenium.remote.RemoteWebDriver.findElement(RemoteWebDriver.java:363)
	at org.openqa.selenium.remote.RemoteWebDriver.findElementById(RemoteWebDriver.java:413)
	at Resources.UploadSource.uploadSource(UploadSource.java:102)
	at sun.reflect.NativeMethodAccessorImpl.invoke0(Native Method)
	at sun.reflect.NativeMethodAccessorImpl.invoke(Unknown Source)
	at sun.reflect.DelegatingMethodAccessorImpl.invoke(Unknown Source)
	at java.lang.reflect.Method.invoke(Unknown Source)
	at org.testng.internal.MethodInvocationHelper.invokeMethod(MethodInvocationHelper.java:85)
	at org.testng.internal.Invoker.invokeMethod(Invoker.java:639)
	at org.testng.internal.Invoker.invokeTestMethod(Invoker.java:816)
	at org.testng.internal.Invoker.invokeTestMethods(Invoker.java:1124)
	at org.testng.internal.TestMethodWorker.invokeTestMethods(TestMethodWorker.java:125)
	at org.testng.internal.TestMethodWorker.run(TestMethodWorker.java:108)
	at org.testng.TestRunner.privateRun(TestRunner.java:774)
	at org.testng.TestRunner.run(TestRunner.java:624)
	at org.testng.SuiteRunner.runTest(SuiteRunner.java:359)
	at org.testng.SuiteRunner.access$000(SuiteRunner.java:39)
	at org.testng.SuiteRunner$SuiteWorker.run(SuiteRunner.java:393)
	at org.testng.internal.thread.ThreadUtil$2.call(ThreadUtil.java:64)
	at java.util.concurrent.FutureTask.run(Unknown Source)
	at java.util.concurrent.ThreadPoolExecutor.runWorker(Unknown Source)
	at java.util.concurrent.ThreadPoolExecutor$Worker.run(Unknown Source)
	at java.lang.Thread.run(Unknown Source)
]]>
            </full-stacktrace>
          </exception> <!-- org.openqa.selenium.UnhandledAlertException -->
          <reporter-output>
          </reporter-output>
        </test-method> <!-- uploadSource -->
      </class> <!-- Resources.UploadSource -->
    </test> <!-- 资源测试 -->
    <test name="视频测试" duration-ms="119201" started-at="2018-01-26T07:57:00Z" finished-at="2018-01-26T07:58:59Z">
      <class name="Vedio.UploadVedio">
        <test-method status="PASS" signature="upVedio(java.lang.String, java.lang.String, java.lang.String, java.lang.String)[pri:0, instance:Vedio.UploadVedio@2ac478]" name="upVedio" duration-ms="56236" started-at="2018-01-26T15:57:00Z" data-provider="teacherFilePath" finished-at="2018-01-26T15:57:56Z">
          <params>
            <param index="0">
              <value>
                <![CDATA[devteacher]]>
              </value>
            </param>
            <param index="1">
              <value>
                <![CDATA[3edc$RFV]]>
              </value>
            </param>
            <param index="2">
              <value>
                <![CDATA[E:/Downloads/uploadFile.exe]]>
              </value>
            </param>
            <param index="3">
              <value>
                <![CDATA[E:/Downloads/uploadvedio.exe]]>
              </value>
            </param>
          </params>
          <reporter-output>
          </reporter-output>
        </test-method> <!-- upVedio -->
      </class> <!-- Vedio.UploadVedio -->
      <class name="Vedio.EditAndDeleteThePublishedVedio">
        <test-method status="PASS" signature="upVedio(java.lang.String, java.lang.String, java.lang.String, java.lang.String)[pri:0, instance:Vedio.EditAndDeleteThePublishedVedio@143e411]" name="upVedio" duration-ms="62958" started-at="2018-01-26T15:57:56Z" data-provider="teacherFilePath" finished-at="2018-01-26T15:58:59Z">
          <params>
            <param index="0">
              <value>
                <![CDATA[devteacher]]>
              </value>
            </param>
            <param index="1">
              <value>
                <![CDATA[3edc$RFV]]>
              </value>
            </param>
            <param index="2">
              <value>
                <![CDATA[E:/Downloads/uploadFile.exe]]>
              </value>
            </param>
            <param index="3">
              <value>
                <![CDATA[E:/Downloads/uploadvedio.exe]]>
              </value>
            </param>
          </params>
          <reporter-output>
          </reporter-output>
        </test-method> <!-- upVedio -->
      </class> <!-- Vedio.EditAndDeleteThePublishedVedio -->
    </test> <!-- 视频测试 -->
    <test name="删除测试" duration-ms="130388" started-at="2018-01-26T07:58:59Z" finished-at="2018-01-26T08:01:10Z">
      <class name="DeleteTesting.HuodongDeleteTest">
        <test-method status="FAIL" signature="huodong_delete(java.lang.String, java.lang.String, java.lang.String, java.lang.String)[pri:0, instance:DeleteTesting.HuodongDeleteTest@6908d7]" name="huodong_delete" duration-ms="13663" started-at="2018-01-26T15:59:57Z" data-provider="zhuanjiaFilePath" finished-at="2018-01-26T16:00:11Z">
          <params>
            <param index="0">
              <value>
                <![CDATA[devzhuanjia]]>
              </value>
            </param>
            <param index="1">
              <value>
                <![CDATA[3edc$RFV]]>
              </value>
            </param>
            <param index="2">
              <value>
                <![CDATA[E:/Downloads/uploadFile.exe]]>
              </value>
            </param>
            <param index="3">
              <value>
                <![CDATA[E:/Downloads/uploadvedio.exe]]>
              </value>
            </param>
          </params>
          <exception class="java.lang.NullPointerException">
            <full-stacktrace>
              <![CDATA[java.lang.NullPointerException
	at DeleteTesting.HuodongDeleteTest.huodong_delete(HuodongDeleteTest.java:23)
	at sun.reflect.NativeMethodAccessorImpl.invoke0(Native Method)
	at sun.reflect.NativeMethodAccessorImpl.invoke(Unknown Source)
	at sun.reflect.DelegatingMethodAccessorImpl.invoke(Unknown Source)
	at java.lang.reflect.Method.invoke(Unknown Source)
	at org.testng.internal.MethodInvocationHelper.invokeMethod(MethodInvocationHelper.java:85)
	at org.testng.internal.Invoker.invokeMethod(Invoker.java:639)
	at org.testng.internal.Invoker.invokeTestMethod(Invoker.java:816)
	at org.testng.internal.Invoker.invokeTestMethods(Invoker.java:1124)
	at org.testng.internal.TestMethodWorker.invokeTestMethods(TestMethodWorker.java:125)
	at org.testng.internal.TestMethodWorker.run(TestMethodWorker.java:108)
	at org.testng.TestRunner.privateRun(TestRunner.java:774)
	at org.testng.TestRunner.run(TestRunner.java:624)
	at org.testng.SuiteRunner.runTest(SuiteRunner.java:359)
	at org.testng.SuiteRunner.access$000(SuiteRunner.java:39)
	at org.testng.SuiteRunner$SuiteWorker.run(SuiteRunner.java:393)
	at org.testng.internal.thread.ThreadUtil$2.call(ThreadUtil.java:64)
	at java.util.concurrent.FutureTask.run(Unknown Source)
	at java.util.concurrent.ThreadPoolExecutor.runWorker(Unknown Source)
	at java.util.concurrent.ThreadPoolExecutor$Worker.run(Unknown Source)
	at java.lang.Thread.run(Unknown Source)
]]>
            </full-stacktrace>
          </exception> <!-- java.lang.NullPointerException -->
          <reporter-output>
          </reporter-output>
        </test-method> <!-- huodong_delete -->
      </class> <!-- DeleteTesting.HuodongDeleteTest -->
      <class name="DeleteTesting.ZuoyeDeleteTest">
        <test-method status="FAIL" signature="zuoye_delete(java.lang.String, java.lang.String, java.lang.String, java.lang.String)[pri:0, instance:DeleteTesting.ZuoyeDeleteTest@8711f]" name="zuoye_delete" duration-ms="10323" started-at="2018-01-26T16:00:59Z" data-provider="guanliyuanFilePath" finished-at="2018-01-26T16:01:10Z">
          <params>
            <param index="0">
              <value>
                <![CDATA[devguanliyuan]]>
              </value>
            </param>
            <param index="1">
              <value>
                <![CDATA[3edc$RFV]]>
              </value>
            </param>
            <param index="2">
              <value>
                <![CDATA[E:/Downloads/uploadFile.exe]]>
              </value>
            </param>
            <param index="3">
              <value>
                <![CDATA[E:/Downloads/uploadvedio.exe]]>
              </value>
            </param>
          </params>
          <exception class="org.openqa.selenium.WebDriverException">
            <message>
              <![CDATA[chrome not reachable
  (Session info: chrome=60.0.3112.90)
  (Driver info: chromedriver=2.33.506120 (e3e53437346286c0bc2d2dc9aa4915ba81d9023f),platform=Windows NT 6.1.7601 SP1 x86_64) (WARNING: The server did not provide any stacktrace information)
Command duration or timeout: 4.17 seconds
Build info: version: '2.53.1', revision: 'a36b8b1', time: '2016-06-30 17:37:03'
System info: host: 'gg-PC', ip: '192.168.1.38', os.name: 'Windows 7', os.arch: 'x86', os.version: '6.1', java.version: '1.8.0_45'
Driver info: org.openqa.selenium.chrome.ChromeDriver
Capabilities [{applicationCacheEnabled=false, rotatable=false, mobileEmulationEnabled=false, networkConnectionEnabled=false, chrome={chromedriverVersion=2.33.506120 (e3e53437346286c0bc2d2dc9aa4915ba81d9023f), userDataDir=C:\Users\gg\AppData\Local\Temp\scoped_dir21132_29673}, takesHeapSnapshot=true, pageLoadStrategy=normal, databaseEnabled=false, handlesAlerts=true, hasTouchScreen=false, version=60.0.3112.90, platform=XP, browserConnectionEnabled=false, nativeEvents=true, acceptSslCerts=true, locationContextEnabled=true, webStorageEnabled=true, browserName=chrome, takesScreenshot=true, javascriptEnabled=true, cssSelectorsEnabled=true, setWindowRect=true, unexpectedAlertBehaviour=}]
Session ID: d5ccfed653bf687fb0a2355aa19a205c]]>
            </message>
            <full-stacktrace>
              <![CDATA[org.openqa.selenium.WebDriverException: chrome not reachable
  (Session info: chrome=60.0.3112.90)
  (Driver info: chromedriver=2.33.506120 (e3e53437346286c0bc2d2dc9aa4915ba81d9023f),platform=Windows NT 6.1.7601 SP1 x86_64) (WARNING: The server did not provide any stacktrace information)
Command duration or timeout: 4.17 seconds
Build info: version: '2.53.1', revision: 'a36b8b1', time: '2016-06-30 17:37:03'
System info: host: 'gg-PC', ip: '192.168.1.38', os.name: 'Windows 7', os.arch: 'x86', os.version: '6.1', java.version: '1.8.0_45'
Driver info: org.openqa.selenium.chrome.ChromeDriver
Capabilities [{applicationCacheEnabled=false, rotatable=false, mobileEmulationEnabled=false, networkConnectionEnabled=false, chrome={chromedriverVersion=2.33.506120 (e3e53437346286c0bc2d2dc9aa4915ba81d9023f), userDataDir=C:\Users\gg\AppData\Local\Temp\scoped_dir21132_29673}, takesHeapSnapshot=true, pageLoadStrategy=normal, databaseEnabled=false, handlesAlerts=true, hasTouchScreen=false, version=60.0.3112.90, platform=XP, browserConnectionEnabled=false, nativeEvents=true, acceptSslCerts=true, locationContextEnabled=true, webStorageEnabled=true, browserName=chrome, takesScreenshot=true, javascriptEnabled=true, cssSelectorsEnabled=true, setWindowRect=true, unexpectedAlertBehaviour=}]
Session ID: d5ccfed653bf687fb0a2355aa19a205c
	at sun.reflect.NativeConstructorAccessorImpl.newInstance0(Native Method)
	at sun.reflect.NativeConstructorAccessorImpl.newInstance(Unknown Source)
	at sun.reflect.DelegatingConstructorAccessorImpl.newInstance(Unknown Source)
	at java.lang.reflect.Constructor.newInstance(Unknown Source)
	at org.openqa.selenium.remote.ErrorHandler.createThrowable(ErrorHandler.java:206)
	at org.openqa.selenium.remote.ErrorHandler.throwIfResponseFailed(ErrorHandler.java:158)
	at org.openqa.selenium.remote.RemoteWebDriver.execute(RemoteWebDriver.java:678)
	at org.openqa.selenium.remote.RemoteWebDriver.get(RemoteWebDriver.java:316)
	at uti.Uti.ChromeBrowser_setup(Uti.java:24)
	at DeleteTesting.ZuoyeDeleteTest.zuoye_delete(ZuoyeDeleteTest.java:20)
	at sun.reflect.NativeMethodAccessorImpl.invoke0(Native Method)
	at sun.reflect.NativeMethodAccessorImpl.invoke(Unknown Source)
	at sun.reflect.DelegatingMethodAccessorImpl.invoke(Unknown Source)
	at java.lang.reflect.Method.invoke(Unknown Source)
	at org.testng.internal.MethodInvocationHelper.invokeMethod(MethodInvocationHelper.java:85)
	at org.testng.internal.Invoker.invokeMethod(Invoker.java:639)
	at org.testng.internal.Invoker.invokeTestMethod(Invoker.java:816)
	at org.testng.internal.Invoker.invokeTestMethods(Invoker.java:1124)
	at org.testng.internal.TestMethodWorker.invokeTestMethods(TestMethodWorker.java:125)
	at org.testng.internal.TestMethodWorker.run(TestMethodWorker.java:108)
	at org.testng.TestRunner.privateRun(TestRunner.java:774)
	at org.testng.TestRunner.run(TestRunner.java:624)
	at org.testng.SuiteRunner.runTest(SuiteRunner.java:359)
	at org.testng.SuiteRunner.access$000(SuiteRunner.java:39)
	at org.testng.SuiteRunner$SuiteWorker.run(SuiteRunner.java:393)
	at org.testng.internal.thread.ThreadUtil$2.call(ThreadUtil.java:64)
	at java.util.concurrent.FutureTask.run(Unknown Source)
	at java.util.concurrent.ThreadPoolExecutor.runWorker(Unknown Source)
	at java.util.concurrent.ThreadPoolExecutor$Worker.run(Unknown Source)
	at java.lang.Thread.run(Unknown Source)
]]>
            </full-stacktrace>
          </exception> <!-- org.openqa.selenium.WebDriverException -->
          <reporter-output>
          </reporter-output>
        </test-method> <!-- zuoye_delete -->
      </class> <!-- DeleteTesting.ZuoyeDeleteTest -->
      <class name="DeleteTesting.TongbanxiezuoDeleteTest">
        <test-method status="FAIL" signature="xiezuo_delete(java.lang.String, java.lang.String, java.lang.String, java.lang.String)[pri:0, instance:DeleteTesting.TongbanxiezuoDeleteTest@11c00d0]" name="xiezuo_delete" duration-ms="10041" started-at="2018-01-26T16:00:39Z" data-provider="guanliyuanFilePath" finished-at="2018-01-26T16:00:49Z">
          <params>
            <param index="0">
              <value>
                <![CDATA[devguanliyuan]]>
              </value>
            </param>
            <param index="1">
              <value>
                <![CDATA[3edc$RFV]]>
              </value>
            </param>
            <param index="2">
              <value>
                <![CDATA[E:/Downloads/uploadFile.exe]]>
              </value>
            </param>
            <param index="3">
              <value>
                <![CDATA[E:/Downloads/uploadvedio.exe]]>
              </value>
            </param>
          </params>
          <exception class="org.openqa.selenium.WebDriverException">
            <message>
              <![CDATA[chrome not reachable
  (Session info: chrome=60.0.3112.90)
  (Driver info: chromedriver=2.33.506120 (e3e53437346286c0bc2d2dc9aa4915ba81d9023f),platform=Windows NT 6.1.7601 SP1 x86_64) (WARNING: The server did not provide any stacktrace information)
Command duration or timeout: 4.01 seconds
Build info: version: '2.53.1', revision: 'a36b8b1', time: '2016-06-30 17:37:03'
System info: host: 'gg-PC', ip: '192.168.1.38', os.name: 'Windows 7', os.arch: 'x86', os.version: '6.1', java.version: '1.8.0_45'
Driver info: org.openqa.selenium.chrome.ChromeDriver
Capabilities [{applicationCacheEnabled=false, rotatable=false, mobileEmulationEnabled=false, networkConnectionEnabled=false, chrome={chromedriverVersion=2.33.506120 (e3e53437346286c0bc2d2dc9aa4915ba81d9023f), userDataDir=C:\Users\gg\AppData\Local\Temp\scoped_dir20784_567}, takesHeapSnapshot=true, pageLoadStrategy=normal, databaseEnabled=false, handlesAlerts=true, hasTouchScreen=false, version=60.0.3112.90, platform=XP, browserConnectionEnabled=false, nativeEvents=true, acceptSslCerts=true, locationContextEnabled=true, webStorageEnabled=true, browserName=chrome, takesScreenshot=true, javascriptEnabled=true, cssSelectorsEnabled=true, setWindowRect=true, unexpectedAlertBehaviour=}]
Session ID: 0ed6c5881e50fb100f3d815b05462b6f]]>
            </message>
            <full-stacktrace>
              <![CDATA[org.openqa.selenium.WebDriverException: chrome not reachable
  (Session info: chrome=60.0.3112.90)
  (Driver info: chromedriver=2.33.506120 (e3e53437346286c0bc2d2dc9aa4915ba81d9023f),platform=Windows NT 6.1.7601 SP1 x86_64) (WARNING: The server did not provide any stacktrace information)
Command duration or timeout: 4.01 seconds
Build info: version: '2.53.1', revision: 'a36b8b1', time: '2016-06-30 17:37:03'
System info: host: 'gg-PC', ip: '192.168.1.38', os.name: 'Windows 7', os.arch: 'x86', os.version: '6.1', java.version: '1.8.0_45'
Driver info: org.openqa.selenium.chrome.ChromeDriver
Capabilities [{applicationCacheEnabled=false, rotatable=false, mobileEmulationEnabled=false, networkConnectionEnabled=false, chrome={chromedriverVersion=2.33.506120 (e3e53437346286c0bc2d2dc9aa4915ba81d9023f), userDataDir=C:\Users\gg\AppData\Local\Temp\scoped_dir20784_567}, takesHeapSnapshot=true, pageLoadStrategy=normal, databaseEnabled=false, handlesAlerts=true, hasTouchScreen=false, version=60.0.3112.90, platform=XP, browserConnectionEnabled=false, nativeEvents=true, acceptSslCerts=true, locationContextEnabled=true, webStorageEnabled=true, browserName=chrome, takesScreenshot=true, javascriptEnabled=true, cssSelectorsEnabled=true, setWindowRect=true, unexpectedAlertBehaviour=}]
Session ID: 0ed6c5881e50fb100f3d815b05462b6f
	at sun.reflect.NativeConstructorAccessorImpl.newInstance0(Native Method)
	at sun.reflect.NativeConstructorAccessorImpl.newInstance(Unknown Source)
	at sun.reflect.DelegatingConstructorAccessorImpl.newInstance(Unknown Source)
	at java.lang.reflect.Constructor.newInstance(Unknown Source)
	at org.openqa.selenium.remote.ErrorHandler.createThrowable(ErrorHandler.java:206)
	at org.openqa.selenium.remote.ErrorHandler.throwIfResponseFailed(ErrorHandler.java:158)
	at org.openqa.selenium.remote.RemoteWebDriver.execute(RemoteWebDriver.java:678)
	at org.openqa.selenium.remote.RemoteWebDriver.get(RemoteWebDriver.java:316)
	at uti.Uti.ChromeBrowser_setup(Uti.java:24)
	at DeleteTesting.TongbanxiezuoDeleteTest.xiezuo_delete(TongbanxiezuoDeleteTest.java:18)
	at sun.reflect.NativeMethodAccessorImpl.invoke0(Native Method)
	at sun.reflect.NativeMethodAccessorImpl.invoke(Unknown Source)
	at sun.reflect.DelegatingMethodAccessorImpl.invoke(Unknown Source)
	at java.lang.reflect.Method.invoke(Unknown Source)
	at org.testng.internal.MethodInvocationHelper.invokeMethod(MethodInvocationHelper.java:85)
	at org.testng.internal.Invoker.invokeMethod(Invoker.java:639)
	at org.testng.internal.Invoker.invokeTestMethod(Invoker.java:816)
	at org.testng.internal.Invoker.invokeTestMethods(Invoker.java:1124)
	at org.testng.internal.TestMethodWorker.invokeTestMethods(TestMethodWorker.java:125)
	at org.testng.internal.TestMethodWorker.run(TestMethodWorker.java:108)
	at org.testng.TestRunner.privateRun(TestRunner.java:774)
	at org.testng.TestRunner.run(TestRunner.java:624)
	at org.testng.SuiteRunner.runTest(SuiteRunner.java:359)
	at org.testng.SuiteRunner.access$000(SuiteRunner.java:39)
	at org.testng.SuiteRunner$SuiteWorker.run(SuiteRunner.java:393)
	at org.testng.internal.thread.ThreadUtil$2.call(ThreadUtil.java:64)
	at java.util.concurrent.FutureTask.run(Unknown Source)
	at java.util.concurrent.ThreadPoolExecutor.runWorker(Unknown Source)
	at java.util.concurrent.ThreadPoolExecutor$Worker.run(Unknown Source)
	at java.lang.Thread.run(Unknown Source)
]]>
            </full-stacktrace>
          </exception> <!-- org.openqa.selenium.WebDriverException -->
          <reporter-output>
          </reporter-output>
        </test-method> <!-- xiezuo_delete -->
      </class> <!-- DeleteTesting.TongbanxiezuoDeleteTest -->
      <class name="DeleteTesting.MokeDeleteTest">
        <test-method status="FAIL" signature="moke_delete(java.lang.String, java.lang.String, java.lang.String, java.lang.String)[pri:0, instance:DeleteTesting.MokeDeleteTest@1079097]" name="moke_delete" duration-ms="10053" started-at="2018-01-26T16:00:29Z" data-provider="zhuanjiaFilePath" finished-at="2018-01-26T16:00:39Z">
          <params>
            <param index="0">
              <value>
                <![CDATA[devzhuanjia]]>
              </value>
            </param>
            <param index="1">
              <value>
                <![CDATA[3edc$RFV]]>
              </value>
            </param>
            <param index="2">
              <value>
                <![CDATA[E:/Downloads/uploadFile.exe]]>
              </value>
            </param>
            <param index="3">
              <value>
                <![CDATA[E:/Downloads/uploadvedio.exe]]>
              </value>
            </param>
          </params>
          <exception class="org.openqa.selenium.WebDriverException">
            <message>
              <![CDATA[chrome not reachable
  (Session info: chrome=60.0.3112.90)
  (Driver info: chromedriver=2.33.506120 (e3e53437346286c0bc2d2dc9aa4915ba81d9023f),platform=Windows NT 6.1.7601 SP1 x86_64) (WARNING: The server did not provide any stacktrace information)
Command duration or timeout: 4.03 seconds
Build info: version: '2.53.1', revision: 'a36b8b1', time: '2016-06-30 17:37:03'
System info: host: 'gg-PC', ip: '192.168.1.38', os.name: 'Windows 7', os.arch: 'x86', os.version: '6.1', java.version: '1.8.0_45'
Driver info: org.openqa.selenium.chrome.ChromeDriver
Capabilities [{applicationCacheEnabled=false, rotatable=false, mobileEmulationEnabled=false, networkConnectionEnabled=false, chrome={chromedriverVersion=2.33.506120 (e3e53437346286c0bc2d2dc9aa4915ba81d9023f), userDataDir=C:\Users\gg\AppData\Local\Temp\scoped_dir16356_3936}, takesHeapSnapshot=true, pageLoadStrategy=normal, databaseEnabled=false, handlesAlerts=true, hasTouchScreen=false, version=60.0.3112.90, platform=XP, browserConnectionEnabled=false, nativeEvents=true, acceptSslCerts=true, locationContextEnabled=true, webStorageEnabled=true, browserName=chrome, takesScreenshot=true, javascriptEnabled=true, cssSelectorsEnabled=true, setWindowRect=true, unexpectedAlertBehaviour=}]
Session ID: 026d44b24d9798e6fc853b98621a678f]]>
            </message>
            <full-stacktrace>
              <![CDATA[org.openqa.selenium.WebDriverException: chrome not reachable
  (Session info: chrome=60.0.3112.90)
  (Driver info: chromedriver=2.33.506120 (e3e53437346286c0bc2d2dc9aa4915ba81d9023f),platform=Windows NT 6.1.7601 SP1 x86_64) (WARNING: The server did not provide any stacktrace information)
Command duration or timeout: 4.03 seconds
Build info: version: '2.53.1', revision: 'a36b8b1', time: '2016-06-30 17:37:03'
System info: host: 'gg-PC', ip: '192.168.1.38', os.name: 'Windows 7', os.arch: 'x86', os.version: '6.1', java.version: '1.8.0_45'
Driver info: org.openqa.selenium.chrome.ChromeDriver
Capabilities [{applicationCacheEnabled=false, rotatable=false, mobileEmulationEnabled=false, networkConnectionEnabled=false, chrome={chromedriverVersion=2.33.506120 (e3e53437346286c0bc2d2dc9aa4915ba81d9023f), userDataDir=C:\Users\gg\AppData\Local\Temp\scoped_dir16356_3936}, takesHeapSnapshot=true, pageLoadStrategy=normal, databaseEnabled=false, handlesAlerts=true, hasTouchScreen=false, version=60.0.3112.90, platform=XP, browserConnectionEnabled=false, nativeEvents=true, acceptSslCerts=true, locationContextEnabled=true, webStorageEnabled=true, browserName=chrome, takesScreenshot=true, javascriptEnabled=true, cssSelectorsEnabled=true, setWindowRect=true, unexpectedAlertBehaviour=}]
Session ID: 026d44b24d9798e6fc853b98621a678f
	at sun.reflect.NativeConstructorAccessorImpl.newInstance0(Native Method)
	at sun.reflect.NativeConstructorAccessorImpl.newInstance(Unknown Source)
	at sun.reflect.DelegatingConstructorAccessorImpl.newInstance(Unknown Source)
	at java.lang.reflect.Constructor.newInstance(Unknown Source)
	at org.openqa.selenium.remote.ErrorHandler.createThrowable(ErrorHandler.java:206)
	at org.openqa.selenium.remote.ErrorHandler.throwIfResponseFailed(ErrorHandler.java:158)
	at org.openqa.selenium.remote.RemoteWebDriver.execute(RemoteWebDriver.java:678)
	at org.openqa.selenium.remote.RemoteWebDriver.get(RemoteWebDriver.java:316)
	at uti.Uti.ChromeBrowser_setup(Uti.java:24)
	at DeleteTesting.MokeDeleteTest.moke_delete(MokeDeleteTest.java:20)
	at sun.reflect.NativeMethodAccessorImpl.invoke0(Native Method)
	at sun.reflect.NativeMethodAccessorImpl.invoke(Unknown Source)
	at sun.reflect.DelegatingMethodAccessorImpl.invoke(Unknown Source)
	at java.lang.reflect.Method.invoke(Unknown Source)
	at org.testng.internal.MethodInvocationHelper.invokeMethod(MethodInvocationHelper.java:85)
	at org.testng.internal.Invoker.invokeMethod(Invoker.java:639)
	at org.testng.internal.Invoker.invokeTestMethod(Invoker.java:816)
	at org.testng.internal.Invoker.invokeTestMethods(Invoker.java:1124)
	at org.testng.internal.TestMethodWorker.invokeTestMethods(TestMethodWorker.java:125)
	at org.testng.internal.TestMethodWorker.run(TestMethodWorker.java:108)
	at org.testng.TestRunner.privateRun(TestRunner.java:774)
	at org.testng.TestRunner.run(TestRunner.java:624)
	at org.testng.SuiteRunner.runTest(SuiteRunner.java:359)
	at org.testng.SuiteRunner.access$000(SuiteRunner.java:39)
	at org.testng.SuiteRunner$SuiteWorker.run(SuiteRunner.java:393)
	at org.testng.internal.thread.ThreadUtil$2.call(ThreadUtil.java:64)
	at java.util.concurrent.FutureTask.run(Unknown Source)
	at java.util.concurrent.ThreadPoolExecutor.runWorker(Unknown Source)
	at java.util.concurrent.ThreadPoolExecutor$Worker.run(Unknown Source)
	at java.lang.Thread.run(Unknown Source)
]]>
            </full-stacktrace>
          </exception> <!-- org.openqa.selenium.WebDriverException -->
          <reporter-output>
          </reporter-output>
        </test-method> <!-- moke_delete -->
      </class> <!-- DeleteTesting.MokeDeleteTest -->
      <class name="DeleteTesting.DiaochawenjuanDeleteTest">
        <test-method status="PASS" signature="diaochawenjuan_delete(java.lang.String, java.lang.String, java.lang.String, java.lang.String)[pri:0, instance:DeleteTesting.DiaochawenjuanDeleteTest@18b6731]" name="diaochawenjuan_delete" duration-ms="30470" started-at="2018-01-26T15:59:26Z" data-provider="guanliyuanFilePath" finished-at="2018-01-26T15:59:57Z">
          <params>
            <param index="0">
              <value>
                <![CDATA[devguanliyuan]]>
              </value>
            </param>
            <param index="1">
              <value>
                <![CDATA[3edc$RFV]]>
              </value>
            </param>
            <param index="2">
              <value>
                <![CDATA[E:/Downloads/uploadFile.exe]]>
              </value>
            </param>
            <param index="3">
              <value>
                <![CDATA[E:/Downloads/uploadvedio.exe]]>
              </value>
            </param>
          </params>
          <reporter-output>
          </reporter-output>
        </test-method> <!-- diaochawenjuan_delete -->
      </class> <!-- DeleteTesting.DiaochawenjuanDeleteTest -->
      <class name="DeleteTesting.BeikeDeleteTest">
        <test-method status="PASS" signature="beike_delete(java.lang.String, java.lang.String, java.lang.String, java.lang.String)[pri:0, instance:DeleteTesting.BeikeDeleteTest@57f613]" name="beike_delete" duration-ms="27026" started-at="2018-01-26T15:58:59Z" data-provider="zhuanjiaFilePath" finished-at="2018-01-26T15:59:26Z">
          <params>
            <param index="0">
              <value>
                <![CDATA[devzhuanjia]]>
              </value>
            </param>
            <param index="1">
              <value>
                <![CDATA[3edc$RFV]]>
              </value>
            </param>
            <param index="2">
              <value>
                <![CDATA[E:/Downloads/uploadFile.exe]]>
              </value>
            </param>
            <param index="3">
              <value>
                <![CDATA[E:/Downloads/uploadvedio.exe]]>
              </value>
            </param>
          </params>
          <reporter-output>
          </reporter-output>
        </test-method> <!-- beike_delete -->
      </class> <!-- DeleteTesting.BeikeDeleteTest -->
      <class name="DeleteTesting.WenzhangDeleteTest">
        <test-method status="FAIL" signature="wenzhang_delete(java.lang.String, java.lang.String, java.lang.String, java.lang.String)[pri:0, instance:DeleteTesting.WenzhangDeleteTest@12bac3f]" name="wenzhang_delete" duration-ms="10025" started-at="2018-01-26T16:00:49Z" data-provider="guanliyuanFilePath" finished-at="2018-01-26T16:00:59Z">
          <params>
            <param index="0">
              <value>
                <![CDATA[devguanliyuan]]>
              </value>
            </param>
            <param index="1">
              <value>
                <![CDATA[3edc$RFV]]>
              </value>
            </param>
            <param index="2">
              <value>
                <![CDATA[E:/Downloads/uploadFile.exe]]>
              </value>
            </param>
            <param index="3">
              <value>
                <![CDATA[E:/Downloads/uploadvedio.exe]]>
              </value>
            </param>
          </params>
          <exception class="org.openqa.selenium.WebDriverException">
            <message>
              <![CDATA[chrome not reachable
  (Session info: chrome=60.0.3112.90)
  (Driver info: chromedriver=2.33.506120 (e3e53437346286c0bc2d2dc9aa4915ba81d9023f),platform=Windows NT 6.1.7601 SP1 x86_64) (WARNING: The server did not provide any stacktrace information)
Command duration or timeout: 4.00 seconds
Build info: version: '2.53.1', revision: 'a36b8b1', time: '2016-06-30 17:37:03'
System info: host: 'gg-PC', ip: '192.168.1.38', os.name: 'Windows 7', os.arch: 'x86', os.version: '6.1', java.version: '1.8.0_45'
Driver info: org.openqa.selenium.chrome.ChromeDriver
Capabilities [{applicationCacheEnabled=false, rotatable=false, mobileEmulationEnabled=false, networkConnectionEnabled=false, chrome={chromedriverVersion=2.33.506120 (e3e53437346286c0bc2d2dc9aa4915ba81d9023f), userDataDir=C:\Users\gg\AppData\Local\Temp\scoped_dir21384_21155}, takesHeapSnapshot=true, pageLoadStrategy=normal, databaseEnabled=false, handlesAlerts=true, hasTouchScreen=false, version=60.0.3112.90, platform=XP, browserConnectionEnabled=false, nativeEvents=true, acceptSslCerts=true, locationContextEnabled=true, webStorageEnabled=true, browserName=chrome, takesScreenshot=true, javascriptEnabled=true, cssSelectorsEnabled=true, setWindowRect=true, unexpectedAlertBehaviour=}]
Session ID: cb2b89aea2a0c7bb8156beb91098a85f]]>
            </message>
            <full-stacktrace>
              <![CDATA[org.openqa.selenium.WebDriverException: chrome not reachable
  (Session info: chrome=60.0.3112.90)
  (Driver info: chromedriver=2.33.506120 (e3e53437346286c0bc2d2dc9aa4915ba81d9023f),platform=Windows NT 6.1.7601 SP1 x86_64) (WARNING: The server did not provide any stacktrace information)
Command duration or timeout: 4.00 seconds
Build info: version: '2.53.1', revision: 'a36b8b1', time: '2016-06-30 17:37:03'
System info: host: 'gg-PC', ip: '192.168.1.38', os.name: 'Windows 7', os.arch: 'x86', os.version: '6.1', java.version: '1.8.0_45'
Driver info: org.openqa.selenium.chrome.ChromeDriver
Capabilities [{applicationCacheEnabled=false, rotatable=false, mobileEmulationEnabled=false, networkConnectionEnabled=false, chrome={chromedriverVersion=2.33.506120 (e3e53437346286c0bc2d2dc9aa4915ba81d9023f), userDataDir=C:\Users\gg\AppData\Local\Temp\scoped_dir21384_21155}, takesHeapSnapshot=true, pageLoadStrategy=normal, databaseEnabled=false, handlesAlerts=true, hasTouchScreen=false, version=60.0.3112.90, platform=XP, browserConnectionEnabled=false, nativeEvents=true, acceptSslCerts=true, locationContextEnabled=true, webStorageEnabled=true, browserName=chrome, takesScreenshot=true, javascriptEnabled=true, cssSelectorsEnabled=true, setWindowRect=true, unexpectedAlertBehaviour=}]
Session ID: cb2b89aea2a0c7bb8156beb91098a85f
	at sun.reflect.NativeConstructorAccessorImpl.newInstance0(Native Method)
	at sun.reflect.NativeConstructorAccessorImpl.newInstance(Unknown Source)
	at sun.reflect.DelegatingConstructorAccessorImpl.newInstance(Unknown Source)
	at java.lang.reflect.Constructor.newInstance(Unknown Source)
	at org.openqa.selenium.remote.ErrorHandler.createThrowable(ErrorHandler.java:206)
	at org.openqa.selenium.remote.ErrorHandler.throwIfResponseFailed(ErrorHandler.java:158)
	at org.openqa.selenium.remote.RemoteWebDriver.execute(RemoteWebDriver.java:678)
	at org.openqa.selenium.remote.RemoteWebDriver.get(RemoteWebDriver.java:316)
	at uti.Uti.ChromeBrowser_setup(Uti.java:24)
	at DeleteTesting.WenzhangDeleteTest.wenzhang_delete(WenzhangDeleteTest.java:19)
	at sun.reflect.NativeMethodAccessorImpl.invoke0(Native Method)
	at sun.reflect.NativeMethodAccessorImpl.invoke(Unknown Source)
	at sun.reflect.DelegatingMethodAccessorImpl.invoke(Unknown Source)
	at java.lang.reflect.Method.invoke(Unknown Source)
	at org.testng.internal.MethodInvocationHelper.invokeMethod(MethodInvocationHelper.java:85)
	at org.testng.internal.Invoker.invokeMethod(Invoker.java:639)
	at org.testng.internal.Invoker.invokeTestMethod(Invoker.java:816)
	at org.testng.internal.Invoker.invokeTestMethods(Invoker.java:1124)
	at org.testng.internal.TestMethodWorker.invokeTestMethods(TestMethodWorker.java:125)
	at org.testng.internal.TestMethodWorker.run(TestMethodWorker.java:108)
	at org.testng.TestRunner.privateRun(TestRunner.java:774)
	at org.testng.TestRunner.run(TestRunner.java:624)
	at org.testng.SuiteRunner.runTest(SuiteRunner.java:359)
	at org.testng.SuiteRunner.access$000(SuiteRunner.java:39)
	at org.testng.SuiteRunner$SuiteWorker.run(SuiteRunner.java:393)
	at org.testng.internal.thread.ThreadUtil$2.call(ThreadUtil.java:64)
	at java.util.concurrent.FutureTask.run(Unknown Source)
	at java.util.concurrent.ThreadPoolExecutor.runWorker(Unknown Source)
	at java.util.concurrent.ThreadPoolExecutor$Worker.run(Unknown Source)
	at java.lang.Thread.run(Unknown Source)
]]>
            </full-stacktrace>
          </exception> <!-- org.openqa.selenium.WebDriverException -->
          <reporter-output>
          </reporter-output>
        </test-method> <!-- wenzhang_delete -->
      </class> <!-- DeleteTesting.WenzhangDeleteTest -->
      <class name="DeleteTesting.KeguantiDeleteTest">
        <test-method status="FAIL" signature="keguantiDeleteTest(java.lang.String, java.lang.String, java.lang.String, java.lang.String)[pri:0, instance:DeleteTesting.KeguantiDeleteTest@1f7ca37]" name="keguantiDeleteTest" duration-ms="10052" started-at="2018-01-26T16:00:19Z" data-provider="zhuanjiaFilePath" finished-at="2018-01-26T16:00:29Z">
          <params>
            <param index="0">
              <value>
                <![CDATA[devzhuanjia]]>
              </value>
            </param>
            <param index="1">
              <value>
                <![CDATA[3edc$RFV]]>
              </value>
            </param>
            <param index="2">
              <value>
                <![CDATA[E:/Downloads/uploadFile.exe]]>
              </value>
            </param>
            <param index="3">
              <value>
                <![CDATA[E:/Downloads/uploadvedio.exe]]>
              </value>
            </param>
          </params>
          <exception class="org.openqa.selenium.WebDriverException">
            <message>
              <![CDATA[chrome not reachable
  (Session info: chrome=60.0.3112.90)
  (Driver info: chromedriver=2.33.506120 (e3e53437346286c0bc2d2dc9aa4915ba81d9023f),platform=Windows NT 6.1.7601 SP1 x86_64) (WARNING: The server did not provide any stacktrace information)
Command duration or timeout: 4.02 seconds
Build info: version: '2.53.1', revision: 'a36b8b1', time: '2016-06-30 17:37:03'
System info: host: 'gg-PC', ip: '192.168.1.38', os.name: 'Windows 7', os.arch: 'x86', os.version: '6.1', java.version: '1.8.0_45'
Driver info: org.openqa.selenium.chrome.ChromeDriver
Capabilities [{applicationCacheEnabled=false, rotatable=false, mobileEmulationEnabled=false, networkConnectionEnabled=false, chrome={chromedriverVersion=2.33.506120 (e3e53437346286c0bc2d2dc9aa4915ba81d9023f), userDataDir=C:\Users\gg\AppData\Local\Temp\scoped_dir19928_23276}, takesHeapSnapshot=true, pageLoadStrategy=normal, databaseEnabled=false, handlesAlerts=true, hasTouchScreen=false, version=60.0.3112.90, platform=XP, browserConnectionEnabled=false, nativeEvents=true, acceptSslCerts=true, locationContextEnabled=true, webStorageEnabled=true, browserName=chrome, takesScreenshot=true, javascriptEnabled=true, cssSelectorsEnabled=true, setWindowRect=true, unexpectedAlertBehaviour=}]
Session ID: 876c80db695728f7632ee22d924137cd]]>
            </message>
            <full-stacktrace>
              <![CDATA[org.openqa.selenium.WebDriverException: chrome not reachable
  (Session info: chrome=60.0.3112.90)
  (Driver info: chromedriver=2.33.506120 (e3e53437346286c0bc2d2dc9aa4915ba81d9023f),platform=Windows NT 6.1.7601 SP1 x86_64) (WARNING: The server did not provide any stacktrace information)
Command duration or timeout: 4.02 seconds
Build info: version: '2.53.1', revision: 'a36b8b1', time: '2016-06-30 17:37:03'
System info: host: 'gg-PC', ip: '192.168.1.38', os.name: 'Windows 7', os.arch: 'x86', os.version: '6.1', java.version: '1.8.0_45'
Driver info: org.openqa.selenium.chrome.ChromeDriver
Capabilities [{applicationCacheEnabled=false, rotatable=false, mobileEmulationEnabled=false, networkConnectionEnabled=false, chrome={chromedriverVersion=2.33.506120 (e3e53437346286c0bc2d2dc9aa4915ba81d9023f), userDataDir=C:\Users\gg\AppData\Local\Temp\scoped_dir19928_23276}, takesHeapSnapshot=true, pageLoadStrategy=normal, databaseEnabled=false, handlesAlerts=true, hasTouchScreen=false, version=60.0.3112.90, platform=XP, browserConnectionEnabled=false, nativeEvents=true, acceptSslCerts=true, locationContextEnabled=true, webStorageEnabled=true, browserName=chrome, takesScreenshot=true, javascriptEnabled=true, cssSelectorsEnabled=true, setWindowRect=true, unexpectedAlertBehaviour=}]
Session ID: 876c80db695728f7632ee22d924137cd
	at sun.reflect.NativeConstructorAccessorImpl.newInstance0(Native Method)
	at sun.reflect.NativeConstructorAccessorImpl.newInstance(Unknown Source)
	at sun.reflect.DelegatingConstructorAccessorImpl.newInstance(Unknown Source)
	at java.lang.reflect.Constructor.newInstance(Unknown Source)
	at org.openqa.selenium.remote.ErrorHandler.createThrowable(ErrorHandler.java:206)
	at org.openqa.selenium.remote.ErrorHandler.throwIfResponseFailed(ErrorHandler.java:158)
	at org.openqa.selenium.remote.RemoteWebDriver.execute(RemoteWebDriver.java:678)
	at org.openqa.selenium.remote.RemoteWebDriver.get(RemoteWebDriver.java:316)
	at uti.Uti.ChromeBrowser_setup(Uti.java:24)
	at DeleteTesting.KeguantiDeleteTest.keguantiDeleteTest(KeguantiDeleteTest.java:18)
	at sun.reflect.NativeMethodAccessorImpl.invoke0(Native Method)
	at sun.reflect.NativeMethodAccessorImpl.invoke(Unknown Source)
	at sun.reflect.DelegatingMethodAccessorImpl.invoke(Unknown Source)
	at java.lang.reflect.Method.invoke(Unknown Source)
	at org.testng.internal.MethodInvocationHelper.invokeMethod(MethodInvocationHelper.java:85)
	at org.testng.internal.Invoker.invokeMethod(Invoker.java:639)
	at org.testng.internal.Invoker.invokeTestMethod(Invoker.java:816)
	at org.testng.internal.Invoker.invokeTestMethods(Invoker.java:1124)
	at org.testng.internal.TestMethodWorker.invokeTestMethods(TestMethodWorker.java:125)
	at org.testng.internal.TestMethodWorker.run(TestMethodWorker.java:108)
	at org.testng.TestRunner.privateRun(TestRunner.java:774)
	at org.testng.TestRunner.run(TestRunner.java:624)
	at org.testng.SuiteRunner.runTest(SuiteRunner.java:359)
	at org.testng.SuiteRunner.access$000(SuiteRunner.java:39)
	at org.testng.SuiteRunner$SuiteWorker.run(SuiteRunner.java:393)
	at org.testng.internal.thread.ThreadUtil$2.call(ThreadUtil.java:64)
	at java.util.concurrent.FutureTask.run(Unknown Source)
	at java.util.concurrent.ThreadPoolExecutor.runWorker(Unknown Source)
	at java.util.concurrent.ThreadPoolExecutor$Worker.run(Unknown Source)
	at java.lang.Thread.run(Unknown Source)
]]>
            </full-stacktrace>
          </exception> <!-- org.openqa.selenium.WebDriverException -->
          <reporter-output>
          </reporter-output>
        </test-method> <!-- keguantiDeleteTest -->
      </class> <!-- DeleteTesting.KeguantiDeleteTest -->
      <class name="DeleteTesting.JiaoLiuDeleteTest">
        <test-method status="FAIL" signature="jiaoliu_delete(java.lang.String, java.lang.String, java.lang.String, java.lang.String)[pri:0, instance:DeleteTesting.JiaoLiuDeleteTest@9754d8]" name="jiaoliu_delete" duration-ms="8714" started-at="2018-01-26T16:00:11Z" data-provider="guanliyuanFilePath" finished-at="2018-01-26T16:00:19Z">
          <params>
            <param index="0">
              <value>
                <![CDATA[devguanliyuan]]>
              </value>
            </param>
            <param index="1">
              <value>
                <![CDATA[3edc$RFV]]>
              </value>
            </param>
            <param index="2">
              <value>
                <![CDATA[E:/Downloads/uploadFile.exe]]>
              </value>
            </param>
            <param index="3">
              <value>
                <![CDATA[E:/Downloads/uploadvedio.exe]]>
              </value>
            </param>
          </params>
          <exception class="org.openqa.selenium.WebDriverException">
            <message>
              <![CDATA[chrome not reachable
  (Session info: chrome=60.0.3112.90)
  (Driver info: chromedriver=2.33.506120 (e3e53437346286c0bc2d2dc9aa4915ba81d9023f),platform=Windows NT 6.1.7601 SP1 x86_64) (WARNING: The server did not provide any stacktrace information)
Command duration or timeout: 4.02 seconds
Build info: version: '2.53.1', revision: 'a36b8b1', time: '2016-06-30 17:37:03'
System info: host: 'gg-PC', ip: '192.168.1.38', os.name: 'Windows 7', os.arch: 'x86', os.version: '6.1', java.version: '1.8.0_45'
Driver info: org.openqa.selenium.chrome.ChromeDriver
Capabilities [{applicationCacheEnabled=false, rotatable=false, mobileEmulationEnabled=false, networkConnectionEnabled=false, chrome={chromedriverVersion=2.33.506120 (e3e53437346286c0bc2d2dc9aa4915ba81d9023f), userDataDir=C:\Users\gg\AppData\Local\Temp\scoped_dir16340_6832}, takesHeapSnapshot=true, pageLoadStrategy=normal, databaseEnabled=false, handlesAlerts=true, hasTouchScreen=false, version=60.0.3112.90, platform=XP, browserConnectionEnabled=false, nativeEvents=true, acceptSslCerts=true, locationContextEnabled=true, webStorageEnabled=true, browserName=chrome, takesScreenshot=true, javascriptEnabled=true, cssSelectorsEnabled=true, setWindowRect=true, unexpectedAlertBehaviour=}]
Session ID: b0beac3608793a77eed9701fc77021de
*** Element info: {Using=id, value=username}]]>
            </message>
            <full-stacktrace>
              <![CDATA[org.openqa.selenium.WebDriverException: chrome not reachable
  (Session info: chrome=60.0.3112.90)
  (Driver info: chromedriver=2.33.506120 (e3e53437346286c0bc2d2dc9aa4915ba81d9023f),platform=Windows NT 6.1.7601 SP1 x86_64) (WARNING: The server did not provide any stacktrace information)
Command duration or timeout: 4.02 seconds
Build info: version: '2.53.1', revision: 'a36b8b1', time: '2016-06-30 17:37:03'
System info: host: 'gg-PC', ip: '192.168.1.38', os.name: 'Windows 7', os.arch: 'x86', os.version: '6.1', java.version: '1.8.0_45'
Driver info: org.openqa.selenium.chrome.ChromeDriver
Capabilities [{applicationCacheEnabled=false, rotatable=false, mobileEmulationEnabled=false, networkConnectionEnabled=false, chrome={chromedriverVersion=2.33.506120 (e3e53437346286c0bc2d2dc9aa4915ba81d9023f), userDataDir=C:\Users\gg\AppData\Local\Temp\scoped_dir16340_6832}, takesHeapSnapshot=true, pageLoadStrategy=normal, databaseEnabled=false, handlesAlerts=true, hasTouchScreen=false, version=60.0.3112.90, platform=XP, browserConnectionEnabled=false, nativeEvents=true, acceptSslCerts=true, locationContextEnabled=true, webStorageEnabled=true, browserName=chrome, takesScreenshot=true, javascriptEnabled=true, cssSelectorsEnabled=true, setWindowRect=true, unexpectedAlertBehaviour=}]
Session ID: b0beac3608793a77eed9701fc77021de
*** Element info: {Using=id, value=username}
	at sun.reflect.NativeConstructorAccessorImpl.newInstance0(Native Method)
	at sun.reflect.NativeConstructorAccessorImpl.newInstance(Unknown Source)
	at sun.reflect.DelegatingConstructorAccessorImpl.newInstance(Unknown Source)
	at java.lang.reflect.Constructor.newInstance(Unknown Source)
	at org.openqa.selenium.remote.ErrorHandler.createThrowable(ErrorHandler.java:206)
	at org.openqa.selenium.remote.ErrorHandler.throwIfResponseFailed(ErrorHandler.java:158)
	at org.openqa.selenium.remote.RemoteWebDriver.execute(RemoteWebDriver.java:678)
	at org.openqa.selenium.remote.RemoteWebDriver.findElement(RemoteWebDriver.java:363)
	at org.openqa.selenium.remote.RemoteWebDriver.findElementById(RemoteWebDriver.java:413)
	at org.openqa.selenium.By$ById.findElement(By.java:218)
	at org.openqa.selenium.remote.RemoteWebDriver.findElement(RemoteWebDriver.java:355)
	at uti.Uti.ChromeBrowser_setup(Uti.java:25)
	at DeleteTesting.JiaoLiuDeleteTest.jiaoliu_delete(JiaoLiuDeleteTest.java:19)
	at sun.reflect.NativeMethodAccessorImpl.invoke0(Native Method)
	at sun.reflect.NativeMethodAccessorImpl.invoke(Unknown Source)
	at sun.reflect.DelegatingMethodAccessorImpl.invoke(Unknown Source)
	at java.lang.reflect.Method.invoke(Unknown Source)
	at org.testng.internal.MethodInvocationHelper.invokeMethod(MethodInvocationHelper.java:85)
	at org.testng.internal.Invoker.invokeMethod(Invoker.java:639)
	at org.testng.internal.Invoker.invokeTestMethod(Invoker.java:816)
	at org.testng.internal.Invoker.invokeTestMethods(Invoker.java:1124)
	at org.testng.internal.TestMethodWorker.invokeTestMethods(TestMethodWorker.java:125)
	at org.testng.internal.TestMethodWorker.run(TestMethodWorker.java:108)
	at org.testng.TestRunner.privateRun(TestRunner.java:774)
	at org.testng.TestRunner.run(TestRunner.java:624)
	at org.testng.SuiteRunner.runTest(SuiteRunner.java:359)
	at org.testng.SuiteRunner.access$000(SuiteRunner.java:39)
	at org.testng.SuiteRunner$SuiteWorker.run(SuiteRunner.java:393)
	at org.testng.internal.thread.ThreadUtil$2.call(ThreadUtil.java:64)
	at java.util.concurrent.FutureTask.run(Unknown Source)
	at java.util.concurrent.ThreadPoolExecutor.runWorker(Unknown Source)
	at java.util.concurrent.ThreadPoolExecutor$Worker.run(Unknown Source)
	at java.lang.Thread.run(Unknown Source)
]]>
            </full-stacktrace>
          </exception> <!-- org.openqa.selenium.WebDriverException -->
          <reporter-output>
          </reporter-output>
        </test-method> <!-- jiaoliu_delete -->
      </class> <!-- DeleteTesting.JiaoLiuDeleteTest -->
    </test> <!-- 删除测试 -->
  </suite> <!-- NormaTestPlan -->
</testng-results>
