<html xmlns:math="http://exslt.org/math" xmlns:testng="http://testng.org">
   <head>
      <title>TestNG Results</title>
      <meta http-equiv="content-type" content="text/html; charset=utf-8"></meta>
      <meta http-equiv="pragma" content="no-cache"></meta>
      <meta http-equiv="cache-control" content="max-age=0"></meta>
      <meta http-equiv="cache-control" content="no-cache"></meta>
      <meta http-equiv="cache-control" content="no-store"></meta>
      <LINK rel="stylesheet" href="style.css"></LINK>
      <script type="text/javascript" src="main.js"></script>
   </head>
   <body>
      <table width="100%" style="font-size: 16px; margin-bottom: 10px;" cellspacing="1">
         <tr>
            <td width="100%">
               Test case
               
               <b>磨课流程测试</b>
            </td>
            <td style="background-color: #FFBBBB; padding: 3px 3px 3px 0;" align="center">
               <div style="width: 50px;">2</div>
            </td>
            <td style="background-color: lightgreen; padding: 3px 3px 3px 0;" align="center">
               <div style="width: 50px;">1</div>
            </td>
            <td style="background-color: #FFFFBB; padding: 3px 3px 3px 0;" align="center">
               <div style="width: 50px;">0</div>
            </td>
            <td align="center" style="background-color: #eaf0f7; padding: 3px 3px 3px 0;">
               <div style="width: 50px;">3</div>
            </td>
            <td align="center"
                style="font-weight: bold; background-color: #eaf0f7; padding: 3px 3px 3px 0;">
               <div style="width: 50px;">33%</div>
            </td>
            <td style="background-color: #eaf0f7; padding: 3px 3px 3px 0;" align="center"
                nowrap="true">2m
               12s
               
            </td>
         </tr>
      </table>
      <div style="width: 200px;">
         <label for="groupMethodsCheckBox" style="font-weight: bold; margin: 0;">
            <input id="groupMethodsCheckBox" type="checkbox" onclick="switchTestMethodsView(this)"
                   checked=""></input>
            Group by class
            
         </label>
         <br></br>
         <label for="methodsFilter_ALL" style="font-weight: bold; margin: 0;">
            <input id="methodsFilter_ALL" type="checkbox"
                   onclick="testMethodsFilterChanged(this, 'ALL')"
                   checked=""></input>
            All
            
         </label>
      </div>
      <label for="methodsFilter_FAIL" style="margin-left: 20px;">
         <input id="methodsFilter_FAIL" type="checkbox"
                onclick="testMethodsFilterChanged(this, 'FAIL')"
                checked=""></input>
         Failed
         
      </label>
      <label for="methodsFilter_PASS">
         <input id="methodsFilter_PASS" type="checkbox"
                onclick="testMethodsFilterChanged(this, 'PASS')"
                checked=""></input>
         Passed
         
      </label>
      <label for="methodsFilter_SKIP">
         <input id="methodsFilter_SKIP" type="checkbox"
                onclick="testMethodsFilterChanged(this, 'SKIP')"
                checked=""></input>
         Skipped
         
      </label>
      <label for="methodsFilter_CONF">
         <input id="methodsFilter_CONF" type="checkbox"
                onclick="testMethodsFilterChanged(this, 'CONF')"
                checked=""></input>
         Config
         
      </label>
      <br></br>
      <div id="testMethodsByStatus" style="display: none;">
         <table class="testMethodsTable" cellpadding="0" cellspacing="0">
            <tr class="methodsTableHeader">
               <td width="100%">Name</td>
               <td nowrap="true">Started</td>
               <td nowrap="true">Duration</td>
               <td>Exception</td>
            </tr>
            <tr id="Mo_course.join_moke_addtomoke_byStatus_failed_FAIL1_row"
                class="testMethodStatusFAIL">
               <td width="100%" class="firstMethodCell">
                  <a onclick="toggleDetailsVisibility('Mo_course.join_moke_addtomoke_byStatus_failed_FAIL1_details')">addtomoke(devstudent16
                     
                     ,
                     
                     123123
                     
                     ,
                     
                     C:/Program Files (x86)/Mozilla Firefox/uploadFile.exe
                     
                     ,
                     
                     C:/Program Files (x86)/Mozilla Firefox/uploadVideo.exe)
                  </a>
               </td>
               <td nowrap="true">13:11:08</td>
               <td nowrap="true" align="right">24s
                  
               </td>
               <td nowrap="true">
                  <a onclick="toggleDetailsVisibility('Mo_course.join_moke_addtomoke_byStatus_failed_FAIL1_exception')">org.openqa.selenium.NoSuchElementException: 
                     no such element: Unable to locate element: {"method":"link text","selector":"参与磨课"}
                     (Session info: chrome=59.0.3071.115)
                     (Driver info: chromedriver=2.27.440174 (e97a722caafc2d3a8b807ee115bfb307f7d2cfd9),platform=Windows NT 10.0.15063 x86_64) (WARNING:
                     The server did not provide any stacktrace information)
                     Command duration or timeout: 15.09 seconds
                     For documentation on this error, please visit: http://seleniumhq.org/exceptions/no_such_element.html
                     Build info: version: '2.53.1', revision: 'a36b8b1', time: '2016-06-30 17:37:03'
                     System info: host: 'chenziyang', ip: '192.168.1.46', os.name: 'Windows NT (unknown)', os.arch: 'x86', os.version: '6.2', java.version:
                     '1.7.0_01'
                     *** Element info: {Using=link text, value=参与磨课}
                     Session ID: d1f069e765b336f4d3d2726a9e3627e9
                     Driver info: org.openqa.selenium.chrome.ChromeDriver
                     Capabilities [{platform=WIN8, acceptSslCerts=true, javascriptEnabled=true, browserName=chrome, chrome={userDataDir=C:\Users\ziyang\AppData\Local\Temp\scoped_dir3956_19935,
                     chromedriverVersion=2.27.440174 (e97a722caafc2d3a8b807ee115bfb307f7d2cfd9)}, networkConnectionEnabled=false, unexpectedAlertBehaviour=,
                     rotatable=false, locationContextEnabled=true, mobileEmulationEnabled=false, version=59.0.3071.115, pageLoadStrategy=normal,
                     takesHeapSnapshot=true, cssSelectorsEnabled=true, databaseEnabled=false, handlesAlerts=true, browserConnectionEnabled=false,
                     webStorageEnabled=true, nativeEvents=true, hasTouchScreen=false, applicationCacheEnabled=false, takesScreenshot=true}]
                     
                  </a>
                   
                  
               </td>
            </tr>
            <tr>
               <td colspan="4" class="detailsBox">
                  <div id="Mo_course.join_moke_addtomoke_byStatus_failed_FAIL1_details"
                       class="testMethodDetails">
                     <div>
                        <b>Name: </b>addtomoke
                     </div>
                     <div>
                        <b>Signature: </b>addtomoke(java.lang.String, java.lang.String, java.lang.String, java.lang.String)[pri:0, instance:Mo_course.join_moke@5d2324]
                     </div>
                     <div>
                        <b>Parameters: </b>
                        
                        devstudent16
                        
                        ,
                        
                        123123
                        
                        ,
                        
                        C:/Program Files (x86)/Mozilla Firefox/uploadFile.exe
                        
                        ,
                        
                        C:/Program Files (x86)/Mozilla Firefox/uploadVideo.exe
                        
                        
                     </div>
                     <div>
                        <b>Start time: </b>13:11:08
                     </div>
                     <div>
                        <b>End time: </b>13:11:32
                     </div>
                     <div>
                        <b>Duration: </b>24s
                        
                     </div>
                  </div>
               </td>
            </tr>
            <tr>
               <td colspan="4" class="detailsBox">
                  <div id="Mo_course.join_moke_addtomoke_byStatus_failed_FAIL1_exception"
                       class="testMethodDetails">
                     <pre style="padding: 5px; margin: 0;">org.openqa.selenium.NoSuchElementException: no such element: Unable to locate element: {"method":"link text","selector":"参与磨课"}
                        (Session info: chrome=59.0.3071.115)
                        (Driver info: chromedriver=2.27.440174 (e97a722caafc2d3a8b807ee115bfb307f7d2cfd9),platform=Windows NT 10.0.15063 x86_64) (WARNING:
                        The server did not provide any stacktrace information)
                        Command duration or timeout: 15.09 seconds
                        For documentation on this error, please visit: http://seleniumhq.org/exceptions/no_such_element.html
                        Build info: version: '2.53.1', revision: 'a36b8b1', time: '2016-06-30 17:37:03'
                        System info: host: 'chenziyang', ip: '192.168.1.46', os.name: 'Windows NT (unknown)', os.arch: 'x86', os.version: '6.2', java.version:
                        '1.7.0_01'
                        *** Element info: {Using=link text, value=参与磨课}
                        Session ID: d1f069e765b336f4d3d2726a9e3627e9
                        Driver info: org.openqa.selenium.chrome.ChromeDriver
                        Capabilities [{platform=WIN8, acceptSslCerts=true, javascriptEnabled=true, browserName=chrome, chrome={userDataDir=C:\Users\ziyang\AppData\Local\Temp\scoped_dir3956_19935,
                        chromedriverVersion=2.27.440174 (e97a722caafc2d3a8b807ee115bfb307f7d2cfd9)}, networkConnectionEnabled=false, unexpectedAlertBehaviour=,
                        rotatable=false, locationContextEnabled=true, mobileEmulationEnabled=false, version=59.0.3071.115, pageLoadStrategy=normal,
                        takesHeapSnapshot=true, cssSelectorsEnabled=true, databaseEnabled=false, handlesAlerts=true, browserConnectionEnabled=false,
                        webStorageEnabled=true, nativeEvents=true, hasTouchScreen=false, applicationCacheEnabled=false, takesScreenshot=true}]
                        	at sun.reflect.NativeConstructorAccessorImpl.newInstance0(Native Method)
                        	at sun.reflect.NativeConstructorAccessorImpl.newInstance(NativeConstructorAccessorImpl.java:57)
                        	at sun.reflect.DelegatingConstructorAccessorImpl.newInstance(DelegatingConstructorAccessorImpl.java:45)
                        	at java.lang.reflect.Constructor.newInstance(Constructor.java:525)
                        	at org.openqa.selenium.remote.ErrorHandler.createThrowable(ErrorHandler.java:206)
                        	at org.openqa.selenium.remote.ErrorHandler.throwIfResponseFailed(ErrorHandler.java:158)
                        	at org.openqa.selenium.remote.RemoteWebDriver.execute(RemoteWebDriver.java:678)
                        	at org.openqa.selenium.remote.RemoteWebDriver.findElement(RemoteWebDriver.java:363)
                        	at org.openqa.selenium.remote.RemoteWebDriver.findElementByLinkText(RemoteWebDriver.java:428)
                        	at org.openqa.selenium.By$ByLinkText.findElement(By.java:246)
                        	at org.openqa.selenium.remote.RemoteWebDriver.findElement(RemoteWebDriver.java:355)
                        	at Mo_course.join_moke.addtomoke(join_moke.java:32)
                        	at sun.reflect.NativeMethodAccessorImpl.invoke0(Native Method)
                        	at sun.reflect.NativeMethodAccessorImpl.invoke(NativeMethodAccessorImpl.java:57)
                        	at sun.reflect.DelegatingMethodAccessorImpl.invoke(DelegatingMethodAccessorImpl.java:43)
                        	at java.lang.reflect.Method.invoke(Method.java:601)
                        	at org.testng.internal.MethodInvocationHelper.invokeMethod(MethodInvocationHelper.java:85)
                        	at org.testng.internal.Invoker.invokeMethod(Invoker.java:639)
                        	at org.testng.internal.Invoker.invokeTestMethod(Invoker.java:816)
                        	at org.testng.internal.Invoker.invokeTestMethods(Invoker.java:1124)
                        	at org.testng.internal.TestMethodWorker.invokeTestMethods(TestMethodWorker.java:125)
                        	at org.testng.internal.TestMethodWorker.run(TestMethodWorker.java:108)
                        	at org.testng.TestRunner.privateRun(TestRunner.java:774)
                        	at org.testng.TestRunner.run(TestRunner.java:624)
                        	at org.testng.SuiteRunner.runTest(SuiteRunner.java:359)
                        	at org.testng.SuiteRunner.access$000(SuiteRunner.java:39)
                        	at org.testng.SuiteRunner$SuiteWorker.run(SuiteRunner.java:393)
                        	at org.testng.internal.thread.ThreadUtil$2.call(ThreadUtil.java:64)
                        	at java.util.concurrent.FutureTask$Sync.innerRun(FutureTask.java:334)
                        	at java.util.concurrent.FutureTask.run(FutureTask.java:166)
                        	at java.util.concurrent.ThreadPoolExecutor.runWorker(ThreadPoolExecutor.java:1110)
                        	at java.util.concurrent.ThreadPoolExecutor$Worker.run(ThreadPoolExecutor.java:603)
                        	at java.lang.Thread.run(Thread.java:722)
                     </pre>
                  </div>
               </td>
            </tr>
            <tr id="Mo_course.Check_data_check_data_byStatus_failed_FAIL2_row"
                class="testMethodStatusFAIL">
               <td width="100%" class="firstMethodCell">
                  <a onclick="toggleDetailsVisibility('Mo_course.Check_data_check_data_byStatus_failed_FAIL2_details')">check_data(devteacher
                     
                     ,
                     
                     3edc$RFV
                     
                     ,
                     
                     C:/Program Files (x86)/Mozilla Firefox/uploadFile.exe
                     
                     ,
                     
                     C:/Program Files (x86)/Mozilla Firefox/uploadVideo.exe)
                  </a>
               </td>
               <td nowrap="true">13:11:32</td>
               <td nowrap="true" align="right">27s
                  
               </td>
               <td nowrap="true">
                  <a onclick="toggleDetailsVisibility('Mo_course.Check_data_check_data_byStatus_failed_FAIL2_exception')">org.openqa.selenium.NoSuchElementException: 
                     no such element: Unable to locate element: {"method":"xpath","selector":"(//a[contains(text(),'查看详细')])[1]"}
                     (Session info: chrome=59.0.3071.115)
                     (Driver info: chromedriver=2.27.440174 (e97a722caafc2d3a8b807ee115bfb307f7d2cfd9),platform=Windows NT 10.0.15063 x86_64) (WARNING:
                     The server did not provide any stacktrace information)
                     Command duration or timeout: 15.12 seconds
                     For documentation on this error, please visit: http://seleniumhq.org/exceptions/no_such_element.html
                     Build info: version: '2.53.1', revision: 'a36b8b1', time: '2016-06-30 17:37:03'
                     System info: host: 'chenziyang', ip: '192.168.1.46', os.name: 'Windows NT (unknown)', os.arch: 'x86', os.version: '6.2', java.version:
                     '1.7.0_01'
                     *** Element info: {Using=xpath, value=(//a[contains(text(),'查看详细')])[1]}
                     Session ID: e0943461ae8efa69ab5cb07c8be2518b
                     Driver info: org.openqa.selenium.chrome.ChromeDriver
                     Capabilities [{platform=WIN8, acceptSslCerts=true, javascriptEnabled=true, browserName=chrome, chrome={userDataDir=C:\Users\ziyang\AppData\Local\Temp\scoped_dir17320_29742,
                     chromedriverVersion=2.27.440174 (e97a722caafc2d3a8b807ee115bfb307f7d2cfd9)}, networkConnectionEnabled=false, unexpectedAlertBehaviour=,
                     rotatable=false, locationContextEnabled=true, mobileEmulationEnabled=false, version=59.0.3071.115, pageLoadStrategy=normal,
                     takesHeapSnapshot=true, cssSelectorsEnabled=true, databaseEnabled=false, handlesAlerts=true, browserConnectionEnabled=false,
                     webStorageEnabled=true, nativeEvents=true, hasTouchScreen=false, applicationCacheEnabled=false, takesScreenshot=true}]
                     
                  </a>
                   
                  
               </td>
            </tr>
            <tr>
               <td colspan="4" class="detailsBox">
                  <div id="Mo_course.Check_data_check_data_byStatus_failed_FAIL2_details"
                       class="testMethodDetails">
                     <div>
                        <b>Name: </b>check_data
                     </div>
                     <div>
                        <b>Signature: </b>check_data(java.lang.String, java.lang.String, java.lang.String, java.lang.String)[pri:0, instance:Mo_course.Check_data@ae2429]
                     </div>
                     <div>
                        <b>Parameters: </b>
                        
                        devteacher
                        
                        ,
                        
                        3edc$RFV
                        
                        ,
                        
                        C:/Program Files (x86)/Mozilla Firefox/uploadFile.exe
                        
                        ,
                        
                        C:/Program Files (x86)/Mozilla Firefox/uploadVideo.exe
                        
                        
                     </div>
                     <div>
                        <b>Start time: </b>13:11:32
                     </div>
                     <div>
                        <b>End time: </b>13:11:59
                     </div>
                     <div>
                        <b>Duration: </b>27s
                        
                     </div>
                  </div>
               </td>
            </tr>
            <tr>
               <td colspan="4" class="detailsBox">
                  <div id="Mo_course.Check_data_check_data_byStatus_failed_FAIL2_exception"
                       class="testMethodDetails">
                     <pre style="padding: 5px; margin: 0;">org.openqa.selenium.NoSuchElementException: no such element: Unable to locate element: {"method":"xpath","selector":"(//a[contains(text(),'查看详细')])[1]"}
                        (Session info: chrome=59.0.3071.115)
                        (Driver info: chromedriver=2.27.440174 (e97a722caafc2d3a8b807ee115bfb307f7d2cfd9),platform=Windows NT 10.0.15063 x86_64) (WARNING:
                        The server did not provide any stacktrace information)
                        Command duration or timeout: 15.12 seconds
                        For documentation on this error, please visit: http://seleniumhq.org/exceptions/no_such_element.html
                        Build info: version: '2.53.1', revision: 'a36b8b1', time: '2016-06-30 17:37:03'
                        System info: host: 'chenziyang', ip: '192.168.1.46', os.name: 'Windows NT (unknown)', os.arch: 'x86', os.version: '6.2', java.version:
                        '1.7.0_01'
                        *** Element info: {Using=xpath, value=(//a[contains(text(),'查看详细')])[1]}
                        Session ID: e0943461ae8efa69ab5cb07c8be2518b
                        Driver info: org.openqa.selenium.chrome.ChromeDriver
                        Capabilities [{platform=WIN8, acceptSslCerts=true, javascriptEnabled=true, browserName=chrome, chrome={userDataDir=C:\Users\ziyang\AppData\Local\Temp\scoped_dir17320_29742,
                        chromedriverVersion=2.27.440174 (e97a722caafc2d3a8b807ee115bfb307f7d2cfd9)}, networkConnectionEnabled=false, unexpectedAlertBehaviour=,
                        rotatable=false, locationContextEnabled=true, mobileEmulationEnabled=false, version=59.0.3071.115, pageLoadStrategy=normal,
                        takesHeapSnapshot=true, cssSelectorsEnabled=true, databaseEnabled=false, handlesAlerts=true, browserConnectionEnabled=false,
                        webStorageEnabled=true, nativeEvents=true, hasTouchScreen=false, applicationCacheEnabled=false, takesScreenshot=true}]
                        	at sun.reflect.NativeConstructorAccessorImpl.newInstance0(Native Method)
                        	at sun.reflect.NativeConstructorAccessorImpl.newInstance(NativeConstructorAccessorImpl.java:57)
                        	at sun.reflect.DelegatingConstructorAccessorImpl.newInstance(DelegatingConstructorAccessorImpl.java:45)
                        	at java.lang.reflect.Constructor.newInstance(Constructor.java:525)
                        	at org.openqa.selenium.remote.ErrorHandler.createThrowable(ErrorHandler.java:206)
                        	at org.openqa.selenium.remote.ErrorHandler.throwIfResponseFailed(ErrorHandler.java:158)
                        	at org.openqa.selenium.remote.RemoteWebDriver.execute(RemoteWebDriver.java:678)
                        	at org.openqa.selenium.remote.RemoteWebDriver.findElement(RemoteWebDriver.java:363)
                        	at org.openqa.selenium.remote.RemoteWebDriver.findElementByXPath(RemoteWebDriver.java:500)
                        	at org.openqa.selenium.By$ByXPath.findElement(By.java:361)
                        	at org.openqa.selenium.remote.RemoteWebDriver.findElement(RemoteWebDriver.java:355)
                        	at Mo_course.Check_data.check_data(Check_data.java:24)
                        	at sun.reflect.NativeMethodAccessorImpl.invoke0(Native Method)
                        	at sun.reflect.NativeMethodAccessorImpl.invoke(NativeMethodAccessorImpl.java:57)
                        	at sun.reflect.DelegatingMethodAccessorImpl.invoke(DelegatingMethodAccessorImpl.java:43)
                        	at java.lang.reflect.Method.invoke(Method.java:601)
                        	at org.testng.internal.MethodInvocationHelper.invokeMethod(MethodInvocationHelper.java:85)
                        	at org.testng.internal.Invoker.invokeMethod(Invoker.java:639)
                        	at org.testng.internal.Invoker.invokeTestMethod(Invoker.java:816)
                        	at org.testng.internal.Invoker.invokeTestMethods(Invoker.java:1124)
                        	at org.testng.internal.TestMethodWorker.invokeTestMethods(TestMethodWorker.java:125)
                        	at org.testng.internal.TestMethodWorker.run(TestMethodWorker.java:108)
                        	at org.testng.TestRunner.privateRun(TestRunner.java:774)
                        	at org.testng.TestRunner.run(TestRunner.java:624)
                        	at org.testng.SuiteRunner.runTest(SuiteRunner.java:359)
                        	at org.testng.SuiteRunner.access$000(SuiteRunner.java:39)
                        	at org.testng.SuiteRunner$SuiteWorker.run(SuiteRunner.java:393)
                        	at org.testng.internal.thread.ThreadUtil$2.call(ThreadUtil.java:64)
                        	at java.util.concurrent.FutureTask$Sync.innerRun(FutureTask.java:334)
                        	at java.util.concurrent.FutureTask.run(FutureTask.java:166)
                        	at java.util.concurrent.ThreadPoolExecutor.runWorker(ThreadPoolExecutor.java:1110)
                        	at java.util.concurrent.ThreadPoolExecutor$Worker.run(ThreadPoolExecutor.java:603)
                        	at java.lang.Thread.run(Thread.java:722)
                     </pre>
                  </div>
               </td>
            </tr>
            <tr id="Mo_course.Publish_moke_publish_moke_byStatus_passed_PASS1_row"
                class="testMethodStatusPASS">
               <td width="100%" class="firstMethodCell">
                  <a onclick="toggleDetailsVisibility('Mo_course.Publish_moke_publish_moke_byStatus_passed_PASS1_details')">publish_moke(devteacher
                     
                     ,
                     
                     3edc$RFV
                     
                     ,
                     
                     C:/Program Files (x86)/Mozilla Firefox/uploadFile.exe
                     
                     ,
                     
                     C:/Program Files (x86)/Mozilla Firefox/uploadVideo.exe)
                  </a>
               </td>
               <td nowrap="true">13:09:46</td>
               <td nowrap="true" align="right">1m
                  21s
                  
               </td>
               <td nowrap="true">
                   
                  
               </td>
            </tr>
            <tr>
               <td colspan="4" class="detailsBox">
                  <div id="Mo_course.Publish_moke_publish_moke_byStatus_passed_PASS1_details"
                       class="testMethodDetails">
                     <div>
                        <b>Name: </b>publish_moke
                     </div>
                     <div>
                        <b>Signature: </b>publish_moke(java.lang.String, java.lang.String, java.lang.String, java.lang.String)[pri:0, instance:Mo_course.Publish_moke@79ad3f]
                     </div>
                     <div>
                        <b>Parameters: </b>
                        
                        devteacher
                        
                        ,
                        
                        3edc$RFV
                        
                        ,
                        
                        C:/Program Files (x86)/Mozilla Firefox/uploadFile.exe
                        
                        ,
                        
                        C:/Program Files (x86)/Mozilla Firefox/uploadVideo.exe
                        
                        
                     </div>
                     <div>
                        <b>Start time: </b>13:09:46
                     </div>
                     <div>
                        <b>End time: </b>13:11:08
                     </div>
                     <div>
                        <b>Duration: </b>1m
                        21s
                        
                     </div>
                  </div>
               </td>
            </tr>
            <tr></tr>
         </table>
      </div>
      <div id="testMethodsByClass">
         <table class="testMethodsTable" cellpadding="0" cellspacing="0">
            <tr>
               <td colspan="4">
                  <h3 style="display: inline;">Mo_course.Check_data</h3>
               </td>
            </tr>
            <tr class="methodsTableHeader">
               <td width="100%">Name</td>
               <td nowrap="true">Started</td>
               <td nowrap="true">Duration</td>
               <td>Exception</td>
            </tr>
            <tr id="Mo_course.Check_data_check_data_byClass_FAIL1_row"
                class="testMethodStatusFAIL">
               <td width="100%" class="firstMethodCell">
                  <a onclick="toggleDetailsVisibility('Mo_course.Check_data_check_data_byClass_FAIL1_details')">check_data(devteacher
                     
                     ,
                     
                     3edc$RFV
                     
                     ,
                     
                     C:/Program Files (x86)/Mozilla Firefox/uploadFile.exe
                     
                     ,
                     
                     C:/Program Files (x86)/Mozilla Firefox/uploadVideo.exe)
                  </a>
               </td>
               <td nowrap="true">13:11:32</td>
               <td nowrap="true" align="right">27s
                  
               </td>
               <td nowrap="true">
                  <a onclick="toggleDetailsVisibility('Mo_course.Check_data_check_data_byClass_FAIL1_exception')">org.openqa.selenium.NoSuchElementException: 
                     no such element: Unable to locate element: {"method":"xpath","selector":"(//a[contains(text(),'查看详细')])[1]"}
                     (Session info: chrome=59.0.3071.115)
                     (Driver info: chromedriver=2.27.440174 (e97a722caafc2d3a8b807ee115bfb307f7d2cfd9),platform=Windows NT 10.0.15063 x86_64) (WARNING:
                     The server did not provide any stacktrace information)
                     Command duration or timeout: 15.12 seconds
                     For documentation on this error, please visit: http://seleniumhq.org/exceptions/no_such_element.html
                     Build info: version: '2.53.1', revision: 'a36b8b1', time: '2016-06-30 17:37:03'
                     System info: host: 'chenziyang', ip: '192.168.1.46', os.name: 'Windows NT (unknown)', os.arch: 'x86', os.version: '6.2', java.version:
                     '1.7.0_01'
                     *** Element info: {Using=xpath, value=(//a[contains(text(),'查看详细')])[1]}
                     Session ID: e0943461ae8efa69ab5cb07c8be2518b
                     Driver info: org.openqa.selenium.chrome.ChromeDriver
                     Capabilities [{platform=WIN8, acceptSslCerts=true, javascriptEnabled=true, browserName=chrome, chrome={userDataDir=C:\Users\ziyang\AppData\Local\Temp\scoped_dir17320_29742,
                     chromedriverVersion=2.27.440174 (e97a722caafc2d3a8b807ee115bfb307f7d2cfd9)}, networkConnectionEnabled=false, unexpectedAlertBehaviour=,
                     rotatable=false, locationContextEnabled=true, mobileEmulationEnabled=false, version=59.0.3071.115, pageLoadStrategy=normal,
                     takesHeapSnapshot=true, cssSelectorsEnabled=true, databaseEnabled=false, handlesAlerts=true, browserConnectionEnabled=false,
                     webStorageEnabled=true, nativeEvents=true, hasTouchScreen=false, applicationCacheEnabled=false, takesScreenshot=true}]
                     
                  </a>
                   
                  
               </td>
            </tr>
            <tr>
               <td colspan="4" class="detailsBox">
                  <div id="Mo_course.Check_data_check_data_byClass_FAIL1_details"
                       class="testMethodDetails">
                     <div>
                        <b>Name: </b>check_data
                     </div>
                     <div>
                        <b>Signature: </b>check_data(java.lang.String, java.lang.String, java.lang.String, java.lang.String)[pri:0, instance:Mo_course.Check_data@ae2429]
                     </div>
                     <div>
                        <b>Parameters: </b>
                        
                        devteacher
                        
                        ,
                        
                        3edc$RFV
                        
                        ,
                        
                        C:/Program Files (x86)/Mozilla Firefox/uploadFile.exe
                        
                        ,
                        
                        C:/Program Files (x86)/Mozilla Firefox/uploadVideo.exe
                        
                        
                     </div>
                     <div>
                        <b>Start time: </b>13:11:32
                     </div>
                     <div>
                        <b>End time: </b>13:11:59
                     </div>
                     <div>
                        <b>Duration: </b>27s
                        
                     </div>
                  </div>
               </td>
            </tr>
            <tr>
               <td colspan="4" class="detailsBox">
                  <div id="Mo_course.Check_data_check_data_byClass_FAIL1_exception"
                       class="testMethodDetails">
                     <pre style="padding: 5px; margin: 0;">org.openqa.selenium.NoSuchElementException: no such element: Unable to locate element: {"method":"xpath","selector":"(//a[contains(text(),'查看详细')])[1]"}
                        (Session info: chrome=59.0.3071.115)
                        (Driver info: chromedriver=2.27.440174 (e97a722caafc2d3a8b807ee115bfb307f7d2cfd9),platform=Windows NT 10.0.15063 x86_64) (WARNING:
                        The server did not provide any stacktrace information)
                        Command duration or timeout: 15.12 seconds
                        For documentation on this error, please visit: http://seleniumhq.org/exceptions/no_such_element.html
                        Build info: version: '2.53.1', revision: 'a36b8b1', time: '2016-06-30 17:37:03'
                        System info: host: 'chenziyang', ip: '192.168.1.46', os.name: 'Windows NT (unknown)', os.arch: 'x86', os.version: '6.2', java.version:
                        '1.7.0_01'
                        *** Element info: {Using=xpath, value=(//a[contains(text(),'查看详细')])[1]}
                        Session ID: e0943461ae8efa69ab5cb07c8be2518b
                        Driver info: org.openqa.selenium.chrome.ChromeDriver
                        Capabilities [{platform=WIN8, acceptSslCerts=true, javascriptEnabled=true, browserName=chrome, chrome={userDataDir=C:\Users\ziyang\AppData\Local\Temp\scoped_dir17320_29742,
                        chromedriverVersion=2.27.440174 (e97a722caafc2d3a8b807ee115bfb307f7d2cfd9)}, networkConnectionEnabled=false, unexpectedAlertBehaviour=,
                        rotatable=false, locationContextEnabled=true, mobileEmulationEnabled=false, version=59.0.3071.115, pageLoadStrategy=normal,
                        takesHeapSnapshot=true, cssSelectorsEnabled=true, databaseEnabled=false, handlesAlerts=true, browserConnectionEnabled=false,
                        webStorageEnabled=true, nativeEvents=true, hasTouchScreen=false, applicationCacheEnabled=false, takesScreenshot=true}]
                        	at sun.reflect.NativeConstructorAccessorImpl.newInstance0(Native Method)
                        	at sun.reflect.NativeConstructorAccessorImpl.newInstance(NativeConstructorAccessorImpl.java:57)
                        	at sun.reflect.DelegatingConstructorAccessorImpl.newInstance(DelegatingConstructorAccessorImpl.java:45)
                        	at java.lang.reflect.Constructor.newInstance(Constructor.java:525)
                        	at org.openqa.selenium.remote.ErrorHandler.createThrowable(ErrorHandler.java:206)
                        	at org.openqa.selenium.remote.ErrorHandler.throwIfResponseFailed(ErrorHandler.java:158)
                        	at org.openqa.selenium.remote.RemoteWebDriver.execute(RemoteWebDriver.java:678)
                        	at org.openqa.selenium.remote.RemoteWebDriver.findElement(RemoteWebDriver.java:363)
                        	at org.openqa.selenium.remote.RemoteWebDriver.findElementByXPath(RemoteWebDriver.java:500)
                        	at org.openqa.selenium.By$ByXPath.findElement(By.java:361)
                        	at org.openqa.selenium.remote.RemoteWebDriver.findElement(RemoteWebDriver.java:355)
                        	at Mo_course.Check_data.check_data(Check_data.java:24)
                        	at sun.reflect.NativeMethodAccessorImpl.invoke0(Native Method)
                        	at sun.reflect.NativeMethodAccessorImpl.invoke(NativeMethodAccessorImpl.java:57)
                        	at sun.reflect.DelegatingMethodAccessorImpl.invoke(DelegatingMethodAccessorImpl.java:43)
                        	at java.lang.reflect.Method.invoke(Method.java:601)
                        	at org.testng.internal.MethodInvocationHelper.invokeMethod(MethodInvocationHelper.java:85)
                        	at org.testng.internal.Invoker.invokeMethod(Invoker.java:639)
                        	at org.testng.internal.Invoker.invokeTestMethod(Invoker.java:816)
                        	at org.testng.internal.Invoker.invokeTestMethods(Invoker.java:1124)
                        	at org.testng.internal.TestMethodWorker.invokeTestMethods(TestMethodWorker.java:125)
                        	at org.testng.internal.TestMethodWorker.run(TestMethodWorker.java:108)
                        	at org.testng.TestRunner.privateRun(TestRunner.java:774)
                        	at org.testng.TestRunner.run(TestRunner.java:624)
                        	at org.testng.SuiteRunner.runTest(SuiteRunner.java:359)
                        	at org.testng.SuiteRunner.access$000(SuiteRunner.java:39)
                        	at org.testng.SuiteRunner$SuiteWorker.run(SuiteRunner.java:393)
                        	at org.testng.internal.thread.ThreadUtil$2.call(ThreadUtil.java:64)
                        	at java.util.concurrent.FutureTask$Sync.innerRun(FutureTask.java:334)
                        	at java.util.concurrent.FutureTask.run(FutureTask.java:166)
                        	at java.util.concurrent.ThreadPoolExecutor.runWorker(ThreadPoolExecutor.java:1110)
                        	at java.util.concurrent.ThreadPoolExecutor$Worker.run(ThreadPoolExecutor.java:603)
                        	at java.lang.Thread.run(Thread.java:722)
                     </pre>
                  </div>
               </td>
            </tr>
         </table>
         <br></br>
         <table class="testMethodsTable" cellpadding="0" cellspacing="0">
            <tr>
               <td colspan="4">
                  <h3 style="display: inline;">Mo_course.join_moke</h3>
               </td>
            </tr>
            <tr class="methodsTableHeader">
               <td width="100%">Name</td>
               <td nowrap="true">Started</td>
               <td nowrap="true">Duration</td>
               <td>Exception</td>
            </tr>
            <tr id="Mo_course.join_moke_addtomoke_byClass_FAIL1_row"
                class="testMethodStatusFAIL">
               <td width="100%" class="firstMethodCell">
                  <a onclick="toggleDetailsVisibility('Mo_course.join_moke_addtomoke_byClass_FAIL1_details')">addtomoke(devstudent16
                     
                     ,
                     
                     123123
                     
                     ,
                     
                     C:/Program Files (x86)/Mozilla Firefox/uploadFile.exe
                     
                     ,
                     
                     C:/Program Files (x86)/Mozilla Firefox/uploadVideo.exe)
                  </a>
               </td>
               <td nowrap="true">13:11:08</td>
               <td nowrap="true" align="right">24s
                  
               </td>
               <td nowrap="true">
                  <a onclick="toggleDetailsVisibility('Mo_course.join_moke_addtomoke_byClass_FAIL1_exception')">org.openqa.selenium.NoSuchElementException: 
                     no such element: Unable to locate element: {"method":"link text","selector":"参与磨课"}
                     (Session info: chrome=59.0.3071.115)
                     (Driver info: chromedriver=2.27.440174 (e97a722caafc2d3a8b807ee115bfb307f7d2cfd9),platform=Windows NT 10.0.15063 x86_64) (WARNING:
                     The server did not provide any stacktrace information)
                     Command duration or timeout: 15.09 seconds
                     For documentation on this error, please visit: http://seleniumhq.org/exceptions/no_such_element.html
                     Build info: version: '2.53.1', revision: 'a36b8b1', time: '2016-06-30 17:37:03'
                     System info: host: 'chenziyang', ip: '192.168.1.46', os.name: 'Windows NT (unknown)', os.arch: 'x86', os.version: '6.2', java.version:
                     '1.7.0_01'
                     *** Element info: {Using=link text, value=参与磨课}
                     Session ID: d1f069e765b336f4d3d2726a9e3627e9
                     Driver info: org.openqa.selenium.chrome.ChromeDriver
                     Capabilities [{platform=WIN8, acceptSslCerts=true, javascriptEnabled=true, browserName=chrome, chrome={userDataDir=C:\Users\ziyang\AppData\Local\Temp\scoped_dir3956_19935,
                     chromedriverVersion=2.27.440174 (e97a722caafc2d3a8b807ee115bfb307f7d2cfd9)}, networkConnectionEnabled=false, unexpectedAlertBehaviour=,
                     rotatable=false, locationContextEnabled=true, mobileEmulationEnabled=false, version=59.0.3071.115, pageLoadStrategy=normal,
                     takesHeapSnapshot=true, cssSelectorsEnabled=true, databaseEnabled=false, handlesAlerts=true, browserConnectionEnabled=false,
                     webStorageEnabled=true, nativeEvents=true, hasTouchScreen=false, applicationCacheEnabled=false, takesScreenshot=true}]
                     
                  </a>
                   
                  
               </td>
            </tr>
            <tr>
               <td colspan="4" class="detailsBox">
                  <div id="Mo_course.join_moke_addtomoke_byClass_FAIL1_details"
                       class="testMethodDetails">
                     <div>
                        <b>Name: </b>addtomoke
                     </div>
                     <div>
                        <b>Signature: </b>addtomoke(java.lang.String, java.lang.String, java.lang.String, java.lang.String)[pri:0, instance:Mo_course.join_moke@5d2324]
                     </div>
                     <div>
                        <b>Parameters: </b>
                        
                        devstudent16
                        
                        ,
                        
                        123123
                        
                        ,
                        
                        C:/Program Files (x86)/Mozilla Firefox/uploadFile.exe
                        
                        ,
                        
                        C:/Program Files (x86)/Mozilla Firefox/uploadVideo.exe
                        
                        
                     </div>
                     <div>
                        <b>Start time: </b>13:11:08
                     </div>
                     <div>
                        <b>End time: </b>13:11:32
                     </div>
                     <div>
                        <b>Duration: </b>24s
                        
                     </div>
                  </div>
               </td>
            </tr>
            <tr>
               <td colspan="4" class="detailsBox">
                  <div id="Mo_course.join_moke_addtomoke_byClass_FAIL1_exception"
                       class="testMethodDetails">
                     <pre style="padding: 5px; margin: 0;">org.openqa.selenium.NoSuchElementException: no such element: Unable to locate element: {"method":"link text","selector":"参与磨课"}
                        (Session info: chrome=59.0.3071.115)
                        (Driver info: chromedriver=2.27.440174 (e97a722caafc2d3a8b807ee115bfb307f7d2cfd9),platform=Windows NT 10.0.15063 x86_64) (WARNING:
                        The server did not provide any stacktrace information)
                        Command duration or timeout: 15.09 seconds
                        For documentation on this error, please visit: http://seleniumhq.org/exceptions/no_such_element.html
                        Build info: version: '2.53.1', revision: 'a36b8b1', time: '2016-06-30 17:37:03'
                        System info: host: 'chenziyang', ip: '192.168.1.46', os.name: 'Windows NT (unknown)', os.arch: 'x86', os.version: '6.2', java.version:
                        '1.7.0_01'
                        *** Element info: {Using=link text, value=参与磨课}
                        Session ID: d1f069e765b336f4d3d2726a9e3627e9
                        Driver info: org.openqa.selenium.chrome.ChromeDriver
                        Capabilities [{platform=WIN8, acceptSslCerts=true, javascriptEnabled=true, browserName=chrome, chrome={userDataDir=C:\Users\ziyang\AppData\Local\Temp\scoped_dir3956_19935,
                        chromedriverVersion=2.27.440174 (e97a722caafc2d3a8b807ee115bfb307f7d2cfd9)}, networkConnectionEnabled=false, unexpectedAlertBehaviour=,
                        rotatable=false, locationContextEnabled=true, mobileEmulationEnabled=false, version=59.0.3071.115, pageLoadStrategy=normal,
                        takesHeapSnapshot=true, cssSelectorsEnabled=true, databaseEnabled=false, handlesAlerts=true, browserConnectionEnabled=false,
                        webStorageEnabled=true, nativeEvents=true, hasTouchScreen=false, applicationCacheEnabled=false, takesScreenshot=true}]
                        	at sun.reflect.NativeConstructorAccessorImpl.newInstance0(Native Method)
                        	at sun.reflect.NativeConstructorAccessorImpl.newInstance(NativeConstructorAccessorImpl.java:57)
                        	at sun.reflect.DelegatingConstructorAccessorImpl.newInstance(DelegatingConstructorAccessorImpl.java:45)
                        	at java.lang.reflect.Constructor.newInstance(Constructor.java:525)
                        	at org.openqa.selenium.remote.ErrorHandler.createThrowable(ErrorHandler.java:206)
                        	at org.openqa.selenium.remote.ErrorHandler.throwIfResponseFailed(ErrorHandler.java:158)
                        	at org.openqa.selenium.remote.RemoteWebDriver.execute(RemoteWebDriver.java:678)
                        	at org.openqa.selenium.remote.RemoteWebDriver.findElement(RemoteWebDriver.java:363)
                        	at org.openqa.selenium.remote.RemoteWebDriver.findElementByLinkText(RemoteWebDriver.java:428)
                        	at org.openqa.selenium.By$ByLinkText.findElement(By.java:246)
                        	at org.openqa.selenium.remote.RemoteWebDriver.findElement(RemoteWebDriver.java:355)
                        	at Mo_course.join_moke.addtomoke(join_moke.java:32)
                        	at sun.reflect.NativeMethodAccessorImpl.invoke0(Native Method)
                        	at sun.reflect.NativeMethodAccessorImpl.invoke(NativeMethodAccessorImpl.java:57)
                        	at sun.reflect.DelegatingMethodAccessorImpl.invoke(DelegatingMethodAccessorImpl.java:43)
                        	at java.lang.reflect.Method.invoke(Method.java:601)
                        	at org.testng.internal.MethodInvocationHelper.invokeMethod(MethodInvocationHelper.java:85)
                        	at org.testng.internal.Invoker.invokeMethod(Invoker.java:639)
                        	at org.testng.internal.Invoker.invokeTestMethod(Invoker.java:816)
                        	at org.testng.internal.Invoker.invokeTestMethods(Invoker.java:1124)
                        	at org.testng.internal.TestMethodWorker.invokeTestMethods(TestMethodWorker.java:125)
                        	at org.testng.internal.TestMethodWorker.run(TestMethodWorker.java:108)
                        	at org.testng.TestRunner.privateRun(TestRunner.java:774)
                        	at org.testng.TestRunner.run(TestRunner.java:624)
                        	at org.testng.SuiteRunner.runTest(SuiteRunner.java:359)
                        	at org.testng.SuiteRunner.access$000(SuiteRunner.java:39)
                        	at org.testng.SuiteRunner$SuiteWorker.run(SuiteRunner.java:393)
                        	at org.testng.internal.thread.ThreadUtil$2.call(ThreadUtil.java:64)
                        	at java.util.concurrent.FutureTask$Sync.innerRun(FutureTask.java:334)
                        	at java.util.concurrent.FutureTask.run(FutureTask.java:166)
                        	at java.util.concurrent.ThreadPoolExecutor.runWorker(ThreadPoolExecutor.java:1110)
                        	at java.util.concurrent.ThreadPoolExecutor$Worker.run(ThreadPoolExecutor.java:603)
                        	at java.lang.Thread.run(Thread.java:722)
                     </pre>
                  </div>
               </td>
            </tr>
         </table>
         <br></br>
         <table class="testMethodsTable" cellpadding="0" cellspacing="0">
            <tr>
               <td colspan="4">
                  <h3 style="display: inline;">Mo_course.Publish_moke</h3>
               </td>
            </tr>
            <tr class="methodsTableHeader">
               <td width="100%">Name</td>
               <td nowrap="true">Started</td>
               <td nowrap="true">Duration</td>
               <td>Exception</td>
            </tr>
            <tr id="Mo_course.Publish_moke_publish_moke_byClass_PASS1_row"
                class="testMethodStatusPASS">
               <td width="100%" class="firstMethodCell">
                  <a onclick="toggleDetailsVisibility('Mo_course.Publish_moke_publish_moke_byClass_PASS1_details')">publish_moke(devteacher
                     
                     ,
                     
                     3edc$RFV
                     
                     ,
                     
                     C:/Program Files (x86)/Mozilla Firefox/uploadFile.exe
                     
                     ,
                     
                     C:/Program Files (x86)/Mozilla Firefox/uploadVideo.exe)
                  </a>
               </td>
               <td nowrap="true">13:09:46</td>
               <td nowrap="true" align="right">1m
                  21s
                  
               </td>
               <td nowrap="true">
                   
                  
               </td>
            </tr>
            <tr>
               <td colspan="4" class="detailsBox">
                  <div id="Mo_course.Publish_moke_publish_moke_byClass_PASS1_details"
                       class="testMethodDetails">
                     <div>
                        <b>Name: </b>publish_moke
                     </div>
                     <div>
                        <b>Signature: </b>publish_moke(java.lang.String, java.lang.String, java.lang.String, java.lang.String)[pri:0, instance:Mo_course.Publish_moke@79ad3f]
                     </div>
                     <div>
                        <b>Parameters: </b>
                        
                        devteacher
                        
                        ,
                        
                        3edc$RFV
                        
                        ,
                        
                        C:/Program Files (x86)/Mozilla Firefox/uploadFile.exe
                        
                        ,
                        
                        C:/Program Files (x86)/Mozilla Firefox/uploadVideo.exe
                        
                        
                     </div>
                     <div>
                        <b>Start time: </b>13:09:46
                     </div>
                     <div>
                        <b>End time: </b>13:11:08
                     </div>
                     <div>
                        <b>Duration: </b>1m
                        21s
                        
                     </div>
                  </div>
               </td>
            </tr>
            <tr></tr>
         </table>
         <br></br>
      </div>
      <div style="margin-top: 15px; color: gray; text-align: center; font-size: 9px;">
         Generated with
         
         <a href="http://code.google.com/p/testng-xslt/" style="color: #8888aa;"
            target="_blank">
            TestNG XSLT
            
         </a>
      </div>
   </body>
</html>