<html xmlns:math="http://exslt.org/math" xmlns:testng="http://testng.org">
   <head>
      <title>TestNG Results</title>
      <meta http-equiv="content-type" content="text/html; charset=utf-8"></meta>
      <meta http-equiv="pragma" content="no-cache"></meta>
      <meta http-equiv="cache-control" content="max-age=0"></meta>
      <meta http-equiv="cache-control" content="no-cache"></meta>
      <meta http-equiv="cache-control" content="no-store"></meta>
      <LINK rel="stylesheet" href="style.css"></LINK>
      <script type="text/javascript" src="main.js"></script>
   </head>
   <body>
      <table width="100%" style="font-size: 16px; margin-bottom: 10px;" cellspacing="1">
         <tr>
            <td width="100%">
               Test case
               
               <b>备课流程测试</b>
            </td>
            <td style="background-color: #FFBBBB; padding: 3px 3px 3px 0;" align="center">
               <div style="width: 50px;">3</div>
            </td>
            <td style="background-color: lightgreen; padding: 3px 3px 3px 0;" align="center">
               <div style="width: 50px;">0</div>
            </td>
            <td style="background-color: #FFFFBB; padding: 3px 3px 3px 0;" align="center">
               <div style="width: 50px;">0</div>
            </td>
            <td align="center" style="background-color: #eaf0f7; padding: 3px 3px 3px 0;">
               <div style="width: 50px;">3</div>
            </td>
            <td align="center"
                style="font-weight: bold; background-color: #eaf0f7; padding: 3px 3px 3px 0;">
               <div style="width: 50px;">0%</div>
            </td>
            <td style="background-color: #eaf0f7; padding: 3px 3px 3px 0;" align="center"
                nowrap="true">1m
               10s
               
            </td>
         </tr>
      </table>
      <div style="width: 200px;">
         <label for="groupMethodsCheckBox" style="font-weight: bold; margin: 0;">
            <input id="groupMethodsCheckBox" type="checkbox" onclick="switchTestMethodsView(this)"
                   checked=""></input>
            Group by class
            
         </label>
         <br></br>
         <label for="methodsFilter_ALL" style="font-weight: bold; margin: 0;">
            <input id="methodsFilter_ALL" type="checkbox"
                   onclick="testMethodsFilterChanged(this, 'ALL')"
                   checked=""></input>
            All
            
         </label>
      </div>
      <label for="methodsFilter_FAIL" style="margin-left: 20px;">
         <input id="methodsFilter_FAIL" type="checkbox"
                onclick="testMethodsFilterChanged(this, 'FAIL')"
                checked=""></input>
         Failed
         
      </label>
      <label for="methodsFilter_PASS">
         <input id="methodsFilter_PASS" type="checkbox"
                onclick="testMethodsFilterChanged(this, 'PASS')"
                checked=""></input>
         Passed
         
      </label>
      <label for="methodsFilter_SKIP">
         <input id="methodsFilter_SKIP" type="checkbox"
                onclick="testMethodsFilterChanged(this, 'SKIP')"
                checked=""></input>
         Skipped
         
      </label>
      <label for="methodsFilter_CONF">
         <input id="methodsFilter_CONF" type="checkbox"
                onclick="testMethodsFilterChanged(this, 'CONF')"
                checked=""></input>
         Config
         
      </label>
      <br></br>
      <div id="testMethodsByStatus" style="display: none;">
         <table class="testMethodsTable" cellpadding="0" cellspacing="0">
            <tr class="methodsTableHeader">
               <td width="100%">Name</td>
               <td nowrap="true">Started</td>
               <td nowrap="true">Duration</td>
               <td>Exception</td>
            </tr>
            <tr id="Backup_Course.publish_bcourse_read_beker_byStatus_failed_FAIL1_row"
                class="testMethodStatusFAIL">
               <td width="100%" class="firstMethodCell">
                  <a onclick="toggleDetailsVisibility('Backup_Course.publish_bcourse_read_beker_byStatus_failed_FAIL1_details')">read_beker(devzhuanjia
                     
                     ,
                     
                     3edc$RFV
                     
                     ,
                     
                     C:/Program Files (x86)/Mozilla Firefox/uploadFile.exe
                     
                     ,
                     
                     C:/Program Files (x86)/Mozilla Firefox/uploadVideo.exe)
                  </a>
               </td>
               <td nowrap="true">15:33:21</td>
               <td nowrap="true" align="right">16s
                  
               </td>
               <td nowrap="true">
                  <a onclick="toggleDetailsVisibility('Backup_Course.publish_bcourse_read_beker_byStatus_failed_FAIL1_exception')">org.openqa.selenium.UnhandledAlertException: 
                     unexpected alert open: {Alert text : 你需要安装Player 9.028或更高的版本。}
                     (Session info: chrome=63.0.3239.84)
                     (Driver info: chromedriver=2.34.522940 (1a76f96f66e3ca7b8e57d503b4dd3bccfba87af1),platform=Windows NT 10.0.16299 x86_64) (WARNING:
                     The server did not provide any stacktrace information)
                     Command duration or timeout: 2 milliseconds: null
                     Build info: version: '2.53.1', revision: 'a36b8b1', time: '2016-06-30 17:37:03'
                     System info: host: 'Wzy', ip: '192.168.0.106', os.name: 'Windows 10', os.arch: 'amd64', os.version: '10.0', java.version:
                     '1.8.0_144'
                     Driver info: org.openqa.selenium.chrome.ChromeDriver
                     Capabilities [{applicationCacheEnabled=false, rotatable=false, mobileEmulationEnabled=false, networkConnectionEnabled=false,
                     chrome={chromedriverVersion=2.34.522940 (1a76f96f66e3ca7b8e57d503b4dd3bccfba87af1), userDataDir=C:\Users\ADMINI~1\AppData\Local\Temp\scoped_dir31340_1046},
                     takesHeapSnapshot=true, pageLoadStrategy=normal, databaseEnabled=false, handlesAlerts=true, hasTouchScreen=false, version=63.0.3239.84,
                     platform=XP, browserConnectionEnabled=false, nativeEvents=true, acceptSslCerts=true, locationContextEnabled=true, webStorageEnabled=true,
                     browserName=chrome, takesScreenshot=true, javascriptEnabled=true, cssSelectorsEnabled=true, setWindowRect=true, unexpectedAlertBehaviour=}]
                     Session ID: ca6fad7313be2e8d3b64ed1bd22ddf86
                     *** Element info: {Using=id, value=teachingplanTitle}: null
                     Build info: version: '2.53.1', revision: 'a36b8b1', time: '2016-06-30 17:37:03'
                     System info: host: 'chenziyang', ip: '192.168.1.38', os.name: 'Windows NT (unknown)', os.arch: 'x86', os.version: '6.2', java.version:
                     '1.7.0_01'
                     *** Element info: {Using=id, value=teachingplanTitle}
                     Session ID: bf022278-4668-4d06-b093-c3d471c93c5b
                     Driver info: org.openqa.selenium.remote.RemoteWebDriver
                     Capabilities [{platform=XP, javascriptEnabled=true, acceptSslCerts=true, browserName=chrome, chrome={userDataDir=C:\Users\ADMINI~1\AppData\Local\Temp\scoped_dir31340_1046,
                     chromedriverVersion=2.34.522940 (1a76f96f66e3ca7b8e57d503b4dd3bccfba87af1)}, networkConnectionEnabled=false, unexpectedAlertBehaviour=,
                     rotatable=false, setWindowRect=true, locationContextEnabled=true, mobileEmulationEnabled=false, webdriver.remote.sessionid=bf022278-4668-4d06-b093-c3d471c93c5b,
                     version=63.0.3239.84, pageLoadStrategy=normal, takesHeapSnapshot=true, cssSelectorsEnabled=true, databaseEnabled=false, handlesAlerts=true,
                     browserConnectionEnabled=false, webStorageEnabled=true, nativeEvents=true, hasTouchScreen=false, applicationCacheEnabled=false,
                     takesScreenshot=true}]
                     
                  </a>
                   
                  
               </td>
            </tr>
            <tr>
               <td colspan="4" class="detailsBox">
                  <div id="Backup_Course.publish_bcourse_read_beker_byStatus_failed_FAIL1_details"
                       class="testMethodDetails">
                     <div>
                        <b>Name: </b>read_beker
                     </div>
                     <div>
                        <b>Signature: </b>read_beker(java.lang.String, java.lang.String, java.lang.String, java.lang.String)[pri:0, instance:Backup_Course.publish_bcourse@1e5a36]
                     </div>
                     <div>
                        <b>Parameters: </b>
                        
                        devzhuanjia
                        
                        ,
                        
                        3edc$RFV
                        
                        ,
                        
                        C:/Program Files (x86)/Mozilla Firefox/uploadFile.exe
                        
                        ,
                        
                        C:/Program Files (x86)/Mozilla Firefox/uploadVideo.exe
                        
                        
                     </div>
                     <div>
                        <b>Start time: </b>15:33:21
                     </div>
                     <div>
                        <b>End time: </b>15:33:38
                     </div>
                     <div>
                        <b>Duration: </b>16s
                        
                     </div>
                  </div>
               </td>
            </tr>
            <tr>
               <td colspan="4" class="detailsBox">
                  <div id="Backup_Course.publish_bcourse_read_beker_byStatus_failed_FAIL1_exception"
                       class="testMethodDetails">
                     <pre style="padding: 5px; margin: 0;">org.openqa.selenium.UnhandledAlertException: unexpected alert open: {Alert text : 你需要安装Player 9.028或更高的版本。}
                        (Session info: chrome=63.0.3239.84)
                        (Driver info: chromedriver=2.34.522940 (1a76f96f66e3ca7b8e57d503b4dd3bccfba87af1),platform=Windows NT 10.0.16299 x86_64) (WARNING:
                        The server did not provide any stacktrace information)
                        Command duration or timeout: 2 milliseconds: null
                        Build info: version: '2.53.1', revision: 'a36b8b1', time: '2016-06-30 17:37:03'
                        System info: host: 'Wzy', ip: '192.168.0.106', os.name: 'Windows 10', os.arch: 'amd64', os.version: '10.0', java.version:
                        '1.8.0_144'
                        Driver info: org.openqa.selenium.chrome.ChromeDriver
                        Capabilities [{applicationCacheEnabled=false, rotatable=false, mobileEmulationEnabled=false, networkConnectionEnabled=false,
                        chrome={chromedriverVersion=2.34.522940 (1a76f96f66e3ca7b8e57d503b4dd3bccfba87af1), userDataDir=C:\Users\ADMINI~1\AppData\Local\Temp\scoped_dir31340_1046},
                        takesHeapSnapshot=true, pageLoadStrategy=normal, databaseEnabled=false, handlesAlerts=true, hasTouchScreen=false, version=63.0.3239.84,
                        platform=XP, browserConnectionEnabled=false, nativeEvents=true, acceptSslCerts=true, locationContextEnabled=true, webStorageEnabled=true,
                        browserName=chrome, takesScreenshot=true, javascriptEnabled=true, cssSelectorsEnabled=true, setWindowRect=true, unexpectedAlertBehaviour=}]
                        Session ID: ca6fad7313be2e8d3b64ed1bd22ddf86
                        *** Element info: {Using=id, value=teachingplanTitle}: null
                        Build info: version: '2.53.1', revision: 'a36b8b1', time: '2016-06-30 17:37:03'
                        System info: host: 'chenziyang', ip: '192.168.1.38', os.name: 'Windows NT (unknown)', os.arch: 'x86', os.version: '6.2', java.version:
                        '1.7.0_01'
                        *** Element info: {Using=id, value=teachingplanTitle}
                        Session ID: bf022278-4668-4d06-b093-c3d471c93c5b
                        Driver info: org.openqa.selenium.remote.RemoteWebDriver
                        Capabilities [{platform=XP, javascriptEnabled=true, acceptSslCerts=true, browserName=chrome, chrome={userDataDir=C:\Users\ADMINI~1\AppData\Local\Temp\scoped_dir31340_1046,
                        chromedriverVersion=2.34.522940 (1a76f96f66e3ca7b8e57d503b4dd3bccfba87af1)}, networkConnectionEnabled=false, unexpectedAlertBehaviour=,
                        rotatable=false, setWindowRect=true, locationContextEnabled=true, mobileEmulationEnabled=false, webdriver.remote.sessionid=bf022278-4668-4d06-b093-c3d471c93c5b,
                        version=63.0.3239.84, pageLoadStrategy=normal, takesHeapSnapshot=true, cssSelectorsEnabled=true, databaseEnabled=false, handlesAlerts=true,
                        browserConnectionEnabled=false, webStorageEnabled=true, nativeEvents=true, hasTouchScreen=false, applicationCacheEnabled=false,
                        takesScreenshot=true}]
                        	at sun.reflect.NativeConstructorAccessorImpl.newInstance0(Native Method)
                        	at sun.reflect.NativeConstructorAccessorImpl.newInstance(NativeConstructorAccessorImpl.java:57)
                        	at sun.reflect.DelegatingConstructorAccessorImpl.newInstance(DelegatingConstructorAccessorImpl.java:45)
                        	at java.lang.reflect.Constructor.newInstance(Constructor.java:525)
                        	at org.openqa.selenium.remote.ErrorHandler.createThrowable(ErrorHandler.java:206)
                        	at org.openqa.selenium.remote.ErrorHandler.createUnhandledAlertException(ErrorHandler.java:187)
                        	at org.openqa.selenium.remote.ErrorHandler.throwIfResponseFailed(ErrorHandler.java:154)
                        	at org.openqa.selenium.remote.RemoteWebDriver.execute(RemoteWebDriver.java:678)
                        	at org.openqa.selenium.remote.RemoteWebDriver.findElement(RemoteWebDriver.java:363)
                        	at org.openqa.selenium.remote.RemoteWebDriver.findElementById(RemoteWebDriver.java:413)
                        	at org.openqa.selenium.By$ById.findElement(By.java:218)
                        	at org.openqa.selenium.remote.RemoteWebDriver.findElement(RemoteWebDriver.java:355)
                        	at Backup_Course.publish_bcourse.read_beker(publish_bcourse.java:29)
                        	at sun.reflect.NativeMethodAccessorImpl.invoke0(Native Method)
                        	at sun.reflect.NativeMethodAccessorImpl.invoke(NativeMethodAccessorImpl.java:57)
                        	at sun.reflect.DelegatingMethodAccessorImpl.invoke(DelegatingMethodAccessorImpl.java:43)
                        	at java.lang.reflect.Method.invoke(Method.java:601)
                        	at org.testng.internal.MethodInvocationHelper.invokeMethod(MethodInvocationHelper.java:85)
                        	at org.testng.internal.Invoker.invokeMethod(Invoker.java:639)
                        	at org.testng.internal.Invoker.invokeTestMethod(Invoker.java:816)
                        	at org.testng.internal.Invoker.invokeTestMethods(Invoker.java:1124)
                        	at org.testng.internal.TestMethodWorker.invokeTestMethods(TestMethodWorker.java:125)
                        	at org.testng.internal.TestMethodWorker.run(TestMethodWorker.java:108)
                        	at org.testng.TestRunner.privateRun(TestRunner.java:774)
                        	at org.testng.TestRunner.run(TestRunner.java:624)
                        	at org.testng.SuiteRunner.runTest(SuiteRunner.java:359)
                        	at org.testng.SuiteRunner.access$000(SuiteRunner.java:39)
                        	at org.testng.SuiteRunner$SuiteWorker.run(SuiteRunner.java:393)
                        	at org.testng.internal.thread.ThreadUtil$2.call(ThreadUtil.java:64)
                        	at java.util.concurrent.FutureTask$Sync.innerRun(FutureTask.java:334)
                        	at java.util.concurrent.FutureTask.run(FutureTask.java:166)
                        	at java.util.concurrent.ThreadPoolExecutor.runWorker(ThreadPoolExecutor.java:1110)
                        	at java.util.concurrent.ThreadPoolExecutor$Worker.run(ThreadPoolExecutor.java:603)
                        	at java.lang.Thread.run(Thread.java:722)
                     </pre>
                  </div>
               </td>
            </tr>
            <tr id="Backup_Course.making_read_byStatus_failed_FAIL2_row"
                class="testMethodStatusFAIL">
               <td width="100%" class="firstMethodCell">
                  <a onclick="toggleDetailsVisibility('Backup_Course.making_read_byStatus_failed_FAIL2_details')">read(devzhuanjia
                     
                     ,
                     
                     3edc$RFV
                     
                     ,
                     
                     C:/Program Files (x86)/Mozilla Firefox/uploadFile.exe
                     
                     ,
                     
                     C:/Program Files (x86)/Mozilla Firefox/uploadVideo.exe)
                  </a>
               </td>
               <td nowrap="true">15:34:01</td>
               <td nowrap="true" align="right">30s
                  
               </td>
               <td nowrap="true">
                  <a onclick="toggleDetailsVisibility('Backup_Course.making_read_byStatus_failed_FAIL2_exception')">org.openqa.selenium.NoSuchElementException: 
                     no such element: Unable to locate element: {"method":"xpath","selector":"(//a[contains(text(),'查看详情')])[1]"}
                     (Session info: chrome=63.0.3239.84)
                     (Driver info: chromedriver=2.34.522940 (1a76f96f66e3ca7b8e57d503b4dd3bccfba87af1),platform=Windows NT 10.0.16299 x86_64) (WARNING:
                     The server did not provide any stacktrace information)
                     Command duration or timeout: 15.06 seconds
                     For documentation on this error, please visit: http://seleniumhq.org/exceptions/no_such_element.html
                     Build info: version: '2.53.1', revision: 'a36b8b1', time: '2016-06-30 17:37:03'
                     System info: host: 'Wzy', ip: '192.168.0.106', os.name: 'Windows 10', os.arch: 'amd64', os.version: '10.0', java.version:
                     '1.8.0_144'
                     Driver info: org.openqa.selenium.chrome.ChromeDriver
                     Capabilities [{applicationCacheEnabled=false, rotatable=false, mobileEmulationEnabled=false, networkConnectionEnabled=false,
                     chrome={chromedriverVersion=2.34.522940 (1a76f96f66e3ca7b8e57d503b4dd3bccfba87af1), userDataDir=C:\Users\ADMINI~1\AppData\Local\Temp\scoped_dir33160_15955},
                     takesHeapSnapshot=true, pageLoadStrategy=normal, databaseEnabled=false, handlesAlerts=true, hasTouchScreen=false, version=63.0.3239.84,
                     platform=XP, browserConnectionEnabled=false, nativeEvents=true, acceptSslCerts=true, locationContextEnabled=true, webStorageEnabled=true,
                     browserName=chrome, takesScreenshot=true, javascriptEnabled=true, cssSelectorsEnabled=true, setWindowRect=true, unexpectedAlertBehaviour=}]
                     Session ID: 30b2e0173e897232f9f6bd783847bd0b
                     *** Element info: {Using=xpath, value=(//a[contains(text(),'查看详情')])[1]}
                     Command duration or timeout: 15.54 seconds
                     For documentation on this error, please visit: http://seleniumhq.org/exceptions/no_such_element.html
                     Build info: version: '2.53.1', revision: 'a36b8b1', time: '2016-06-30 17:37:03'
                     System info: host: 'chenziyang', ip: '192.168.1.38', os.name: 'Windows NT (unknown)', os.arch: 'x86', os.version: '6.2', java.version:
                     '1.7.0_01'
                     *** Element info: {Using=xpath, value=(//a[contains(text(),'查看详情')])[1]}
                     Session ID: d23b09bc-cf27-4053-b098-703da222512d
                     Driver info: org.openqa.selenium.remote.RemoteWebDriver
                     Capabilities [{platform=XP, javascriptEnabled=true, acceptSslCerts=true, browserName=chrome, chrome={userDataDir=C:\Users\ADMINI~1\AppData\Local\Temp\scoped_dir33160_15955,
                     chromedriverVersion=2.34.522940 (1a76f96f66e3ca7b8e57d503b4dd3bccfba87af1)}, networkConnectionEnabled=false, unexpectedAlertBehaviour=,
                     rotatable=false, setWindowRect=true, locationContextEnabled=true, mobileEmulationEnabled=false, webdriver.remote.sessionid=d23b09bc-cf27-4053-b098-703da222512d,
                     version=63.0.3239.84, pageLoadStrategy=normal, takesHeapSnapshot=true, cssSelectorsEnabled=true, databaseEnabled=false, handlesAlerts=true,
                     browserConnectionEnabled=false, webStorageEnabled=true, nativeEvents=true, hasTouchScreen=false, applicationCacheEnabled=false,
                     takesScreenshot=true}]
                     
                  </a>
                   
                  
               </td>
            </tr>
            <tr>
               <td colspan="4" class="detailsBox">
                  <div id="Backup_Course.making_read_byStatus_failed_FAIL2_details"
                       class="testMethodDetails">
                     <div>
                        <b>Name: </b>read
                     </div>
                     <div>
                        <b>Signature: </b>read(java.lang.String, java.lang.String, java.lang.String, java.lang.String)[pri:0, instance:Backup_Course.making@17b1683]
                     </div>
                     <div>
                        <b>Parameters: </b>
                        
                        devzhuanjia
                        
                        ,
                        
                        3edc$RFV
                        
                        ,
                        
                        C:/Program Files (x86)/Mozilla Firefox/uploadFile.exe
                        
                        ,
                        
                        C:/Program Files (x86)/Mozilla Firefox/uploadVideo.exe
                        
                        
                     </div>
                     <div>
                        <b>Start time: </b>15:34:01
                     </div>
                     <div>
                        <b>End time: </b>15:34:32
                     </div>
                     <div>
                        <b>Duration: </b>30s
                        
                     </div>
                  </div>
               </td>
            </tr>
            <tr>
               <td colspan="4" class="detailsBox">
                  <div id="Backup_Course.making_read_byStatus_failed_FAIL2_exception"
                       class="testMethodDetails">
                     <pre style="padding: 5px; margin: 0;">org.openqa.selenium.NoSuchElementException: no such element: Unable to locate element: {"method":"xpath","selector":"(//a[contains(text(),'查看详情')])[1]"}
                        (Session info: chrome=63.0.3239.84)
                        (Driver info: chromedriver=2.34.522940 (1a76f96f66e3ca7b8e57d503b4dd3bccfba87af1),platform=Windows NT 10.0.16299 x86_64) (WARNING:
                        The server did not provide any stacktrace information)
                        Command duration or timeout: 15.06 seconds
                        For documentation on this error, please visit: http://seleniumhq.org/exceptions/no_such_element.html
                        Build info: version: '2.53.1', revision: 'a36b8b1', time: '2016-06-30 17:37:03'
                        System info: host: 'Wzy', ip: '192.168.0.106', os.name: 'Windows 10', os.arch: 'amd64', os.version: '10.0', java.version:
                        '1.8.0_144'
                        Driver info: org.openqa.selenium.chrome.ChromeDriver
                        Capabilities [{applicationCacheEnabled=false, rotatable=false, mobileEmulationEnabled=false, networkConnectionEnabled=false,
                        chrome={chromedriverVersion=2.34.522940 (1a76f96f66e3ca7b8e57d503b4dd3bccfba87af1), userDataDir=C:\Users\ADMINI~1\AppData\Local\Temp\scoped_dir33160_15955},
                        takesHeapSnapshot=true, pageLoadStrategy=normal, databaseEnabled=false, handlesAlerts=true, hasTouchScreen=false, version=63.0.3239.84,
                        platform=XP, browserConnectionEnabled=false, nativeEvents=true, acceptSslCerts=true, locationContextEnabled=true, webStorageEnabled=true,
                        browserName=chrome, takesScreenshot=true, javascriptEnabled=true, cssSelectorsEnabled=true, setWindowRect=true, unexpectedAlertBehaviour=}]
                        Session ID: 30b2e0173e897232f9f6bd783847bd0b
                        *** Element info: {Using=xpath, value=(//a[contains(text(),'查看详情')])[1]}
                        Command duration or timeout: 15.54 seconds
                        For documentation on this error, please visit: http://seleniumhq.org/exceptions/no_such_element.html
                        Build info: version: '2.53.1', revision: 'a36b8b1', time: '2016-06-30 17:37:03'
                        System info: host: 'chenziyang', ip: '192.168.1.38', os.name: 'Windows NT (unknown)', os.arch: 'x86', os.version: '6.2', java.version:
                        '1.7.0_01'
                        *** Element info: {Using=xpath, value=(//a[contains(text(),'查看详情')])[1]}
                        Session ID: d23b09bc-cf27-4053-b098-703da222512d
                        Driver info: org.openqa.selenium.remote.RemoteWebDriver
                        Capabilities [{platform=XP, javascriptEnabled=true, acceptSslCerts=true, browserName=chrome, chrome={userDataDir=C:\Users\ADMINI~1\AppData\Local\Temp\scoped_dir33160_15955,
                        chromedriverVersion=2.34.522940 (1a76f96f66e3ca7b8e57d503b4dd3bccfba87af1)}, networkConnectionEnabled=false, unexpectedAlertBehaviour=,
                        rotatable=false, setWindowRect=true, locationContextEnabled=true, mobileEmulationEnabled=false, webdriver.remote.sessionid=d23b09bc-cf27-4053-b098-703da222512d,
                        version=63.0.3239.84, pageLoadStrategy=normal, takesHeapSnapshot=true, cssSelectorsEnabled=true, databaseEnabled=false, handlesAlerts=true,
                        browserConnectionEnabled=false, webStorageEnabled=true, nativeEvents=true, hasTouchScreen=false, applicationCacheEnabled=false,
                        takesScreenshot=true}]
                        	at sun.reflect.NativeConstructorAccessorImpl.newInstance0(Native Method)
                        	at sun.reflect.NativeConstructorAccessorImpl.newInstance(NativeConstructorAccessorImpl.java:57)
                        	at sun.reflect.DelegatingConstructorAccessorImpl.newInstance(DelegatingConstructorAccessorImpl.java:45)
                        	at java.lang.reflect.Constructor.newInstance(Constructor.java:525)
                        	at org.openqa.selenium.remote.ErrorHandler.createThrowable(ErrorHandler.java:206)
                        	at org.openqa.selenium.remote.ErrorHandler.throwIfResponseFailed(ErrorHandler.java:158)
                        	at org.openqa.selenium.remote.RemoteWebDriver.execute(RemoteWebDriver.java:678)
                        	at org.openqa.selenium.remote.RemoteWebDriver.findElement(RemoteWebDriver.java:363)
                        	at org.openqa.selenium.remote.RemoteWebDriver.findElementByXPath(RemoteWebDriver.java:500)
                        	at org.openqa.selenium.By$ByXPath.findElement(By.java:361)
                        	at org.openqa.selenium.remote.RemoteWebDriver.findElement(RemoteWebDriver.java:355)
                        	at Backup_Course.making.read(making.java:24)
                        	at sun.reflect.NativeMethodAccessorImpl.invoke0(Native Method)
                        	at sun.reflect.NativeMethodAccessorImpl.invoke(NativeMethodAccessorImpl.java:57)
                        	at sun.reflect.DelegatingMethodAccessorImpl.invoke(DelegatingMethodAccessorImpl.java:43)
                        	at java.lang.reflect.Method.invoke(Method.java:601)
                        	at org.testng.internal.MethodInvocationHelper.invokeMethod(MethodInvocationHelper.java:85)
                        	at org.testng.internal.Invoker.invokeMethod(Invoker.java:639)
                        	at org.testng.internal.Invoker.invokeTestMethod(Invoker.java:816)
                        	at org.testng.internal.Invoker.invokeTestMethods(Invoker.java:1124)
                        	at org.testng.internal.TestMethodWorker.invokeTestMethods(TestMethodWorker.java:125)
                        	at org.testng.internal.TestMethodWorker.run(TestMethodWorker.java:108)
                        	at org.testng.TestRunner.privateRun(TestRunner.java:774)
                        	at org.testng.TestRunner.run(TestRunner.java:624)
                        	at org.testng.SuiteRunner.runTest(SuiteRunner.java:359)
                        	at org.testng.SuiteRunner.access$000(SuiteRunner.java:39)
                        	at org.testng.SuiteRunner$SuiteWorker.run(SuiteRunner.java:393)
                        	at org.testng.internal.thread.ThreadUtil$2.call(ThreadUtil.java:64)
                        	at java.util.concurrent.FutureTask$Sync.innerRun(FutureTask.java:334)
                        	at java.util.concurrent.FutureTask.run(FutureTask.java:166)
                        	at java.util.concurrent.ThreadPoolExecutor.runWorker(ThreadPoolExecutor.java:1110)
                        	at java.util.concurrent.ThreadPoolExecutor$Worker.run(ThreadPoolExecutor.java:603)
                        	at java.lang.Thread.run(Thread.java:722)
                        Caused by: org.openqa.selenium.remote.ScreenshotException: Screen shot has been taken
                        Build info: version: '2.53.1', revision: 'a36b8b1', time: '2016-06-30 17:37:03'
                        System info: host: 'chenziyang', ip: '192.168.1.38', os.name: 'Windows NT (unknown)', os.arch: 'x86', os.version: '6.2', java.version:
                        '1.7.0_01'
                        Driver info: driver.version: RemoteWebDriver
                        	at org.openqa.selenium.remote.ErrorHandler.throwIfResponseFailed(ErrorHandler.java:138)
                        	... 27 more
                        Caused by: org.openqa.selenium.NoSuchElementException: no such element: Unable to locate element: {"method":"xpath","selector":"(//a[contains(text(),'查看详情')])[1]"}
                        (Session info: chrome=63.0.3239.84)
                        (Driver info: chromedriver=2.34.522940 (1a76f96f66e3ca7b8e57d503b4dd3bccfba87af1),platform=Windows NT 10.0.16299 x86_64) (WARNING:
                        The server did not provide any stacktrace information)
                        Command duration or timeout: 15.06 seconds
                        For documentation on this error, please visit: http://seleniumhq.org/exceptions/no_such_element.html
                        Build info: version: '2.53.1', revision: 'a36b8b1', time: '2016-06-30 17:37:03'
                        System info: host: 'Wzy', ip: '192.168.0.106', os.name: 'Windows 10', os.arch: 'amd64', os.version: '10.0', java.version:
                        '1.8.0_144'
                        Driver info: org.openqa.selenium.chrome.ChromeDriver
                        Capabilities [{applicationCacheEnabled=false, rotatable=false, mobileEmulationEnabled=false, networkConnectionEnabled=false,
                        chrome={chromedriverVersion=2.34.522940 (1a76f96f66e3ca7b8e57d503b4dd3bccfba87af1), userDataDir=C:\Users\ADMINI~1\AppData\Local\Temp\scoped_dir33160_15955},
                        takesHeapSnapshot=true, pageLoadStrategy=normal, databaseEnabled=false, handlesAlerts=true, hasTouchScreen=false, version=63.0.3239.84,
                        platform=XP, browserConnectionEnabled=false, nativeEvents=true, acceptSslCerts=true, locationContextEnabled=true, webStorageEnabled=true,
                        browserName=chrome, takesScreenshot=true, javascriptEnabled=true, cssSelectorsEnabled=true, setWindowRect=true, unexpectedAlertBehaviour=}]
                        Session ID: 30b2e0173e897232f9f6bd783847bd0b
                        *** Element info: {Using=xpath, value=(//a[contains(text(),'查看详情')])[1]}
                        For documentation on this error, please visit: http://seleniumhq.org/exceptions/no_such_element.html
                        Build info: version: '2.53.1', revision: 'a36b8b1', time: '2016-06-30 17:37:03'
                        System info: host: 'chenziyang', ip: '192.168.1.38', os.name: 'Windows NT (unknown)', os.arch: 'x86', os.version: '6.2', java.version:
                        '1.7.0_01'
                        Driver info: driver.version: EventFiringWebDriver
                        	at sun.reflect.NativeConstructorAccessorImpl.newInstance0(Native Method)
                        	at sun.reflect.NativeConstructorAccessorImpl.newInstance(Unknown Source)
                        	at sun.reflect.DelegatingConstructorAccessorImpl.newInstance(Unknown Source)
                        	at java.lang.reflect.Constructor.newInstance(Unknown Source)
                        	at org.openqa.selenium.remote.ErrorHandler.createThrowable(ErrorHandler.java:206)
                        	at org.openqa.selenium.remote.ErrorHandler.throwIfResponseFailed(ErrorHandler.java:158)
                        	at org.openqa.selenium.remote.RemoteWebDriver.execute(RemoteWebDriver.java:678)
                        	at org.openqa.selenium.remote.RemoteWebDriver.findElement(RemoteWebDriver.java:363)
                        	at org.openqa.selenium.remote.RemoteWebDriver.findElementByXPath(RemoteWebDriver.java:500)
                        	at org.openqa.selenium.By$ByXPath.findElement(By.java:361)
                        	at org.openqa.selenium.remote.RemoteWebDriver.findElement(RemoteWebDriver.java:355)
                        	at sun.reflect.NativeMethodAccessorImpl.invoke0(Native Method)
                        	at sun.reflect.NativeMethodAccessorImpl.invoke(Unknown Source)
                        	at sun.reflect.DelegatingMethodAccessorImpl.invoke(Unknown Source)
                        	at java.lang.reflect.Method.invoke(Unknown Source)
                        	at org.openqa.selenium.support.events.EventFiringWebDriver$2.invoke(EventFiringWebDriver.java:103)
                        	at com.sun.proxy.$Proxy1.findElement(Unknown Source)
                        	at org.openqa.selenium.support.events.EventFiringWebDriver.findElement(EventFiringWebDriver.java:188)
                        	at org.openqa.selenium.remote.server.handler.FindElement.call(FindElement.java:48)
                        	at org.openqa.selenium.remote.server.handler.FindElement.call(FindElement.java:1)
                        	at java.util.concurrent.FutureTask.run(Unknown Source)
                        	at org.openqa.selenium.remote.server.DefaultSession$1.run(DefaultSession.java:176)
                        	at java.util.concurrent.ThreadPoolExecutor.runWorker(Unknown Source)
                        	at java.util.concurrent.ThreadPoolExecutor$Worker.run(Unknown Source)
                        	at java.lang.Thread.run(Unknown Source)
                     </pre>
                  </div>
               </td>
            </tr>
            <tr id="Backup_Course.Join_bCourse_join_bCourse_byStatus_failed_FAIL3_row"
                class="testMethodStatusFAIL">
               <td width="100%" class="firstMethodCell">
                  <a onclick="toggleDetailsVisibility('Backup_Course.Join_bCourse_join_bCourse_byStatus_failed_FAIL3_details')">join_bCourse(devstudent1
                     
                     ,
                     
                     aaaaaaaa
                     
                     ,
                     
                     C:/Program Files (x86)/Mozilla Firefox/uploadFile.exe
                     
                     ,
                     
                     C:/Program Files (x86)/Mozilla Firefox/uploadVideo.exe)
                  </a>
               </td>
               <td nowrap="true">15:33:38</td>
               <td nowrap="true" align="right">23s
                  
               </td>
               <td nowrap="true">
                  <a onclick="toggleDetailsVisibility('Backup_Course.Join_bCourse_join_bCourse_byStatus_failed_FAIL3_exception')">org.openqa.selenium.NoSuchElementException: 
                     no such element: Unable to locate element: {"method":"xpath","selector":"(//a[contains(text(),'去学习')])[1]"}
                     (Session info: chrome=63.0.3239.84)
                     (Driver info: chromedriver=2.34.522940 (1a76f96f66e3ca7b8e57d503b4dd3bccfba87af1),platform=Windows NT 10.0.16299 x86_64) (WARNING:
                     The server did not provide any stacktrace information)
                     Command duration or timeout: 15.02 seconds
                     For documentation on this error, please visit: http://seleniumhq.org/exceptions/no_such_element.html
                     Build info: version: '2.53.1', revision: 'a36b8b1', time: '2016-06-30 17:37:03'
                     System info: host: 'Wzy', ip: '192.168.0.106', os.name: 'Windows 10', os.arch: 'amd64', os.version: '10.0', java.version:
                     '1.8.0_144'
                     Driver info: org.openqa.selenium.chrome.ChromeDriver
                     Capabilities [{applicationCacheEnabled=false, rotatable=false, mobileEmulationEnabled=false, networkConnectionEnabled=false,
                     chrome={chromedriverVersion=2.34.522940 (1a76f96f66e3ca7b8e57d503b4dd3bccfba87af1), userDataDir=C:\Users\ADMINI~1\AppData\Local\Temp\scoped_dir31404_4136},
                     takesHeapSnapshot=true, pageLoadStrategy=normal, databaseEnabled=false, handlesAlerts=true, hasTouchScreen=false, version=63.0.3239.84,
                     platform=XP, browserConnectionEnabled=false, nativeEvents=true, acceptSslCerts=true, locationContextEnabled=true, webStorageEnabled=true,
                     browserName=chrome, takesScreenshot=true, javascriptEnabled=true, cssSelectorsEnabled=true, setWindowRect=true, unexpectedAlertBehaviour=}]
                     Session ID: 641827c4c590369f5f0f14cae724fea9
                     *** Element info: {Using=xpath, value=(//a[contains(text(),'去学习')])[1]}
                     Command duration or timeout: 15.63 seconds
                     For documentation on this error, please visit: http://seleniumhq.org/exceptions/no_such_element.html
                     Build info: version: '2.53.1', revision: 'a36b8b1', time: '2016-06-30 17:37:03'
                     System info: host: 'chenziyang', ip: '192.168.1.38', os.name: 'Windows NT (unknown)', os.arch: 'x86', os.version: '6.2', java.version:
                     '1.7.0_01'
                     *** Element info: {Using=xpath, value=(//a[contains(text(),'去学习')])[1]}
                     Session ID: 67edad5d-8cd9-4582-ab01-64594e0c793c
                     Driver info: org.openqa.selenium.remote.RemoteWebDriver
                     Capabilities [{platform=XP, javascriptEnabled=true, acceptSslCerts=true, browserName=chrome, chrome={userDataDir=C:\Users\ADMINI~1\AppData\Local\Temp\scoped_dir31404_4136,
                     chromedriverVersion=2.34.522940 (1a76f96f66e3ca7b8e57d503b4dd3bccfba87af1)}, networkConnectionEnabled=false, unexpectedAlertBehaviour=,
                     rotatable=false, setWindowRect=true, locationContextEnabled=true, mobileEmulationEnabled=false, webdriver.remote.sessionid=67edad5d-8cd9-4582-ab01-64594e0c793c,
                     version=63.0.3239.84, pageLoadStrategy=normal, takesHeapSnapshot=true, cssSelectorsEnabled=true, databaseEnabled=false, handlesAlerts=true,
                     browserConnectionEnabled=false, webStorageEnabled=true, nativeEvents=true, hasTouchScreen=false, applicationCacheEnabled=false,
                     takesScreenshot=true}]
                     
                  </a>
                   
                  
               </td>
            </tr>
            <tr>
               <td colspan="4" class="detailsBox">
                  <div id="Backup_Course.Join_bCourse_join_bCourse_byStatus_failed_FAIL3_details"
                       class="testMethodDetails">
                     <div>
                        <b>Name: </b>join_bCourse
                     </div>
                     <div>
                        <b>Signature: </b>join_bCourse(java.lang.String, java.lang.String, java.lang.String, java.lang.String)[pri:0, instance:Backup_Course.Join_bCourse@b4bb65]
                     </div>
                     <div>
                        <b>Parameters: </b>
                        
                        devstudent1
                        
                        ,
                        
                        aaaaaaaa
                        
                        ,
                        
                        C:/Program Files (x86)/Mozilla Firefox/uploadFile.exe
                        
                        ,
                        
                        C:/Program Files (x86)/Mozilla Firefox/uploadVideo.exe
                        
                        
                     </div>
                     <div>
                        <b>Start time: </b>15:33:38
                     </div>
                     <div>
                        <b>End time: </b>15:34:01
                     </div>
                     <div>
                        <b>Duration: </b>23s
                        
                     </div>
                  </div>
               </td>
            </tr>
            <tr>
               <td colspan="4" class="detailsBox">
                  <div id="Backup_Course.Join_bCourse_join_bCourse_byStatus_failed_FAIL3_exception"
                       class="testMethodDetails">
                     <pre style="padding: 5px; margin: 0;">org.openqa.selenium.NoSuchElementException: no such element: Unable to locate element: {"method":"xpath","selector":"(//a[contains(text(),'去学习')])[1]"}
                        (Session info: chrome=63.0.3239.84)
                        (Driver info: chromedriver=2.34.522940 (1a76f96f66e3ca7b8e57d503b4dd3bccfba87af1),platform=Windows NT 10.0.16299 x86_64) (WARNING:
                        The server did not provide any stacktrace information)
                        Command duration or timeout: 15.02 seconds
                        For documentation on this error, please visit: http://seleniumhq.org/exceptions/no_such_element.html
                        Build info: version: '2.53.1', revision: 'a36b8b1', time: '2016-06-30 17:37:03'
                        System info: host: 'Wzy', ip: '192.168.0.106', os.name: 'Windows 10', os.arch: 'amd64', os.version: '10.0', java.version:
                        '1.8.0_144'
                        Driver info: org.openqa.selenium.chrome.ChromeDriver
                        Capabilities [{applicationCacheEnabled=false, rotatable=false, mobileEmulationEnabled=false, networkConnectionEnabled=false,
                        chrome={chromedriverVersion=2.34.522940 (1a76f96f66e3ca7b8e57d503b4dd3bccfba87af1), userDataDir=C:\Users\ADMINI~1\AppData\Local\Temp\scoped_dir31404_4136},
                        takesHeapSnapshot=true, pageLoadStrategy=normal, databaseEnabled=false, handlesAlerts=true, hasTouchScreen=false, version=63.0.3239.84,
                        platform=XP, browserConnectionEnabled=false, nativeEvents=true, acceptSslCerts=true, locationContextEnabled=true, webStorageEnabled=true,
                        browserName=chrome, takesScreenshot=true, javascriptEnabled=true, cssSelectorsEnabled=true, setWindowRect=true, unexpectedAlertBehaviour=}]
                        Session ID: 641827c4c590369f5f0f14cae724fea9
                        *** Element info: {Using=xpath, value=(//a[contains(text(),'去学习')])[1]}
                        Command duration or timeout: 15.63 seconds
                        For documentation on this error, please visit: http://seleniumhq.org/exceptions/no_such_element.html
                        Build info: version: '2.53.1', revision: 'a36b8b1', time: '2016-06-30 17:37:03'
                        System info: host: 'chenziyang', ip: '192.168.1.38', os.name: 'Windows NT (unknown)', os.arch: 'x86', os.version: '6.2', java.version:
                        '1.7.0_01'
                        *** Element info: {Using=xpath, value=(//a[contains(text(),'去学习')])[1]}
                        Session ID: 67edad5d-8cd9-4582-ab01-64594e0c793c
                        Driver info: org.openqa.selenium.remote.RemoteWebDriver
                        Capabilities [{platform=XP, javascriptEnabled=true, acceptSslCerts=true, browserName=chrome, chrome={userDataDir=C:\Users\ADMINI~1\AppData\Local\Temp\scoped_dir31404_4136,
                        chromedriverVersion=2.34.522940 (1a76f96f66e3ca7b8e57d503b4dd3bccfba87af1)}, networkConnectionEnabled=false, unexpectedAlertBehaviour=,
                        rotatable=false, setWindowRect=true, locationContextEnabled=true, mobileEmulationEnabled=false, webdriver.remote.sessionid=67edad5d-8cd9-4582-ab01-64594e0c793c,
                        version=63.0.3239.84, pageLoadStrategy=normal, takesHeapSnapshot=true, cssSelectorsEnabled=true, databaseEnabled=false, handlesAlerts=true,
                        browserConnectionEnabled=false, webStorageEnabled=true, nativeEvents=true, hasTouchScreen=false, applicationCacheEnabled=false,
                        takesScreenshot=true}]
                        	at sun.reflect.NativeConstructorAccessorImpl.newInstance0(Native Method)
                        	at sun.reflect.NativeConstructorAccessorImpl.newInstance(NativeConstructorAccessorImpl.java:57)
                        	at sun.reflect.DelegatingConstructorAccessorImpl.newInstance(DelegatingConstructorAccessorImpl.java:45)
                        	at java.lang.reflect.Constructor.newInstance(Constructor.java:525)
                        	at org.openqa.selenium.remote.ErrorHandler.createThrowable(ErrorHandler.java:206)
                        	at org.openqa.selenium.remote.ErrorHandler.throwIfResponseFailed(ErrorHandler.java:158)
                        	at org.openqa.selenium.remote.RemoteWebDriver.execute(RemoteWebDriver.java:678)
                        	at org.openqa.selenium.remote.RemoteWebDriver.findElement(RemoteWebDriver.java:363)
                        	at org.openqa.selenium.remote.RemoteWebDriver.findElementByXPath(RemoteWebDriver.java:500)
                        	at org.openqa.selenium.By$ByXPath.findElement(By.java:361)
                        	at org.openqa.selenium.remote.RemoteWebDriver.findElement(RemoteWebDriver.java:355)
                        	at uti.Uti.ChromeBrowser_setup(Uti.java:28)
                        	at Backup_Course.Join_bCourse.join_bCourse(Join_bCourse.java:24)
                        	at sun.reflect.NativeMethodAccessorImpl.invoke0(Native Method)
                        	at sun.reflect.NativeMethodAccessorImpl.invoke(NativeMethodAccessorImpl.java:57)
                        	at sun.reflect.DelegatingMethodAccessorImpl.invoke(DelegatingMethodAccessorImpl.java:43)
                        	at java.lang.reflect.Method.invoke(Method.java:601)
                        	at org.testng.internal.MethodInvocationHelper.invokeMethod(MethodInvocationHelper.java:85)
                        	at org.testng.internal.Invoker.invokeMethod(Invoker.java:639)
                        	at org.testng.internal.Invoker.invokeTestMethod(Invoker.java:816)
                        	at org.testng.internal.Invoker.invokeTestMethods(Invoker.java:1124)
                        	at org.testng.internal.TestMethodWorker.invokeTestMethods(TestMethodWorker.java:125)
                        	at org.testng.internal.TestMethodWorker.run(TestMethodWorker.java:108)
                        	at org.testng.TestRunner.privateRun(TestRunner.java:774)
                        	at org.testng.TestRunner.run(TestRunner.java:624)
                        	at org.testng.SuiteRunner.runTest(SuiteRunner.java:359)
                        	at org.testng.SuiteRunner.access$000(SuiteRunner.java:39)
                        	at org.testng.SuiteRunner$SuiteWorker.run(SuiteRunner.java:393)
                        	at org.testng.internal.thread.ThreadUtil$2.call(ThreadUtil.java:64)
                        	at java.util.concurrent.FutureTask$Sync.innerRun(FutureTask.java:334)
                        	at java.util.concurrent.FutureTask.run(FutureTask.java:166)
                        	at java.util.concurrent.ThreadPoolExecutor.runWorker(ThreadPoolExecutor.java:1110)
                        	at java.util.concurrent.ThreadPoolExecutor$Worker.run(ThreadPoolExecutor.java:603)
                        	at java.lang.Thread.run(Thread.java:722)
                        Caused by: org.openqa.selenium.remote.ScreenshotException: Screen shot has been taken
                        Build info: version: '2.53.1', revision: 'a36b8b1', time: '2016-06-30 17:37:03'
                        System info: host: 'chenziyang', ip: '192.168.1.38', os.name: 'Windows NT (unknown)', os.arch: 'x86', os.version: '6.2', java.version:
                        '1.7.0_01'
                        Driver info: driver.version: RemoteWebDriver
                        	at org.openqa.selenium.remote.ErrorHandler.throwIfResponseFailed(ErrorHandler.java:138)
                        	... 28 more
                        Caused by: org.openqa.selenium.NoSuchElementException: no such element: Unable to locate element: {"method":"xpath","selector":"(//a[contains(text(),'去学习')])[1]"}
                        (Session info: chrome=63.0.3239.84)
                        (Driver info: chromedriver=2.34.522940 (1a76f96f66e3ca7b8e57d503b4dd3bccfba87af1),platform=Windows NT 10.0.16299 x86_64) (WARNING:
                        The server did not provide any stacktrace information)
                        Command duration or timeout: 15.02 seconds
                        For documentation on this error, please visit: http://seleniumhq.org/exceptions/no_such_element.html
                        Build info: version: '2.53.1', revision: 'a36b8b1', time: '2016-06-30 17:37:03'
                        System info: host: 'Wzy', ip: '192.168.0.106', os.name: 'Windows 10', os.arch: 'amd64', os.version: '10.0', java.version:
                        '1.8.0_144'
                        Driver info: org.openqa.selenium.chrome.ChromeDriver
                        Capabilities [{applicationCacheEnabled=false, rotatable=false, mobileEmulationEnabled=false, networkConnectionEnabled=false,
                        chrome={chromedriverVersion=2.34.522940 (1a76f96f66e3ca7b8e57d503b4dd3bccfba87af1), userDataDir=C:\Users\ADMINI~1\AppData\Local\Temp\scoped_dir31404_4136},
                        takesHeapSnapshot=true, pageLoadStrategy=normal, databaseEnabled=false, handlesAlerts=true, hasTouchScreen=false, version=63.0.3239.84,
                        platform=XP, browserConnectionEnabled=false, nativeEvents=true, acceptSslCerts=true, locationContextEnabled=true, webStorageEnabled=true,
                        browserName=chrome, takesScreenshot=true, javascriptEnabled=true, cssSelectorsEnabled=true, setWindowRect=true, unexpectedAlertBehaviour=}]
                        Session ID: 641827c4c590369f5f0f14cae724fea9
                        *** Element info: {Using=xpath, value=(//a[contains(text(),'去学习')])[1]}
                        For documentation on this error, please visit: http://seleniumhq.org/exceptions/no_such_element.html
                        Build info: version: '2.53.1', revision: 'a36b8b1', time: '2016-06-30 17:37:03'
                        System info: host: 'chenziyang', ip: '192.168.1.38', os.name: 'Windows NT (unknown)', os.arch: 'x86', os.version: '6.2', java.version:
                        '1.7.0_01'
                        Driver info: driver.version: EventFiringWebDriver
                        	at sun.reflect.NativeConstructorAccessorImpl.newInstance0(Native Method)
                        	at sun.reflect.NativeConstructorAccessorImpl.newInstance(Unknown Source)
                        	at sun.reflect.DelegatingConstructorAccessorImpl.newInstance(Unknown Source)
                        	at java.lang.reflect.Constructor.newInstance(Unknown Source)
                        	at org.openqa.selenium.remote.ErrorHandler.createThrowable(ErrorHandler.java:206)
                        	at org.openqa.selenium.remote.ErrorHandler.throwIfResponseFailed(ErrorHandler.java:158)
                        	at org.openqa.selenium.remote.RemoteWebDriver.execute(RemoteWebDriver.java:678)
                        	at org.openqa.selenium.remote.RemoteWebDriver.findElement(RemoteWebDriver.java:363)
                        	at org.openqa.selenium.remote.RemoteWebDriver.findElementByXPath(RemoteWebDriver.java:500)
                        	at org.openqa.selenium.By$ByXPath.findElement(By.java:361)
                        	at org.openqa.selenium.remote.RemoteWebDriver.findElement(RemoteWebDriver.java:355)
                        	at sun.reflect.NativeMethodAccessorImpl.invoke0(Native Method)
                        	at sun.reflect.NativeMethodAccessorImpl.invoke(Unknown Source)
                        	at sun.reflect.DelegatingMethodAccessorImpl.invoke(Unknown Source)
                        	at java.lang.reflect.Method.invoke(Unknown Source)
                        	at org.openqa.selenium.support.events.EventFiringWebDriver$2.invoke(EventFiringWebDriver.java:103)
                        	at com.sun.proxy.$Proxy1.findElement(Unknown Source)
                        	at org.openqa.selenium.support.events.EventFiringWebDriver.findElement(EventFiringWebDriver.java:188)
                        	at org.openqa.selenium.remote.server.handler.FindElement.call(FindElement.java:48)
                        	at org.openqa.selenium.remote.server.handler.FindElement.call(FindElement.java:1)
                        	at java.util.concurrent.FutureTask.run(Unknown Source)
                        	at org.openqa.selenium.remote.server.DefaultSession$1.run(DefaultSession.java:176)
                        	at java.util.concurrent.ThreadPoolExecutor.runWorker(Unknown Source)
                        	at java.util.concurrent.ThreadPoolExecutor$Worker.run(Unknown Source)
                        	at java.lang.Thread.run(Unknown Source)
                     </pre>
                  </div>
               </td>
            </tr>
         </table>
      </div>
      <div id="testMethodsByClass">
         <table class="testMethodsTable" cellpadding="0" cellspacing="0">
            <tr>
               <td colspan="4">
                  <h3 style="display: inline;">Backup_Course.Join_bCourse</h3>
               </td>
            </tr>
            <tr class="methodsTableHeader">
               <td width="100%">Name</td>
               <td nowrap="true">Started</td>
               <td nowrap="true">Duration</td>
               <td>Exception</td>
            </tr>
            <tr id="Backup_Course.Join_bCourse_join_bCourse_byClass_FAIL1_row"
                class="testMethodStatusFAIL">
               <td width="100%" class="firstMethodCell">
                  <a onclick="toggleDetailsVisibility('Backup_Course.Join_bCourse_join_bCourse_byClass_FAIL1_details')">join_bCourse(devstudent1
                     
                     ,
                     
                     aaaaaaaa
                     
                     ,
                     
                     C:/Program Files (x86)/Mozilla Firefox/uploadFile.exe
                     
                     ,
                     
                     C:/Program Files (x86)/Mozilla Firefox/uploadVideo.exe)
                  </a>
               </td>
               <td nowrap="true">15:33:38</td>
               <td nowrap="true" align="right">23s
                  
               </td>
               <td nowrap="true">
                  <a onclick="toggleDetailsVisibility('Backup_Course.Join_bCourse_join_bCourse_byClass_FAIL1_exception')">org.openqa.selenium.NoSuchElementException: 
                     no such element: Unable to locate element: {"method":"xpath","selector":"(//a[contains(text(),'去学习')])[1]"}
                     (Session info: chrome=63.0.3239.84)
                     (Driver info: chromedriver=2.34.522940 (1a76f96f66e3ca7b8e57d503b4dd3bccfba87af1),platform=Windows NT 10.0.16299 x86_64) (WARNING:
                     The server did not provide any stacktrace information)
                     Command duration or timeout: 15.02 seconds
                     For documentation on this error, please visit: http://seleniumhq.org/exceptions/no_such_element.html
                     Build info: version: '2.53.1', revision: 'a36b8b1', time: '2016-06-30 17:37:03'
                     System info: host: 'Wzy', ip: '192.168.0.106', os.name: 'Windows 10', os.arch: 'amd64', os.version: '10.0', java.version:
                     '1.8.0_144'
                     Driver info: org.openqa.selenium.chrome.ChromeDriver
                     Capabilities [{applicationCacheEnabled=false, rotatable=false, mobileEmulationEnabled=false, networkConnectionEnabled=false,
                     chrome={chromedriverVersion=2.34.522940 (1a76f96f66e3ca7b8e57d503b4dd3bccfba87af1), userDataDir=C:\Users\ADMINI~1\AppData\Local\Temp\scoped_dir31404_4136},
                     takesHeapSnapshot=true, pageLoadStrategy=normal, databaseEnabled=false, handlesAlerts=true, hasTouchScreen=false, version=63.0.3239.84,
                     platform=XP, browserConnectionEnabled=false, nativeEvents=true, acceptSslCerts=true, locationContextEnabled=true, webStorageEnabled=true,
                     browserName=chrome, takesScreenshot=true, javascriptEnabled=true, cssSelectorsEnabled=true, setWindowRect=true, unexpectedAlertBehaviour=}]
                     Session ID: 641827c4c590369f5f0f14cae724fea9
                     *** Element info: {Using=xpath, value=(//a[contains(text(),'去学习')])[1]}
                     Command duration or timeout: 15.63 seconds
                     For documentation on this error, please visit: http://seleniumhq.org/exceptions/no_such_element.html
                     Build info: version: '2.53.1', revision: 'a36b8b1', time: '2016-06-30 17:37:03'
                     System info: host: 'chenziyang', ip: '192.168.1.38', os.name: 'Windows NT (unknown)', os.arch: 'x86', os.version: '6.2', java.version:
                     '1.7.0_01'
                     *** Element info: {Using=xpath, value=(//a[contains(text(),'去学习')])[1]}
                     Session ID: 67edad5d-8cd9-4582-ab01-64594e0c793c
                     Driver info: org.openqa.selenium.remote.RemoteWebDriver
                     Capabilities [{platform=XP, javascriptEnabled=true, acceptSslCerts=true, browserName=chrome, chrome={userDataDir=C:\Users\ADMINI~1\AppData\Local\Temp\scoped_dir31404_4136,
                     chromedriverVersion=2.34.522940 (1a76f96f66e3ca7b8e57d503b4dd3bccfba87af1)}, networkConnectionEnabled=false, unexpectedAlertBehaviour=,
                     rotatable=false, setWindowRect=true, locationContextEnabled=true, mobileEmulationEnabled=false, webdriver.remote.sessionid=67edad5d-8cd9-4582-ab01-64594e0c793c,
                     version=63.0.3239.84, pageLoadStrategy=normal, takesHeapSnapshot=true, cssSelectorsEnabled=true, databaseEnabled=false, handlesAlerts=true,
                     browserConnectionEnabled=false, webStorageEnabled=true, nativeEvents=true, hasTouchScreen=false, applicationCacheEnabled=false,
                     takesScreenshot=true}]
                     
                  </a>
                   
                  
               </td>
            </tr>
            <tr>
               <td colspan="4" class="detailsBox">
                  <div id="Backup_Course.Join_bCourse_join_bCourse_byClass_FAIL1_details"
                       class="testMethodDetails">
                     <div>
                        <b>Name: </b>join_bCourse
                     </div>
                     <div>
                        <b>Signature: </b>join_bCourse(java.lang.String, java.lang.String, java.lang.String, java.lang.String)[pri:0, instance:Backup_Course.Join_bCourse@b4bb65]
                     </div>
                     <div>
                        <b>Parameters: </b>
                        
                        devstudent1
                        
                        ,
                        
                        aaaaaaaa
                        
                        ,
                        
                        C:/Program Files (x86)/Mozilla Firefox/uploadFile.exe
                        
                        ,
                        
                        C:/Program Files (x86)/Mozilla Firefox/uploadVideo.exe
                        
                        
                     </div>
                     <div>
                        <b>Start time: </b>15:33:38
                     </div>
                     <div>
                        <b>End time: </b>15:34:01
                     </div>
                     <div>
                        <b>Duration: </b>23s
                        
                     </div>
                  </div>
               </td>
            </tr>
            <tr>
               <td colspan="4" class="detailsBox">
                  <div id="Backup_Course.Join_bCourse_join_bCourse_byClass_FAIL1_exception"
                       class="testMethodDetails">
                     <pre style="padding: 5px; margin: 0;">org.openqa.selenium.NoSuchElementException: no such element: Unable to locate element: {"method":"xpath","selector":"(//a[contains(text(),'去学习')])[1]"}
                        (Session info: chrome=63.0.3239.84)
                        (Driver info: chromedriver=2.34.522940 (1a76f96f66e3ca7b8e57d503b4dd3bccfba87af1),platform=Windows NT 10.0.16299 x86_64) (WARNING:
                        The server did not provide any stacktrace information)
                        Command duration or timeout: 15.02 seconds
                        For documentation on this error, please visit: http://seleniumhq.org/exceptions/no_such_element.html
                        Build info: version: '2.53.1', revision: 'a36b8b1', time: '2016-06-30 17:37:03'
                        System info: host: 'Wzy', ip: '192.168.0.106', os.name: 'Windows 10', os.arch: 'amd64', os.version: '10.0', java.version:
                        '1.8.0_144'
                        Driver info: org.openqa.selenium.chrome.ChromeDriver
                        Capabilities [{applicationCacheEnabled=false, rotatable=false, mobileEmulationEnabled=false, networkConnectionEnabled=false,
                        chrome={chromedriverVersion=2.34.522940 (1a76f96f66e3ca7b8e57d503b4dd3bccfba87af1), userDataDir=C:\Users\ADMINI~1\AppData\Local\Temp\scoped_dir31404_4136},
                        takesHeapSnapshot=true, pageLoadStrategy=normal, databaseEnabled=false, handlesAlerts=true, hasTouchScreen=false, version=63.0.3239.84,
                        platform=XP, browserConnectionEnabled=false, nativeEvents=true, acceptSslCerts=true, locationContextEnabled=true, webStorageEnabled=true,
                        browserName=chrome, takesScreenshot=true, javascriptEnabled=true, cssSelectorsEnabled=true, setWindowRect=true, unexpectedAlertBehaviour=}]
                        Session ID: 641827c4c590369f5f0f14cae724fea9
                        *** Element info: {Using=xpath, value=(//a[contains(text(),'去学习')])[1]}
                        Command duration or timeout: 15.63 seconds
                        For documentation on this error, please visit: http://seleniumhq.org/exceptions/no_such_element.html
                        Build info: version: '2.53.1', revision: 'a36b8b1', time: '2016-06-30 17:37:03'
                        System info: host: 'chenziyang', ip: '192.168.1.38', os.name: 'Windows NT (unknown)', os.arch: 'x86', os.version: '6.2', java.version:
                        '1.7.0_01'
                        *** Element info: {Using=xpath, value=(//a[contains(text(),'去学习')])[1]}
                        Session ID: 67edad5d-8cd9-4582-ab01-64594e0c793c
                        Driver info: org.openqa.selenium.remote.RemoteWebDriver
                        Capabilities [{platform=XP, javascriptEnabled=true, acceptSslCerts=true, browserName=chrome, chrome={userDataDir=C:\Users\ADMINI~1\AppData\Local\Temp\scoped_dir31404_4136,
                        chromedriverVersion=2.34.522940 (1a76f96f66e3ca7b8e57d503b4dd3bccfba87af1)}, networkConnectionEnabled=false, unexpectedAlertBehaviour=,
                        rotatable=false, setWindowRect=true, locationContextEnabled=true, mobileEmulationEnabled=false, webdriver.remote.sessionid=67edad5d-8cd9-4582-ab01-64594e0c793c,
                        version=63.0.3239.84, pageLoadStrategy=normal, takesHeapSnapshot=true, cssSelectorsEnabled=true, databaseEnabled=false, handlesAlerts=true,
                        browserConnectionEnabled=false, webStorageEnabled=true, nativeEvents=true, hasTouchScreen=false, applicationCacheEnabled=false,
                        takesScreenshot=true}]
                        	at sun.reflect.NativeConstructorAccessorImpl.newInstance0(Native Method)
                        	at sun.reflect.NativeConstructorAccessorImpl.newInstance(NativeConstructorAccessorImpl.java:57)
                        	at sun.reflect.DelegatingConstructorAccessorImpl.newInstance(DelegatingConstructorAccessorImpl.java:45)
                        	at java.lang.reflect.Constructor.newInstance(Constructor.java:525)
                        	at org.openqa.selenium.remote.ErrorHandler.createThrowable(ErrorHandler.java:206)
                        	at org.openqa.selenium.remote.ErrorHandler.throwIfResponseFailed(ErrorHandler.java:158)
                        	at org.openqa.selenium.remote.RemoteWebDriver.execute(RemoteWebDriver.java:678)
                        	at org.openqa.selenium.remote.RemoteWebDriver.findElement(RemoteWebDriver.java:363)
                        	at org.openqa.selenium.remote.RemoteWebDriver.findElementByXPath(RemoteWebDriver.java:500)
                        	at org.openqa.selenium.By$ByXPath.findElement(By.java:361)
                        	at org.openqa.selenium.remote.RemoteWebDriver.findElement(RemoteWebDriver.java:355)
                        	at uti.Uti.ChromeBrowser_setup(Uti.java:28)
                        	at Backup_Course.Join_bCourse.join_bCourse(Join_bCourse.java:24)
                        	at sun.reflect.NativeMethodAccessorImpl.invoke0(Native Method)
                        	at sun.reflect.NativeMethodAccessorImpl.invoke(NativeMethodAccessorImpl.java:57)
                        	at sun.reflect.DelegatingMethodAccessorImpl.invoke(DelegatingMethodAccessorImpl.java:43)
                        	at java.lang.reflect.Method.invoke(Method.java:601)
                        	at org.testng.internal.MethodInvocationHelper.invokeMethod(MethodInvocationHelper.java:85)
                        	at org.testng.internal.Invoker.invokeMethod(Invoker.java:639)
                        	at org.testng.internal.Invoker.invokeTestMethod(Invoker.java:816)
                        	at org.testng.internal.Invoker.invokeTestMethods(Invoker.java:1124)
                        	at org.testng.internal.TestMethodWorker.invokeTestMethods(TestMethodWorker.java:125)
                        	at org.testng.internal.TestMethodWorker.run(TestMethodWorker.java:108)
                        	at org.testng.TestRunner.privateRun(TestRunner.java:774)
                        	at org.testng.TestRunner.run(TestRunner.java:624)
                        	at org.testng.SuiteRunner.runTest(SuiteRunner.java:359)
                        	at org.testng.SuiteRunner.access$000(SuiteRunner.java:39)
                        	at org.testng.SuiteRunner$SuiteWorker.run(SuiteRunner.java:393)
                        	at org.testng.internal.thread.ThreadUtil$2.call(ThreadUtil.java:64)
                        	at java.util.concurrent.FutureTask$Sync.innerRun(FutureTask.java:334)
                        	at java.util.concurrent.FutureTask.run(FutureTask.java:166)
                        	at java.util.concurrent.ThreadPoolExecutor.runWorker(ThreadPoolExecutor.java:1110)
                        	at java.util.concurrent.ThreadPoolExecutor$Worker.run(ThreadPoolExecutor.java:603)
                        	at java.lang.Thread.run(Thread.java:722)
                        Caused by: org.openqa.selenium.remote.ScreenshotException: Screen shot has been taken
                        Build info: version: '2.53.1', revision: 'a36b8b1', time: '2016-06-30 17:37:03'
                        System info: host: 'chenziyang', ip: '192.168.1.38', os.name: 'Windows NT (unknown)', os.arch: 'x86', os.version: '6.2', java.version:
                        '1.7.0_01'
                        Driver info: driver.version: RemoteWebDriver
                        	at org.openqa.selenium.remote.ErrorHandler.throwIfResponseFailed(ErrorHandler.java:138)
                        	... 28 more
                        Caused by: org.openqa.selenium.NoSuchElementException: no such element: Unable to locate element: {"method":"xpath","selector":"(//a[contains(text(),'去学习')])[1]"}
                        (Session info: chrome=63.0.3239.84)
                        (Driver info: chromedriver=2.34.522940 (1a76f96f66e3ca7b8e57d503b4dd3bccfba87af1),platform=Windows NT 10.0.16299 x86_64) (WARNING:
                        The server did not provide any stacktrace information)
                        Command duration or timeout: 15.02 seconds
                        For documentation on this error, please visit: http://seleniumhq.org/exceptions/no_such_element.html
                        Build info: version: '2.53.1', revision: 'a36b8b1', time: '2016-06-30 17:37:03'
                        System info: host: 'Wzy', ip: '192.168.0.106', os.name: 'Windows 10', os.arch: 'amd64', os.version: '10.0', java.version:
                        '1.8.0_144'
                        Driver info: org.openqa.selenium.chrome.ChromeDriver
                        Capabilities [{applicationCacheEnabled=false, rotatable=false, mobileEmulationEnabled=false, networkConnectionEnabled=false,
                        chrome={chromedriverVersion=2.34.522940 (1a76f96f66e3ca7b8e57d503b4dd3bccfba87af1), userDataDir=C:\Users\ADMINI~1\AppData\Local\Temp\scoped_dir31404_4136},
                        takesHeapSnapshot=true, pageLoadStrategy=normal, databaseEnabled=false, handlesAlerts=true, hasTouchScreen=false, version=63.0.3239.84,
                        platform=XP, browserConnectionEnabled=false, nativeEvents=true, acceptSslCerts=true, locationContextEnabled=true, webStorageEnabled=true,
                        browserName=chrome, takesScreenshot=true, javascriptEnabled=true, cssSelectorsEnabled=true, setWindowRect=true, unexpectedAlertBehaviour=}]
                        Session ID: 641827c4c590369f5f0f14cae724fea9
                        *** Element info: {Using=xpath, value=(//a[contains(text(),'去学习')])[1]}
                        For documentation on this error, please visit: http://seleniumhq.org/exceptions/no_such_element.html
                        Build info: version: '2.53.1', revision: 'a36b8b1', time: '2016-06-30 17:37:03'
                        System info: host: 'chenziyang', ip: '192.168.1.38', os.name: 'Windows NT (unknown)', os.arch: 'x86', os.version: '6.2', java.version:
                        '1.7.0_01'
                        Driver info: driver.version: EventFiringWebDriver
                        	at sun.reflect.NativeConstructorAccessorImpl.newInstance0(Native Method)
                        	at sun.reflect.NativeConstructorAccessorImpl.newInstance(Unknown Source)
                        	at sun.reflect.DelegatingConstructorAccessorImpl.newInstance(Unknown Source)
                        	at java.lang.reflect.Constructor.newInstance(Unknown Source)
                        	at org.openqa.selenium.remote.ErrorHandler.createThrowable(ErrorHandler.java:206)
                        	at org.openqa.selenium.remote.ErrorHandler.throwIfResponseFailed(ErrorHandler.java:158)
                        	at org.openqa.selenium.remote.RemoteWebDriver.execute(RemoteWebDriver.java:678)
                        	at org.openqa.selenium.remote.RemoteWebDriver.findElement(RemoteWebDriver.java:363)
                        	at org.openqa.selenium.remote.RemoteWebDriver.findElementByXPath(RemoteWebDriver.java:500)
                        	at org.openqa.selenium.By$ByXPath.findElement(By.java:361)
                        	at org.openqa.selenium.remote.RemoteWebDriver.findElement(RemoteWebDriver.java:355)
                        	at sun.reflect.NativeMethodAccessorImpl.invoke0(Native Method)
                        	at sun.reflect.NativeMethodAccessorImpl.invoke(Unknown Source)
                        	at sun.reflect.DelegatingMethodAccessorImpl.invoke(Unknown Source)
                        	at java.lang.reflect.Method.invoke(Unknown Source)
                        	at org.openqa.selenium.support.events.EventFiringWebDriver$2.invoke(EventFiringWebDriver.java:103)
                        	at com.sun.proxy.$Proxy1.findElement(Unknown Source)
                        	at org.openqa.selenium.support.events.EventFiringWebDriver.findElement(EventFiringWebDriver.java:188)
                        	at org.openqa.selenium.remote.server.handler.FindElement.call(FindElement.java:48)
                        	at org.openqa.selenium.remote.server.handler.FindElement.call(FindElement.java:1)
                        	at java.util.concurrent.FutureTask.run(Unknown Source)
                        	at org.openqa.selenium.remote.server.DefaultSession$1.run(DefaultSession.java:176)
                        	at java.util.concurrent.ThreadPoolExecutor.runWorker(Unknown Source)
                        	at java.util.concurrent.ThreadPoolExecutor$Worker.run(Unknown Source)
                        	at java.lang.Thread.run(Unknown Source)
                     </pre>
                  </div>
               </td>
            </tr>
         </table>
         <br></br>
         <table class="testMethodsTable" cellpadding="0" cellspacing="0">
            <tr>
               <td colspan="4">
                  <h3 style="display: inline;">Backup_Course.making</h3>
               </td>
            </tr>
            <tr class="methodsTableHeader">
               <td width="100%">Name</td>
               <td nowrap="true">Started</td>
               <td nowrap="true">Duration</td>
               <td>Exception</td>
            </tr>
            <tr id="Backup_Course.making_read_byClass_FAIL1_row" class="testMethodStatusFAIL">
               <td width="100%" class="firstMethodCell">
                  <a onclick="toggleDetailsVisibility('Backup_Course.making_read_byClass_FAIL1_details')">read(devzhuanjia
                     
                     ,
                     
                     3edc$RFV
                     
                     ,
                     
                     C:/Program Files (x86)/Mozilla Firefox/uploadFile.exe
                     
                     ,
                     
                     C:/Program Files (x86)/Mozilla Firefox/uploadVideo.exe)
                  </a>
               </td>
               <td nowrap="true">15:34:01</td>
               <td nowrap="true" align="right">30s
                  
               </td>
               <td nowrap="true">
                  <a onclick="toggleDetailsVisibility('Backup_Course.making_read_byClass_FAIL1_exception')">org.openqa.selenium.NoSuchElementException: 
                     no such element: Unable to locate element: {"method":"xpath","selector":"(//a[contains(text(),'查看详情')])[1]"}
                     (Session info: chrome=63.0.3239.84)
                     (Driver info: chromedriver=2.34.522940 (1a76f96f66e3ca7b8e57d503b4dd3bccfba87af1),platform=Windows NT 10.0.16299 x86_64) (WARNING:
                     The server did not provide any stacktrace information)
                     Command duration or timeout: 15.06 seconds
                     For documentation on this error, please visit: http://seleniumhq.org/exceptions/no_such_element.html
                     Build info: version: '2.53.1', revision: 'a36b8b1', time: '2016-06-30 17:37:03'
                     System info: host: 'Wzy', ip: '192.168.0.106', os.name: 'Windows 10', os.arch: 'amd64', os.version: '10.0', java.version:
                     '1.8.0_144'
                     Driver info: org.openqa.selenium.chrome.ChromeDriver
                     Capabilities [{applicationCacheEnabled=false, rotatable=false, mobileEmulationEnabled=false, networkConnectionEnabled=false,
                     chrome={chromedriverVersion=2.34.522940 (1a76f96f66e3ca7b8e57d503b4dd3bccfba87af1), userDataDir=C:\Users\ADMINI~1\AppData\Local\Temp\scoped_dir33160_15955},
                     takesHeapSnapshot=true, pageLoadStrategy=normal, databaseEnabled=false, handlesAlerts=true, hasTouchScreen=false, version=63.0.3239.84,
                     platform=XP, browserConnectionEnabled=false, nativeEvents=true, acceptSslCerts=true, locationContextEnabled=true, webStorageEnabled=true,
                     browserName=chrome, takesScreenshot=true, javascriptEnabled=true, cssSelectorsEnabled=true, setWindowRect=true, unexpectedAlertBehaviour=}]
                     Session ID: 30b2e0173e897232f9f6bd783847bd0b
                     *** Element info: {Using=xpath, value=(//a[contains(text(),'查看详情')])[1]}
                     Command duration or timeout: 15.54 seconds
                     For documentation on this error, please visit: http://seleniumhq.org/exceptions/no_such_element.html
                     Build info: version: '2.53.1', revision: 'a36b8b1', time: '2016-06-30 17:37:03'
                     System info: host: 'chenziyang', ip: '192.168.1.38', os.name: 'Windows NT (unknown)', os.arch: 'x86', os.version: '6.2', java.version:
                     '1.7.0_01'
                     *** Element info: {Using=xpath, value=(//a[contains(text(),'查看详情')])[1]}
                     Session ID: d23b09bc-cf27-4053-b098-703da222512d
                     Driver info: org.openqa.selenium.remote.RemoteWebDriver
                     Capabilities [{platform=XP, javascriptEnabled=true, acceptSslCerts=true, browserName=chrome, chrome={userDataDir=C:\Users\ADMINI~1\AppData\Local\Temp\scoped_dir33160_15955,
                     chromedriverVersion=2.34.522940 (1a76f96f66e3ca7b8e57d503b4dd3bccfba87af1)}, networkConnectionEnabled=false, unexpectedAlertBehaviour=,
                     rotatable=false, setWindowRect=true, locationContextEnabled=true, mobileEmulationEnabled=false, webdriver.remote.sessionid=d23b09bc-cf27-4053-b098-703da222512d,
                     version=63.0.3239.84, pageLoadStrategy=normal, takesHeapSnapshot=true, cssSelectorsEnabled=true, databaseEnabled=false, handlesAlerts=true,
                     browserConnectionEnabled=false, webStorageEnabled=true, nativeEvents=true, hasTouchScreen=false, applicationCacheEnabled=false,
                     takesScreenshot=true}]
                     
                  </a>
                   
                  
               </td>
            </tr>
            <tr>
               <td colspan="4" class="detailsBox">
                  <div id="Backup_Course.making_read_byClass_FAIL1_details" class="testMethodDetails">
                     <div>
                        <b>Name: </b>read
                     </div>
                     <div>
                        <b>Signature: </b>read(java.lang.String, java.lang.String, java.lang.String, java.lang.String)[pri:0, instance:Backup_Course.making@17b1683]
                     </div>
                     <div>
                        <b>Parameters: </b>
                        
                        devzhuanjia
                        
                        ,
                        
                        3edc$RFV
                        
                        ,
                        
                        C:/Program Files (x86)/Mozilla Firefox/uploadFile.exe
                        
                        ,
                        
                        C:/Program Files (x86)/Mozilla Firefox/uploadVideo.exe
                        
                        
                     </div>
                     <div>
                        <b>Start time: </b>15:34:01
                     </div>
                     <div>
                        <b>End time: </b>15:34:32
                     </div>
                     <div>
                        <b>Duration: </b>30s
                        
                     </div>
                  </div>
               </td>
            </tr>
            <tr>
               <td colspan="4" class="detailsBox">
                  <div id="Backup_Course.making_read_byClass_FAIL1_exception"
                       class="testMethodDetails">
                     <pre style="padding: 5px; margin: 0;">org.openqa.selenium.NoSuchElementException: no such element: Unable to locate element: {"method":"xpath","selector":"(//a[contains(text(),'查看详情')])[1]"}
                        (Session info: chrome=63.0.3239.84)
                        (Driver info: chromedriver=2.34.522940 (1a76f96f66e3ca7b8e57d503b4dd3bccfba87af1),platform=Windows NT 10.0.16299 x86_64) (WARNING:
                        The server did not provide any stacktrace information)
                        Command duration or timeout: 15.06 seconds
                        For documentation on this error, please visit: http://seleniumhq.org/exceptions/no_such_element.html
                        Build info: version: '2.53.1', revision: 'a36b8b1', time: '2016-06-30 17:37:03'
                        System info: host: 'Wzy', ip: '192.168.0.106', os.name: 'Windows 10', os.arch: 'amd64', os.version: '10.0', java.version:
                        '1.8.0_144'
                        Driver info: org.openqa.selenium.chrome.ChromeDriver
                        Capabilities [{applicationCacheEnabled=false, rotatable=false, mobileEmulationEnabled=false, networkConnectionEnabled=false,
                        chrome={chromedriverVersion=2.34.522940 (1a76f96f66e3ca7b8e57d503b4dd3bccfba87af1), userDataDir=C:\Users\ADMINI~1\AppData\Local\Temp\scoped_dir33160_15955},
                        takesHeapSnapshot=true, pageLoadStrategy=normal, databaseEnabled=false, handlesAlerts=true, hasTouchScreen=false, version=63.0.3239.84,
                        platform=XP, browserConnectionEnabled=false, nativeEvents=true, acceptSslCerts=true, locationContextEnabled=true, webStorageEnabled=true,
                        browserName=chrome, takesScreenshot=true, javascriptEnabled=true, cssSelectorsEnabled=true, setWindowRect=true, unexpectedAlertBehaviour=}]
                        Session ID: 30b2e0173e897232f9f6bd783847bd0b
                        *** Element info: {Using=xpath, value=(//a[contains(text(),'查看详情')])[1]}
                        Command duration or timeout: 15.54 seconds
                        For documentation on this error, please visit: http://seleniumhq.org/exceptions/no_such_element.html
                        Build info: version: '2.53.1', revision: 'a36b8b1', time: '2016-06-30 17:37:03'
                        System info: host: 'chenziyang', ip: '192.168.1.38', os.name: 'Windows NT (unknown)', os.arch: 'x86', os.version: '6.2', java.version:
                        '1.7.0_01'
                        *** Element info: {Using=xpath, value=(//a[contains(text(),'查看详情')])[1]}
                        Session ID: d23b09bc-cf27-4053-b098-703da222512d
                        Driver info: org.openqa.selenium.remote.RemoteWebDriver
                        Capabilities [{platform=XP, javascriptEnabled=true, acceptSslCerts=true, browserName=chrome, chrome={userDataDir=C:\Users\ADMINI~1\AppData\Local\Temp\scoped_dir33160_15955,
                        chromedriverVersion=2.34.522940 (1a76f96f66e3ca7b8e57d503b4dd3bccfba87af1)}, networkConnectionEnabled=false, unexpectedAlertBehaviour=,
                        rotatable=false, setWindowRect=true, locationContextEnabled=true, mobileEmulationEnabled=false, webdriver.remote.sessionid=d23b09bc-cf27-4053-b098-703da222512d,
                        version=63.0.3239.84, pageLoadStrategy=normal, takesHeapSnapshot=true, cssSelectorsEnabled=true, databaseEnabled=false, handlesAlerts=true,
                        browserConnectionEnabled=false, webStorageEnabled=true, nativeEvents=true, hasTouchScreen=false, applicationCacheEnabled=false,
                        takesScreenshot=true}]
                        	at sun.reflect.NativeConstructorAccessorImpl.newInstance0(Native Method)
                        	at sun.reflect.NativeConstructorAccessorImpl.newInstance(NativeConstructorAccessorImpl.java:57)
                        	at sun.reflect.DelegatingConstructorAccessorImpl.newInstance(DelegatingConstructorAccessorImpl.java:45)
                        	at java.lang.reflect.Constructor.newInstance(Constructor.java:525)
                        	at org.openqa.selenium.remote.ErrorHandler.createThrowable(ErrorHandler.java:206)
                        	at org.openqa.selenium.remote.ErrorHandler.throwIfResponseFailed(ErrorHandler.java:158)
                        	at org.openqa.selenium.remote.RemoteWebDriver.execute(RemoteWebDriver.java:678)
                        	at org.openqa.selenium.remote.RemoteWebDriver.findElement(RemoteWebDriver.java:363)
                        	at org.openqa.selenium.remote.RemoteWebDriver.findElementByXPath(RemoteWebDriver.java:500)
                        	at org.openqa.selenium.By$ByXPath.findElement(By.java:361)
                        	at org.openqa.selenium.remote.RemoteWebDriver.findElement(RemoteWebDriver.java:355)
                        	at Backup_Course.making.read(making.java:24)
                        	at sun.reflect.NativeMethodAccessorImpl.invoke0(Native Method)
                        	at sun.reflect.NativeMethodAccessorImpl.invoke(NativeMethodAccessorImpl.java:57)
                        	at sun.reflect.DelegatingMethodAccessorImpl.invoke(DelegatingMethodAccessorImpl.java:43)
                        	at java.lang.reflect.Method.invoke(Method.java:601)
                        	at org.testng.internal.MethodInvocationHelper.invokeMethod(MethodInvocationHelper.java:85)
                        	at org.testng.internal.Invoker.invokeMethod(Invoker.java:639)
                        	at org.testng.internal.Invoker.invokeTestMethod(Invoker.java:816)
                        	at org.testng.internal.Invoker.invokeTestMethods(Invoker.java:1124)
                        	at org.testng.internal.TestMethodWorker.invokeTestMethods(TestMethodWorker.java:125)
                        	at org.testng.internal.TestMethodWorker.run(TestMethodWorker.java:108)
                        	at org.testng.TestRunner.privateRun(TestRunner.java:774)
                        	at org.testng.TestRunner.run(TestRunner.java:624)
                        	at org.testng.SuiteRunner.runTest(SuiteRunner.java:359)
                        	at org.testng.SuiteRunner.access$000(SuiteRunner.java:39)
                        	at org.testng.SuiteRunner$SuiteWorker.run(SuiteRunner.java:393)
                        	at org.testng.internal.thread.ThreadUtil$2.call(ThreadUtil.java:64)
                        	at java.util.concurrent.FutureTask$Sync.innerRun(FutureTask.java:334)
                        	at java.util.concurrent.FutureTask.run(FutureTask.java:166)
                        	at java.util.concurrent.ThreadPoolExecutor.runWorker(ThreadPoolExecutor.java:1110)
                        	at java.util.concurrent.ThreadPoolExecutor$Worker.run(ThreadPoolExecutor.java:603)
                        	at java.lang.Thread.run(Thread.java:722)
                        Caused by: org.openqa.selenium.remote.ScreenshotException: Screen shot has been taken
                        Build info: version: '2.53.1', revision: 'a36b8b1', time: '2016-06-30 17:37:03'
                        System info: host: 'chenziyang', ip: '192.168.1.38', os.name: 'Windows NT (unknown)', os.arch: 'x86', os.version: '6.2', java.version:
                        '1.7.0_01'
                        Driver info: driver.version: RemoteWebDriver
                        	at org.openqa.selenium.remote.ErrorHandler.throwIfResponseFailed(ErrorHandler.java:138)
                        	... 27 more
                        Caused by: org.openqa.selenium.NoSuchElementException: no such element: Unable to locate element: {"method":"xpath","selector":"(//a[contains(text(),'查看详情')])[1]"}
                        (Session info: chrome=63.0.3239.84)
                        (Driver info: chromedriver=2.34.522940 (1a76f96f66e3ca7b8e57d503b4dd3bccfba87af1),platform=Windows NT 10.0.16299 x86_64) (WARNING:
                        The server did not provide any stacktrace information)
                        Command duration or timeout: 15.06 seconds
                        For documentation on this error, please visit: http://seleniumhq.org/exceptions/no_such_element.html
                        Build info: version: '2.53.1', revision: 'a36b8b1', time: '2016-06-30 17:37:03'
                        System info: host: 'Wzy', ip: '192.168.0.106', os.name: 'Windows 10', os.arch: 'amd64', os.version: '10.0', java.version:
                        '1.8.0_144'
                        Driver info: org.openqa.selenium.chrome.ChromeDriver
                        Capabilities [{applicationCacheEnabled=false, rotatable=false, mobileEmulationEnabled=false, networkConnectionEnabled=false,
                        chrome={chromedriverVersion=2.34.522940 (1a76f96f66e3ca7b8e57d503b4dd3bccfba87af1), userDataDir=C:\Users\ADMINI~1\AppData\Local\Temp\scoped_dir33160_15955},
                        takesHeapSnapshot=true, pageLoadStrategy=normal, databaseEnabled=false, handlesAlerts=true, hasTouchScreen=false, version=63.0.3239.84,
                        platform=XP, browserConnectionEnabled=false, nativeEvents=true, acceptSslCerts=true, locationContextEnabled=true, webStorageEnabled=true,
                        browserName=chrome, takesScreenshot=true, javascriptEnabled=true, cssSelectorsEnabled=true, setWindowRect=true, unexpectedAlertBehaviour=}]
                        Session ID: 30b2e0173e897232f9f6bd783847bd0b
                        *** Element info: {Using=xpath, value=(//a[contains(text(),'查看详情')])[1]}
                        For documentation on this error, please visit: http://seleniumhq.org/exceptions/no_such_element.html
                        Build info: version: '2.53.1', revision: 'a36b8b1', time: '2016-06-30 17:37:03'
                        System info: host: 'chenziyang', ip: '192.168.1.38', os.name: 'Windows NT (unknown)', os.arch: 'x86', os.version: '6.2', java.version:
                        '1.7.0_01'
                        Driver info: driver.version: EventFiringWebDriver
                        	at sun.reflect.NativeConstructorAccessorImpl.newInstance0(Native Method)
                        	at sun.reflect.NativeConstructorAccessorImpl.newInstance(Unknown Source)
                        	at sun.reflect.DelegatingConstructorAccessorImpl.newInstance(Unknown Source)
                        	at java.lang.reflect.Constructor.newInstance(Unknown Source)
                        	at org.openqa.selenium.remote.ErrorHandler.createThrowable(ErrorHandler.java:206)
                        	at org.openqa.selenium.remote.ErrorHandler.throwIfResponseFailed(ErrorHandler.java:158)
                        	at org.openqa.selenium.remote.RemoteWebDriver.execute(RemoteWebDriver.java:678)
                        	at org.openqa.selenium.remote.RemoteWebDriver.findElement(RemoteWebDriver.java:363)
                        	at org.openqa.selenium.remote.RemoteWebDriver.findElementByXPath(RemoteWebDriver.java:500)
                        	at org.openqa.selenium.By$ByXPath.findElement(By.java:361)
                        	at org.openqa.selenium.remote.RemoteWebDriver.findElement(RemoteWebDriver.java:355)
                        	at sun.reflect.NativeMethodAccessorImpl.invoke0(Native Method)
                        	at sun.reflect.NativeMethodAccessorImpl.invoke(Unknown Source)
                        	at sun.reflect.DelegatingMethodAccessorImpl.invoke(Unknown Source)
                        	at java.lang.reflect.Method.invoke(Unknown Source)
                        	at org.openqa.selenium.support.events.EventFiringWebDriver$2.invoke(EventFiringWebDriver.java:103)
                        	at com.sun.proxy.$Proxy1.findElement(Unknown Source)
                        	at org.openqa.selenium.support.events.EventFiringWebDriver.findElement(EventFiringWebDriver.java:188)
                        	at org.openqa.selenium.remote.server.handler.FindElement.call(FindElement.java:48)
                        	at org.openqa.selenium.remote.server.handler.FindElement.call(FindElement.java:1)
                        	at java.util.concurrent.FutureTask.run(Unknown Source)
                        	at org.openqa.selenium.remote.server.DefaultSession$1.run(DefaultSession.java:176)
                        	at java.util.concurrent.ThreadPoolExecutor.runWorker(Unknown Source)
                        	at java.util.concurrent.ThreadPoolExecutor$Worker.run(Unknown Source)
                        	at java.lang.Thread.run(Unknown Source)
                     </pre>
                  </div>
               </td>
            </tr>
         </table>
         <br></br>
         <table class="testMethodsTable" cellpadding="0" cellspacing="0">
            <tr>
               <td colspan="4">
                  <h3 style="display: inline;">Backup_Course.publish_bcourse</h3>
               </td>
            </tr>
            <tr class="methodsTableHeader">
               <td width="100%">Name</td>
               <td nowrap="true">Started</td>
               <td nowrap="true">Duration</td>
               <td>Exception</td>
            </tr>
            <tr id="Backup_Course.publish_bcourse_read_beker_byClass_FAIL1_row"
                class="testMethodStatusFAIL">
               <td width="100%" class="firstMethodCell">
                  <a onclick="toggleDetailsVisibility('Backup_Course.publish_bcourse_read_beker_byClass_FAIL1_details')">read_beker(devzhuanjia
                     
                     ,
                     
                     3edc$RFV
                     
                     ,
                     
                     C:/Program Files (x86)/Mozilla Firefox/uploadFile.exe
                     
                     ,
                     
                     C:/Program Files (x86)/Mozilla Firefox/uploadVideo.exe)
                  </a>
               </td>
               <td nowrap="true">15:33:21</td>
               <td nowrap="true" align="right">16s
                  
               </td>
               <td nowrap="true">
                  <a onclick="toggleDetailsVisibility('Backup_Course.publish_bcourse_read_beker_byClass_FAIL1_exception')">org.openqa.selenium.UnhandledAlertException: 
                     unexpected alert open: {Alert text : 你需要安装Player 9.028或更高的版本。}
                     (Session info: chrome=63.0.3239.84)
                     (Driver info: chromedriver=2.34.522940 (1a76f96f66e3ca7b8e57d503b4dd3bccfba87af1),platform=Windows NT 10.0.16299 x86_64) (WARNING:
                     The server did not provide any stacktrace information)
                     Command duration or timeout: 2 milliseconds: null
                     Build info: version: '2.53.1', revision: 'a36b8b1', time: '2016-06-30 17:37:03'
                     System info: host: 'Wzy', ip: '192.168.0.106', os.name: 'Windows 10', os.arch: 'amd64', os.version: '10.0', java.version:
                     '1.8.0_144'
                     Driver info: org.openqa.selenium.chrome.ChromeDriver
                     Capabilities [{applicationCacheEnabled=false, rotatable=false, mobileEmulationEnabled=false, networkConnectionEnabled=false,
                     chrome={chromedriverVersion=2.34.522940 (1a76f96f66e3ca7b8e57d503b4dd3bccfba87af1), userDataDir=C:\Users\ADMINI~1\AppData\Local\Temp\scoped_dir31340_1046},
                     takesHeapSnapshot=true, pageLoadStrategy=normal, databaseEnabled=false, handlesAlerts=true, hasTouchScreen=false, version=63.0.3239.84,
                     platform=XP, browserConnectionEnabled=false, nativeEvents=true, acceptSslCerts=true, locationContextEnabled=true, webStorageEnabled=true,
                     browserName=chrome, takesScreenshot=true, javascriptEnabled=true, cssSelectorsEnabled=true, setWindowRect=true, unexpectedAlertBehaviour=}]
                     Session ID: ca6fad7313be2e8d3b64ed1bd22ddf86
                     *** Element info: {Using=id, value=teachingplanTitle}: null
                     Build info: version: '2.53.1', revision: 'a36b8b1', time: '2016-06-30 17:37:03'
                     System info: host: 'chenziyang', ip: '192.168.1.38', os.name: 'Windows NT (unknown)', os.arch: 'x86', os.version: '6.2', java.version:
                     '1.7.0_01'
                     *** Element info: {Using=id, value=teachingplanTitle}
                     Session ID: bf022278-4668-4d06-b093-c3d471c93c5b
                     Driver info: org.openqa.selenium.remote.RemoteWebDriver
                     Capabilities [{platform=XP, javascriptEnabled=true, acceptSslCerts=true, browserName=chrome, chrome={userDataDir=C:\Users\ADMINI~1\AppData\Local\Temp\scoped_dir31340_1046,
                     chromedriverVersion=2.34.522940 (1a76f96f66e3ca7b8e57d503b4dd3bccfba87af1)}, networkConnectionEnabled=false, unexpectedAlertBehaviour=,
                     rotatable=false, setWindowRect=true, locationContextEnabled=true, mobileEmulationEnabled=false, webdriver.remote.sessionid=bf022278-4668-4d06-b093-c3d471c93c5b,
                     version=63.0.3239.84, pageLoadStrategy=normal, takesHeapSnapshot=true, cssSelectorsEnabled=true, databaseEnabled=false, handlesAlerts=true,
                     browserConnectionEnabled=false, webStorageEnabled=true, nativeEvents=true, hasTouchScreen=false, applicationCacheEnabled=false,
                     takesScreenshot=true}]
                     
                  </a>
                   
                  
               </td>
            </tr>
            <tr>
               <td colspan="4" class="detailsBox">
                  <div id="Backup_Course.publish_bcourse_read_beker_byClass_FAIL1_details"
                       class="testMethodDetails">
                     <div>
                        <b>Name: </b>read_beker
                     </div>
                     <div>
                        <b>Signature: </b>read_beker(java.lang.String, java.lang.String, java.lang.String, java.lang.String)[pri:0, instance:Backup_Course.publish_bcourse@1e5a36]
                     </div>
                     <div>
                        <b>Parameters: </b>
                        
                        devzhuanjia
                        
                        ,
                        
                        3edc$RFV
                        
                        ,
                        
                        C:/Program Files (x86)/Mozilla Firefox/uploadFile.exe
                        
                        ,
                        
                        C:/Program Files (x86)/Mozilla Firefox/uploadVideo.exe
                        
                        
                     </div>
                     <div>
                        <b>Start time: </b>15:33:21
                     </div>
                     <div>
                        <b>End time: </b>15:33:38
                     </div>
                     <div>
                        <b>Duration: </b>16s
                        
                     </div>
                  </div>
               </td>
            </tr>
            <tr>
               <td colspan="4" class="detailsBox">
                  <div id="Backup_Course.publish_bcourse_read_beker_byClass_FAIL1_exception"
                       class="testMethodDetails">
                     <pre style="padding: 5px; margin: 0;">org.openqa.selenium.UnhandledAlertException: unexpected alert open: {Alert text : 你需要安装Player 9.028或更高的版本。}
                        (Session info: chrome=63.0.3239.84)
                        (Driver info: chromedriver=2.34.522940 (1a76f96f66e3ca7b8e57d503b4dd3bccfba87af1),platform=Windows NT 10.0.16299 x86_64) (WARNING:
                        The server did not provide any stacktrace information)
                        Command duration or timeout: 2 milliseconds: null
                        Build info: version: '2.53.1', revision: 'a36b8b1', time: '2016-06-30 17:37:03'
                        System info: host: 'Wzy', ip: '192.168.0.106', os.name: 'Windows 10', os.arch: 'amd64', os.version: '10.0', java.version:
                        '1.8.0_144'
                        Driver info: org.openqa.selenium.chrome.ChromeDriver
                        Capabilities [{applicationCacheEnabled=false, rotatable=false, mobileEmulationEnabled=false, networkConnectionEnabled=false,
                        chrome={chromedriverVersion=2.34.522940 (1a76f96f66e3ca7b8e57d503b4dd3bccfba87af1), userDataDir=C:\Users\ADMINI~1\AppData\Local\Temp\scoped_dir31340_1046},
                        takesHeapSnapshot=true, pageLoadStrategy=normal, databaseEnabled=false, handlesAlerts=true, hasTouchScreen=false, version=63.0.3239.84,
                        platform=XP, browserConnectionEnabled=false, nativeEvents=true, acceptSslCerts=true, locationContextEnabled=true, webStorageEnabled=true,
                        browserName=chrome, takesScreenshot=true, javascriptEnabled=true, cssSelectorsEnabled=true, setWindowRect=true, unexpectedAlertBehaviour=}]
                        Session ID: ca6fad7313be2e8d3b64ed1bd22ddf86
                        *** Element info: {Using=id, value=teachingplanTitle}: null
                        Build info: version: '2.53.1', revision: 'a36b8b1', time: '2016-06-30 17:37:03'
                        System info: host: 'chenziyang', ip: '192.168.1.38', os.name: 'Windows NT (unknown)', os.arch: 'x86', os.version: '6.2', java.version:
                        '1.7.0_01'
                        *** Element info: {Using=id, value=teachingplanTitle}
                        Session ID: bf022278-4668-4d06-b093-c3d471c93c5b
                        Driver info: org.openqa.selenium.remote.RemoteWebDriver
                        Capabilities [{platform=XP, javascriptEnabled=true, acceptSslCerts=true, browserName=chrome, chrome={userDataDir=C:\Users\ADMINI~1\AppData\Local\Temp\scoped_dir31340_1046,
                        chromedriverVersion=2.34.522940 (1a76f96f66e3ca7b8e57d503b4dd3bccfba87af1)}, networkConnectionEnabled=false, unexpectedAlertBehaviour=,
                        rotatable=false, setWindowRect=true, locationContextEnabled=true, mobileEmulationEnabled=false, webdriver.remote.sessionid=bf022278-4668-4d06-b093-c3d471c93c5b,
                        version=63.0.3239.84, pageLoadStrategy=normal, takesHeapSnapshot=true, cssSelectorsEnabled=true, databaseEnabled=false, handlesAlerts=true,
                        browserConnectionEnabled=false, webStorageEnabled=true, nativeEvents=true, hasTouchScreen=false, applicationCacheEnabled=false,
                        takesScreenshot=true}]
                        	at sun.reflect.NativeConstructorAccessorImpl.newInstance0(Native Method)
                        	at sun.reflect.NativeConstructorAccessorImpl.newInstance(NativeConstructorAccessorImpl.java:57)
                        	at sun.reflect.DelegatingConstructorAccessorImpl.newInstance(DelegatingConstructorAccessorImpl.java:45)
                        	at java.lang.reflect.Constructor.newInstance(Constructor.java:525)
                        	at org.openqa.selenium.remote.ErrorHandler.createThrowable(ErrorHandler.java:206)
                        	at org.openqa.selenium.remote.ErrorHandler.createUnhandledAlertException(ErrorHandler.java:187)
                        	at org.openqa.selenium.remote.ErrorHandler.throwIfResponseFailed(ErrorHandler.java:154)
                        	at org.openqa.selenium.remote.RemoteWebDriver.execute(RemoteWebDriver.java:678)
                        	at org.openqa.selenium.remote.RemoteWebDriver.findElement(RemoteWebDriver.java:363)
                        	at org.openqa.selenium.remote.RemoteWebDriver.findElementById(RemoteWebDriver.java:413)
                        	at org.openqa.selenium.By$ById.findElement(By.java:218)
                        	at org.openqa.selenium.remote.RemoteWebDriver.findElement(RemoteWebDriver.java:355)
                        	at Backup_Course.publish_bcourse.read_beker(publish_bcourse.java:29)
                        	at sun.reflect.NativeMethodAccessorImpl.invoke0(Native Method)
                        	at sun.reflect.NativeMethodAccessorImpl.invoke(NativeMethodAccessorImpl.java:57)
                        	at sun.reflect.DelegatingMethodAccessorImpl.invoke(DelegatingMethodAccessorImpl.java:43)
                        	at java.lang.reflect.Method.invoke(Method.java:601)
                        	at org.testng.internal.MethodInvocationHelper.invokeMethod(MethodInvocationHelper.java:85)
                        	at org.testng.internal.Invoker.invokeMethod(Invoker.java:639)
                        	at org.testng.internal.Invoker.invokeTestMethod(Invoker.java:816)
                        	at org.testng.internal.Invoker.invokeTestMethods(Invoker.java:1124)
                        	at org.testng.internal.TestMethodWorker.invokeTestMethods(TestMethodWorker.java:125)
                        	at org.testng.internal.TestMethodWorker.run(TestMethodWorker.java:108)
                        	at org.testng.TestRunner.privateRun(TestRunner.java:774)
                        	at org.testng.TestRunner.run(TestRunner.java:624)
                        	at org.testng.SuiteRunner.runTest(SuiteRunner.java:359)
                        	at org.testng.SuiteRunner.access$000(SuiteRunner.java:39)
                        	at org.testng.SuiteRunner$SuiteWorker.run(SuiteRunner.java:393)
                        	at org.testng.internal.thread.ThreadUtil$2.call(ThreadUtil.java:64)
                        	at java.util.concurrent.FutureTask$Sync.innerRun(FutureTask.java:334)
                        	at java.util.concurrent.FutureTask.run(FutureTask.java:166)
                        	at java.util.concurrent.ThreadPoolExecutor.runWorker(ThreadPoolExecutor.java:1110)
                        	at java.util.concurrent.ThreadPoolExecutor$Worker.run(ThreadPoolExecutor.java:603)
                        	at java.lang.Thread.run(Thread.java:722)
                     </pre>
                  </div>
               </td>
            </tr>
         </table>
         <br></br>
      </div>
      <div style="margin-top: 15px; color: gray; text-align: center; font-size: 9px;">
         Generated with
         
         <a href="http://code.google.com/p/testng-xslt/" style="color: #8888aa;"
            target="_blank">
            TestNG XSLT
            
         </a>
      </div>
   </body>
</html>