<html xmlns:math="http://exslt.org/math" xmlns:testng="http://testng.org">
   <head>
      <title>TestNG Results</title>
      <meta http-equiv="content-type" content="text/html; charset=utf-8"></meta>
      <meta http-equiv="pragma" content="no-cache"></meta>
      <meta http-equiv="cache-control" content="max-age=0"></meta>
      <meta http-equiv="cache-control" content="no-cache"></meta>
      <meta http-equiv="cache-control" content="no-store"></meta>
      <LINK rel="stylesheet" href="style.css"></LINK>
      <script type="text/javascript" src="main.js"></script>
   </head>
   <body>
      <table width="100%" style="font-size: 16px; margin-bottom: 10px;" cellspacing="1">
         <tr>
            <td width="100%">
               Test case
               
               <b>新活动</b>
            </td>
            <td style="background-color: #FFBBBB; padding: 3px 3px 3px 0;" align="center">
               <div style="width: 50px;">7</div>
            </td>
            <td style="background-color: lightgreen; padding: 3px 3px 3px 0;" align="center">
               <div style="width: 50px;">0</div>
            </td>
            <td style="background-color: #FFFFBB; padding: 3px 3px 3px 0;" align="center">
               <div style="width: 50px;">0</div>
            </td>
            <td align="center" style="background-color: #eaf0f7; padding: 3px 3px 3px 0;">
               <div style="width: 50px;">7</div>
            </td>
            <td align="center"
                style="font-weight: bold; background-color: #eaf0f7; padding: 3px 3px 3px 0;">
               <div style="width: 50px;">0%</div>
            </td>
            <td style="background-color: #eaf0f7; padding: 3px 3px 3px 0;" align="center"
                nowrap="true">3m
               56s
               
            </td>
         </tr>
      </table>
      <div style="width: 200px;">
         <label for="groupMethodsCheckBox" style="font-weight: bold; margin: 0;">
            <input id="groupMethodsCheckBox" type="checkbox" onclick="switchTestMethodsView(this)"
                   checked=""></input>
            Group by class
            
         </label>
         <br></br>
         <label for="methodsFilter_ALL" style="font-weight: bold; margin: 0;">
            <input id="methodsFilter_ALL" type="checkbox"
                   onclick="testMethodsFilterChanged(this, 'ALL')"
                   checked=""></input>
            All
            
         </label>
      </div>
      <label for="methodsFilter_FAIL" style="margin-left: 20px;">
         <input id="methodsFilter_FAIL" type="checkbox"
                onclick="testMethodsFilterChanged(this, 'FAIL')"
                checked=""></input>
         Failed
         
      </label>
      <label for="methodsFilter_PASS">
         <input id="methodsFilter_PASS" type="checkbox"
                onclick="testMethodsFilterChanged(this, 'PASS')"
                checked=""></input>
         Passed
         
      </label>
      <label for="methodsFilter_SKIP">
         <input id="methodsFilter_SKIP" type="checkbox"
                onclick="testMethodsFilterChanged(this, 'SKIP')"
                checked=""></input>
         Skipped
         
      </label>
      <label for="methodsFilter_CONF">
         <input id="methodsFilter_CONF" type="checkbox"
                onclick="testMethodsFilterChanged(this, 'CONF')"
                checked=""></input>
         Config
         
      </label>
      <br></br>
      <div id="testMethodsByStatus" style="display: none;">
         <table class="testMethodsTable" cellpadding="0" cellspacing="0">
            <tr class="methodsTableHeader">
               <td width="100%">Name</td>
               <td nowrap="true">Started</td>
               <td nowrap="true">Duration</td>
               <td>Exception</td>
            </tr>
            <tr id="NewActivity.ReciveWarn_submit_Task_byStatus_failed_FAIL1_row"
                class="testMethodStatusFAIL">
               <td width="100%" class="firstMethodCell">
                  <a onclick="toggleDetailsVisibility('NewActivity.ReciveWarn_submit_Task_byStatus_failed_FAIL1_details')">submit_Task(devstudent4
                     
                     ,
                     
                     123123)
                  </a>
               </td>
               <td nowrap="true">15:41:00</td>
               <td nowrap="true" align="right">27s
                  
               </td>
               <td nowrap="true">
                  <a onclick="toggleDetailsVisibility('NewActivity.ReciveWarn_submit_Task_byStatus_failed_FAIL1_exception')">org.openqa.selenium.NoSuchElementException: 
                     no such element: Unable to locate element: {"method":"link text","selector":"活动536"}
                     (Session info: chrome=60.0.3112.90)
                     (Driver info: chromedriver=2.33.506120 (e3e53437346286c0bc2d2dc9aa4915ba81d9023f),platform=Windows NT 10.0.16299 x86_64) (WARNING:
                     The server did not provide any stacktrace information)
                     Command duration or timeout: 16.13 seconds
                     For documentation on this error, please visit: http://seleniumhq.org/exceptions/no_such_element.html
                     Build info: version: '2.53.1', revision: 'a36b8b1', time: '2016-06-30 17:37:03'
                     System info: host: 'chenziyang', ip: '192.168.1.38', os.name: 'Windows NT (unknown)', os.arch: 'x86', os.version: '6.2', java.version:
                     '1.7.0_01'
                     *** Element info: {Using=link text, value=活动536}
                     Session ID: c018e9a13d011cf186d33a469000378e
                     Driver info: org.openqa.selenium.chrome.ChromeDriver
                     Capabilities [{platform=WIN8, acceptSslCerts=true, javascriptEnabled=true, browserName=chrome, chrome={userDataDir=C:\TEMP\scoped_dir3740_29082,
                     chromedriverVersion=2.33.506120 (e3e53437346286c0bc2d2dc9aa4915ba81d9023f)}, networkConnectionEnabled=false, unexpectedAlertBehaviour=,
                     rotatable=false, setWindowRect=true, locationContextEnabled=true, mobileEmulationEnabled=false, version=60.0.3112.90, pageLoadStrategy=normal,
                     takesHeapSnapshot=true, cssSelectorsEnabled=true, databaseEnabled=false, handlesAlerts=true, browserConnectionEnabled=false,
                     webStorageEnabled=true, nativeEvents=true, hasTouchScreen=false, applicationCacheEnabled=false, takesScreenshot=true}]
                     Command duration or timeout: 17.06 seconds
                     For documentation on this error, please visit: http://seleniumhq.org/exceptions/no_such_element.html
                     Build info: version: '2.53.1', revision: 'a36b8b1', time: '2016-06-30 17:37:03'
                     System info: host: 'chenziyang', ip: '192.168.1.38', os.name: 'Windows NT (unknown)', os.arch: 'x86', os.version: '6.2', java.version:
                     '1.7.0_01'
                     *** Element info: {Using=link text, value=活动536}
                     Session ID: adf5ddd3-deed-448d-bac9-c6078ef8d7f6
                     Driver info: org.openqa.selenium.remote.RemoteWebDriver
                     Capabilities [{platform=WIN8, acceptSslCerts=true, javascriptEnabled=true, browserName=chrome, chrome={userDataDir=C:\TEMP\scoped_dir3740_29082,
                     chromedriverVersion=2.33.506120 (e3e53437346286c0bc2d2dc9aa4915ba81d9023f)}, networkConnectionEnabled=false, unexpectedAlertBehaviour=,
                     rotatable=false, setWindowRect=true, locationContextEnabled=true, mobileEmulationEnabled=false, webdriver.remote.sessionid=adf5ddd3-deed-448d-bac9-c6078ef8d7f6,
                     version=60.0.3112.90, pageLoadStrategy=normal, takesHeapSnapshot=true, cssSelectorsEnabled=true, databaseEnabled=false, handlesAlerts=true,
                     browserConnectionEnabled=false, webStorageEnabled=true, nativeEvents=true, hasTouchScreen=false, applicationCacheEnabled=false,
                     takesScreenshot=true}]
                     
                  </a>
                   
                  
               </td>
            </tr>
            <tr>
               <td colspan="4" class="detailsBox">
                  <div id="NewActivity.ReciveWarn_submit_Task_byStatus_failed_FAIL1_details"
                       class="testMethodDetails">
                     <div>
                        <b>Name: </b>submit_Task
                     </div>
                     <div>
                        <b>Signature: </b>submit_Task(java.lang.String, java.lang.String)[pri:0, instance:NewActivity.ReciveWarn@ebe538]
                     </div>
                     <div>
                        <b>Parameters: </b>
                        
                        devstudent4
                        
                        ,
                        
                        123123
                        
                        
                     </div>
                     <div>
                        <b>Start time: </b>15:41:00
                     </div>
                     <div>
                        <b>End time: </b>15:41:28
                     </div>
                     <div>
                        <b>Duration: </b>27s
                        
                     </div>
                  </div>
               </td>
            </tr>
            <tr>
               <td colspan="4" class="detailsBox">
                  <div id="NewActivity.ReciveWarn_submit_Task_byStatus_failed_FAIL1_exception"
                       class="testMethodDetails">
                     <pre style="padding: 5px; margin: 0;">org.openqa.selenium.NoSuchElementException: no such element: Unable to locate element: {"method":"link text","selector":"活动536"}
                        (Session info: chrome=60.0.3112.90)
                        (Driver info: chromedriver=2.33.506120 (e3e53437346286c0bc2d2dc9aa4915ba81d9023f),platform=Windows NT 10.0.16299 x86_64) (WARNING:
                        The server did not provide any stacktrace information)
                        Command duration or timeout: 16.13 seconds
                        For documentation on this error, please visit: http://seleniumhq.org/exceptions/no_such_element.html
                        Build info: version: '2.53.1', revision: 'a36b8b1', time: '2016-06-30 17:37:03'
                        System info: host: 'chenziyang', ip: '192.168.1.38', os.name: 'Windows NT (unknown)', os.arch: 'x86', os.version: '6.2', java.version:
                        '1.7.0_01'
                        *** Element info: {Using=link text, value=活动536}
                        Session ID: c018e9a13d011cf186d33a469000378e
                        Driver info: org.openqa.selenium.chrome.ChromeDriver
                        Capabilities [{platform=WIN8, acceptSslCerts=true, javascriptEnabled=true, browserName=chrome, chrome={userDataDir=C:\TEMP\scoped_dir3740_29082,
                        chromedriverVersion=2.33.506120 (e3e53437346286c0bc2d2dc9aa4915ba81d9023f)}, networkConnectionEnabled=false, unexpectedAlertBehaviour=,
                        rotatable=false, setWindowRect=true, locationContextEnabled=true, mobileEmulationEnabled=false, version=60.0.3112.90, pageLoadStrategy=normal,
                        takesHeapSnapshot=true, cssSelectorsEnabled=true, databaseEnabled=false, handlesAlerts=true, browserConnectionEnabled=false,
                        webStorageEnabled=true, nativeEvents=true, hasTouchScreen=false, applicationCacheEnabled=false, takesScreenshot=true}]
                        Command duration or timeout: 17.06 seconds
                        For documentation on this error, please visit: http://seleniumhq.org/exceptions/no_such_element.html
                        Build info: version: '2.53.1', revision: 'a36b8b1', time: '2016-06-30 17:37:03'
                        System info: host: 'chenziyang', ip: '192.168.1.38', os.name: 'Windows NT (unknown)', os.arch: 'x86', os.version: '6.2', java.version:
                        '1.7.0_01'
                        *** Element info: {Using=link text, value=活动536}
                        Session ID: adf5ddd3-deed-448d-bac9-c6078ef8d7f6
                        Driver info: org.openqa.selenium.remote.RemoteWebDriver
                        Capabilities [{platform=WIN8, acceptSslCerts=true, javascriptEnabled=true, browserName=chrome, chrome={userDataDir=C:\TEMP\scoped_dir3740_29082,
                        chromedriverVersion=2.33.506120 (e3e53437346286c0bc2d2dc9aa4915ba81d9023f)}, networkConnectionEnabled=false, unexpectedAlertBehaviour=,
                        rotatable=false, setWindowRect=true, locationContextEnabled=true, mobileEmulationEnabled=false, webdriver.remote.sessionid=adf5ddd3-deed-448d-bac9-c6078ef8d7f6,
                        version=60.0.3112.90, pageLoadStrategy=normal, takesHeapSnapshot=true, cssSelectorsEnabled=true, databaseEnabled=false, handlesAlerts=true,
                        browserConnectionEnabled=false, webStorageEnabled=true, nativeEvents=true, hasTouchScreen=false, applicationCacheEnabled=false,
                        takesScreenshot=true}]
                        	at sun.reflect.GeneratedConstructorAccessor15.newInstance(Unknown Source)
                        	at sun.reflect.DelegatingConstructorAccessorImpl.newInstance(DelegatingConstructorAccessorImpl.java:45)
                        	at java.lang.reflect.Constructor.newInstance(Constructor.java:525)
                        	at org.openqa.selenium.remote.ErrorHandler.createThrowable(ErrorHandler.java:206)
                        	at org.openqa.selenium.remote.ErrorHandler.throwIfResponseFailed(ErrorHandler.java:158)
                        	at org.openqa.selenium.remote.RemoteWebDriver.execute(RemoteWebDriver.java:678)
                        	at org.openqa.selenium.remote.RemoteWebDriver.findElement(RemoteWebDriver.java:363)
                        	at org.openqa.selenium.remote.RemoteWebDriver.findElementByLinkText(RemoteWebDriver.java:428)
                        	at org.openqa.selenium.By$ByLinkText.findElement(By.java:246)
                        	at org.openqa.selenium.remote.RemoteWebDriver.findElement(RemoteWebDriver.java:355)
                        	at NewActivity.ReciveWarn.submit_Task(ReciveWarn.java:31)
                        	at sun.reflect.NativeMethodAccessorImpl.invoke0(Native Method)
                        	at sun.reflect.NativeMethodAccessorImpl.invoke(NativeMethodAccessorImpl.java:57)
                        	at sun.reflect.DelegatingMethodAccessorImpl.invoke(DelegatingMethodAccessorImpl.java:43)
                        	at java.lang.reflect.Method.invoke(Method.java:601)
                        	at org.testng.internal.MethodInvocationHelper.invokeMethod(MethodInvocationHelper.java:85)
                        	at org.testng.internal.Invoker.invokeMethod(Invoker.java:639)
                        	at org.testng.internal.Invoker.invokeTestMethod(Invoker.java:816)
                        	at org.testng.internal.Invoker.invokeTestMethods(Invoker.java:1124)
                        	at org.testng.internal.TestMethodWorker.invokeTestMethods(TestMethodWorker.java:125)
                        	at org.testng.internal.TestMethodWorker.run(TestMethodWorker.java:108)
                        	at org.testng.TestRunner.privateRun(TestRunner.java:774)
                        	at org.testng.TestRunner.run(TestRunner.java:624)
                        	at org.testng.SuiteRunner.runTest(SuiteRunner.java:359)
                        	at org.testng.SuiteRunner.access$000(SuiteRunner.java:39)
                        	at org.testng.SuiteRunner$SuiteWorker.run(SuiteRunner.java:393)
                        	at org.testng.internal.thread.ThreadUtil$2.call(ThreadUtil.java:64)
                        	at java.util.concurrent.FutureTask$Sync.innerRun(FutureTask.java:334)
                        	at java.util.concurrent.FutureTask.run(FutureTask.java:166)
                        	at java.util.concurrent.ThreadPoolExecutor.runWorker(ThreadPoolExecutor.java:1110)
                        	at java.util.concurrent.ThreadPoolExecutor$Worker.run(ThreadPoolExecutor.java:603)
                        	at java.lang.Thread.run(Thread.java:722)
                        Caused by: org.openqa.selenium.remote.ScreenshotException: Screen shot has been taken
                        Build info: version: '2.53.1', revision: 'a36b8b1', time: '2016-06-30 17:37:03'
                        System info: host: 'chenziyang', ip: '192.168.1.38', os.name: 'Windows NT (unknown)', os.arch: 'x86', os.version: '6.2', java.version:
                        '1.7.0_01'
                        Driver info: driver.version: RemoteWebDriver
                        	at org.openqa.selenium.remote.ErrorHandler.throwIfResponseFailed(ErrorHandler.java:138)
                        	... 27 more
                        Caused by: org.openqa.selenium.NoSuchElementException: no such element: Unable to locate element: {"method":"link text","selector":"活动536"}
                        (Session info: chrome=60.0.3112.90)
                        (Driver info: chromedriver=2.33.506120 (e3e53437346286c0bc2d2dc9aa4915ba81d9023f),platform=Windows NT 10.0.16299 x86_64) (WARNING:
                        The server did not provide any stacktrace information)
                        Command duration or timeout: 16.13 seconds
                        For documentation on this error, please visit: http://seleniumhq.org/exceptions/no_such_element.html
                        Build info: version: '2.53.1', revision: 'a36b8b1', time: '2016-06-30 17:37:03'
                        System info: host: 'chenziyang', ip: '192.168.1.38', os.name: 'Windows NT (unknown)', os.arch: 'x86', os.version: '6.2', java.version:
                        '1.7.0_01'
                        *** Element info: {Using=link text, value=活动536}
                        Session ID: c018e9a13d011cf186d33a469000378e
                        Driver info: org.openqa.selenium.chrome.ChromeDriver
                        Capabilities [{platform=WIN8, acceptSslCerts=true, javascriptEnabled=true, browserName=chrome, chrome={userDataDir=C:\TEMP\scoped_dir3740_29082,
                        chromedriverVersion=2.33.506120 (e3e53437346286c0bc2d2dc9aa4915ba81d9023f)}, networkConnectionEnabled=false, unexpectedAlertBehaviour=,
                        rotatable=false, setWindowRect=true, locationContextEnabled=true, mobileEmulationEnabled=false, version=60.0.3112.90, pageLoadStrategy=normal,
                        takesHeapSnapshot=true, cssSelectorsEnabled=true, databaseEnabled=false, handlesAlerts=true, browserConnectionEnabled=false,
                        webStorageEnabled=true, nativeEvents=true, hasTouchScreen=false, applicationCacheEnabled=false, takesScreenshot=true}]
                        For documentation on this error, please visit: http://seleniumhq.org/exceptions/no_such_element.html
                        Build info: version: '2.53.1', revision: 'a36b8b1', time: '2016-06-30 17:37:03'
                        System info: host: 'chenziyang', ip: '192.168.1.38', os.name: 'Windows NT (unknown)', os.arch: 'x86', os.version: '6.2', java.version:
                        '1.7.0_01'
                        Driver info: driver.version: EventFiringWebDriver
                        	at sun.reflect.NativeConstructorAccessorImpl.newInstance0(Native Method)
                        	at sun.reflect.NativeConstructorAccessorImpl.newInstance(NativeConstructorAccessorImpl.java:57)
                        	at sun.reflect.DelegatingConstructorAccessorImpl.newInstance(DelegatingConstructorAccessorImpl.java:45)
                        	at java.lang.reflect.Constructor.newInstance(Constructor.java:525)
                        	at org.openqa.selenium.remote.ErrorHandler.createThrowable(ErrorHandler.java:206)
                        	at org.openqa.selenium.remote.ErrorHandler.throwIfResponseFailed(ErrorHandler.java:158)
                        	at org.openqa.selenium.remote.RemoteWebDriver.execute(RemoteWebDriver.java:678)
                        	at org.openqa.selenium.remote.RemoteWebDriver.findElement(RemoteWebDriver.java:363)
                        	at org.openqa.selenium.remote.RemoteWebDriver.findElementByLinkText(RemoteWebDriver.java:428)
                        	at org.openqa.selenium.By$ByLinkText.findElement(By.java:246)
                        	at org.openqa.selenium.remote.RemoteWebDriver.findElement(RemoteWebDriver.java:355)
                        	at sun.reflect.GeneratedMethodAccessor25.invoke(Unknown Source)
                        	at sun.reflect.DelegatingMethodAccessorImpl.invoke(DelegatingMethodAccessorImpl.java:43)
                        	at java.lang.reflect.Method.invoke(Method.java:601)
                        	at org.openqa.selenium.support.events.EventFiringWebDriver$2.invoke(EventFiringWebDriver.java:103)
                        	at $Proxy1.findElement(Unknown Source)
                        	at org.openqa.selenium.support.events.EventFiringWebDriver.findElement(EventFiringWebDriver.java:188)
                        	at org.openqa.selenium.remote.server.handler.FindElement.call(FindElement.java:48)
                        	at org.openqa.selenium.remote.server.handler.FindElement.call(FindElement.java:1)
                        	at java.util.concurrent.FutureTask$Sync.innerRun(FutureTask.java:334)
                        	at java.util.concurrent.FutureTask.run(FutureTask.java:166)
                        	at org.openqa.selenium.remote.server.DefaultSession$1.run(DefaultSession.java:176)
                        	... 3 more
                     </pre>
                  </div>
               </td>
            </tr>
            <tr id="NewActivity.JoinActivity2_studuentakePartActivity_byStatus_failed_FAIL2_row"
                class="testMethodStatusFAIL">
               <td width="100%" class="firstMethodCell">
                  <a onclick="toggleDetailsVisibility('NewActivity.JoinActivity2_studuentakePartActivity_byStatus_failed_FAIL2_details')">studuentakePartActivity(devstudent2
                     
                     ,
                     
                     123123
                     
                     ,
                     
                     C:/Program Files (x86)/Mozilla Firefox/uploadFile.exe
                     
                     ,
                     
                     C:/Program Files (x86)/Mozilla Firefox/uploadVideo.exe)
                  </a>
               </td>
               <td nowrap="true">15:39:14</td>
               <td nowrap="true" align="right">35s
                  
               </td>
               <td nowrap="true">
                  <a onclick="toggleDetailsVisibility('NewActivity.JoinActivity2_studuentakePartActivity_byStatus_failed_FAIL2_exception')">org.openqa.selenium.NoSuchElementException: 
                     no such element: Unable to locate element: {"method":"id","selector":"SWFUpload_0"}
                     (Session info: chrome=60.0.3112.90)
                     (Driver info: chromedriver=2.33.506120 (e3e53437346286c0bc2d2dc9aa4915ba81d9023f),platform=Windows NT 10.0.16299 x86_64) (WARNING:
                     The server did not provide any stacktrace information)
                     Command duration or timeout: 18.96 seconds
                     For documentation on this error, please visit: http://seleniumhq.org/exceptions/no_such_element.html
                     Build info: version: '2.53.1', revision: 'a36b8b1', time: '2016-06-30 17:37:03'
                     System info: host: 'chenziyang', ip: '192.168.1.38', os.name: 'Windows NT (unknown)', os.arch: 'x86', os.version: '6.2', java.version:
                     '1.7.0_01'
                     *** Element info: {Using=id, value=SWFUpload_0}
                     Session ID: 2c6a29485aeaebe7eaee4ec235e15802
                     Driver info: org.openqa.selenium.chrome.ChromeDriver
                     Capabilities [{platform=WIN8, acceptSslCerts=true, javascriptEnabled=true, browserName=chrome, chrome={userDataDir=C:\TEMP\scoped_dir13568_12039,
                     chromedriverVersion=2.33.506120 (e3e53437346286c0bc2d2dc9aa4915ba81d9023f)}, networkConnectionEnabled=false, unexpectedAlertBehaviour=,
                     rotatable=false, setWindowRect=true, locationContextEnabled=true, mobileEmulationEnabled=false, version=60.0.3112.90, pageLoadStrategy=normal,
                     takesHeapSnapshot=true, cssSelectorsEnabled=true, databaseEnabled=false, handlesAlerts=true, browserConnectionEnabled=false,
                     webStorageEnabled=true, nativeEvents=true, hasTouchScreen=false, applicationCacheEnabled=false, takesScreenshot=true}]
                     Command duration or timeout: 19.39 seconds
                     For documentation on this error, please visit: http://seleniumhq.org/exceptions/no_such_element.html
                     Build info: version: '2.53.1', revision: 'a36b8b1', time: '2016-06-30 17:37:03'
                     System info: host: 'chenziyang', ip: '192.168.1.38', os.name: 'Windows NT (unknown)', os.arch: 'x86', os.version: '6.2', java.version:
                     '1.7.0_01'
                     *** Element info: {Using=id, value=SWFUpload_0}
                     Session ID: 2f769d1f-4774-4769-a99e-f479ecb7d47b
                     Driver info: org.openqa.selenium.remote.RemoteWebDriver
                     Capabilities [{platform=WIN8, acceptSslCerts=true, javascriptEnabled=true, browserName=chrome, chrome={userDataDir=C:\TEMP\scoped_dir13568_12039,
                     chromedriverVersion=2.33.506120 (e3e53437346286c0bc2d2dc9aa4915ba81d9023f)}, networkConnectionEnabled=false, unexpectedAlertBehaviour=,
                     rotatable=false, setWindowRect=true, locationContextEnabled=true, mobileEmulationEnabled=false, webdriver.remote.sessionid=2f769d1f-4774-4769-a99e-f479ecb7d47b,
                     version=60.0.3112.90, pageLoadStrategy=normal, takesHeapSnapshot=true, cssSelectorsEnabled=true, databaseEnabled=false, handlesAlerts=true,
                     browserConnectionEnabled=false, webStorageEnabled=true, nativeEvents=true, hasTouchScreen=false, applicationCacheEnabled=false,
                     takesScreenshot=true}]
                     
                  </a>
                   
                  
               </td>
            </tr>
            <tr>
               <td colspan="4" class="detailsBox">
                  <div id="NewActivity.JoinActivity2_studuentakePartActivity_byStatus_failed_FAIL2_details"
                       class="testMethodDetails">
                     <div>
                        <b>Name: </b>studuentakePartActivity
                     </div>
                     <div>
                        <b>Signature: </b>studuentakePartActivity(java.lang.String, java.lang.String, java.lang.String, java.lang.String)[pri:0, instance:NewActivity.JoinActivity2@caf6e7]
                     </div>
                     <div>
                        <b>Parameters: </b>
                        
                        devstudent2
                        
                        ,
                        
                        123123
                        
                        ,
                        
                        C:/Program Files (x86)/Mozilla Firefox/uploadFile.exe
                        
                        ,
                        
                        C:/Program Files (x86)/Mozilla Firefox/uploadVideo.exe
                        
                        
                     </div>
                     <div>
                        <b>Start time: </b>15:39:14
                     </div>
                     <div>
                        <b>End time: </b>15:39:49
                     </div>
                     <div>
                        <b>Duration: </b>35s
                        
                     </div>
                  </div>
               </td>
            </tr>
            <tr>
               <td colspan="4" class="detailsBox">
                  <div id="NewActivity.JoinActivity2_studuentakePartActivity_byStatus_failed_FAIL2_exception"
                       class="testMethodDetails">
                     <pre style="padding: 5px; margin: 0;">org.openqa.selenium.NoSuchElementException: no such element: Unable to locate element: {"method":"id","selector":"SWFUpload_0"}
                        (Session info: chrome=60.0.3112.90)
                        (Driver info: chromedriver=2.33.506120 (e3e53437346286c0bc2d2dc9aa4915ba81d9023f),platform=Windows NT 10.0.16299 x86_64) (WARNING:
                        The server did not provide any stacktrace information)
                        Command duration or timeout: 18.96 seconds
                        For documentation on this error, please visit: http://seleniumhq.org/exceptions/no_such_element.html
                        Build info: version: '2.53.1', revision: 'a36b8b1', time: '2016-06-30 17:37:03'
                        System info: host: 'chenziyang', ip: '192.168.1.38', os.name: 'Windows NT (unknown)', os.arch: 'x86', os.version: '6.2', java.version:
                        '1.7.0_01'
                        *** Element info: {Using=id, value=SWFUpload_0}
                        Session ID: 2c6a29485aeaebe7eaee4ec235e15802
                        Driver info: org.openqa.selenium.chrome.ChromeDriver
                        Capabilities [{platform=WIN8, acceptSslCerts=true, javascriptEnabled=true, browserName=chrome, chrome={userDataDir=C:\TEMP\scoped_dir13568_12039,
                        chromedriverVersion=2.33.506120 (e3e53437346286c0bc2d2dc9aa4915ba81d9023f)}, networkConnectionEnabled=false, unexpectedAlertBehaviour=,
                        rotatable=false, setWindowRect=true, locationContextEnabled=true, mobileEmulationEnabled=false, version=60.0.3112.90, pageLoadStrategy=normal,
                        takesHeapSnapshot=true, cssSelectorsEnabled=true, databaseEnabled=false, handlesAlerts=true, browserConnectionEnabled=false,
                        webStorageEnabled=true, nativeEvents=true, hasTouchScreen=false, applicationCacheEnabled=false, takesScreenshot=true}]
                        Command duration or timeout: 19.39 seconds
                        For documentation on this error, please visit: http://seleniumhq.org/exceptions/no_such_element.html
                        Build info: version: '2.53.1', revision: 'a36b8b1', time: '2016-06-30 17:37:03'
                        System info: host: 'chenziyang', ip: '192.168.1.38', os.name: 'Windows NT (unknown)', os.arch: 'x86', os.version: '6.2', java.version:
                        '1.7.0_01'
                        *** Element info: {Using=id, value=SWFUpload_0}
                        Session ID: 2f769d1f-4774-4769-a99e-f479ecb7d47b
                        Driver info: org.openqa.selenium.remote.RemoteWebDriver
                        Capabilities [{platform=WIN8, acceptSslCerts=true, javascriptEnabled=true, browserName=chrome, chrome={userDataDir=C:\TEMP\scoped_dir13568_12039,
                        chromedriverVersion=2.33.506120 (e3e53437346286c0bc2d2dc9aa4915ba81d9023f)}, networkConnectionEnabled=false, unexpectedAlertBehaviour=,
                        rotatable=false, setWindowRect=true, locationContextEnabled=true, mobileEmulationEnabled=false, webdriver.remote.sessionid=2f769d1f-4774-4769-a99e-f479ecb7d47b,
                        version=60.0.3112.90, pageLoadStrategy=normal, takesHeapSnapshot=true, cssSelectorsEnabled=true, databaseEnabled=false, handlesAlerts=true,
                        browserConnectionEnabled=false, webStorageEnabled=true, nativeEvents=true, hasTouchScreen=false, applicationCacheEnabled=false,
                        takesScreenshot=true}]
                        	at sun.reflect.NativeConstructorAccessorImpl.newInstance0(Native Method)
                        	at sun.reflect.NativeConstructorAccessorImpl.newInstance(NativeConstructorAccessorImpl.java:57)
                        	at sun.reflect.DelegatingConstructorAccessorImpl.newInstance(DelegatingConstructorAccessorImpl.java:45)
                        	at java.lang.reflect.Constructor.newInstance(Constructor.java:525)
                        	at org.openqa.selenium.remote.ErrorHandler.createThrowable(ErrorHandler.java:206)
                        	at org.openqa.selenium.remote.ErrorHandler.throwIfResponseFailed(ErrorHandler.java:158)
                        	at org.openqa.selenium.remote.RemoteWebDriver.execute(RemoteWebDriver.java:678)
                        	at org.openqa.selenium.remote.RemoteWebDriver.findElement(RemoteWebDriver.java:363)
                        	at org.openqa.selenium.remote.RemoteWebDriver.findElementById(RemoteWebDriver.java:413)
                        	at org.openqa.selenium.By$ById.findElement(By.java:218)
                        	at org.openqa.selenium.remote.RemoteWebDriver.findElement(RemoteWebDriver.java:355)
                        	at uti.Uti.UploadFile(Uti.java:43)
                        	at NewActivity.JoinActivity2.studuentakePartActivity(JoinActivity2.java:32)
                        	at sun.reflect.NativeMethodAccessorImpl.invoke0(Native Method)
                        	at sun.reflect.NativeMethodAccessorImpl.invoke(NativeMethodAccessorImpl.java:57)
                        	at sun.reflect.DelegatingMethodAccessorImpl.invoke(DelegatingMethodAccessorImpl.java:43)
                        	at java.lang.reflect.Method.invoke(Method.java:601)
                        	at org.testng.internal.MethodInvocationHelper.invokeMethod(MethodInvocationHelper.java:85)
                        	at org.testng.internal.Invoker.invokeMethod(Invoker.java:639)
                        	at org.testng.internal.Invoker.invokeTestMethod(Invoker.java:816)
                        	at org.testng.internal.Invoker.invokeTestMethods(Invoker.java:1124)
                        	at org.testng.internal.TestMethodWorker.invokeTestMethods(TestMethodWorker.java:125)
                        	at org.testng.internal.TestMethodWorker.run(TestMethodWorker.java:108)
                        	at org.testng.TestRunner.privateRun(TestRunner.java:774)
                        	at org.testng.TestRunner.run(TestRunner.java:624)
                        	at org.testng.SuiteRunner.runTest(SuiteRunner.java:359)
                        	at org.testng.SuiteRunner.access$000(SuiteRunner.java:39)
                        	at org.testng.SuiteRunner$SuiteWorker.run(SuiteRunner.java:393)
                        	at org.testng.internal.thread.ThreadUtil$2.call(ThreadUtil.java:64)
                        	at java.util.concurrent.FutureTask$Sync.innerRun(FutureTask.java:334)
                        	at java.util.concurrent.FutureTask.run(FutureTask.java:166)
                        	at java.util.concurrent.ThreadPoolExecutor.runWorker(ThreadPoolExecutor.java:1110)
                        	at java.util.concurrent.ThreadPoolExecutor$Worker.run(ThreadPoolExecutor.java:603)
                        	at java.lang.Thread.run(Thread.java:722)
                        Caused by: org.openqa.selenium.remote.ScreenshotException: Screen shot has been taken
                        Build info: version: '2.53.1', revision: 'a36b8b1', time: '2016-06-30 17:37:03'
                        System info: host: 'chenziyang', ip: '192.168.1.38', os.name: 'Windows NT (unknown)', os.arch: 'x86', os.version: '6.2', java.version:
                        '1.7.0_01'
                        Driver info: driver.version: RemoteWebDriver
                        	at org.openqa.selenium.remote.ErrorHandler.throwIfResponseFailed(ErrorHandler.java:138)
                        	... 28 more
                        Caused by: org.openqa.selenium.NoSuchElementException: no such element: Unable to locate element: {"method":"id","selector":"SWFUpload_0"}
                        (Session info: chrome=60.0.3112.90)
                        (Driver info: chromedriver=2.33.506120 (e3e53437346286c0bc2d2dc9aa4915ba81d9023f),platform=Windows NT 10.0.16299 x86_64) (WARNING:
                        The server did not provide any stacktrace information)
                        Command duration or timeout: 18.96 seconds
                        For documentation on this error, please visit: http://seleniumhq.org/exceptions/no_such_element.html
                        Build info: version: '2.53.1', revision: 'a36b8b1', time: '2016-06-30 17:37:03'
                        System info: host: 'chenziyang', ip: '192.168.1.38', os.name: 'Windows NT (unknown)', os.arch: 'x86', os.version: '6.2', java.version:
                        '1.7.0_01'
                        *** Element info: {Using=id, value=SWFUpload_0}
                        Session ID: 2c6a29485aeaebe7eaee4ec235e15802
                        Driver info: org.openqa.selenium.chrome.ChromeDriver
                        Capabilities [{platform=WIN8, acceptSslCerts=true, javascriptEnabled=true, browserName=chrome, chrome={userDataDir=C:\TEMP\scoped_dir13568_12039,
                        chromedriverVersion=2.33.506120 (e3e53437346286c0bc2d2dc9aa4915ba81d9023f)}, networkConnectionEnabled=false, unexpectedAlertBehaviour=,
                        rotatable=false, setWindowRect=true, locationContextEnabled=true, mobileEmulationEnabled=false, version=60.0.3112.90, pageLoadStrategy=normal,
                        takesHeapSnapshot=true, cssSelectorsEnabled=true, databaseEnabled=false, handlesAlerts=true, browserConnectionEnabled=false,
                        webStorageEnabled=true, nativeEvents=true, hasTouchScreen=false, applicationCacheEnabled=false, takesScreenshot=true}]
                        For documentation on this error, please visit: http://seleniumhq.org/exceptions/no_such_element.html
                        Build info: version: '2.53.1', revision: 'a36b8b1', time: '2016-06-30 17:37:03'
                        System info: host: 'chenziyang', ip: '192.168.1.38', os.name: 'Windows NT (unknown)', os.arch: 'x86', os.version: '6.2', java.version:
                        '1.7.0_01'
                        Driver info: driver.version: EventFiringWebDriver
                        	at sun.reflect.NativeConstructorAccessorImpl.newInstance0(Native Method)
                        	at sun.reflect.NativeConstructorAccessorImpl.newInstance(NativeConstructorAccessorImpl.java:57)
                        	at sun.reflect.DelegatingConstructorAccessorImpl.newInstance(DelegatingConstructorAccessorImpl.java:45)
                        	at java.lang.reflect.Constructor.newInstance(Constructor.java:525)
                        	at org.openqa.selenium.remote.ErrorHandler.createThrowable(ErrorHandler.java:206)
                        	at org.openqa.selenium.remote.ErrorHandler.throwIfResponseFailed(ErrorHandler.java:158)
                        	at org.openqa.selenium.remote.RemoteWebDriver.execute(RemoteWebDriver.java:678)
                        	at org.openqa.selenium.remote.RemoteWebDriver.findElement(RemoteWebDriver.java:363)
                        	at org.openqa.selenium.remote.RemoteWebDriver.findElementById(RemoteWebDriver.java:413)
                        	at org.openqa.selenium.By$ById.findElement(By.java:218)
                        	at org.openqa.selenium.remote.RemoteWebDriver.findElement(RemoteWebDriver.java:355)
                        	at sun.reflect.GeneratedMethodAccessor9.invoke(Unknown Source)
                        	at sun.reflect.DelegatingMethodAccessorImpl.invoke(DelegatingMethodAccessorImpl.java:43)
                        	at java.lang.reflect.Method.invoke(Method.java:601)
                        	at org.openqa.selenium.support.events.EventFiringWebDriver$2.invoke(EventFiringWebDriver.java:103)
                        	at $Proxy1.findElement(Unknown Source)
                        	at org.openqa.selenium.support.events.EventFiringWebDriver.findElement(EventFiringWebDriver.java:188)
                        	at org.openqa.selenium.remote.server.handler.FindElement.call(FindElement.java:48)
                        	at org.openqa.selenium.remote.server.handler.FindElement.call(FindElement.java:1)
                        	at java.util.concurrent.FutureTask$Sync.innerRun(FutureTask.java:334)
                        	at java.util.concurrent.FutureTask.run(FutureTask.java:166)
                        	at org.openqa.selenium.remote.server.DefaultSession$1.run(DefaultSession.java:176)
                        	... 3 more
                     </pre>
                  </div>
               </td>
            </tr>
            <tr id="NewActivity.ChengGuoZhanSi_publishHuodong_byStatus_failed_FAIL3_row"
                class="testMethodStatusFAIL">
               <td width="100%" class="firstMethodCell">
                  <a onclick="toggleDetailsVisibility('NewActivity.ChengGuoZhanSi_publishHuodong_byStatus_failed_FAIL3_details')">publishHuodong(devzhuanjia
                     
                     ,
                     
                     3edc$RFV
                     
                     ,
                     
                     C:/Program Files (x86)/Mozilla Firefox/uploadFile.exe
                     
                     ,
                     
                     C:/Program Files (x86)/Mozilla Firefox/uploadVideo.exe)
                  </a>
               </td>
               <td nowrap="true">15:37:31</td>
               <td nowrap="true" align="right">54s
                  
               </td>
               <td nowrap="true">
                  <a onclick="toggleDetailsVisibility('NewActivity.ChengGuoZhanSi_publishHuodong_byStatus_failed_FAIL3_exception')">org.openqa.selenium.WebDriverException: 
                     chrome not reachable
                     (Session info: chrome=63.0.3239.84)
                     (Driver info: chromedriver=2.34.522940 (1a76f96f66e3ca7b8e57d503b4dd3bccfba87af1),platform=Windows NT 10.0.16299 x86_64) (WARNING:
                     The server did not provide any stacktrace information)
                     Command duration or timeout: 4.01 seconds
                     Build info: version: '2.53.1', revision: 'a36b8b1', time: '2016-06-30 17:37:03'
                     System info: host: 'Wzy', ip: '192.168.0.106', os.name: 'Windows 10', os.arch: 'amd64', os.version: '10.0', java.version:
                     '1.8.0_144'
                     Driver info: org.openqa.selenium.chrome.ChromeDriver
                     Capabilities [{applicationCacheEnabled=false, rotatable=false, mobileEmulationEnabled=false, networkConnectionEnabled=false,
                     chrome={chromedriverVersion=2.34.522940 (1a76f96f66e3ca7b8e57d503b4dd3bccfba87af1), userDataDir=C:\Users\ADMINI~1\AppData\Local\Temp\scoped_dir38748_4350},
                     takesHeapSnapshot=true, pageLoadStrategy=normal, databaseEnabled=false, handlesAlerts=true, hasTouchScreen=false, version=63.0.3239.84,
                     platform=XP, browserConnectionEnabled=false, nativeEvents=true, acceptSslCerts=true, locationContextEnabled=true, webStorageEnabled=true,
                     browserName=chrome, takesScreenshot=true, javascriptEnabled=true, cssSelectorsEnabled=true, setWindowRect=true, unexpectedAlertBehaviour=}]
                     Session ID: ef193edd5e322c544246eb3205153bfb
                     *** Element info: {Using=link text, value=保存}
                     Command duration or timeout: 4.58 seconds
                     Build info: version: '2.53.1', revision: 'a36b8b1', time: '2016-06-30 17:37:03'
                     System info: host: 'chenziyang', ip: '192.168.1.38', os.name: 'Windows NT (unknown)', os.arch: 'x86', os.version: '6.2', java.version:
                     '1.7.0_01'
                     *** Element info: {Using=link text, value=保存}
                     Session ID: 8fc9d8f8-1034-4c9a-be63-f4db019ac245
                     Driver info: org.openqa.selenium.remote.RemoteWebDriver
                     Capabilities [{platform=XP, javascriptEnabled=true, acceptSslCerts=true, browserName=chrome, chrome={userDataDir=C:\Users\ADMINI~1\AppData\Local\Temp\scoped_dir38748_4350,
                     chromedriverVersion=2.34.522940 (1a76f96f66e3ca7b8e57d503b4dd3bccfba87af1)}, networkConnectionEnabled=false, unexpectedAlertBehaviour=,
                     rotatable=false, setWindowRect=true, locationContextEnabled=true, mobileEmulationEnabled=false, webdriver.remote.sessionid=8fc9d8f8-1034-4c9a-be63-f4db019ac245,
                     version=63.0.3239.84, pageLoadStrategy=normal, takesHeapSnapshot=true, cssSelectorsEnabled=true, databaseEnabled=false, handlesAlerts=true,
                     browserConnectionEnabled=false, webStorageEnabled=true, nativeEvents=true, hasTouchScreen=false, applicationCacheEnabled=false,
                     takesScreenshot=true}]
                     
                  </a>
                   
                  
               </td>
            </tr>
            <tr>
               <td colspan="4" class="detailsBox">
                  <div id="NewActivity.ChengGuoZhanSi_publishHuodong_byStatus_failed_FAIL3_details"
                       class="testMethodDetails">
                     <div>
                        <b>Name: </b>publishHuodong
                     </div>
                     <div>
                        <b>Signature: </b>publishHuodong(java.lang.String, java.lang.String, java.lang.String, java.lang.String)[pri:0, instance:NewActivity.ChengGuoZhanSi@1b4bc2a]
                     </div>
                     <div>
                        <b>Parameters: </b>
                        
                        devzhuanjia
                        
                        ,
                        
                        3edc$RFV
                        
                        ,
                        
                        C:/Program Files (x86)/Mozilla Firefox/uploadFile.exe
                        
                        ,
                        
                        C:/Program Files (x86)/Mozilla Firefox/uploadVideo.exe
                        
                        
                     </div>
                     <div>
                        <b>Start time: </b>15:37:31
                     </div>
                     <div>
                        <b>End time: </b>15:38:26
                     </div>
                     <div>
                        <b>Duration: </b>54s
                        
                     </div>
                  </div>
               </td>
            </tr>
            <tr>
               <td colspan="4" class="detailsBox">
                  <div id="NewActivity.ChengGuoZhanSi_publishHuodong_byStatus_failed_FAIL3_exception"
                       class="testMethodDetails">
                     <pre style="padding: 5px; margin: 0;">org.openqa.selenium.WebDriverException: chrome not reachable
                        (Session info: chrome=63.0.3239.84)
                        (Driver info: chromedriver=2.34.522940 (1a76f96f66e3ca7b8e57d503b4dd3bccfba87af1),platform=Windows NT 10.0.16299 x86_64) (WARNING:
                        The server did not provide any stacktrace information)
                        Command duration or timeout: 4.01 seconds
                        Build info: version: '2.53.1', revision: 'a36b8b1', time: '2016-06-30 17:37:03'
                        System info: host: 'Wzy', ip: '192.168.0.106', os.name: 'Windows 10', os.arch: 'amd64', os.version: '10.0', java.version:
                        '1.8.0_144'
                        Driver info: org.openqa.selenium.chrome.ChromeDriver
                        Capabilities [{applicationCacheEnabled=false, rotatable=false, mobileEmulationEnabled=false, networkConnectionEnabled=false,
                        chrome={chromedriverVersion=2.34.522940 (1a76f96f66e3ca7b8e57d503b4dd3bccfba87af1), userDataDir=C:\Users\ADMINI~1\AppData\Local\Temp\scoped_dir38748_4350},
                        takesHeapSnapshot=true, pageLoadStrategy=normal, databaseEnabled=false, handlesAlerts=true, hasTouchScreen=false, version=63.0.3239.84,
                        platform=XP, browserConnectionEnabled=false, nativeEvents=true, acceptSslCerts=true, locationContextEnabled=true, webStorageEnabled=true,
                        browserName=chrome, takesScreenshot=true, javascriptEnabled=true, cssSelectorsEnabled=true, setWindowRect=true, unexpectedAlertBehaviour=}]
                        Session ID: ef193edd5e322c544246eb3205153bfb
                        *** Element info: {Using=link text, value=保存}
                        Command duration or timeout: 4.58 seconds
                        Build info: version: '2.53.1', revision: 'a36b8b1', time: '2016-06-30 17:37:03'
                        System info: host: 'chenziyang', ip: '192.168.1.38', os.name: 'Windows NT (unknown)', os.arch: 'x86', os.version: '6.2', java.version:
                        '1.7.0_01'
                        *** Element info: {Using=link text, value=保存}
                        Session ID: 8fc9d8f8-1034-4c9a-be63-f4db019ac245
                        Driver info: org.openqa.selenium.remote.RemoteWebDriver
                        Capabilities [{platform=XP, javascriptEnabled=true, acceptSslCerts=true, browserName=chrome, chrome={userDataDir=C:\Users\ADMINI~1\AppData\Local\Temp\scoped_dir38748_4350,
                        chromedriverVersion=2.34.522940 (1a76f96f66e3ca7b8e57d503b4dd3bccfba87af1)}, networkConnectionEnabled=false, unexpectedAlertBehaviour=,
                        rotatable=false, setWindowRect=true, locationContextEnabled=true, mobileEmulationEnabled=false, webdriver.remote.sessionid=8fc9d8f8-1034-4c9a-be63-f4db019ac245,
                        version=63.0.3239.84, pageLoadStrategy=normal, takesHeapSnapshot=true, cssSelectorsEnabled=true, databaseEnabled=false, handlesAlerts=true,
                        browserConnectionEnabled=false, webStorageEnabled=true, nativeEvents=true, hasTouchScreen=false, applicationCacheEnabled=false,
                        takesScreenshot=true}]
                        	at sun.reflect.NativeConstructorAccessorImpl.newInstance0(Native Method)
                        	at sun.reflect.NativeConstructorAccessorImpl.newInstance(NativeConstructorAccessorImpl.java:57)
                        	at sun.reflect.DelegatingConstructorAccessorImpl.newInstance(DelegatingConstructorAccessorImpl.java:45)
                        	at java.lang.reflect.Constructor.newInstance(Constructor.java:525)
                        	at org.openqa.selenium.remote.ErrorHandler.createThrowable(ErrorHandler.java:206)
                        	at org.openqa.selenium.remote.ErrorHandler.throwIfResponseFailed(ErrorHandler.java:158)
                        	at org.openqa.selenium.remote.RemoteWebDriver.execute(RemoteWebDriver.java:678)
                        	at org.openqa.selenium.remote.RemoteWebDriver.findElement(RemoteWebDriver.java:363)
                        	at org.openqa.selenium.remote.RemoteWebDriver.findElementByLinkText(RemoteWebDriver.java:428)
                        	at org.openqa.selenium.By$ByLinkText.findElement(By.java:246)
                        	at org.openqa.selenium.remote.RemoteWebDriver.findElement(RemoteWebDriver.java:355)
                        	at NewActivity.ChengGuoZhanSi.publishHuodong(ChengGuoZhanSi.java:61)
                        	at sun.reflect.NativeMethodAccessorImpl.invoke0(Native Method)
                        	at sun.reflect.NativeMethodAccessorImpl.invoke(NativeMethodAccessorImpl.java:57)
                        	at sun.reflect.DelegatingMethodAccessorImpl.invoke(DelegatingMethodAccessorImpl.java:43)
                        	at java.lang.reflect.Method.invoke(Method.java:601)
                        	at org.testng.internal.MethodInvocationHelper.invokeMethod(MethodInvocationHelper.java:85)
                        	at org.testng.internal.Invoker.invokeMethod(Invoker.java:639)
                        	at org.testng.internal.Invoker.invokeTestMethod(Invoker.java:816)
                        	at org.testng.internal.Invoker.invokeTestMethods(Invoker.java:1124)
                        	at org.testng.internal.TestMethodWorker.invokeTestMethods(TestMethodWorker.java:125)
                        	at org.testng.internal.TestMethodWorker.run(TestMethodWorker.java:108)
                        	at org.testng.TestRunner.privateRun(TestRunner.java:774)
                        	at org.testng.TestRunner.run(TestRunner.java:624)
                        	at org.testng.SuiteRunner.runTest(SuiteRunner.java:359)
                        	at org.testng.SuiteRunner.access$000(SuiteRunner.java:39)
                        	at org.testng.SuiteRunner$SuiteWorker.run(SuiteRunner.java:393)
                        	at org.testng.internal.thread.ThreadUtil$2.call(ThreadUtil.java:64)
                        	at java.util.concurrent.FutureTask$Sync.innerRun(FutureTask.java:334)
                        	at java.util.concurrent.FutureTask.run(FutureTask.java:166)
                        	at java.util.concurrent.ThreadPoolExecutor.runWorker(ThreadPoolExecutor.java:1110)
                        	at java.util.concurrent.ThreadPoolExecutor$Worker.run(ThreadPoolExecutor.java:603)
                        	at java.lang.Thread.run(Thread.java:722)
                        Caused by: org.openqa.selenium.remote.ScreenshotException: Screen shot has been taken
                        Build info: version: '2.53.1', revision: 'a36b8b1', time: '2016-06-30 17:37:03'
                        System info: host: 'chenziyang', ip: '192.168.1.38', os.name: 'Windows NT (unknown)', os.arch: 'x86', os.version: '6.2', java.version:
                        '1.7.0_01'
                        Driver info: driver.version: RemoteWebDriver
                        	at org.openqa.selenium.remote.ErrorHandler.throwIfResponseFailed(ErrorHandler.java:138)
                        	... 27 more
                        Caused by: org.openqa.selenium.WebDriverException: chrome not reachable
                        (Session info: chrome=63.0.3239.84)
                        (Driver info: chromedriver=2.34.522940 (1a76f96f66e3ca7b8e57d503b4dd3bccfba87af1),platform=Windows NT 10.0.16299 x86_64) (WARNING:
                        The server did not provide any stacktrace information)
                        Command duration or timeout: 4.01 seconds
                        Build info: version: '2.53.1', revision: 'a36b8b1', time: '2016-06-30 17:37:03'
                        System info: host: 'Wzy', ip: '192.168.0.106', os.name: 'Windows 10', os.arch: 'amd64', os.version: '10.0', java.version:
                        '1.8.0_144'
                        Driver info: org.openqa.selenium.chrome.ChromeDriver
                        Capabilities [{applicationCacheEnabled=false, rotatable=false, mobileEmulationEnabled=false, networkConnectionEnabled=false,
                        chrome={chromedriverVersion=2.34.522940 (1a76f96f66e3ca7b8e57d503b4dd3bccfba87af1), userDataDir=C:\Users\ADMINI~1\AppData\Local\Temp\scoped_dir38748_4350},
                        takesHeapSnapshot=true, pageLoadStrategy=normal, databaseEnabled=false, handlesAlerts=true, hasTouchScreen=false, version=63.0.3239.84,
                        platform=XP, browserConnectionEnabled=false, nativeEvents=true, acceptSslCerts=true, locationContextEnabled=true, webStorageEnabled=true,
                        browserName=chrome, takesScreenshot=true, javascriptEnabled=true, cssSelectorsEnabled=true, setWindowRect=true, unexpectedAlertBehaviour=}]
                        Session ID: ef193edd5e322c544246eb3205153bfb
                        *** Element info: {Using=link text, value=保存}
                        Build info: version: '2.53.1', revision: 'a36b8b1', time: '2016-06-30 17:37:03'
                        System info: host: 'chenziyang', ip: '192.168.1.38', os.name: 'Windows NT (unknown)', os.arch: 'x86', os.version: '6.2', java.version:
                        '1.7.0_01'
                        Driver info: driver.version: EventFiringWebDriver
                        	at sun.reflect.NativeConstructorAccessorImpl.newInstance0(Native Method)
                        	at sun.reflect.NativeConstructorAccessorImpl.newInstance(Unknown Source)
                        	at sun.reflect.DelegatingConstructorAccessorImpl.newInstance(Unknown Source)
                        	at java.lang.reflect.Constructor.newInstance(Unknown Source)
                        	at org.openqa.selenium.remote.ErrorHandler.createThrowable(ErrorHandler.java:206)
                        	at org.openqa.selenium.remote.ErrorHandler.throwIfResponseFailed(ErrorHandler.java:158)
                        	at org.openqa.selenium.remote.RemoteWebDriver.execute(RemoteWebDriver.java:678)
                        	at org.openqa.selenium.remote.RemoteWebDriver.findElement(RemoteWebDriver.java:363)
                        	at org.openqa.selenium.remote.RemoteWebDriver.findElementByLinkText(RemoteWebDriver.java:428)
                        	at org.openqa.selenium.By$ByLinkText.findElement(By.java:246)
                        	at org.openqa.selenium.remote.RemoteWebDriver.findElement(RemoteWebDriver.java:355)
                        	at sun.reflect.GeneratedMethodAccessor14.invoke(Unknown Source)
                        	at sun.reflect.DelegatingMethodAccessorImpl.invoke(Unknown Source)
                        	at java.lang.reflect.Method.invoke(Unknown Source)
                        	at org.openqa.selenium.support.events.EventFiringWebDriver$2.invoke(EventFiringWebDriver.java:103)
                        	at com.sun.proxy.$Proxy1.findElement(Unknown Source)
                        	at org.openqa.selenium.support.events.EventFiringWebDriver.findElement(EventFiringWebDriver.java:188)
                        	at org.openqa.selenium.remote.server.handler.FindElement.call(FindElement.java:48)
                        	at org.openqa.selenium.remote.server.handler.FindElement.call(FindElement.java:1)
                        	at java.util.concurrent.FutureTask.run(Unknown Source)
                        	at org.openqa.selenium.remote.server.DefaultSession$1.run(DefaultSession.java:176)
                        	at java.util.concurrent.ThreadPoolExecutor.runWorker(Unknown Source)
                        	at java.util.concurrent.ThreadPoolExecutor$Worker.run(Unknown Source)
                        	at java.lang.Thread.run(Unknown Source)
                     </pre>
                  </div>
               </td>
            </tr>
            <tr id="NewActivity.JoinActivity3_studuentakePartActivity_byStatus_failed_FAIL4_row"
                class="testMethodStatusFAIL">
               <td width="100%" class="firstMethodCell">
                  <a onclick="toggleDetailsVisibility('NewActivity.JoinActivity3_studuentakePartActivity_byStatus_failed_FAIL4_details')">studuentakePartActivity(devstudent3
                     
                     ,
                     
                     123123
                     
                     ,
                     
                     C:/Program Files (x86)/Mozilla Firefox/uploadFile.exe
                     
                     ,
                     
                     C:/Program Files (x86)/Mozilla Firefox/uploadVideo.exe)
                  </a>
               </td>
               <td nowrap="true">15:39:49</td>
               <td nowrap="true" align="right">31s
                  
               </td>
               <td nowrap="true">
                  <a onclick="toggleDetailsVisibility('NewActivity.JoinActivity3_studuentakePartActivity_byStatus_failed_FAIL4_exception')">org.openqa.selenium.NoSuchElementException: 
                     no such element: Unable to locate element: {"method":"id","selector":"SWFUpload_0"}
                     (Session info: chrome=63.0.3239.84)
                     (Driver info: chromedriver=2.34.522940 (1a76f96f66e3ca7b8e57d503b4dd3bccfba87af1),platform=Windows NT 10.0.16299 x86_64) (WARNING:
                     The server did not provide any stacktrace information)
                     Command duration or timeout: 15.06 seconds
                     For documentation on this error, please visit: http://seleniumhq.org/exceptions/no_such_element.html
                     Build info: version: '2.53.1', revision: 'a36b8b1', time: '2016-06-30 17:37:03'
                     System info: host: 'Wzy', ip: '192.168.0.106', os.name: 'Windows 10', os.arch: 'amd64', os.version: '10.0', java.version:
                     '1.8.0_144'
                     Driver info: org.openqa.selenium.chrome.ChromeDriver
                     Capabilities [{applicationCacheEnabled=false, rotatable=false, mobileEmulationEnabled=false, networkConnectionEnabled=false,
                     chrome={chromedriverVersion=2.34.522940 (1a76f96f66e3ca7b8e57d503b4dd3bccfba87af1), userDataDir=C:\Users\ADMINI~1\AppData\Local\Temp\scoped_dir38292_13562},
                     takesHeapSnapshot=true, pageLoadStrategy=normal, databaseEnabled=false, handlesAlerts=true, hasTouchScreen=false, version=63.0.3239.84,
                     platform=XP, browserConnectionEnabled=false, nativeEvents=true, acceptSslCerts=true, locationContextEnabled=true, webStorageEnabled=true,
                     browserName=chrome, takesScreenshot=true, javascriptEnabled=true, cssSelectorsEnabled=true, setWindowRect=true, unexpectedAlertBehaviour=}]
                     Session ID: 9c4283b858d6a74167ca7c8da6d62478
                     *** Element info: {Using=id, value=SWFUpload_0}
                     Command duration or timeout: 15.39 seconds
                     For documentation on this error, please visit: http://seleniumhq.org/exceptions/no_such_element.html
                     Build info: version: '2.53.1', revision: 'a36b8b1', time: '2016-06-30 17:37:03'
                     System info: host: 'chenziyang', ip: '192.168.1.38', os.name: 'Windows NT (unknown)', os.arch: 'x86', os.version: '6.2', java.version:
                     '1.7.0_01'
                     *** Element info: {Using=id, value=SWFUpload_0}
                     Session ID: 8502883d-1897-42c9-af93-95a70a26d6cc
                     Driver info: org.openqa.selenium.remote.RemoteWebDriver
                     Capabilities [{platform=XP, javascriptEnabled=true, acceptSslCerts=true, browserName=chrome, chrome={userDataDir=C:\Users\ADMINI~1\AppData\Local\Temp\scoped_dir38292_13562,
                     chromedriverVersion=2.34.522940 (1a76f96f66e3ca7b8e57d503b4dd3bccfba87af1)}, networkConnectionEnabled=false, unexpectedAlertBehaviour=,
                     rotatable=false, setWindowRect=true, locationContextEnabled=true, mobileEmulationEnabled=false, webdriver.remote.sessionid=8502883d-1897-42c9-af93-95a70a26d6cc,
                     version=63.0.3239.84, pageLoadStrategy=normal, takesHeapSnapshot=true, cssSelectorsEnabled=true, databaseEnabled=false, handlesAlerts=true,
                     browserConnectionEnabled=false, webStorageEnabled=true, nativeEvents=true, hasTouchScreen=false, applicationCacheEnabled=false,
                     takesScreenshot=true}]
                     
                  </a>
                   
                  
               </td>
            </tr>
            <tr>
               <td colspan="4" class="detailsBox">
                  <div id="NewActivity.JoinActivity3_studuentakePartActivity_byStatus_failed_FAIL4_details"
                       class="testMethodDetails">
                     <div>
                        <b>Name: </b>studuentakePartActivity
                     </div>
                     <div>
                        <b>Signature: </b>studuentakePartActivity(java.lang.String, java.lang.String, java.lang.String, java.lang.String)[pri:0, instance:NewActivity.JoinActivity3@117e53b]
                     </div>
                     <div>
                        <b>Parameters: </b>
                        
                        devstudent3
                        
                        ,
                        
                        123123
                        
                        ,
                        
                        C:/Program Files (x86)/Mozilla Firefox/uploadFile.exe
                        
                        ,
                        
                        C:/Program Files (x86)/Mozilla Firefox/uploadVideo.exe
                        
                        
                     </div>
                     <div>
                        <b>Start time: </b>15:39:49
                     </div>
                     <div>
                        <b>End time: </b>15:40:20
                     </div>
                     <div>
                        <b>Duration: </b>31s
                        
                     </div>
                  </div>
               </td>
            </tr>
            <tr>
               <td colspan="4" class="detailsBox">
                  <div id="NewActivity.JoinActivity3_studuentakePartActivity_byStatus_failed_FAIL4_exception"
                       class="testMethodDetails">
                     <pre style="padding: 5px; margin: 0;">org.openqa.selenium.NoSuchElementException: no such element: Unable to locate element: {"method":"id","selector":"SWFUpload_0"}
                        (Session info: chrome=63.0.3239.84)
                        (Driver info: chromedriver=2.34.522940 (1a76f96f66e3ca7b8e57d503b4dd3bccfba87af1),platform=Windows NT 10.0.16299 x86_64) (WARNING:
                        The server did not provide any stacktrace information)
                        Command duration or timeout: 15.06 seconds
                        For documentation on this error, please visit: http://seleniumhq.org/exceptions/no_such_element.html
                        Build info: version: '2.53.1', revision: 'a36b8b1', time: '2016-06-30 17:37:03'
                        System info: host: 'Wzy', ip: '192.168.0.106', os.name: 'Windows 10', os.arch: 'amd64', os.version: '10.0', java.version:
                        '1.8.0_144'
                        Driver info: org.openqa.selenium.chrome.ChromeDriver
                        Capabilities [{applicationCacheEnabled=false, rotatable=false, mobileEmulationEnabled=false, networkConnectionEnabled=false,
                        chrome={chromedriverVersion=2.34.522940 (1a76f96f66e3ca7b8e57d503b4dd3bccfba87af1), userDataDir=C:\Users\ADMINI~1\AppData\Local\Temp\scoped_dir38292_13562},
                        takesHeapSnapshot=true, pageLoadStrategy=normal, databaseEnabled=false, handlesAlerts=true, hasTouchScreen=false, version=63.0.3239.84,
                        platform=XP, browserConnectionEnabled=false, nativeEvents=true, acceptSslCerts=true, locationContextEnabled=true, webStorageEnabled=true,
                        browserName=chrome, takesScreenshot=true, javascriptEnabled=true, cssSelectorsEnabled=true, setWindowRect=true, unexpectedAlertBehaviour=}]
                        Session ID: 9c4283b858d6a74167ca7c8da6d62478
                        *** Element info: {Using=id, value=SWFUpload_0}
                        Command duration or timeout: 15.39 seconds
                        For documentation on this error, please visit: http://seleniumhq.org/exceptions/no_such_element.html
                        Build info: version: '2.53.1', revision: 'a36b8b1', time: '2016-06-30 17:37:03'
                        System info: host: 'chenziyang', ip: '192.168.1.38', os.name: 'Windows NT (unknown)', os.arch: 'x86', os.version: '6.2', java.version:
                        '1.7.0_01'
                        *** Element info: {Using=id, value=SWFUpload_0}
                        Session ID: 8502883d-1897-42c9-af93-95a70a26d6cc
                        Driver info: org.openqa.selenium.remote.RemoteWebDriver
                        Capabilities [{platform=XP, javascriptEnabled=true, acceptSslCerts=true, browserName=chrome, chrome={userDataDir=C:\Users\ADMINI~1\AppData\Local\Temp\scoped_dir38292_13562,
                        chromedriverVersion=2.34.522940 (1a76f96f66e3ca7b8e57d503b4dd3bccfba87af1)}, networkConnectionEnabled=false, unexpectedAlertBehaviour=,
                        rotatable=false, setWindowRect=true, locationContextEnabled=true, mobileEmulationEnabled=false, webdriver.remote.sessionid=8502883d-1897-42c9-af93-95a70a26d6cc,
                        version=63.0.3239.84, pageLoadStrategy=normal, takesHeapSnapshot=true, cssSelectorsEnabled=true, databaseEnabled=false, handlesAlerts=true,
                        browserConnectionEnabled=false, webStorageEnabled=true, nativeEvents=true, hasTouchScreen=false, applicationCacheEnabled=false,
                        takesScreenshot=true}]
                        	at sun.reflect.NativeConstructorAccessorImpl.newInstance0(Native Method)
                        	at sun.reflect.NativeConstructorAccessorImpl.newInstance(NativeConstructorAccessorImpl.java:57)
                        	at sun.reflect.DelegatingConstructorAccessorImpl.newInstance(DelegatingConstructorAccessorImpl.java:45)
                        	at java.lang.reflect.Constructor.newInstance(Constructor.java:525)
                        	at org.openqa.selenium.remote.ErrorHandler.createThrowable(ErrorHandler.java:206)
                        	at org.openqa.selenium.remote.ErrorHandler.throwIfResponseFailed(ErrorHandler.java:158)
                        	at org.openqa.selenium.remote.RemoteWebDriver.execute(RemoteWebDriver.java:678)
                        	at org.openqa.selenium.remote.RemoteWebDriver.findElement(RemoteWebDriver.java:363)
                        	at org.openqa.selenium.remote.RemoteWebDriver.findElementById(RemoteWebDriver.java:413)
                        	at org.openqa.selenium.By$ById.findElement(By.java:218)
                        	at org.openqa.selenium.remote.RemoteWebDriver.findElement(RemoteWebDriver.java:355)
                        	at uti.Uti.UploadFile(Uti.java:43)
                        	at NewActivity.JoinActivity3.studuentakePartActivity(JoinActivity3.java:31)
                        	at sun.reflect.NativeMethodAccessorImpl.invoke0(Native Method)
                        	at sun.reflect.NativeMethodAccessorImpl.invoke(NativeMethodAccessorImpl.java:57)
                        	at sun.reflect.DelegatingMethodAccessorImpl.invoke(DelegatingMethodAccessorImpl.java:43)
                        	at java.lang.reflect.Method.invoke(Method.java:601)
                        	at org.testng.internal.MethodInvocationHelper.invokeMethod(MethodInvocationHelper.java:85)
                        	at org.testng.internal.Invoker.invokeMethod(Invoker.java:639)
                        	at org.testng.internal.Invoker.invokeTestMethod(Invoker.java:816)
                        	at org.testng.internal.Invoker.invokeTestMethods(Invoker.java:1124)
                        	at org.testng.internal.TestMethodWorker.invokeTestMethods(TestMethodWorker.java:125)
                        	at org.testng.internal.TestMethodWorker.run(TestMethodWorker.java:108)
                        	at org.testng.TestRunner.privateRun(TestRunner.java:774)
                        	at org.testng.TestRunner.run(TestRunner.java:624)
                        	at org.testng.SuiteRunner.runTest(SuiteRunner.java:359)
                        	at org.testng.SuiteRunner.access$000(SuiteRunner.java:39)
                        	at org.testng.SuiteRunner$SuiteWorker.run(SuiteRunner.java:393)
                        	at org.testng.internal.thread.ThreadUtil$2.call(ThreadUtil.java:64)
                        	at java.util.concurrent.FutureTask$Sync.innerRun(FutureTask.java:334)
                        	at java.util.concurrent.FutureTask.run(FutureTask.java:166)
                        	at java.util.concurrent.ThreadPoolExecutor.runWorker(ThreadPoolExecutor.java:1110)
                        	at java.util.concurrent.ThreadPoolExecutor$Worker.run(ThreadPoolExecutor.java:603)
                        	at java.lang.Thread.run(Thread.java:722)
                        Caused by: org.openqa.selenium.remote.ScreenshotException: Screen shot has been taken
                        Build info: version: '2.53.1', revision: 'a36b8b1', time: '2016-06-30 17:37:03'
                        System info: host: 'chenziyang', ip: '192.168.1.38', os.name: 'Windows NT (unknown)', os.arch: 'x86', os.version: '6.2', java.version:
                        '1.7.0_01'
                        Driver info: driver.version: RemoteWebDriver
                        	at org.openqa.selenium.remote.ErrorHandler.throwIfResponseFailed(ErrorHandler.java:138)
                        	... 28 more
                        Caused by: org.openqa.selenium.NoSuchElementException: no such element: Unable to locate element: {"method":"id","selector":"SWFUpload_0"}
                        (Session info: chrome=63.0.3239.84)
                        (Driver info: chromedriver=2.34.522940 (1a76f96f66e3ca7b8e57d503b4dd3bccfba87af1),platform=Windows NT 10.0.16299 x86_64) (WARNING:
                        The server did not provide any stacktrace information)
                        Command duration or timeout: 15.06 seconds
                        For documentation on this error, please visit: http://seleniumhq.org/exceptions/no_such_element.html
                        Build info: version: '2.53.1', revision: 'a36b8b1', time: '2016-06-30 17:37:03'
                        System info: host: 'Wzy', ip: '192.168.0.106', os.name: 'Windows 10', os.arch: 'amd64', os.version: '10.0', java.version:
                        '1.8.0_144'
                        Driver info: org.openqa.selenium.chrome.ChromeDriver
                        Capabilities [{applicationCacheEnabled=false, rotatable=false, mobileEmulationEnabled=false, networkConnectionEnabled=false,
                        chrome={chromedriverVersion=2.34.522940 (1a76f96f66e3ca7b8e57d503b4dd3bccfba87af1), userDataDir=C:\Users\ADMINI~1\AppData\Local\Temp\scoped_dir38292_13562},
                        takesHeapSnapshot=true, pageLoadStrategy=normal, databaseEnabled=false, handlesAlerts=true, hasTouchScreen=false, version=63.0.3239.84,
                        platform=XP, browserConnectionEnabled=false, nativeEvents=true, acceptSslCerts=true, locationContextEnabled=true, webStorageEnabled=true,
                        browserName=chrome, takesScreenshot=true, javascriptEnabled=true, cssSelectorsEnabled=true, setWindowRect=true, unexpectedAlertBehaviour=}]
                        Session ID: 9c4283b858d6a74167ca7c8da6d62478
                        *** Element info: {Using=id, value=SWFUpload_0}
                        For documentation on this error, please visit: http://seleniumhq.org/exceptions/no_such_element.html
                        Build info: version: '2.53.1', revision: 'a36b8b1', time: '2016-06-30 17:37:03'
                        System info: host: 'chenziyang', ip: '192.168.1.38', os.name: 'Windows NT (unknown)', os.arch: 'x86', os.version: '6.2', java.version:
                        '1.7.0_01'
                        Driver info: driver.version: EventFiringWebDriver
                        	at sun.reflect.NativeConstructorAccessorImpl.newInstance0(Native Method)
                        	at sun.reflect.NativeConstructorAccessorImpl.newInstance(Unknown Source)
                        	at sun.reflect.DelegatingConstructorAccessorImpl.newInstance(Unknown Source)
                        	at java.lang.reflect.Constructor.newInstance(Unknown Source)
                        	at org.openqa.selenium.remote.ErrorHandler.createThrowable(ErrorHandler.java:206)
                        	at org.openqa.selenium.remote.ErrorHandler.throwIfResponseFailed(ErrorHandler.java:158)
                        	at org.openqa.selenium.remote.RemoteWebDriver.execute(RemoteWebDriver.java:678)
                        	at org.openqa.selenium.remote.RemoteWebDriver.findElement(RemoteWebDriver.java:363)
                        	at org.openqa.selenium.remote.RemoteWebDriver.findElementById(RemoteWebDriver.java:413)
                        	at org.openqa.selenium.By$ById.findElement(By.java:218)
                        	at org.openqa.selenium.remote.RemoteWebDriver.findElement(RemoteWebDriver.java:355)
                        	at sun.reflect.GeneratedMethodAccessor14.invoke(Unknown Source)
                        	at sun.reflect.DelegatingMethodAccessorImpl.invoke(Unknown Source)
                        	at java.lang.reflect.Method.invoke(Unknown Source)
                        	at org.openqa.selenium.support.events.EventFiringWebDriver$2.invoke(EventFiringWebDriver.java:103)
                        	at com.sun.proxy.$Proxy1.findElement(Unknown Source)
                        	at org.openqa.selenium.support.events.EventFiringWebDriver.findElement(EventFiringWebDriver.java:188)
                        	at org.openqa.selenium.remote.server.handler.FindElement.call(FindElement.java:48)
                        	at org.openqa.selenium.remote.server.handler.FindElement.call(FindElement.java:1)
                        	at java.util.concurrent.FutureTask.run(Unknown Source)
                        	at org.openqa.selenium.remote.server.DefaultSession$1.run(DefaultSession.java:176)
                        	at java.util.concurrent.ThreadPoolExecutor.runWorker(Unknown Source)
                        	at java.util.concurrent.ThreadPoolExecutor$Worker.run(Unknown Source)
                        	at java.lang.Thread.run(Unknown Source)
                     </pre>
                  </div>
               </td>
            </tr>
            <tr id="NewActivity.MakingHuodong_checkHuodongOfStudents_byStatus_failed_FAIL5_row"
                class="testMethodStatusFAIL">
               <td width="100%" class="firstMethodCell">
                  <a onclick="toggleDetailsVisibility('NewActivity.MakingHuodong_checkHuodongOfStudents_byStatus_failed_FAIL5_details')">checkHuodongOfStudents(devzhuanjia
                     
                     ,
                     
                     3edc$RFV
                     
                     ,
                     
                     C:/Program Files (x86)/Mozilla Firefox/uploadFile.exe
                     
                     ,
                     
                     C:/Program Files (x86)/Mozilla Firefox/uploadVideo.exe)
                  </a>
               </td>
               <td nowrap="true">15:40:20</td>
               <td nowrap="true" align="right">26s
                  
               </td>
               <td nowrap="true">
                  <a onclick="toggleDetailsVisibility('NewActivity.MakingHuodong_checkHuodongOfStudents_byStatus_failed_FAIL5_exception')">org.openqa.selenium.NoSuchElementException: 
                     no such element: Unable to locate element: {"method":"link text","selector":"查看并批阅"}
                     (Session info: chrome=63.0.3239.84)
                     (Driver info: chromedriver=2.34.522940 (1a76f96f66e3ca7b8e57d503b4dd3bccfba87af1),platform=Windows NT 10.0.16299 x86_64) (WARNING:
                     The server did not provide any stacktrace information)
                     Command duration or timeout: 15.05 seconds
                     For documentation on this error, please visit: http://seleniumhq.org/exceptions/no_such_element.html
                     Build info: version: '2.53.1', revision: 'a36b8b1', time: '2016-06-30 17:37:03'
                     System info: host: 'Wzy', ip: '192.168.0.106', os.name: 'Windows 10', os.arch: 'amd64', os.version: '10.0', java.version:
                     '1.8.0_144'
                     Driver info: org.openqa.selenium.chrome.ChromeDriver
                     Capabilities [{applicationCacheEnabled=false, rotatable=false, mobileEmulationEnabled=false, networkConnectionEnabled=false,
                     chrome={chromedriverVersion=2.34.522940 (1a76f96f66e3ca7b8e57d503b4dd3bccfba87af1), userDataDir=C:\Users\ADMINI~1\AppData\Local\Temp\scoped_dir36368_30710},
                     takesHeapSnapshot=true, pageLoadStrategy=normal, databaseEnabled=false, handlesAlerts=true, hasTouchScreen=false, version=63.0.3239.84,
                     platform=XP, browserConnectionEnabled=false, nativeEvents=true, acceptSslCerts=true, locationContextEnabled=true, webStorageEnabled=true,
                     browserName=chrome, takesScreenshot=true, javascriptEnabled=true, cssSelectorsEnabled=true, setWindowRect=true, unexpectedAlertBehaviour=}]
                     Session ID: 550714fed66288a264e31b3082a060e5
                     *** Element info: {Using=link text, value=查看并批阅}
                     Command duration or timeout: 15.48 seconds
                     For documentation on this error, please visit: http://seleniumhq.org/exceptions/no_such_element.html
                     Build info: version: '2.53.1', revision: 'a36b8b1', time: '2016-06-30 17:37:03'
                     System info: host: 'chenziyang', ip: '192.168.1.38', os.name: 'Windows NT (unknown)', os.arch: 'x86', os.version: '6.2', java.version:
                     '1.7.0_01'
                     *** Element info: {Using=link text, value=查看并批阅}
                     Session ID: 946feace-f2ad-4896-a566-bb1b5f3e75c4
                     Driver info: org.openqa.selenium.remote.RemoteWebDriver
                     Capabilities [{platform=XP, javascriptEnabled=true, acceptSslCerts=true, browserName=chrome, chrome={userDataDir=C:\Users\ADMINI~1\AppData\Local\Temp\scoped_dir36368_30710,
                     chromedriverVersion=2.34.522940 (1a76f96f66e3ca7b8e57d503b4dd3bccfba87af1)}, networkConnectionEnabled=false, unexpectedAlertBehaviour=,
                     rotatable=false, setWindowRect=true, locationContextEnabled=true, mobileEmulationEnabled=false, webdriver.remote.sessionid=946feace-f2ad-4896-a566-bb1b5f3e75c4,
                     version=63.0.3239.84, pageLoadStrategy=normal, takesHeapSnapshot=true, cssSelectorsEnabled=true, databaseEnabled=false, handlesAlerts=true,
                     browserConnectionEnabled=false, webStorageEnabled=true, nativeEvents=true, hasTouchScreen=false, applicationCacheEnabled=false,
                     takesScreenshot=true}]
                     
                  </a>
                   
                  
               </td>
            </tr>
            <tr>
               <td colspan="4" class="detailsBox">
                  <div id="NewActivity.MakingHuodong_checkHuodongOfStudents_byStatus_failed_FAIL5_details"
                       class="testMethodDetails">
                     <div>
                        <b>Name: </b>checkHuodongOfStudents
                     </div>
                     <div>
                        <b>Signature: </b>checkHuodongOfStudents(java.lang.String, java.lang.String, java.lang.String, java.lang.String)[pri:0, instance:NewActivity.MakingHuodong@1cac08b]
                     </div>
                     <div>
                        <b>Parameters: </b>
                        
                        devzhuanjia
                        
                        ,
                        
                        3edc$RFV
                        
                        ,
                        
                        C:/Program Files (x86)/Mozilla Firefox/uploadFile.exe
                        
                        ,
                        
                        C:/Program Files (x86)/Mozilla Firefox/uploadVideo.exe
                        
                        
                     </div>
                     <div>
                        <b>Start time: </b>15:40:20
                     </div>
                     <div>
                        <b>End time: </b>15:40:47
                     </div>
                     <div>
                        <b>Duration: </b>26s
                        
                     </div>
                  </div>
               </td>
            </tr>
            <tr>
               <td colspan="4" class="detailsBox">
                  <div id="NewActivity.MakingHuodong_checkHuodongOfStudents_byStatus_failed_FAIL5_exception"
                       class="testMethodDetails">
                     <pre style="padding: 5px; margin: 0;">org.openqa.selenium.NoSuchElementException: no such element: Unable to locate element: {"method":"link text","selector":"查看并批阅"}
                        (Session info: chrome=63.0.3239.84)
                        (Driver info: chromedriver=2.34.522940 (1a76f96f66e3ca7b8e57d503b4dd3bccfba87af1),platform=Windows NT 10.0.16299 x86_64) (WARNING:
                        The server did not provide any stacktrace information)
                        Command duration or timeout: 15.05 seconds
                        For documentation on this error, please visit: http://seleniumhq.org/exceptions/no_such_element.html
                        Build info: version: '2.53.1', revision: 'a36b8b1', time: '2016-06-30 17:37:03'
                        System info: host: 'Wzy', ip: '192.168.0.106', os.name: 'Windows 10', os.arch: 'amd64', os.version: '10.0', java.version:
                        '1.8.0_144'
                        Driver info: org.openqa.selenium.chrome.ChromeDriver
                        Capabilities [{applicationCacheEnabled=false, rotatable=false, mobileEmulationEnabled=false, networkConnectionEnabled=false,
                        chrome={chromedriverVersion=2.34.522940 (1a76f96f66e3ca7b8e57d503b4dd3bccfba87af1), userDataDir=C:\Users\ADMINI~1\AppData\Local\Temp\scoped_dir36368_30710},
                        takesHeapSnapshot=true, pageLoadStrategy=normal, databaseEnabled=false, handlesAlerts=true, hasTouchScreen=false, version=63.0.3239.84,
                        platform=XP, browserConnectionEnabled=false, nativeEvents=true, acceptSslCerts=true, locationContextEnabled=true, webStorageEnabled=true,
                        browserName=chrome, takesScreenshot=true, javascriptEnabled=true, cssSelectorsEnabled=true, setWindowRect=true, unexpectedAlertBehaviour=}]
                        Session ID: 550714fed66288a264e31b3082a060e5
                        *** Element info: {Using=link text, value=查看并批阅}
                        Command duration or timeout: 15.48 seconds
                        For documentation on this error, please visit: http://seleniumhq.org/exceptions/no_such_element.html
                        Build info: version: '2.53.1', revision: 'a36b8b1', time: '2016-06-30 17:37:03'
                        System info: host: 'chenziyang', ip: '192.168.1.38', os.name: 'Windows NT (unknown)', os.arch: 'x86', os.version: '6.2', java.version:
                        '1.7.0_01'
                        *** Element info: {Using=link text, value=查看并批阅}
                        Session ID: 946feace-f2ad-4896-a566-bb1b5f3e75c4
                        Driver info: org.openqa.selenium.remote.RemoteWebDriver
                        Capabilities [{platform=XP, javascriptEnabled=true, acceptSslCerts=true, browserName=chrome, chrome={userDataDir=C:\Users\ADMINI~1\AppData\Local\Temp\scoped_dir36368_30710,
                        chromedriverVersion=2.34.522940 (1a76f96f66e3ca7b8e57d503b4dd3bccfba87af1)}, networkConnectionEnabled=false, unexpectedAlertBehaviour=,
                        rotatable=false, setWindowRect=true, locationContextEnabled=true, mobileEmulationEnabled=false, webdriver.remote.sessionid=946feace-f2ad-4896-a566-bb1b5f3e75c4,
                        version=63.0.3239.84, pageLoadStrategy=normal, takesHeapSnapshot=true, cssSelectorsEnabled=true, databaseEnabled=false, handlesAlerts=true,
                        browserConnectionEnabled=false, webStorageEnabled=true, nativeEvents=true, hasTouchScreen=false, applicationCacheEnabled=false,
                        takesScreenshot=true}]
                        	at sun.reflect.GeneratedConstructorAccessor15.newInstance(Unknown Source)
                        	at sun.reflect.DelegatingConstructorAccessorImpl.newInstance(DelegatingConstructorAccessorImpl.java:45)
                        	at java.lang.reflect.Constructor.newInstance(Constructor.java:525)
                        	at org.openqa.selenium.remote.ErrorHandler.createThrowable(ErrorHandler.java:206)
                        	at org.openqa.selenium.remote.ErrorHandler.throwIfResponseFailed(ErrorHandler.java:158)
                        	at org.openqa.selenium.remote.RemoteWebDriver.execute(RemoteWebDriver.java:678)
                        	at org.openqa.selenium.remote.RemoteWebDriver.findElement(RemoteWebDriver.java:363)
                        	at org.openqa.selenium.remote.RemoteWebDriver.findElementByLinkText(RemoteWebDriver.java:428)
                        	at org.openqa.selenium.By$ByLinkText.findElement(By.java:246)
                        	at org.openqa.selenium.remote.RemoteWebDriver.findElement(RemoteWebDriver.java:355)
                        	at NewActivity.MakingHuodong.checkHuodongOfStudents(MakingHuodong.java:34)
                        	at sun.reflect.NativeMethodAccessorImpl.invoke0(Native Method)
                        	at sun.reflect.NativeMethodAccessorImpl.invoke(NativeMethodAccessorImpl.java:57)
                        	at sun.reflect.DelegatingMethodAccessorImpl.invoke(DelegatingMethodAccessorImpl.java:43)
                        	at java.lang.reflect.Method.invoke(Method.java:601)
                        	at org.testng.internal.MethodInvocationHelper.invokeMethod(MethodInvocationHelper.java:85)
                        	at org.testng.internal.Invoker.invokeMethod(Invoker.java:639)
                        	at org.testng.internal.Invoker.invokeTestMethod(Invoker.java:816)
                        	at org.testng.internal.Invoker.invokeTestMethods(Invoker.java:1124)
                        	at org.testng.internal.TestMethodWorker.invokeTestMethods(TestMethodWorker.java:125)
                        	at org.testng.internal.TestMethodWorker.run(TestMethodWorker.java:108)
                        	at org.testng.TestRunner.privateRun(TestRunner.java:774)
                        	at org.testng.TestRunner.run(TestRunner.java:624)
                        	at org.testng.SuiteRunner.runTest(SuiteRunner.java:359)
                        	at org.testng.SuiteRunner.access$000(SuiteRunner.java:39)
                        	at org.testng.SuiteRunner$SuiteWorker.run(SuiteRunner.java:393)
                        	at org.testng.internal.thread.ThreadUtil$2.call(ThreadUtil.java:64)
                        	at java.util.concurrent.FutureTask$Sync.innerRun(FutureTask.java:334)
                        	at java.util.concurrent.FutureTask.run(FutureTask.java:166)
                        	at java.util.concurrent.ThreadPoolExecutor.runWorker(ThreadPoolExecutor.java:1110)
                        	at java.util.concurrent.ThreadPoolExecutor$Worker.run(ThreadPoolExecutor.java:603)
                        	at java.lang.Thread.run(Thread.java:722)
                        Caused by: org.openqa.selenium.remote.ScreenshotException: Screen shot has been taken
                        Build info: version: '2.53.1', revision: 'a36b8b1', time: '2016-06-30 17:37:03'
                        System info: host: 'chenziyang', ip: '192.168.1.38', os.name: 'Windows NT (unknown)', os.arch: 'x86', os.version: '6.2', java.version:
                        '1.7.0_01'
                        Driver info: driver.version: RemoteWebDriver
                        	at org.openqa.selenium.remote.ErrorHandler.throwIfResponseFailed(ErrorHandler.java:138)
                        	... 27 more
                        Caused by: org.openqa.selenium.NoSuchElementException: no such element: Unable to locate element: {"method":"link text","selector":"查看并批阅"}
                        (Session info: chrome=63.0.3239.84)
                        (Driver info: chromedriver=2.34.522940 (1a76f96f66e3ca7b8e57d503b4dd3bccfba87af1),platform=Windows NT 10.0.16299 x86_64) (WARNING:
                        The server did not provide any stacktrace information)
                        Command duration or timeout: 15.05 seconds
                        For documentation on this error, please visit: http://seleniumhq.org/exceptions/no_such_element.html
                        Build info: version: '2.53.1', revision: 'a36b8b1', time: '2016-06-30 17:37:03'
                        System info: host: 'Wzy', ip: '192.168.0.106', os.name: 'Windows 10', os.arch: 'amd64', os.version: '10.0', java.version:
                        '1.8.0_144'
                        Driver info: org.openqa.selenium.chrome.ChromeDriver
                        Capabilities [{applicationCacheEnabled=false, rotatable=false, mobileEmulationEnabled=false, networkConnectionEnabled=false,
                        chrome={chromedriverVersion=2.34.522940 (1a76f96f66e3ca7b8e57d503b4dd3bccfba87af1), userDataDir=C:\Users\ADMINI~1\AppData\Local\Temp\scoped_dir36368_30710},
                        takesHeapSnapshot=true, pageLoadStrategy=normal, databaseEnabled=false, handlesAlerts=true, hasTouchScreen=false, version=63.0.3239.84,
                        platform=XP, browserConnectionEnabled=false, nativeEvents=true, acceptSslCerts=true, locationContextEnabled=true, webStorageEnabled=true,
                        browserName=chrome, takesScreenshot=true, javascriptEnabled=true, cssSelectorsEnabled=true, setWindowRect=true, unexpectedAlertBehaviour=}]
                        Session ID: 550714fed66288a264e31b3082a060e5
                        *** Element info: {Using=link text, value=查看并批阅}
                        For documentation on this error, please visit: http://seleniumhq.org/exceptions/no_such_element.html
                        Build info: version: '2.53.1', revision: 'a36b8b1', time: '2016-06-30 17:37:03'
                        System info: host: 'chenziyang', ip: '192.168.1.38', os.name: 'Windows NT (unknown)', os.arch: 'x86', os.version: '6.2', java.version:
                        '1.7.0_01'
                        Driver info: driver.version: EventFiringWebDriver
                        	at sun.reflect.NativeConstructorAccessorImpl.newInstance0(Native Method)
                        	at sun.reflect.NativeConstructorAccessorImpl.newInstance(Unknown Source)
                        	at sun.reflect.DelegatingConstructorAccessorImpl.newInstance(Unknown Source)
                        	at java.lang.reflect.Constructor.newInstance(Unknown Source)
                        	at org.openqa.selenium.remote.ErrorHandler.createThrowable(ErrorHandler.java:206)
                        	at org.openqa.selenium.remote.ErrorHandler.throwIfResponseFailed(ErrorHandler.java:158)
                        	at org.openqa.selenium.remote.RemoteWebDriver.execute(RemoteWebDriver.java:678)
                        	at org.openqa.selenium.remote.RemoteWebDriver.findElement(RemoteWebDriver.java:363)
                        	at org.openqa.selenium.remote.RemoteWebDriver.findElementByLinkText(RemoteWebDriver.java:428)
                        	at org.openqa.selenium.By$ByLinkText.findElement(By.java:246)
                        	at org.openqa.selenium.remote.RemoteWebDriver.findElement(RemoteWebDriver.java:355)
                        	at sun.reflect.GeneratedMethodAccessor9.invoke(Unknown Source)
                        	at sun.reflect.DelegatingMethodAccessorImpl.invoke(Unknown Source)
                        	at java.lang.reflect.Method.invoke(Unknown Source)
                        	at org.openqa.selenium.support.events.EventFiringWebDriver$2.invoke(EventFiringWebDriver.java:103)
                        	at com.sun.proxy.$Proxy1.findElement(Unknown Source)
                        	at org.openqa.selenium.support.events.EventFiringWebDriver.findElement(EventFiringWebDriver.java:188)
                        	at org.openqa.selenium.remote.server.handler.FindElement.call(FindElement.java:48)
                        	at org.openqa.selenium.remote.server.handler.FindElement.call(FindElement.java:1)
                        	at java.util.concurrent.FutureTask.run(Unknown Source)
                        	at org.openqa.selenium.remote.server.DefaultSession$1.run(DefaultSession.java:176)
                        	at java.util.concurrent.ThreadPoolExecutor.runWorker(Unknown Source)
                        	at java.util.concurrent.ThreadPoolExecutor$Worker.run(Unknown Source)
                        	at java.lang.Thread.run(Unknown Source)
                     </pre>
                  </div>
               </td>
            </tr>
            <tr id="NewActivity.CheckingData_making_byStatus_failed_FAIL6_row"
                class="testMethodStatusFAIL">
               <td width="100%" class="firstMethodCell">
                  <a onclick="toggleDetailsVisibility('NewActivity.CheckingData_making_byStatus_failed_FAIL6_details')">making(devteacher
                     
                     ,
                     
                     3edc$RFV
                     
                     ,
                     
                     C:/Program Files (x86)/Mozilla Firefox/uploadFile.exe
                     
                     ,
                     
                     C:/Program Files (x86)/Mozilla Firefox/uploadVideo.exe)
                  </a>
               </td>
               <td nowrap="true">15:40:47</td>
               <td nowrap="true" align="right">13s
                  
               </td>
               <td nowrap="true">
                  <a onclick="toggleDetailsVisibility('NewActivity.CheckingData_making_byStatus_failed_FAIL6_exception')">java.lang.AssertionError: 
                     expected [活动内容我去饿请问企鹅请问请问请问请问额344] but found []
                     
                  </a>
                   
                  
               </td>
            </tr>
            <tr>
               <td colspan="4" class="detailsBox">
                  <div id="NewActivity.CheckingData_making_byStatus_failed_FAIL6_details"
                       class="testMethodDetails">
                     <div>
                        <b>Name: </b>making
                     </div>
                     <div>
                        <b>Signature: </b>making(java.lang.String, java.lang.String, java.lang.String, java.lang.String)[pri:0, instance:NewActivity.CheckingData@272111]
                     </div>
                     <div>
                        <b>Parameters: </b>
                        
                        devteacher
                        
                        ,
                        
                        3edc$RFV
                        
                        ,
                        
                        C:/Program Files (x86)/Mozilla Firefox/uploadFile.exe
                        
                        ,
                        
                        C:/Program Files (x86)/Mozilla Firefox/uploadVideo.exe
                        
                        
                     </div>
                     <div>
                        <b>Start time: </b>15:40:47
                     </div>
                     <div>
                        <b>End time: </b>15:41:00
                     </div>
                     <div>
                        <b>Duration: </b>13s
                        
                     </div>
                  </div>
               </td>
            </tr>
            <tr>
               <td colspan="4" class="detailsBox">
                  <div id="NewActivity.CheckingData_making_byStatus_failed_FAIL6_exception"
                       class="testMethodDetails">
                     <pre style="padding: 5px; margin: 0;">java.lang.AssertionError: expected [活动内容我去饿请问企鹅请问请问请问请问额344] but found []
                        	at org.testng.Assert.fail(Assert.java:94)
                        	at org.testng.Assert.failNotEquals(Assert.java:496)
                        	at org.testng.Assert.assertEquals(Assert.java:125)
                        	at org.testng.Assert.assertEquals(Assert.java:178)
                        	at org.testng.Assert.assertEquals(Assert.java:188)
                        	at NewActivity.CheckingData.making(CheckingData.java:37)
                        	at sun.reflect.NativeMethodAccessorImpl.invoke0(Native Method)
                        	at sun.reflect.NativeMethodAccessorImpl.invoke(NativeMethodAccessorImpl.java:57)
                        	at sun.reflect.DelegatingMethodAccessorImpl.invoke(DelegatingMethodAccessorImpl.java:43)
                        	at java.lang.reflect.Method.invoke(Method.java:601)
                        	at org.testng.internal.MethodInvocationHelper.invokeMethod(MethodInvocationHelper.java:85)
                        	at org.testng.internal.Invoker.invokeMethod(Invoker.java:639)
                        	at org.testng.internal.Invoker.invokeTestMethod(Invoker.java:816)
                        	at org.testng.internal.Invoker.invokeTestMethods(Invoker.java:1124)
                        	at org.testng.internal.TestMethodWorker.invokeTestMethods(TestMethodWorker.java:125)
                        	at org.testng.internal.TestMethodWorker.run(TestMethodWorker.java:108)
                        	at org.testng.TestRunner.privateRun(TestRunner.java:774)
                        	at org.testng.TestRunner.run(TestRunner.java:624)
                        	at org.testng.SuiteRunner.runTest(SuiteRunner.java:359)
                        	at org.testng.SuiteRunner.access$000(SuiteRunner.java:39)
                        	at org.testng.SuiteRunner$SuiteWorker.run(SuiteRunner.java:393)
                        	at org.testng.internal.thread.ThreadUtil$2.call(ThreadUtil.java:64)
                        	at java.util.concurrent.FutureTask$Sync.innerRun(FutureTask.java:334)
                        	at java.util.concurrent.FutureTask.run(FutureTask.java:166)
                        	at java.util.concurrent.ThreadPoolExecutor.runWorker(ThreadPoolExecutor.java:1110)
                        	at java.util.concurrent.ThreadPoolExecutor$Worker.run(ThreadPoolExecutor.java:603)
                        	at java.lang.Thread.run(Thread.java:722)
                     </pre>
                  </div>
               </td>
            </tr>
            <tr id="NewActivity.JoinActivity_studuentakePartActivity_byStatus_failed_FAIL7_row"
                class="testMethodStatusFAIL">
               <td width="100%" class="firstMethodCell">
                  <a onclick="toggleDetailsVisibility('NewActivity.JoinActivity_studuentakePartActivity_byStatus_failed_FAIL7_details')">studuentakePartActivity(devstudent1
                     
                     ,
                     
                     aaaaaaaa
                     
                     ,
                     
                     C:/Program Files (x86)/Mozilla Firefox/uploadFile.exe
                     
                     ,
                     
                     C:/Program Files (x86)/Mozilla Firefox/uploadVideo.exe)
                  </a>
               </td>
               <td nowrap="true">15:38:26</td>
               <td nowrap="true" align="right">48s
                  
               </td>
               <td nowrap="true">
                  <a onclick="toggleDetailsVisibility('NewActivity.JoinActivity_studuentakePartActivity_byStatus_failed_FAIL7_exception')">org.openqa.selenium.NoSuchElementException: 
                     no such element: Unable to locate element: {"method":"xpath","selector":"(//a[contains(text(),'去学习')])[1]"}
                     (Session info: chrome=60.0.3112.90)
                     (Driver info: chromedriver=2.33.506120 (e3e53437346286c0bc2d2dc9aa4915ba81d9023f),platform=Windows NT 10.0.16299 x86_64) (WARNING:
                     The server did not provide any stacktrace information)
                     Command duration or timeout: 15.09 seconds
                     For documentation on this error, please visit: http://seleniumhq.org/exceptions/no_such_element.html
                     Build info: version: '2.53.1', revision: 'a36b8b1', time: '2016-06-30 17:37:03'
                     System info: host: 'chenziyang', ip: '192.168.1.38', os.name: 'Windows NT (unknown)', os.arch: 'x86', os.version: '6.2', java.version:
                     '1.7.0_01'
                     *** Element info: {Using=xpath, value=(//a[contains(text(),'去学习')])[1]}
                     Session ID: f15d75ac10a493939a96344a6b7619bb
                     Driver info: org.openqa.selenium.chrome.ChromeDriver
                     Capabilities [{platform=WIN8, acceptSslCerts=true, javascriptEnabled=true, browserName=chrome, chrome={userDataDir=C:\TEMP\scoped_dir17032_3315,
                     chromedriverVersion=2.33.506120 (e3e53437346286c0bc2d2dc9aa4915ba81d9023f)}, networkConnectionEnabled=false, unexpectedAlertBehaviour=,
                     rotatable=false, setWindowRect=true, locationContextEnabled=true, mobileEmulationEnabled=false, version=60.0.3112.90, pageLoadStrategy=normal,
                     takesHeapSnapshot=true, cssSelectorsEnabled=true, databaseEnabled=false, handlesAlerts=true, browserConnectionEnabled=false,
                     webStorageEnabled=true, nativeEvents=true, hasTouchScreen=false, applicationCacheEnabled=false, takesScreenshot=true}]
                     Command duration or timeout: 15.77 seconds
                     For documentation on this error, please visit: http://seleniumhq.org/exceptions/no_such_element.html
                     Build info: version: '2.53.1', revision: 'a36b8b1', time: '2016-06-30 17:37:03'
                     System info: host: 'chenziyang', ip: '192.168.1.38', os.name: 'Windows NT (unknown)', os.arch: 'x86', os.version: '6.2', java.version:
                     '1.7.0_01'
                     *** Element info: {Using=xpath, value=(//a[contains(text(),'去学习')])[1]}
                     Session ID: a69efb02-b8b6-43aa-a634-849959d197bf
                     Driver info: org.openqa.selenium.remote.RemoteWebDriver
                     Capabilities [{platform=WIN8, acceptSslCerts=true, javascriptEnabled=true, browserName=chrome, chrome={userDataDir=C:\TEMP\scoped_dir17032_3315,
                     chromedriverVersion=2.33.506120 (e3e53437346286c0bc2d2dc9aa4915ba81d9023f)}, networkConnectionEnabled=false, unexpectedAlertBehaviour=,
                     rotatable=false, setWindowRect=true, locationContextEnabled=true, mobileEmulationEnabled=false, webdriver.remote.sessionid=a69efb02-b8b6-43aa-a634-849959d197bf,
                     version=60.0.3112.90, pageLoadStrategy=normal, takesHeapSnapshot=true, cssSelectorsEnabled=true, databaseEnabled=false, handlesAlerts=true,
                     browserConnectionEnabled=false, webStorageEnabled=true, nativeEvents=true, hasTouchScreen=false, applicationCacheEnabled=false,
                     takesScreenshot=true}]
                     
                  </a>
                   
                  
               </td>
            </tr>
            <tr>
               <td colspan="4" class="detailsBox">
                  <div id="NewActivity.JoinActivity_studuentakePartActivity_byStatus_failed_FAIL7_details"
                       class="testMethodDetails">
                     <div>
                        <b>Name: </b>studuentakePartActivity
                     </div>
                     <div>
                        <b>Signature: </b>studuentakePartActivity(java.lang.String, java.lang.String, java.lang.String, java.lang.String)[pri:0, instance:NewActivity.JoinActivity@ad78a2]
                     </div>
                     <div>
                        <b>Parameters: </b>
                        
                        devstudent1
                        
                        ,
                        
                        aaaaaaaa
                        
                        ,
                        
                        C:/Program Files (x86)/Mozilla Firefox/uploadFile.exe
                        
                        ,
                        
                        C:/Program Files (x86)/Mozilla Firefox/uploadVideo.exe
                        
                        
                     </div>
                     <div>
                        <b>Start time: </b>15:38:26
                     </div>
                     <div>
                        <b>End time: </b>15:39:14
                     </div>
                     <div>
                        <b>Duration: </b>48s
                        
                     </div>
                  </div>
               </td>
            </tr>
            <tr>
               <td colspan="4" class="detailsBox">
                  <div id="NewActivity.JoinActivity_studuentakePartActivity_byStatus_failed_FAIL7_exception"
                       class="testMethodDetails">
                     <pre style="padding: 5px; margin: 0;">org.openqa.selenium.NoSuchElementException: no such element: Unable to locate element: {"method":"xpath","selector":"(//a[contains(text(),'去学习')])[1]"}
                        (Session info: chrome=60.0.3112.90)
                        (Driver info: chromedriver=2.33.506120 (e3e53437346286c0bc2d2dc9aa4915ba81d9023f),platform=Windows NT 10.0.16299 x86_64) (WARNING:
                        The server did not provide any stacktrace information)
                        Command duration or timeout: 15.09 seconds
                        For documentation on this error, please visit: http://seleniumhq.org/exceptions/no_such_element.html
                        Build info: version: '2.53.1', revision: 'a36b8b1', time: '2016-06-30 17:37:03'
                        System info: host: 'chenziyang', ip: '192.168.1.38', os.name: 'Windows NT (unknown)', os.arch: 'x86', os.version: '6.2', java.version:
                        '1.7.0_01'
                        *** Element info: {Using=xpath, value=(//a[contains(text(),'去学习')])[1]}
                        Session ID: f15d75ac10a493939a96344a6b7619bb
                        Driver info: org.openqa.selenium.chrome.ChromeDriver
                        Capabilities [{platform=WIN8, acceptSslCerts=true, javascriptEnabled=true, browserName=chrome, chrome={userDataDir=C:\TEMP\scoped_dir17032_3315,
                        chromedriverVersion=2.33.506120 (e3e53437346286c0bc2d2dc9aa4915ba81d9023f)}, networkConnectionEnabled=false, unexpectedAlertBehaviour=,
                        rotatable=false, setWindowRect=true, locationContextEnabled=true, mobileEmulationEnabled=false, version=60.0.3112.90, pageLoadStrategy=normal,
                        takesHeapSnapshot=true, cssSelectorsEnabled=true, databaseEnabled=false, handlesAlerts=true, browserConnectionEnabled=false,
                        webStorageEnabled=true, nativeEvents=true, hasTouchScreen=false, applicationCacheEnabled=false, takesScreenshot=true}]
                        Command duration or timeout: 15.77 seconds
                        For documentation on this error, please visit: http://seleniumhq.org/exceptions/no_such_element.html
                        Build info: version: '2.53.1', revision: 'a36b8b1', time: '2016-06-30 17:37:03'
                        System info: host: 'chenziyang', ip: '192.168.1.38', os.name: 'Windows NT (unknown)', os.arch: 'x86', os.version: '6.2', java.version:
                        '1.7.0_01'
                        *** Element info: {Using=xpath, value=(//a[contains(text(),'去学习')])[1]}
                        Session ID: a69efb02-b8b6-43aa-a634-849959d197bf
                        Driver info: org.openqa.selenium.remote.RemoteWebDriver
                        Capabilities [{platform=WIN8, acceptSslCerts=true, javascriptEnabled=true, browserName=chrome, chrome={userDataDir=C:\TEMP\scoped_dir17032_3315,
                        chromedriverVersion=2.33.506120 (e3e53437346286c0bc2d2dc9aa4915ba81d9023f)}, networkConnectionEnabled=false, unexpectedAlertBehaviour=,
                        rotatable=false, setWindowRect=true, locationContextEnabled=true, mobileEmulationEnabled=false, webdriver.remote.sessionid=a69efb02-b8b6-43aa-a634-849959d197bf,
                        version=60.0.3112.90, pageLoadStrategy=normal, takesHeapSnapshot=true, cssSelectorsEnabled=true, databaseEnabled=false, handlesAlerts=true,
                        browserConnectionEnabled=false, webStorageEnabled=true, nativeEvents=true, hasTouchScreen=false, applicationCacheEnabled=false,
                        takesScreenshot=true}]
                        	at sun.reflect.NativeConstructorAccessorImpl.newInstance0(Native Method)
                        	at sun.reflect.NativeConstructorAccessorImpl.newInstance(NativeConstructorAccessorImpl.java:57)
                        	at sun.reflect.DelegatingConstructorAccessorImpl.newInstance(DelegatingConstructorAccessorImpl.java:45)
                        	at java.lang.reflect.Constructor.newInstance(Constructor.java:525)
                        	at org.openqa.selenium.remote.ErrorHandler.createThrowable(ErrorHandler.java:206)
                        	at org.openqa.selenium.remote.ErrorHandler.throwIfResponseFailed(ErrorHandler.java:158)
                        	at org.openqa.selenium.remote.RemoteWebDriver.execute(RemoteWebDriver.java:678)
                        	at org.openqa.selenium.remote.RemoteWebDriver.findElement(RemoteWebDriver.java:363)
                        	at org.openqa.selenium.remote.RemoteWebDriver.findElementByXPath(RemoteWebDriver.java:500)
                        	at org.openqa.selenium.By$ByXPath.findElement(By.java:361)
                        	at org.openqa.selenium.remote.RemoteWebDriver.findElement(RemoteWebDriver.java:355)
                        	at uti.Uti.ChromeBrowser_setup(Uti.java:28)
                        	at NewActivity.JoinActivity.studuentakePartActivity(JoinActivity.java:26)
                        	at sun.reflect.NativeMethodAccessorImpl.invoke0(Native Method)
                        	at sun.reflect.NativeMethodAccessorImpl.invoke(NativeMethodAccessorImpl.java:57)
                        	at sun.reflect.DelegatingMethodAccessorImpl.invoke(DelegatingMethodAccessorImpl.java:43)
                        	at java.lang.reflect.Method.invoke(Method.java:601)
                        	at org.testng.internal.MethodInvocationHelper.invokeMethod(MethodInvocationHelper.java:85)
                        	at org.testng.internal.Invoker.invokeMethod(Invoker.java:639)
                        	at org.testng.internal.Invoker.invokeTestMethod(Invoker.java:816)
                        	at org.testng.internal.Invoker.invokeTestMethods(Invoker.java:1124)
                        	at org.testng.internal.TestMethodWorker.invokeTestMethods(TestMethodWorker.java:125)
                        	at org.testng.internal.TestMethodWorker.run(TestMethodWorker.java:108)
                        	at org.testng.TestRunner.privateRun(TestRunner.java:774)
                        	at org.testng.TestRunner.run(TestRunner.java:624)
                        	at org.testng.SuiteRunner.runTest(SuiteRunner.java:359)
                        	at org.testng.SuiteRunner.access$000(SuiteRunner.java:39)
                        	at org.testng.SuiteRunner$SuiteWorker.run(SuiteRunner.java:393)
                        	at org.testng.internal.thread.ThreadUtil$2.call(ThreadUtil.java:64)
                        	at java.util.concurrent.FutureTask$Sync.innerRun(FutureTask.java:334)
                        	at java.util.concurrent.FutureTask.run(FutureTask.java:166)
                        	at java.util.concurrent.ThreadPoolExecutor.runWorker(ThreadPoolExecutor.java:1110)
                        	at java.util.concurrent.ThreadPoolExecutor$Worker.run(ThreadPoolExecutor.java:603)
                        	at java.lang.Thread.run(Thread.java:722)
                        Caused by: org.openqa.selenium.remote.ScreenshotException: Screen shot has been taken
                        Build info: version: '2.53.1', revision: 'a36b8b1', time: '2016-06-30 17:37:03'
                        System info: host: 'chenziyang', ip: '192.168.1.38', os.name: 'Windows NT (unknown)', os.arch: 'x86', os.version: '6.2', java.version:
                        '1.7.0_01'
                        Driver info: driver.version: RemoteWebDriver
                        	at org.openqa.selenium.remote.ErrorHandler.throwIfResponseFailed(ErrorHandler.java:138)
                        	... 28 more
                        Caused by: org.openqa.selenium.NoSuchElementException: no such element: Unable to locate element: {"method":"xpath","selector":"(//a[contains(text(),'去学习')])[1]"}
                        (Session info: chrome=60.0.3112.90)
                        (Driver info: chromedriver=2.33.506120 (e3e53437346286c0bc2d2dc9aa4915ba81d9023f),platform=Windows NT 10.0.16299 x86_64) (WARNING:
                        The server did not provide any stacktrace information)
                        Command duration or timeout: 15.09 seconds
                        For documentation on this error, please visit: http://seleniumhq.org/exceptions/no_such_element.html
                        Build info: version: '2.53.1', revision: 'a36b8b1', time: '2016-06-30 17:37:03'
                        System info: host: 'chenziyang', ip: '192.168.1.38', os.name: 'Windows NT (unknown)', os.arch: 'x86', os.version: '6.2', java.version:
                        '1.7.0_01'
                        *** Element info: {Using=xpath, value=(//a[contains(text(),'去学习')])[1]}
                        Session ID: f15d75ac10a493939a96344a6b7619bb
                        Driver info: org.openqa.selenium.chrome.ChromeDriver
                        Capabilities [{platform=WIN8, acceptSslCerts=true, javascriptEnabled=true, browserName=chrome, chrome={userDataDir=C:\TEMP\scoped_dir17032_3315,
                        chromedriverVersion=2.33.506120 (e3e53437346286c0bc2d2dc9aa4915ba81d9023f)}, networkConnectionEnabled=false, unexpectedAlertBehaviour=,
                        rotatable=false, setWindowRect=true, locationContextEnabled=true, mobileEmulationEnabled=false, version=60.0.3112.90, pageLoadStrategy=normal,
                        takesHeapSnapshot=true, cssSelectorsEnabled=true, databaseEnabled=false, handlesAlerts=true, browserConnectionEnabled=false,
                        webStorageEnabled=true, nativeEvents=true, hasTouchScreen=false, applicationCacheEnabled=false, takesScreenshot=true}]
                        For documentation on this error, please visit: http://seleniumhq.org/exceptions/no_such_element.html
                        Build info: version: '2.53.1', revision: 'a36b8b1', time: '2016-06-30 17:37:03'
                        System info: host: 'chenziyang', ip: '192.168.1.38', os.name: 'Windows NT (unknown)', os.arch: 'x86', os.version: '6.2', java.version:
                        '1.7.0_01'
                        Driver info: driver.version: EventFiringWebDriver
                        	at sun.reflect.NativeConstructorAccessorImpl.newInstance0(Native Method)
                        	at sun.reflect.NativeConstructorAccessorImpl.newInstance(NativeConstructorAccessorImpl.java:57)
                        	at sun.reflect.DelegatingConstructorAccessorImpl.newInstance(DelegatingConstructorAccessorImpl.java:45)
                        	at java.lang.reflect.Constructor.newInstance(Constructor.java:525)
                        	at org.openqa.selenium.remote.ErrorHandler.createThrowable(ErrorHandler.java:206)
                        	at org.openqa.selenium.remote.ErrorHandler.throwIfResponseFailed(ErrorHandler.java:158)
                        	at org.openqa.selenium.remote.RemoteWebDriver.execute(RemoteWebDriver.java:678)
                        	at org.openqa.selenium.remote.RemoteWebDriver.findElement(RemoteWebDriver.java:363)
                        	at org.openqa.selenium.remote.RemoteWebDriver.findElementByXPath(RemoteWebDriver.java:500)
                        	at org.openqa.selenium.By$ByXPath.findElement(By.java:361)
                        	at org.openqa.selenium.remote.RemoteWebDriver.findElement(RemoteWebDriver.java:355)
                        	at sun.reflect.GeneratedMethodAccessor8.invoke(Unknown Source)
                        	at sun.reflect.DelegatingMethodAccessorImpl.invoke(DelegatingMethodAccessorImpl.java:43)
                        	at java.lang.reflect.Method.invoke(Method.java:601)
                        	at org.openqa.selenium.support.events.EventFiringWebDriver$2.invoke(EventFiringWebDriver.java:103)
                        	at $Proxy1.findElement(Unknown Source)
                        	at org.openqa.selenium.support.events.EventFiringWebDriver.findElement(EventFiringWebDriver.java:188)
                        	at org.openqa.selenium.remote.server.handler.FindElement.call(FindElement.java:48)
                        	at org.openqa.selenium.remote.server.handler.FindElement.call(FindElement.java:1)
                        	at java.util.concurrent.FutureTask$Sync.innerRun(FutureTask.java:334)
                        	at java.util.concurrent.FutureTask.run(FutureTask.java:166)
                        	at org.openqa.selenium.remote.server.DefaultSession$1.run(DefaultSession.java:176)
                        	... 3 more
                     </pre>
                  </div>
               </td>
            </tr>
         </table>
      </div>
      <div id="testMethodsByClass">
         <table class="testMethodsTable" cellpadding="0" cellspacing="0">
            <tr>
               <td colspan="4">
                  <h3 style="display: inline;">NewActivity.CheckingData</h3>
               </td>
            </tr>
            <tr class="methodsTableHeader">
               <td width="100%">Name</td>
               <td nowrap="true">Started</td>
               <td nowrap="true">Duration</td>
               <td>Exception</td>
            </tr>
            <tr id="NewActivity.CheckingData_making_byClass_FAIL1_row"
                class="testMethodStatusFAIL">
               <td width="100%" class="firstMethodCell">
                  <a onclick="toggleDetailsVisibility('NewActivity.CheckingData_making_byClass_FAIL1_details')">making(devteacher
                     
                     ,
                     
                     3edc$RFV
                     
                     ,
                     
                     C:/Program Files (x86)/Mozilla Firefox/uploadFile.exe
                     
                     ,
                     
                     C:/Program Files (x86)/Mozilla Firefox/uploadVideo.exe)
                  </a>
               </td>
               <td nowrap="true">15:40:47</td>
               <td nowrap="true" align="right">13s
                  
               </td>
               <td nowrap="true">
                  <a onclick="toggleDetailsVisibility('NewActivity.CheckingData_making_byClass_FAIL1_exception')">java.lang.AssertionError: 
                     expected [活动内容我去饿请问企鹅请问请问请问请问额344] but found []
                     
                  </a>
                   
                  
               </td>
            </tr>
            <tr>
               <td colspan="4" class="detailsBox">
                  <div id="NewActivity.CheckingData_making_byClass_FAIL1_details"
                       class="testMethodDetails">
                     <div>
                        <b>Name: </b>making
                     </div>
                     <div>
                        <b>Signature: </b>making(java.lang.String, java.lang.String, java.lang.String, java.lang.String)[pri:0, instance:NewActivity.CheckingData@272111]
                     </div>
                     <div>
                        <b>Parameters: </b>
                        
                        devteacher
                        
                        ,
                        
                        3edc$RFV
                        
                        ,
                        
                        C:/Program Files (x86)/Mozilla Firefox/uploadFile.exe
                        
                        ,
                        
                        C:/Program Files (x86)/Mozilla Firefox/uploadVideo.exe
                        
                        
                     </div>
                     <div>
                        <b>Start time: </b>15:40:47
                     </div>
                     <div>
                        <b>End time: </b>15:41:00
                     </div>
                     <div>
                        <b>Duration: </b>13s
                        
                     </div>
                  </div>
               </td>
            </tr>
            <tr>
               <td colspan="4" class="detailsBox">
                  <div id="NewActivity.CheckingData_making_byClass_FAIL1_exception"
                       class="testMethodDetails">
                     <pre style="padding: 5px; margin: 0;">java.lang.AssertionError: expected [活动内容我去饿请问企鹅请问请问请问请问额344] but found []
                        	at org.testng.Assert.fail(Assert.java:94)
                        	at org.testng.Assert.failNotEquals(Assert.java:496)
                        	at org.testng.Assert.assertEquals(Assert.java:125)
                        	at org.testng.Assert.assertEquals(Assert.java:178)
                        	at org.testng.Assert.assertEquals(Assert.java:188)
                        	at NewActivity.CheckingData.making(CheckingData.java:37)
                        	at sun.reflect.NativeMethodAccessorImpl.invoke0(Native Method)
                        	at sun.reflect.NativeMethodAccessorImpl.invoke(NativeMethodAccessorImpl.java:57)
                        	at sun.reflect.DelegatingMethodAccessorImpl.invoke(DelegatingMethodAccessorImpl.java:43)
                        	at java.lang.reflect.Method.invoke(Method.java:601)
                        	at org.testng.internal.MethodInvocationHelper.invokeMethod(MethodInvocationHelper.java:85)
                        	at org.testng.internal.Invoker.invokeMethod(Invoker.java:639)
                        	at org.testng.internal.Invoker.invokeTestMethod(Invoker.java:816)
                        	at org.testng.internal.Invoker.invokeTestMethods(Invoker.java:1124)
                        	at org.testng.internal.TestMethodWorker.invokeTestMethods(TestMethodWorker.java:125)
                        	at org.testng.internal.TestMethodWorker.run(TestMethodWorker.java:108)
                        	at org.testng.TestRunner.privateRun(TestRunner.java:774)
                        	at org.testng.TestRunner.run(TestRunner.java:624)
                        	at org.testng.SuiteRunner.runTest(SuiteRunner.java:359)
                        	at org.testng.SuiteRunner.access$000(SuiteRunner.java:39)
                        	at org.testng.SuiteRunner$SuiteWorker.run(SuiteRunner.java:393)
                        	at org.testng.internal.thread.ThreadUtil$2.call(ThreadUtil.java:64)
                        	at java.util.concurrent.FutureTask$Sync.innerRun(FutureTask.java:334)
                        	at java.util.concurrent.FutureTask.run(FutureTask.java:166)
                        	at java.util.concurrent.ThreadPoolExecutor.runWorker(ThreadPoolExecutor.java:1110)
                        	at java.util.concurrent.ThreadPoolExecutor$Worker.run(ThreadPoolExecutor.java:603)
                        	at java.lang.Thread.run(Thread.java:722)
                     </pre>
                  </div>
               </td>
            </tr>
         </table>
         <br></br>
         <table class="testMethodsTable" cellpadding="0" cellspacing="0">
            <tr>
               <td colspan="4">
                  <h3 style="display: inline;">NewActivity.ChengGuoZhanSi</h3>
               </td>
            </tr>
            <tr class="methodsTableHeader">
               <td width="100%">Name</td>
               <td nowrap="true">Started</td>
               <td nowrap="true">Duration</td>
               <td>Exception</td>
            </tr>
            <tr id="NewActivity.ChengGuoZhanSi_publishHuodong_byClass_FAIL1_row"
                class="testMethodStatusFAIL">
               <td width="100%" class="firstMethodCell">
                  <a onclick="toggleDetailsVisibility('NewActivity.ChengGuoZhanSi_publishHuodong_byClass_FAIL1_details')">publishHuodong(devzhuanjia
                     
                     ,
                     
                     3edc$RFV
                     
                     ,
                     
                     C:/Program Files (x86)/Mozilla Firefox/uploadFile.exe
                     
                     ,
                     
                     C:/Program Files (x86)/Mozilla Firefox/uploadVideo.exe)
                  </a>
               </td>
               <td nowrap="true">15:37:31</td>
               <td nowrap="true" align="right">54s
                  
               </td>
               <td nowrap="true">
                  <a onclick="toggleDetailsVisibility('NewActivity.ChengGuoZhanSi_publishHuodong_byClass_FAIL1_exception')">org.openqa.selenium.WebDriverException: 
                     chrome not reachable
                     (Session info: chrome=63.0.3239.84)
                     (Driver info: chromedriver=2.34.522940 (1a76f96f66e3ca7b8e57d503b4dd3bccfba87af1),platform=Windows NT 10.0.16299 x86_64) (WARNING:
                     The server did not provide any stacktrace information)
                     Command duration or timeout: 4.01 seconds
                     Build info: version: '2.53.1', revision: 'a36b8b1', time: '2016-06-30 17:37:03'
                     System info: host: 'Wzy', ip: '192.168.0.106', os.name: 'Windows 10', os.arch: 'amd64', os.version: '10.0', java.version:
                     '1.8.0_144'
                     Driver info: org.openqa.selenium.chrome.ChromeDriver
                     Capabilities [{applicationCacheEnabled=false, rotatable=false, mobileEmulationEnabled=false, networkConnectionEnabled=false,
                     chrome={chromedriverVersion=2.34.522940 (1a76f96f66e3ca7b8e57d503b4dd3bccfba87af1), userDataDir=C:\Users\ADMINI~1\AppData\Local\Temp\scoped_dir38748_4350},
                     takesHeapSnapshot=true, pageLoadStrategy=normal, databaseEnabled=false, handlesAlerts=true, hasTouchScreen=false, version=63.0.3239.84,
                     platform=XP, browserConnectionEnabled=false, nativeEvents=true, acceptSslCerts=true, locationContextEnabled=true, webStorageEnabled=true,
                     browserName=chrome, takesScreenshot=true, javascriptEnabled=true, cssSelectorsEnabled=true, setWindowRect=true, unexpectedAlertBehaviour=}]
                     Session ID: ef193edd5e322c544246eb3205153bfb
                     *** Element info: {Using=link text, value=保存}
                     Command duration or timeout: 4.58 seconds
                     Build info: version: '2.53.1', revision: 'a36b8b1', time: '2016-06-30 17:37:03'
                     System info: host: 'chenziyang', ip: '192.168.1.38', os.name: 'Windows NT (unknown)', os.arch: 'x86', os.version: '6.2', java.version:
                     '1.7.0_01'
                     *** Element info: {Using=link text, value=保存}
                     Session ID: 8fc9d8f8-1034-4c9a-be63-f4db019ac245
                     Driver info: org.openqa.selenium.remote.RemoteWebDriver
                     Capabilities [{platform=XP, javascriptEnabled=true, acceptSslCerts=true, browserName=chrome, chrome={userDataDir=C:\Users\ADMINI~1\AppData\Local\Temp\scoped_dir38748_4350,
                     chromedriverVersion=2.34.522940 (1a76f96f66e3ca7b8e57d503b4dd3bccfba87af1)}, networkConnectionEnabled=false, unexpectedAlertBehaviour=,
                     rotatable=false, setWindowRect=true, locationContextEnabled=true, mobileEmulationEnabled=false, webdriver.remote.sessionid=8fc9d8f8-1034-4c9a-be63-f4db019ac245,
                     version=63.0.3239.84, pageLoadStrategy=normal, takesHeapSnapshot=true, cssSelectorsEnabled=true, databaseEnabled=false, handlesAlerts=true,
                     browserConnectionEnabled=false, webStorageEnabled=true, nativeEvents=true, hasTouchScreen=false, applicationCacheEnabled=false,
                     takesScreenshot=true}]
                     
                  </a>
                   
                  
               </td>
            </tr>
            <tr>
               <td colspan="4" class="detailsBox">
                  <div id="NewActivity.ChengGuoZhanSi_publishHuodong_byClass_FAIL1_details"
                       class="testMethodDetails">
                     <div>
                        <b>Name: </b>publishHuodong
                     </div>
                     <div>
                        <b>Signature: </b>publishHuodong(java.lang.String, java.lang.String, java.lang.String, java.lang.String)[pri:0, instance:NewActivity.ChengGuoZhanSi@1b4bc2a]
                     </div>
                     <div>
                        <b>Parameters: </b>
                        
                        devzhuanjia
                        
                        ,
                        
                        3edc$RFV
                        
                        ,
                        
                        C:/Program Files (x86)/Mozilla Firefox/uploadFile.exe
                        
                        ,
                        
                        C:/Program Files (x86)/Mozilla Firefox/uploadVideo.exe
                        
                        
                     </div>
                     <div>
                        <b>Start time: </b>15:37:31
                     </div>
                     <div>
                        <b>End time: </b>15:38:26
                     </div>
                     <div>
                        <b>Duration: </b>54s
                        
                     </div>
                  </div>
               </td>
            </tr>
            <tr>
               <td colspan="4" class="detailsBox">
                  <div id="NewActivity.ChengGuoZhanSi_publishHuodong_byClass_FAIL1_exception"
                       class="testMethodDetails">
                     <pre style="padding: 5px; margin: 0;">org.openqa.selenium.WebDriverException: chrome not reachable
                        (Session info: chrome=63.0.3239.84)
                        (Driver info: chromedriver=2.34.522940 (1a76f96f66e3ca7b8e57d503b4dd3bccfba87af1),platform=Windows NT 10.0.16299 x86_64) (WARNING:
                        The server did not provide any stacktrace information)
                        Command duration or timeout: 4.01 seconds
                        Build info: version: '2.53.1', revision: 'a36b8b1', time: '2016-06-30 17:37:03'
                        System info: host: 'Wzy', ip: '192.168.0.106', os.name: 'Windows 10', os.arch: 'amd64', os.version: '10.0', java.version:
                        '1.8.0_144'
                        Driver info: org.openqa.selenium.chrome.ChromeDriver
                        Capabilities [{applicationCacheEnabled=false, rotatable=false, mobileEmulationEnabled=false, networkConnectionEnabled=false,
                        chrome={chromedriverVersion=2.34.522940 (1a76f96f66e3ca7b8e57d503b4dd3bccfba87af1), userDataDir=C:\Users\ADMINI~1\AppData\Local\Temp\scoped_dir38748_4350},
                        takesHeapSnapshot=true, pageLoadStrategy=normal, databaseEnabled=false, handlesAlerts=true, hasTouchScreen=false, version=63.0.3239.84,
                        platform=XP, browserConnectionEnabled=false, nativeEvents=true, acceptSslCerts=true, locationContextEnabled=true, webStorageEnabled=true,
                        browserName=chrome, takesScreenshot=true, javascriptEnabled=true, cssSelectorsEnabled=true, setWindowRect=true, unexpectedAlertBehaviour=}]
                        Session ID: ef193edd5e322c544246eb3205153bfb
                        *** Element info: {Using=link text, value=保存}
                        Command duration or timeout: 4.58 seconds
                        Build info: version: '2.53.1', revision: 'a36b8b1', time: '2016-06-30 17:37:03'
                        System info: host: 'chenziyang', ip: '192.168.1.38', os.name: 'Windows NT (unknown)', os.arch: 'x86', os.version: '6.2', java.version:
                        '1.7.0_01'
                        *** Element info: {Using=link text, value=保存}
                        Session ID: 8fc9d8f8-1034-4c9a-be63-f4db019ac245
                        Driver info: org.openqa.selenium.remote.RemoteWebDriver
                        Capabilities [{platform=XP, javascriptEnabled=true, acceptSslCerts=true, browserName=chrome, chrome={userDataDir=C:\Users\ADMINI~1\AppData\Local\Temp\scoped_dir38748_4350,
                        chromedriverVersion=2.34.522940 (1a76f96f66e3ca7b8e57d503b4dd3bccfba87af1)}, networkConnectionEnabled=false, unexpectedAlertBehaviour=,
                        rotatable=false, setWindowRect=true, locationContextEnabled=true, mobileEmulationEnabled=false, webdriver.remote.sessionid=8fc9d8f8-1034-4c9a-be63-f4db019ac245,
                        version=63.0.3239.84, pageLoadStrategy=normal, takesHeapSnapshot=true, cssSelectorsEnabled=true, databaseEnabled=false, handlesAlerts=true,
                        browserConnectionEnabled=false, webStorageEnabled=true, nativeEvents=true, hasTouchScreen=false, applicationCacheEnabled=false,
                        takesScreenshot=true}]
                        	at sun.reflect.NativeConstructorAccessorImpl.newInstance0(Native Method)
                        	at sun.reflect.NativeConstructorAccessorImpl.newInstance(NativeConstructorAccessorImpl.java:57)
                        	at sun.reflect.DelegatingConstructorAccessorImpl.newInstance(DelegatingConstructorAccessorImpl.java:45)
                        	at java.lang.reflect.Constructor.newInstance(Constructor.java:525)
                        	at org.openqa.selenium.remote.ErrorHandler.createThrowable(ErrorHandler.java:206)
                        	at org.openqa.selenium.remote.ErrorHandler.throwIfResponseFailed(ErrorHandler.java:158)
                        	at org.openqa.selenium.remote.RemoteWebDriver.execute(RemoteWebDriver.java:678)
                        	at org.openqa.selenium.remote.RemoteWebDriver.findElement(RemoteWebDriver.java:363)
                        	at org.openqa.selenium.remote.RemoteWebDriver.findElementByLinkText(RemoteWebDriver.java:428)
                        	at org.openqa.selenium.By$ByLinkText.findElement(By.java:246)
                        	at org.openqa.selenium.remote.RemoteWebDriver.findElement(RemoteWebDriver.java:355)
                        	at NewActivity.ChengGuoZhanSi.publishHuodong(ChengGuoZhanSi.java:61)
                        	at sun.reflect.NativeMethodAccessorImpl.invoke0(Native Method)
                        	at sun.reflect.NativeMethodAccessorImpl.invoke(NativeMethodAccessorImpl.java:57)
                        	at sun.reflect.DelegatingMethodAccessorImpl.invoke(DelegatingMethodAccessorImpl.java:43)
                        	at java.lang.reflect.Method.invoke(Method.java:601)
                        	at org.testng.internal.MethodInvocationHelper.invokeMethod(MethodInvocationHelper.java:85)
                        	at org.testng.internal.Invoker.invokeMethod(Invoker.java:639)
                        	at org.testng.internal.Invoker.invokeTestMethod(Invoker.java:816)
                        	at org.testng.internal.Invoker.invokeTestMethods(Invoker.java:1124)
                        	at org.testng.internal.TestMethodWorker.invokeTestMethods(TestMethodWorker.java:125)
                        	at org.testng.internal.TestMethodWorker.run(TestMethodWorker.java:108)
                        	at org.testng.TestRunner.privateRun(TestRunner.java:774)
                        	at org.testng.TestRunner.run(TestRunner.java:624)
                        	at org.testng.SuiteRunner.runTest(SuiteRunner.java:359)
                        	at org.testng.SuiteRunner.access$000(SuiteRunner.java:39)
                        	at org.testng.SuiteRunner$SuiteWorker.run(SuiteRunner.java:393)
                        	at org.testng.internal.thread.ThreadUtil$2.call(ThreadUtil.java:64)
                        	at java.util.concurrent.FutureTask$Sync.innerRun(FutureTask.java:334)
                        	at java.util.concurrent.FutureTask.run(FutureTask.java:166)
                        	at java.util.concurrent.ThreadPoolExecutor.runWorker(ThreadPoolExecutor.java:1110)
                        	at java.util.concurrent.ThreadPoolExecutor$Worker.run(ThreadPoolExecutor.java:603)
                        	at java.lang.Thread.run(Thread.java:722)
                        Caused by: org.openqa.selenium.remote.ScreenshotException: Screen shot has been taken
                        Build info: version: '2.53.1', revision: 'a36b8b1', time: '2016-06-30 17:37:03'
                        System info: host: 'chenziyang', ip: '192.168.1.38', os.name: 'Windows NT (unknown)', os.arch: 'x86', os.version: '6.2', java.version:
                        '1.7.0_01'
                        Driver info: driver.version: RemoteWebDriver
                        	at org.openqa.selenium.remote.ErrorHandler.throwIfResponseFailed(ErrorHandler.java:138)
                        	... 27 more
                        Caused by: org.openqa.selenium.WebDriverException: chrome not reachable
                        (Session info: chrome=63.0.3239.84)
                        (Driver info: chromedriver=2.34.522940 (1a76f96f66e3ca7b8e57d503b4dd3bccfba87af1),platform=Windows NT 10.0.16299 x86_64) (WARNING:
                        The server did not provide any stacktrace information)
                        Command duration or timeout: 4.01 seconds
                        Build info: version: '2.53.1', revision: 'a36b8b1', time: '2016-06-30 17:37:03'
                        System info: host: 'Wzy', ip: '192.168.0.106', os.name: 'Windows 10', os.arch: 'amd64', os.version: '10.0', java.version:
                        '1.8.0_144'
                        Driver info: org.openqa.selenium.chrome.ChromeDriver
                        Capabilities [{applicationCacheEnabled=false, rotatable=false, mobileEmulationEnabled=false, networkConnectionEnabled=false,
                        chrome={chromedriverVersion=2.34.522940 (1a76f96f66e3ca7b8e57d503b4dd3bccfba87af1), userDataDir=C:\Users\ADMINI~1\AppData\Local\Temp\scoped_dir38748_4350},
                        takesHeapSnapshot=true, pageLoadStrategy=normal, databaseEnabled=false, handlesAlerts=true, hasTouchScreen=false, version=63.0.3239.84,
                        platform=XP, browserConnectionEnabled=false, nativeEvents=true, acceptSslCerts=true, locationContextEnabled=true, webStorageEnabled=true,
                        browserName=chrome, takesScreenshot=true, javascriptEnabled=true, cssSelectorsEnabled=true, setWindowRect=true, unexpectedAlertBehaviour=}]
                        Session ID: ef193edd5e322c544246eb3205153bfb
                        *** Element info: {Using=link text, value=保存}
                        Build info: version: '2.53.1', revision: 'a36b8b1', time: '2016-06-30 17:37:03'
                        System info: host: 'chenziyang', ip: '192.168.1.38', os.name: 'Windows NT (unknown)', os.arch: 'x86', os.version: '6.2', java.version:
                        '1.7.0_01'
                        Driver info: driver.version: EventFiringWebDriver
                        	at sun.reflect.NativeConstructorAccessorImpl.newInstance0(Native Method)
                        	at sun.reflect.NativeConstructorAccessorImpl.newInstance(Unknown Source)
                        	at sun.reflect.DelegatingConstructorAccessorImpl.newInstance(Unknown Source)
                        	at java.lang.reflect.Constructor.newInstance(Unknown Source)
                        	at org.openqa.selenium.remote.ErrorHandler.createThrowable(ErrorHandler.java:206)
                        	at org.openqa.selenium.remote.ErrorHandler.throwIfResponseFailed(ErrorHandler.java:158)
                        	at org.openqa.selenium.remote.RemoteWebDriver.execute(RemoteWebDriver.java:678)
                        	at org.openqa.selenium.remote.RemoteWebDriver.findElement(RemoteWebDriver.java:363)
                        	at org.openqa.selenium.remote.RemoteWebDriver.findElementByLinkText(RemoteWebDriver.java:428)
                        	at org.openqa.selenium.By$ByLinkText.findElement(By.java:246)
                        	at org.openqa.selenium.remote.RemoteWebDriver.findElement(RemoteWebDriver.java:355)
                        	at sun.reflect.GeneratedMethodAccessor14.invoke(Unknown Source)
                        	at sun.reflect.DelegatingMethodAccessorImpl.invoke(Unknown Source)
                        	at java.lang.reflect.Method.invoke(Unknown Source)
                        	at org.openqa.selenium.support.events.EventFiringWebDriver$2.invoke(EventFiringWebDriver.java:103)
                        	at com.sun.proxy.$Proxy1.findElement(Unknown Source)
                        	at org.openqa.selenium.support.events.EventFiringWebDriver.findElement(EventFiringWebDriver.java:188)
                        	at org.openqa.selenium.remote.server.handler.FindElement.call(FindElement.java:48)
                        	at org.openqa.selenium.remote.server.handler.FindElement.call(FindElement.java:1)
                        	at java.util.concurrent.FutureTask.run(Unknown Source)
                        	at org.openqa.selenium.remote.server.DefaultSession$1.run(DefaultSession.java:176)
                        	at java.util.concurrent.ThreadPoolExecutor.runWorker(Unknown Source)
                        	at java.util.concurrent.ThreadPoolExecutor$Worker.run(Unknown Source)
                        	at java.lang.Thread.run(Unknown Source)
                     </pre>
                  </div>
               </td>
            </tr>
         </table>
         <br></br>
         <table class="testMethodsTable" cellpadding="0" cellspacing="0">
            <tr>
               <td colspan="4">
                  <h3 style="display: inline;">NewActivity.JoinActivity</h3>
               </td>
            </tr>
            <tr class="methodsTableHeader">
               <td width="100%">Name</td>
               <td nowrap="true">Started</td>
               <td nowrap="true">Duration</td>
               <td>Exception</td>
            </tr>
            <tr id="NewActivity.JoinActivity_studuentakePartActivity_byClass_FAIL1_row"
                class="testMethodStatusFAIL">
               <td width="100%" class="firstMethodCell">
                  <a onclick="toggleDetailsVisibility('NewActivity.JoinActivity_studuentakePartActivity_byClass_FAIL1_details')">studuentakePartActivity(devstudent1
                     
                     ,
                     
                     aaaaaaaa
                     
                     ,
                     
                     C:/Program Files (x86)/Mozilla Firefox/uploadFile.exe
                     
                     ,
                     
                     C:/Program Files (x86)/Mozilla Firefox/uploadVideo.exe)
                  </a>
               </td>
               <td nowrap="true">15:38:26</td>
               <td nowrap="true" align="right">48s
                  
               </td>
               <td nowrap="true">
                  <a onclick="toggleDetailsVisibility('NewActivity.JoinActivity_studuentakePartActivity_byClass_FAIL1_exception')">org.openqa.selenium.NoSuchElementException: 
                     no such element: Unable to locate element: {"method":"xpath","selector":"(//a[contains(text(),'去学习')])[1]"}
                     (Session info: chrome=60.0.3112.90)
                     (Driver info: chromedriver=2.33.506120 (e3e53437346286c0bc2d2dc9aa4915ba81d9023f),platform=Windows NT 10.0.16299 x86_64) (WARNING:
                     The server did not provide any stacktrace information)
                     Command duration or timeout: 15.09 seconds
                     For documentation on this error, please visit: http://seleniumhq.org/exceptions/no_such_element.html
                     Build info: version: '2.53.1', revision: 'a36b8b1', time: '2016-06-30 17:37:03'
                     System info: host: 'chenziyang', ip: '192.168.1.38', os.name: 'Windows NT (unknown)', os.arch: 'x86', os.version: '6.2', java.version:
                     '1.7.0_01'
                     *** Element info: {Using=xpath, value=(//a[contains(text(),'去学习')])[1]}
                     Session ID: f15d75ac10a493939a96344a6b7619bb
                     Driver info: org.openqa.selenium.chrome.ChromeDriver
                     Capabilities [{platform=WIN8, acceptSslCerts=true, javascriptEnabled=true, browserName=chrome, chrome={userDataDir=C:\TEMP\scoped_dir17032_3315,
                     chromedriverVersion=2.33.506120 (e3e53437346286c0bc2d2dc9aa4915ba81d9023f)}, networkConnectionEnabled=false, unexpectedAlertBehaviour=,
                     rotatable=false, setWindowRect=true, locationContextEnabled=true, mobileEmulationEnabled=false, version=60.0.3112.90, pageLoadStrategy=normal,
                     takesHeapSnapshot=true, cssSelectorsEnabled=true, databaseEnabled=false, handlesAlerts=true, browserConnectionEnabled=false,
                     webStorageEnabled=true, nativeEvents=true, hasTouchScreen=false, applicationCacheEnabled=false, takesScreenshot=true}]
                     Command duration or timeout: 15.77 seconds
                     For documentation on this error, please visit: http://seleniumhq.org/exceptions/no_such_element.html
                     Build info: version: '2.53.1', revision: 'a36b8b1', time: '2016-06-30 17:37:03'
                     System info: host: 'chenziyang', ip: '192.168.1.38', os.name: 'Windows NT (unknown)', os.arch: 'x86', os.version: '6.2', java.version:
                     '1.7.0_01'
                     *** Element info: {Using=xpath, value=(//a[contains(text(),'去学习')])[1]}
                     Session ID: a69efb02-b8b6-43aa-a634-849959d197bf
                     Driver info: org.openqa.selenium.remote.RemoteWebDriver
                     Capabilities [{platform=WIN8, acceptSslCerts=true, javascriptEnabled=true, browserName=chrome, chrome={userDataDir=C:\TEMP\scoped_dir17032_3315,
                     chromedriverVersion=2.33.506120 (e3e53437346286c0bc2d2dc9aa4915ba81d9023f)}, networkConnectionEnabled=false, unexpectedAlertBehaviour=,
                     rotatable=false, setWindowRect=true, locationContextEnabled=true, mobileEmulationEnabled=false, webdriver.remote.sessionid=a69efb02-b8b6-43aa-a634-849959d197bf,
                     version=60.0.3112.90, pageLoadStrategy=normal, takesHeapSnapshot=true, cssSelectorsEnabled=true, databaseEnabled=false, handlesAlerts=true,
                     browserConnectionEnabled=false, webStorageEnabled=true, nativeEvents=true, hasTouchScreen=false, applicationCacheEnabled=false,
                     takesScreenshot=true}]
                     
                  </a>
                   
                  
               </td>
            </tr>
            <tr>
               <td colspan="4" class="detailsBox">
                  <div id="NewActivity.JoinActivity_studuentakePartActivity_byClass_FAIL1_details"
                       class="testMethodDetails">
                     <div>
                        <b>Name: </b>studuentakePartActivity
                     </div>
                     <div>
                        <b>Signature: </b>studuentakePartActivity(java.lang.String, java.lang.String, java.lang.String, java.lang.String)[pri:0, instance:NewActivity.JoinActivity@ad78a2]
                     </div>
                     <div>
                        <b>Parameters: </b>
                        
                        devstudent1
                        
                        ,
                        
                        aaaaaaaa
                        
                        ,
                        
                        C:/Program Files (x86)/Mozilla Firefox/uploadFile.exe
                        
                        ,
                        
                        C:/Program Files (x86)/Mozilla Firefox/uploadVideo.exe
                        
                        
                     </div>
                     <div>
                        <b>Start time: </b>15:38:26
                     </div>
                     <div>
                        <b>End time: </b>15:39:14
                     </div>
                     <div>
                        <b>Duration: </b>48s
                        
                     </div>
                  </div>
               </td>
            </tr>
            <tr>
               <td colspan="4" class="detailsBox">
                  <div id="NewActivity.JoinActivity_studuentakePartActivity_byClass_FAIL1_exception"
                       class="testMethodDetails">
                     <pre style="padding: 5px; margin: 0;">org.openqa.selenium.NoSuchElementException: no such element: Unable to locate element: {"method":"xpath","selector":"(//a[contains(text(),'去学习')])[1]"}
                        (Session info: chrome=60.0.3112.90)
                        (Driver info: chromedriver=2.33.506120 (e3e53437346286c0bc2d2dc9aa4915ba81d9023f),platform=Windows NT 10.0.16299 x86_64) (WARNING:
                        The server did not provide any stacktrace information)
                        Command duration or timeout: 15.09 seconds
                        For documentation on this error, please visit: http://seleniumhq.org/exceptions/no_such_element.html
                        Build info: version: '2.53.1', revision: 'a36b8b1', time: '2016-06-30 17:37:03'
                        System info: host: 'chenziyang', ip: '192.168.1.38', os.name: 'Windows NT (unknown)', os.arch: 'x86', os.version: '6.2', java.version:
                        '1.7.0_01'
                        *** Element info: {Using=xpath, value=(//a[contains(text(),'去学习')])[1]}
                        Session ID: f15d75ac10a493939a96344a6b7619bb
                        Driver info: org.openqa.selenium.chrome.ChromeDriver
                        Capabilities [{platform=WIN8, acceptSslCerts=true, javascriptEnabled=true, browserName=chrome, chrome={userDataDir=C:\TEMP\scoped_dir17032_3315,
                        chromedriverVersion=2.33.506120 (e3e53437346286c0bc2d2dc9aa4915ba81d9023f)}, networkConnectionEnabled=false, unexpectedAlertBehaviour=,
                        rotatable=false, setWindowRect=true, locationContextEnabled=true, mobileEmulationEnabled=false, version=60.0.3112.90, pageLoadStrategy=normal,
                        takesHeapSnapshot=true, cssSelectorsEnabled=true, databaseEnabled=false, handlesAlerts=true, browserConnectionEnabled=false,
                        webStorageEnabled=true, nativeEvents=true, hasTouchScreen=false, applicationCacheEnabled=false, takesScreenshot=true}]
                        Command duration or timeout: 15.77 seconds
                        For documentation on this error, please visit: http://seleniumhq.org/exceptions/no_such_element.html
                        Build info: version: '2.53.1', revision: 'a36b8b1', time: '2016-06-30 17:37:03'
                        System info: host: 'chenziyang', ip: '192.168.1.38', os.name: 'Windows NT (unknown)', os.arch: 'x86', os.version: '6.2', java.version:
                        '1.7.0_01'
                        *** Element info: {Using=xpath, value=(//a[contains(text(),'去学习')])[1]}
                        Session ID: a69efb02-b8b6-43aa-a634-849959d197bf
                        Driver info: org.openqa.selenium.remote.RemoteWebDriver
                        Capabilities [{platform=WIN8, acceptSslCerts=true, javascriptEnabled=true, browserName=chrome, chrome={userDataDir=C:\TEMP\scoped_dir17032_3315,
                        chromedriverVersion=2.33.506120 (e3e53437346286c0bc2d2dc9aa4915ba81d9023f)}, networkConnectionEnabled=false, unexpectedAlertBehaviour=,
                        rotatable=false, setWindowRect=true, locationContextEnabled=true, mobileEmulationEnabled=false, webdriver.remote.sessionid=a69efb02-b8b6-43aa-a634-849959d197bf,
                        version=60.0.3112.90, pageLoadStrategy=normal, takesHeapSnapshot=true, cssSelectorsEnabled=true, databaseEnabled=false, handlesAlerts=true,
                        browserConnectionEnabled=false, webStorageEnabled=true, nativeEvents=true, hasTouchScreen=false, applicationCacheEnabled=false,
                        takesScreenshot=true}]
                        	at sun.reflect.NativeConstructorAccessorImpl.newInstance0(Native Method)
                        	at sun.reflect.NativeConstructorAccessorImpl.newInstance(NativeConstructorAccessorImpl.java:57)
                        	at sun.reflect.DelegatingConstructorAccessorImpl.newInstance(DelegatingConstructorAccessorImpl.java:45)
                        	at java.lang.reflect.Constructor.newInstance(Constructor.java:525)
                        	at org.openqa.selenium.remote.ErrorHandler.createThrowable(ErrorHandler.java:206)
                        	at org.openqa.selenium.remote.ErrorHandler.throwIfResponseFailed(ErrorHandler.java:158)
                        	at org.openqa.selenium.remote.RemoteWebDriver.execute(RemoteWebDriver.java:678)
                        	at org.openqa.selenium.remote.RemoteWebDriver.findElement(RemoteWebDriver.java:363)
                        	at org.openqa.selenium.remote.RemoteWebDriver.findElementByXPath(RemoteWebDriver.java:500)
                        	at org.openqa.selenium.By$ByXPath.findElement(By.java:361)
                        	at org.openqa.selenium.remote.RemoteWebDriver.findElement(RemoteWebDriver.java:355)
                        	at uti.Uti.ChromeBrowser_setup(Uti.java:28)
                        	at NewActivity.JoinActivity.studuentakePartActivity(JoinActivity.java:26)
                        	at sun.reflect.NativeMethodAccessorImpl.invoke0(Native Method)
                        	at sun.reflect.NativeMethodAccessorImpl.invoke(NativeMethodAccessorImpl.java:57)
                        	at sun.reflect.DelegatingMethodAccessorImpl.invoke(DelegatingMethodAccessorImpl.java:43)
                        	at java.lang.reflect.Method.invoke(Method.java:601)
                        	at org.testng.internal.MethodInvocationHelper.invokeMethod(MethodInvocationHelper.java:85)
                        	at org.testng.internal.Invoker.invokeMethod(Invoker.java:639)
                        	at org.testng.internal.Invoker.invokeTestMethod(Invoker.java:816)
                        	at org.testng.internal.Invoker.invokeTestMethods(Invoker.java:1124)
                        	at org.testng.internal.TestMethodWorker.invokeTestMethods(TestMethodWorker.java:125)
                        	at org.testng.internal.TestMethodWorker.run(TestMethodWorker.java:108)
                        	at org.testng.TestRunner.privateRun(TestRunner.java:774)
                        	at org.testng.TestRunner.run(TestRunner.java:624)
                        	at org.testng.SuiteRunner.runTest(SuiteRunner.java:359)
                        	at org.testng.SuiteRunner.access$000(SuiteRunner.java:39)
                        	at org.testng.SuiteRunner$SuiteWorker.run(SuiteRunner.java:393)
                        	at org.testng.internal.thread.ThreadUtil$2.call(ThreadUtil.java:64)
                        	at java.util.concurrent.FutureTask$Sync.innerRun(FutureTask.java:334)
                        	at java.util.concurrent.FutureTask.run(FutureTask.java:166)
                        	at java.util.concurrent.ThreadPoolExecutor.runWorker(ThreadPoolExecutor.java:1110)
                        	at java.util.concurrent.ThreadPoolExecutor$Worker.run(ThreadPoolExecutor.java:603)
                        	at java.lang.Thread.run(Thread.java:722)
                        Caused by: org.openqa.selenium.remote.ScreenshotException: Screen shot has been taken
                        Build info: version: '2.53.1', revision: 'a36b8b1', time: '2016-06-30 17:37:03'
                        System info: host: 'chenziyang', ip: '192.168.1.38', os.name: 'Windows NT (unknown)', os.arch: 'x86', os.version: '6.2', java.version:
                        '1.7.0_01'
                        Driver info: driver.version: RemoteWebDriver
                        	at org.openqa.selenium.remote.ErrorHandler.throwIfResponseFailed(ErrorHandler.java:138)
                        	... 28 more
                        Caused by: org.openqa.selenium.NoSuchElementException: no such element: Unable to locate element: {"method":"xpath","selector":"(//a[contains(text(),'去学习')])[1]"}
                        (Session info: chrome=60.0.3112.90)
                        (Driver info: chromedriver=2.33.506120 (e3e53437346286c0bc2d2dc9aa4915ba81d9023f),platform=Windows NT 10.0.16299 x86_64) (WARNING:
                        The server did not provide any stacktrace information)
                        Command duration or timeout: 15.09 seconds
                        For documentation on this error, please visit: http://seleniumhq.org/exceptions/no_such_element.html
                        Build info: version: '2.53.1', revision: 'a36b8b1', time: '2016-06-30 17:37:03'
                        System info: host: 'chenziyang', ip: '192.168.1.38', os.name: 'Windows NT (unknown)', os.arch: 'x86', os.version: '6.2', java.version:
                        '1.7.0_01'
                        *** Element info: {Using=xpath, value=(//a[contains(text(),'去学习')])[1]}
                        Session ID: f15d75ac10a493939a96344a6b7619bb
                        Driver info: org.openqa.selenium.chrome.ChromeDriver
                        Capabilities [{platform=WIN8, acceptSslCerts=true, javascriptEnabled=true, browserName=chrome, chrome={userDataDir=C:\TEMP\scoped_dir17032_3315,
                        chromedriverVersion=2.33.506120 (e3e53437346286c0bc2d2dc9aa4915ba81d9023f)}, networkConnectionEnabled=false, unexpectedAlertBehaviour=,
                        rotatable=false, setWindowRect=true, locationContextEnabled=true, mobileEmulationEnabled=false, version=60.0.3112.90, pageLoadStrategy=normal,
                        takesHeapSnapshot=true, cssSelectorsEnabled=true, databaseEnabled=false, handlesAlerts=true, browserConnectionEnabled=false,
                        webStorageEnabled=true, nativeEvents=true, hasTouchScreen=false, applicationCacheEnabled=false, takesScreenshot=true}]
                        For documentation on this error, please visit: http://seleniumhq.org/exceptions/no_such_element.html
                        Build info: version: '2.53.1', revision: 'a36b8b1', time: '2016-06-30 17:37:03'
                        System info: host: 'chenziyang', ip: '192.168.1.38', os.name: 'Windows NT (unknown)', os.arch: 'x86', os.version: '6.2', java.version:
                        '1.7.0_01'
                        Driver info: driver.version: EventFiringWebDriver
                        	at sun.reflect.NativeConstructorAccessorImpl.newInstance0(Native Method)
                        	at sun.reflect.NativeConstructorAccessorImpl.newInstance(NativeConstructorAccessorImpl.java:57)
                        	at sun.reflect.DelegatingConstructorAccessorImpl.newInstance(DelegatingConstructorAccessorImpl.java:45)
                        	at java.lang.reflect.Constructor.newInstance(Constructor.java:525)
                        	at org.openqa.selenium.remote.ErrorHandler.createThrowable(ErrorHandler.java:206)
                        	at org.openqa.selenium.remote.ErrorHandler.throwIfResponseFailed(ErrorHandler.java:158)
                        	at org.openqa.selenium.remote.RemoteWebDriver.execute(RemoteWebDriver.java:678)
                        	at org.openqa.selenium.remote.RemoteWebDriver.findElement(RemoteWebDriver.java:363)
                        	at org.openqa.selenium.remote.RemoteWebDriver.findElementByXPath(RemoteWebDriver.java:500)
                        	at org.openqa.selenium.By$ByXPath.findElement(By.java:361)
                        	at org.openqa.selenium.remote.RemoteWebDriver.findElement(RemoteWebDriver.java:355)
                        	at sun.reflect.GeneratedMethodAccessor8.invoke(Unknown Source)
                        	at sun.reflect.DelegatingMethodAccessorImpl.invoke(DelegatingMethodAccessorImpl.java:43)
                        	at java.lang.reflect.Method.invoke(Method.java:601)
                        	at org.openqa.selenium.support.events.EventFiringWebDriver$2.invoke(EventFiringWebDriver.java:103)
                        	at $Proxy1.findElement(Unknown Source)
                        	at org.openqa.selenium.support.events.EventFiringWebDriver.findElement(EventFiringWebDriver.java:188)
                        	at org.openqa.selenium.remote.server.handler.FindElement.call(FindElement.java:48)
                        	at org.openqa.selenium.remote.server.handler.FindElement.call(FindElement.java:1)
                        	at java.util.concurrent.FutureTask$Sync.innerRun(FutureTask.java:334)
                        	at java.util.concurrent.FutureTask.run(FutureTask.java:166)
                        	at org.openqa.selenium.remote.server.DefaultSession$1.run(DefaultSession.java:176)
                        	... 3 more
                     </pre>
                  </div>
               </td>
            </tr>
         </table>
         <br></br>
         <table class="testMethodsTable" cellpadding="0" cellspacing="0">
            <tr>
               <td colspan="4">
                  <h3 style="display: inline;">NewActivity.JoinActivity2</h3>
               </td>
            </tr>
            <tr class="methodsTableHeader">
               <td width="100%">Name</td>
               <td nowrap="true">Started</td>
               <td nowrap="true">Duration</td>
               <td>Exception</td>
            </tr>
            <tr id="NewActivity.JoinActivity2_studuentakePartActivity_byClass_FAIL1_row"
                class="testMethodStatusFAIL">
               <td width="100%" class="firstMethodCell">
                  <a onclick="toggleDetailsVisibility('NewActivity.JoinActivity2_studuentakePartActivity_byClass_FAIL1_details')">studuentakePartActivity(devstudent2
                     
                     ,
                     
                     123123
                     
                     ,
                     
                     C:/Program Files (x86)/Mozilla Firefox/uploadFile.exe
                     
                     ,
                     
                     C:/Program Files (x86)/Mozilla Firefox/uploadVideo.exe)
                  </a>
               </td>
               <td nowrap="true">15:39:14</td>
               <td nowrap="true" align="right">35s
                  
               </td>
               <td nowrap="true">
                  <a onclick="toggleDetailsVisibility('NewActivity.JoinActivity2_studuentakePartActivity_byClass_FAIL1_exception')">org.openqa.selenium.NoSuchElementException: 
                     no such element: Unable to locate element: {"method":"id","selector":"SWFUpload_0"}
                     (Session info: chrome=60.0.3112.90)
                     (Driver info: chromedriver=2.33.506120 (e3e53437346286c0bc2d2dc9aa4915ba81d9023f),platform=Windows NT 10.0.16299 x86_64) (WARNING:
                     The server did not provide any stacktrace information)
                     Command duration or timeout: 18.96 seconds
                     For documentation on this error, please visit: http://seleniumhq.org/exceptions/no_such_element.html
                     Build info: version: '2.53.1', revision: 'a36b8b1', time: '2016-06-30 17:37:03'
                     System info: host: 'chenziyang', ip: '192.168.1.38', os.name: 'Windows NT (unknown)', os.arch: 'x86', os.version: '6.2', java.version:
                     '1.7.0_01'
                     *** Element info: {Using=id, value=SWFUpload_0}
                     Session ID: 2c6a29485aeaebe7eaee4ec235e15802
                     Driver info: org.openqa.selenium.chrome.ChromeDriver
                     Capabilities [{platform=WIN8, acceptSslCerts=true, javascriptEnabled=true, browserName=chrome, chrome={userDataDir=C:\TEMP\scoped_dir13568_12039,
                     chromedriverVersion=2.33.506120 (e3e53437346286c0bc2d2dc9aa4915ba81d9023f)}, networkConnectionEnabled=false, unexpectedAlertBehaviour=,
                     rotatable=false, setWindowRect=true, locationContextEnabled=true, mobileEmulationEnabled=false, version=60.0.3112.90, pageLoadStrategy=normal,
                     takesHeapSnapshot=true, cssSelectorsEnabled=true, databaseEnabled=false, handlesAlerts=true, browserConnectionEnabled=false,
                     webStorageEnabled=true, nativeEvents=true, hasTouchScreen=false, applicationCacheEnabled=false, takesScreenshot=true}]
                     Command duration or timeout: 19.39 seconds
                     For documentation on this error, please visit: http://seleniumhq.org/exceptions/no_such_element.html
                     Build info: version: '2.53.1', revision: 'a36b8b1', time: '2016-06-30 17:37:03'
                     System info: host: 'chenziyang', ip: '192.168.1.38', os.name: 'Windows NT (unknown)', os.arch: 'x86', os.version: '6.2', java.version:
                     '1.7.0_01'
                     *** Element info: {Using=id, value=SWFUpload_0}
                     Session ID: 2f769d1f-4774-4769-a99e-f479ecb7d47b
                     Driver info: org.openqa.selenium.remote.RemoteWebDriver
                     Capabilities [{platform=WIN8, acceptSslCerts=true, javascriptEnabled=true, browserName=chrome, chrome={userDataDir=C:\TEMP\scoped_dir13568_12039,
                     chromedriverVersion=2.33.506120 (e3e53437346286c0bc2d2dc9aa4915ba81d9023f)}, networkConnectionEnabled=false, unexpectedAlertBehaviour=,
                     rotatable=false, setWindowRect=true, locationContextEnabled=true, mobileEmulationEnabled=false, webdriver.remote.sessionid=2f769d1f-4774-4769-a99e-f479ecb7d47b,
                     version=60.0.3112.90, pageLoadStrategy=normal, takesHeapSnapshot=true, cssSelectorsEnabled=true, databaseEnabled=false, handlesAlerts=true,
                     browserConnectionEnabled=false, webStorageEnabled=true, nativeEvents=true, hasTouchScreen=false, applicationCacheEnabled=false,
                     takesScreenshot=true}]
                     
                  </a>
                   
                  
               </td>
            </tr>
            <tr>
               <td colspan="4" class="detailsBox">
                  <div id="NewActivity.JoinActivity2_studuentakePartActivity_byClass_FAIL1_details"
                       class="testMethodDetails">
                     <div>
                        <b>Name: </b>studuentakePartActivity
                     </div>
                     <div>
                        <b>Signature: </b>studuentakePartActivity(java.lang.String, java.lang.String, java.lang.String, java.lang.String)[pri:0, instance:NewActivity.JoinActivity2@caf6e7]
                     </div>
                     <div>
                        <b>Parameters: </b>
                        
                        devstudent2
                        
                        ,
                        
                        123123
                        
                        ,
                        
                        C:/Program Files (x86)/Mozilla Firefox/uploadFile.exe
                        
                        ,
                        
                        C:/Program Files (x86)/Mozilla Firefox/uploadVideo.exe
                        
                        
                     </div>
                     <div>
                        <b>Start time: </b>15:39:14
                     </div>
                     <div>
                        <b>End time: </b>15:39:49
                     </div>
                     <div>
                        <b>Duration: </b>35s
                        
                     </div>
                  </div>
               </td>
            </tr>
            <tr>
               <td colspan="4" class="detailsBox">
                  <div id="NewActivity.JoinActivity2_studuentakePartActivity_byClass_FAIL1_exception"
                       class="testMethodDetails">
                     <pre style="padding: 5px; margin: 0;">org.openqa.selenium.NoSuchElementException: no such element: Unable to locate element: {"method":"id","selector":"SWFUpload_0"}
                        (Session info: chrome=60.0.3112.90)
                        (Driver info: chromedriver=2.33.506120 (e3e53437346286c0bc2d2dc9aa4915ba81d9023f),platform=Windows NT 10.0.16299 x86_64) (WARNING:
                        The server did not provide any stacktrace information)
                        Command duration or timeout: 18.96 seconds
                        For documentation on this error, please visit: http://seleniumhq.org/exceptions/no_such_element.html
                        Build info: version: '2.53.1', revision: 'a36b8b1', time: '2016-06-30 17:37:03'
                        System info: host: 'chenziyang', ip: '192.168.1.38', os.name: 'Windows NT (unknown)', os.arch: 'x86', os.version: '6.2', java.version:
                        '1.7.0_01'
                        *** Element info: {Using=id, value=SWFUpload_0}
                        Session ID: 2c6a29485aeaebe7eaee4ec235e15802
                        Driver info: org.openqa.selenium.chrome.ChromeDriver
                        Capabilities [{platform=WIN8, acceptSslCerts=true, javascriptEnabled=true, browserName=chrome, chrome={userDataDir=C:\TEMP\scoped_dir13568_12039,
                        chromedriverVersion=2.33.506120 (e3e53437346286c0bc2d2dc9aa4915ba81d9023f)}, networkConnectionEnabled=false, unexpectedAlertBehaviour=,
                        rotatable=false, setWindowRect=true, locationContextEnabled=true, mobileEmulationEnabled=false, version=60.0.3112.90, pageLoadStrategy=normal,
                        takesHeapSnapshot=true, cssSelectorsEnabled=true, databaseEnabled=false, handlesAlerts=true, browserConnectionEnabled=false,
                        webStorageEnabled=true, nativeEvents=true, hasTouchScreen=false, applicationCacheEnabled=false, takesScreenshot=true}]
                        Command duration or timeout: 19.39 seconds
                        For documentation on this error, please visit: http://seleniumhq.org/exceptions/no_such_element.html
                        Build info: version: '2.53.1', revision: 'a36b8b1', time: '2016-06-30 17:37:03'
                        System info: host: 'chenziyang', ip: '192.168.1.38', os.name: 'Windows NT (unknown)', os.arch: 'x86', os.version: '6.2', java.version:
                        '1.7.0_01'
                        *** Element info: {Using=id, value=SWFUpload_0}
                        Session ID: 2f769d1f-4774-4769-a99e-f479ecb7d47b
                        Driver info: org.openqa.selenium.remote.RemoteWebDriver
                        Capabilities [{platform=WIN8, acceptSslCerts=true, javascriptEnabled=true, browserName=chrome, chrome={userDataDir=C:\TEMP\scoped_dir13568_12039,
                        chromedriverVersion=2.33.506120 (e3e53437346286c0bc2d2dc9aa4915ba81d9023f)}, networkConnectionEnabled=false, unexpectedAlertBehaviour=,
                        rotatable=false, setWindowRect=true, locationContextEnabled=true, mobileEmulationEnabled=false, webdriver.remote.sessionid=2f769d1f-4774-4769-a99e-f479ecb7d47b,
                        version=60.0.3112.90, pageLoadStrategy=normal, takesHeapSnapshot=true, cssSelectorsEnabled=true, databaseEnabled=false, handlesAlerts=true,
                        browserConnectionEnabled=false, webStorageEnabled=true, nativeEvents=true, hasTouchScreen=false, applicationCacheEnabled=false,
                        takesScreenshot=true}]
                        	at sun.reflect.NativeConstructorAccessorImpl.newInstance0(Native Method)
                        	at sun.reflect.NativeConstructorAccessorImpl.newInstance(NativeConstructorAccessorImpl.java:57)
                        	at sun.reflect.DelegatingConstructorAccessorImpl.newInstance(DelegatingConstructorAccessorImpl.java:45)
                        	at java.lang.reflect.Constructor.newInstance(Constructor.java:525)
                        	at org.openqa.selenium.remote.ErrorHandler.createThrowable(ErrorHandler.java:206)
                        	at org.openqa.selenium.remote.ErrorHandler.throwIfResponseFailed(ErrorHandler.java:158)
                        	at org.openqa.selenium.remote.RemoteWebDriver.execute(RemoteWebDriver.java:678)
                        	at org.openqa.selenium.remote.RemoteWebDriver.findElement(RemoteWebDriver.java:363)
                        	at org.openqa.selenium.remote.RemoteWebDriver.findElementById(RemoteWebDriver.java:413)
                        	at org.openqa.selenium.By$ById.findElement(By.java:218)
                        	at org.openqa.selenium.remote.RemoteWebDriver.findElement(RemoteWebDriver.java:355)
                        	at uti.Uti.UploadFile(Uti.java:43)
                        	at NewActivity.JoinActivity2.studuentakePartActivity(JoinActivity2.java:32)
                        	at sun.reflect.NativeMethodAccessorImpl.invoke0(Native Method)
                        	at sun.reflect.NativeMethodAccessorImpl.invoke(NativeMethodAccessorImpl.java:57)
                        	at sun.reflect.DelegatingMethodAccessorImpl.invoke(DelegatingMethodAccessorImpl.java:43)
                        	at java.lang.reflect.Method.invoke(Method.java:601)
                        	at org.testng.internal.MethodInvocationHelper.invokeMethod(MethodInvocationHelper.java:85)
                        	at org.testng.internal.Invoker.invokeMethod(Invoker.java:639)
                        	at org.testng.internal.Invoker.invokeTestMethod(Invoker.java:816)
                        	at org.testng.internal.Invoker.invokeTestMethods(Invoker.java:1124)
                        	at org.testng.internal.TestMethodWorker.invokeTestMethods(TestMethodWorker.java:125)
                        	at org.testng.internal.TestMethodWorker.run(TestMethodWorker.java:108)
                        	at org.testng.TestRunner.privateRun(TestRunner.java:774)
                        	at org.testng.TestRunner.run(TestRunner.java:624)
                        	at org.testng.SuiteRunner.runTest(SuiteRunner.java:359)
                        	at org.testng.SuiteRunner.access$000(SuiteRunner.java:39)
                        	at org.testng.SuiteRunner$SuiteWorker.run(SuiteRunner.java:393)
                        	at org.testng.internal.thread.ThreadUtil$2.call(ThreadUtil.java:64)
                        	at java.util.concurrent.FutureTask$Sync.innerRun(FutureTask.java:334)
                        	at java.util.concurrent.FutureTask.run(FutureTask.java:166)
                        	at java.util.concurrent.ThreadPoolExecutor.runWorker(ThreadPoolExecutor.java:1110)
                        	at java.util.concurrent.ThreadPoolExecutor$Worker.run(ThreadPoolExecutor.java:603)
                        	at java.lang.Thread.run(Thread.java:722)
                        Caused by: org.openqa.selenium.remote.ScreenshotException: Screen shot has been taken
                        Build info: version: '2.53.1', revision: 'a36b8b1', time: '2016-06-30 17:37:03'
                        System info: host: 'chenziyang', ip: '192.168.1.38', os.name: 'Windows NT (unknown)', os.arch: 'x86', os.version: '6.2', java.version:
                        '1.7.0_01'
                        Driver info: driver.version: RemoteWebDriver
                        	at org.openqa.selenium.remote.ErrorHandler.throwIfResponseFailed(ErrorHandler.java:138)
                        	... 28 more
                        Caused by: org.openqa.selenium.NoSuchElementException: no such element: Unable to locate element: {"method":"id","selector":"SWFUpload_0"}
                        (Session info: chrome=60.0.3112.90)
                        (Driver info: chromedriver=2.33.506120 (e3e53437346286c0bc2d2dc9aa4915ba81d9023f),platform=Windows NT 10.0.16299 x86_64) (WARNING:
                        The server did not provide any stacktrace information)
                        Command duration or timeout: 18.96 seconds
                        For documentation on this error, please visit: http://seleniumhq.org/exceptions/no_such_element.html
                        Build info: version: '2.53.1', revision: 'a36b8b1', time: '2016-06-30 17:37:03'
                        System info: host: 'chenziyang', ip: '192.168.1.38', os.name: 'Windows NT (unknown)', os.arch: 'x86', os.version: '6.2', java.version:
                        '1.7.0_01'
                        *** Element info: {Using=id, value=SWFUpload_0}
                        Session ID: 2c6a29485aeaebe7eaee4ec235e15802
                        Driver info: org.openqa.selenium.chrome.ChromeDriver
                        Capabilities [{platform=WIN8, acceptSslCerts=true, javascriptEnabled=true, browserName=chrome, chrome={userDataDir=C:\TEMP\scoped_dir13568_12039,
                        chromedriverVersion=2.33.506120 (e3e53437346286c0bc2d2dc9aa4915ba81d9023f)}, networkConnectionEnabled=false, unexpectedAlertBehaviour=,
                        rotatable=false, setWindowRect=true, locationContextEnabled=true, mobileEmulationEnabled=false, version=60.0.3112.90, pageLoadStrategy=normal,
                        takesHeapSnapshot=true, cssSelectorsEnabled=true, databaseEnabled=false, handlesAlerts=true, browserConnectionEnabled=false,
                        webStorageEnabled=true, nativeEvents=true, hasTouchScreen=false, applicationCacheEnabled=false, takesScreenshot=true}]
                        For documentation on this error, please visit: http://seleniumhq.org/exceptions/no_such_element.html
                        Build info: version: '2.53.1', revision: 'a36b8b1', time: '2016-06-30 17:37:03'
                        System info: host: 'chenziyang', ip: '192.168.1.38', os.name: 'Windows NT (unknown)', os.arch: 'x86', os.version: '6.2', java.version:
                        '1.7.0_01'
                        Driver info: driver.version: EventFiringWebDriver
                        	at sun.reflect.NativeConstructorAccessorImpl.newInstance0(Native Method)
                        	at sun.reflect.NativeConstructorAccessorImpl.newInstance(NativeConstructorAccessorImpl.java:57)
                        	at sun.reflect.DelegatingConstructorAccessorImpl.newInstance(DelegatingConstructorAccessorImpl.java:45)
                        	at java.lang.reflect.Constructor.newInstance(Constructor.java:525)
                        	at org.openqa.selenium.remote.ErrorHandler.createThrowable(ErrorHandler.java:206)
                        	at org.openqa.selenium.remote.ErrorHandler.throwIfResponseFailed(ErrorHandler.java:158)
                        	at org.openqa.selenium.remote.RemoteWebDriver.execute(RemoteWebDriver.java:678)
                        	at org.openqa.selenium.remote.RemoteWebDriver.findElement(RemoteWebDriver.java:363)
                        	at org.openqa.selenium.remote.RemoteWebDriver.findElementById(RemoteWebDriver.java:413)
                        	at org.openqa.selenium.By$ById.findElement(By.java:218)
                        	at org.openqa.selenium.remote.RemoteWebDriver.findElement(RemoteWebDriver.java:355)
                        	at sun.reflect.GeneratedMethodAccessor9.invoke(Unknown Source)
                        	at sun.reflect.DelegatingMethodAccessorImpl.invoke(DelegatingMethodAccessorImpl.java:43)
                        	at java.lang.reflect.Method.invoke(Method.java:601)
                        	at org.openqa.selenium.support.events.EventFiringWebDriver$2.invoke(EventFiringWebDriver.java:103)
                        	at $Proxy1.findElement(Unknown Source)
                        	at org.openqa.selenium.support.events.EventFiringWebDriver.findElement(EventFiringWebDriver.java:188)
                        	at org.openqa.selenium.remote.server.handler.FindElement.call(FindElement.java:48)
                        	at org.openqa.selenium.remote.server.handler.FindElement.call(FindElement.java:1)
                        	at java.util.concurrent.FutureTask$Sync.innerRun(FutureTask.java:334)
                        	at java.util.concurrent.FutureTask.run(FutureTask.java:166)
                        	at org.openqa.selenium.remote.server.DefaultSession$1.run(DefaultSession.java:176)
                        	... 3 more
                     </pre>
                  </div>
               </td>
            </tr>
         </table>
         <br></br>
         <table class="testMethodsTable" cellpadding="0" cellspacing="0">
            <tr>
               <td colspan="4">
                  <h3 style="display: inline;">NewActivity.JoinActivity3</h3>
               </td>
            </tr>
            <tr class="methodsTableHeader">
               <td width="100%">Name</td>
               <td nowrap="true">Started</td>
               <td nowrap="true">Duration</td>
               <td>Exception</td>
            </tr>
            <tr id="NewActivity.JoinActivity3_studuentakePartActivity_byClass_FAIL1_row"
                class="testMethodStatusFAIL">
               <td width="100%" class="firstMethodCell">
                  <a onclick="toggleDetailsVisibility('NewActivity.JoinActivity3_studuentakePartActivity_byClass_FAIL1_details')">studuentakePartActivity(devstudent3
                     
                     ,
                     
                     123123
                     
                     ,
                     
                     C:/Program Files (x86)/Mozilla Firefox/uploadFile.exe
                     
                     ,
                     
                     C:/Program Files (x86)/Mozilla Firefox/uploadVideo.exe)
                  </a>
               </td>
               <td nowrap="true">15:39:49</td>
               <td nowrap="true" align="right">31s
                  
               </td>
               <td nowrap="true">
                  <a onclick="toggleDetailsVisibility('NewActivity.JoinActivity3_studuentakePartActivity_byClass_FAIL1_exception')">org.openqa.selenium.NoSuchElementException: 
                     no such element: Unable to locate element: {"method":"id","selector":"SWFUpload_0"}
                     (Session info: chrome=63.0.3239.84)
                     (Driver info: chromedriver=2.34.522940 (1a76f96f66e3ca7b8e57d503b4dd3bccfba87af1),platform=Windows NT 10.0.16299 x86_64) (WARNING:
                     The server did not provide any stacktrace information)
                     Command duration or timeout: 15.06 seconds
                     For documentation on this error, please visit: http://seleniumhq.org/exceptions/no_such_element.html
                     Build info: version: '2.53.1', revision: 'a36b8b1', time: '2016-06-30 17:37:03'
                     System info: host: 'Wzy', ip: '192.168.0.106', os.name: 'Windows 10', os.arch: 'amd64', os.version: '10.0', java.version:
                     '1.8.0_144'
                     Driver info: org.openqa.selenium.chrome.ChromeDriver
                     Capabilities [{applicationCacheEnabled=false, rotatable=false, mobileEmulationEnabled=false, networkConnectionEnabled=false,
                     chrome={chromedriverVersion=2.34.522940 (1a76f96f66e3ca7b8e57d503b4dd3bccfba87af1), userDataDir=C:\Users\ADMINI~1\AppData\Local\Temp\scoped_dir38292_13562},
                     takesHeapSnapshot=true, pageLoadStrategy=normal, databaseEnabled=false, handlesAlerts=true, hasTouchScreen=false, version=63.0.3239.84,
                     platform=XP, browserConnectionEnabled=false, nativeEvents=true, acceptSslCerts=true, locationContextEnabled=true, webStorageEnabled=true,
                     browserName=chrome, takesScreenshot=true, javascriptEnabled=true, cssSelectorsEnabled=true, setWindowRect=true, unexpectedAlertBehaviour=}]
                     Session ID: 9c4283b858d6a74167ca7c8da6d62478
                     *** Element info: {Using=id, value=SWFUpload_0}
                     Command duration or timeout: 15.39 seconds
                     For documentation on this error, please visit: http://seleniumhq.org/exceptions/no_such_element.html
                     Build info: version: '2.53.1', revision: 'a36b8b1', time: '2016-06-30 17:37:03'
                     System info: host: 'chenziyang', ip: '192.168.1.38', os.name: 'Windows NT (unknown)', os.arch: 'x86', os.version: '6.2', java.version:
                     '1.7.0_01'
                     *** Element info: {Using=id, value=SWFUpload_0}
                     Session ID: 8502883d-1897-42c9-af93-95a70a26d6cc
                     Driver info: org.openqa.selenium.remote.RemoteWebDriver
                     Capabilities [{platform=XP, javascriptEnabled=true, acceptSslCerts=true, browserName=chrome, chrome={userDataDir=C:\Users\ADMINI~1\AppData\Local\Temp\scoped_dir38292_13562,
                     chromedriverVersion=2.34.522940 (1a76f96f66e3ca7b8e57d503b4dd3bccfba87af1)}, networkConnectionEnabled=false, unexpectedAlertBehaviour=,
                     rotatable=false, setWindowRect=true, locationContextEnabled=true, mobileEmulationEnabled=false, webdriver.remote.sessionid=8502883d-1897-42c9-af93-95a70a26d6cc,
                     version=63.0.3239.84, pageLoadStrategy=normal, takesHeapSnapshot=true, cssSelectorsEnabled=true, databaseEnabled=false, handlesAlerts=true,
                     browserConnectionEnabled=false, webStorageEnabled=true, nativeEvents=true, hasTouchScreen=false, applicationCacheEnabled=false,
                     takesScreenshot=true}]
                     
                  </a>
                   
                  
               </td>
            </tr>
            <tr>
               <td colspan="4" class="detailsBox">
                  <div id="NewActivity.JoinActivity3_studuentakePartActivity_byClass_FAIL1_details"
                       class="testMethodDetails">
                     <div>
                        <b>Name: </b>studuentakePartActivity
                     </div>
                     <div>
                        <b>Signature: </b>studuentakePartActivity(java.lang.String, java.lang.String, java.lang.String, java.lang.String)[pri:0, instance:NewActivity.JoinActivity3@117e53b]
                     </div>
                     <div>
                        <b>Parameters: </b>
                        
                        devstudent3
                        
                        ,
                        
                        123123
                        
                        ,
                        
                        C:/Program Files (x86)/Mozilla Firefox/uploadFile.exe
                        
                        ,
                        
                        C:/Program Files (x86)/Mozilla Firefox/uploadVideo.exe
                        
                        
                     </div>
                     <div>
                        <b>Start time: </b>15:39:49
                     </div>
                     <div>
                        <b>End time: </b>15:40:20
                     </div>
                     <div>
                        <b>Duration: </b>31s
                        
                     </div>
                  </div>
               </td>
            </tr>
            <tr>
               <td colspan="4" class="detailsBox">
                  <div id="NewActivity.JoinActivity3_studuentakePartActivity_byClass_FAIL1_exception"
                       class="testMethodDetails">
                     <pre style="padding: 5px; margin: 0;">org.openqa.selenium.NoSuchElementException: no such element: Unable to locate element: {"method":"id","selector":"SWFUpload_0"}
                        (Session info: chrome=63.0.3239.84)
                        (Driver info: chromedriver=2.34.522940 (1a76f96f66e3ca7b8e57d503b4dd3bccfba87af1),platform=Windows NT 10.0.16299 x86_64) (WARNING:
                        The server did not provide any stacktrace information)
                        Command duration or timeout: 15.06 seconds
                        For documentation on this error, please visit: http://seleniumhq.org/exceptions/no_such_element.html
                        Build info: version: '2.53.1', revision: 'a36b8b1', time: '2016-06-30 17:37:03'
                        System info: host: 'Wzy', ip: '192.168.0.106', os.name: 'Windows 10', os.arch: 'amd64', os.version: '10.0', java.version:
                        '1.8.0_144'
                        Driver info: org.openqa.selenium.chrome.ChromeDriver
                        Capabilities [{applicationCacheEnabled=false, rotatable=false, mobileEmulationEnabled=false, networkConnectionEnabled=false,
                        chrome={chromedriverVersion=2.34.522940 (1a76f96f66e3ca7b8e57d503b4dd3bccfba87af1), userDataDir=C:\Users\ADMINI~1\AppData\Local\Temp\scoped_dir38292_13562},
                        takesHeapSnapshot=true, pageLoadStrategy=normal, databaseEnabled=false, handlesAlerts=true, hasTouchScreen=false, version=63.0.3239.84,
                        platform=XP, browserConnectionEnabled=false, nativeEvents=true, acceptSslCerts=true, locationContextEnabled=true, webStorageEnabled=true,
                        browserName=chrome, takesScreenshot=true, javascriptEnabled=true, cssSelectorsEnabled=true, setWindowRect=true, unexpectedAlertBehaviour=}]
                        Session ID: 9c4283b858d6a74167ca7c8da6d62478
                        *** Element info: {Using=id, value=SWFUpload_0}
                        Command duration or timeout: 15.39 seconds
                        For documentation on this error, please visit: http://seleniumhq.org/exceptions/no_such_element.html
                        Build info: version: '2.53.1', revision: 'a36b8b1', time: '2016-06-30 17:37:03'
                        System info: host: 'chenziyang', ip: '192.168.1.38', os.name: 'Windows NT (unknown)', os.arch: 'x86', os.version: '6.2', java.version:
                        '1.7.0_01'
                        *** Element info: {Using=id, value=SWFUpload_0}
                        Session ID: 8502883d-1897-42c9-af93-95a70a26d6cc
                        Driver info: org.openqa.selenium.remote.RemoteWebDriver
                        Capabilities [{platform=XP, javascriptEnabled=true, acceptSslCerts=true, browserName=chrome, chrome={userDataDir=C:\Users\ADMINI~1\AppData\Local\Temp\scoped_dir38292_13562,
                        chromedriverVersion=2.34.522940 (1a76f96f66e3ca7b8e57d503b4dd3bccfba87af1)}, networkConnectionEnabled=false, unexpectedAlertBehaviour=,
                        rotatable=false, setWindowRect=true, locationContextEnabled=true, mobileEmulationEnabled=false, webdriver.remote.sessionid=8502883d-1897-42c9-af93-95a70a26d6cc,
                        version=63.0.3239.84, pageLoadStrategy=normal, takesHeapSnapshot=true, cssSelectorsEnabled=true, databaseEnabled=false, handlesAlerts=true,
                        browserConnectionEnabled=false, webStorageEnabled=true, nativeEvents=true, hasTouchScreen=false, applicationCacheEnabled=false,
                        takesScreenshot=true}]
                        	at sun.reflect.NativeConstructorAccessorImpl.newInstance0(Native Method)
                        	at sun.reflect.NativeConstructorAccessorImpl.newInstance(NativeConstructorAccessorImpl.java:57)
                        	at sun.reflect.DelegatingConstructorAccessorImpl.newInstance(DelegatingConstructorAccessorImpl.java:45)
                        	at java.lang.reflect.Constructor.newInstance(Constructor.java:525)
                        	at org.openqa.selenium.remote.ErrorHandler.createThrowable(ErrorHandler.java:206)
                        	at org.openqa.selenium.remote.ErrorHandler.throwIfResponseFailed(ErrorHandler.java:158)
                        	at org.openqa.selenium.remote.RemoteWebDriver.execute(RemoteWebDriver.java:678)
                        	at org.openqa.selenium.remote.RemoteWebDriver.findElement(RemoteWebDriver.java:363)
                        	at org.openqa.selenium.remote.RemoteWebDriver.findElementById(RemoteWebDriver.java:413)
                        	at org.openqa.selenium.By$ById.findElement(By.java:218)
                        	at org.openqa.selenium.remote.RemoteWebDriver.findElement(RemoteWebDriver.java:355)
                        	at uti.Uti.UploadFile(Uti.java:43)
                        	at NewActivity.JoinActivity3.studuentakePartActivity(JoinActivity3.java:31)
                        	at sun.reflect.NativeMethodAccessorImpl.invoke0(Native Method)
                        	at sun.reflect.NativeMethodAccessorImpl.invoke(NativeMethodAccessorImpl.java:57)
                        	at sun.reflect.DelegatingMethodAccessorImpl.invoke(DelegatingMethodAccessorImpl.java:43)
                        	at java.lang.reflect.Method.invoke(Method.java:601)
                        	at org.testng.internal.MethodInvocationHelper.invokeMethod(MethodInvocationHelper.java:85)
                        	at org.testng.internal.Invoker.invokeMethod(Invoker.java:639)
                        	at org.testng.internal.Invoker.invokeTestMethod(Invoker.java:816)
                        	at org.testng.internal.Invoker.invokeTestMethods(Invoker.java:1124)
                        	at org.testng.internal.TestMethodWorker.invokeTestMethods(TestMethodWorker.java:125)
                        	at org.testng.internal.TestMethodWorker.run(TestMethodWorker.java:108)
                        	at org.testng.TestRunner.privateRun(TestRunner.java:774)
                        	at org.testng.TestRunner.run(TestRunner.java:624)
                        	at org.testng.SuiteRunner.runTest(SuiteRunner.java:359)
                        	at org.testng.SuiteRunner.access$000(SuiteRunner.java:39)
                        	at org.testng.SuiteRunner$SuiteWorker.run(SuiteRunner.java:393)
                        	at org.testng.internal.thread.ThreadUtil$2.call(ThreadUtil.java:64)
                        	at java.util.concurrent.FutureTask$Sync.innerRun(FutureTask.java:334)
                        	at java.util.concurrent.FutureTask.run(FutureTask.java:166)
                        	at java.util.concurrent.ThreadPoolExecutor.runWorker(ThreadPoolExecutor.java:1110)
                        	at java.util.concurrent.ThreadPoolExecutor$Worker.run(ThreadPoolExecutor.java:603)
                        	at java.lang.Thread.run(Thread.java:722)
                        Caused by: org.openqa.selenium.remote.ScreenshotException: Screen shot has been taken
                        Build info: version: '2.53.1', revision: 'a36b8b1', time: '2016-06-30 17:37:03'
                        System info: host: 'chenziyang', ip: '192.168.1.38', os.name: 'Windows NT (unknown)', os.arch: 'x86', os.version: '6.2', java.version:
                        '1.7.0_01'
                        Driver info: driver.version: RemoteWebDriver
                        	at org.openqa.selenium.remote.ErrorHandler.throwIfResponseFailed(ErrorHandler.java:138)
                        	... 28 more
                        Caused by: org.openqa.selenium.NoSuchElementException: no such element: Unable to locate element: {"method":"id","selector":"SWFUpload_0"}
                        (Session info: chrome=63.0.3239.84)
                        (Driver info: chromedriver=2.34.522940 (1a76f96f66e3ca7b8e57d503b4dd3bccfba87af1),platform=Windows NT 10.0.16299 x86_64) (WARNING:
                        The server did not provide any stacktrace information)
                        Command duration or timeout: 15.06 seconds
                        For documentation on this error, please visit: http://seleniumhq.org/exceptions/no_such_element.html
                        Build info: version: '2.53.1', revision: 'a36b8b1', time: '2016-06-30 17:37:03'
                        System info: host: 'Wzy', ip: '192.168.0.106', os.name: 'Windows 10', os.arch: 'amd64', os.version: '10.0', java.version:
                        '1.8.0_144'
                        Driver info: org.openqa.selenium.chrome.ChromeDriver
                        Capabilities [{applicationCacheEnabled=false, rotatable=false, mobileEmulationEnabled=false, networkConnectionEnabled=false,
                        chrome={chromedriverVersion=2.34.522940 (1a76f96f66e3ca7b8e57d503b4dd3bccfba87af1), userDataDir=C:\Users\ADMINI~1\AppData\Local\Temp\scoped_dir38292_13562},
                        takesHeapSnapshot=true, pageLoadStrategy=normal, databaseEnabled=false, handlesAlerts=true, hasTouchScreen=false, version=63.0.3239.84,
                        platform=XP, browserConnectionEnabled=false, nativeEvents=true, acceptSslCerts=true, locationContextEnabled=true, webStorageEnabled=true,
                        browserName=chrome, takesScreenshot=true, javascriptEnabled=true, cssSelectorsEnabled=true, setWindowRect=true, unexpectedAlertBehaviour=}]
                        Session ID: 9c4283b858d6a74167ca7c8da6d62478
                        *** Element info: {Using=id, value=SWFUpload_0}
                        For documentation on this error, please visit: http://seleniumhq.org/exceptions/no_such_element.html
                        Build info: version: '2.53.1', revision: 'a36b8b1', time: '2016-06-30 17:37:03'
                        System info: host: 'chenziyang', ip: '192.168.1.38', os.name: 'Windows NT (unknown)', os.arch: 'x86', os.version: '6.2', java.version:
                        '1.7.0_01'
                        Driver info: driver.version: EventFiringWebDriver
                        	at sun.reflect.NativeConstructorAccessorImpl.newInstance0(Native Method)
                        	at sun.reflect.NativeConstructorAccessorImpl.newInstance(Unknown Source)
                        	at sun.reflect.DelegatingConstructorAccessorImpl.newInstance(Unknown Source)
                        	at java.lang.reflect.Constructor.newInstance(Unknown Source)
                        	at org.openqa.selenium.remote.ErrorHandler.createThrowable(ErrorHandler.java:206)
                        	at org.openqa.selenium.remote.ErrorHandler.throwIfResponseFailed(ErrorHandler.java:158)
                        	at org.openqa.selenium.remote.RemoteWebDriver.execute(RemoteWebDriver.java:678)
                        	at org.openqa.selenium.remote.RemoteWebDriver.findElement(RemoteWebDriver.java:363)
                        	at org.openqa.selenium.remote.RemoteWebDriver.findElementById(RemoteWebDriver.java:413)
                        	at org.openqa.selenium.By$ById.findElement(By.java:218)
                        	at org.openqa.selenium.remote.RemoteWebDriver.findElement(RemoteWebDriver.java:355)
                        	at sun.reflect.GeneratedMethodAccessor14.invoke(Unknown Source)
                        	at sun.reflect.DelegatingMethodAccessorImpl.invoke(Unknown Source)
                        	at java.lang.reflect.Method.invoke(Unknown Source)
                        	at org.openqa.selenium.support.events.EventFiringWebDriver$2.invoke(EventFiringWebDriver.java:103)
                        	at com.sun.proxy.$Proxy1.findElement(Unknown Source)
                        	at org.openqa.selenium.support.events.EventFiringWebDriver.findElement(EventFiringWebDriver.java:188)
                        	at org.openqa.selenium.remote.server.handler.FindElement.call(FindElement.java:48)
                        	at org.openqa.selenium.remote.server.handler.FindElement.call(FindElement.java:1)
                        	at java.util.concurrent.FutureTask.run(Unknown Source)
                        	at org.openqa.selenium.remote.server.DefaultSession$1.run(DefaultSession.java:176)
                        	at java.util.concurrent.ThreadPoolExecutor.runWorker(Unknown Source)
                        	at java.util.concurrent.ThreadPoolExecutor$Worker.run(Unknown Source)
                        	at java.lang.Thread.run(Unknown Source)
                     </pre>
                  </div>
               </td>
            </tr>
         </table>
         <br></br>
         <table class="testMethodsTable" cellpadding="0" cellspacing="0">
            <tr>
               <td colspan="4">
                  <h3 style="display: inline;">NewActivity.MakingHuodong</h3>
               </td>
            </tr>
            <tr class="methodsTableHeader">
               <td width="100%">Name</td>
               <td nowrap="true">Started</td>
               <td nowrap="true">Duration</td>
               <td>Exception</td>
            </tr>
            <tr id="NewActivity.MakingHuodong_checkHuodongOfStudents_byClass_FAIL1_row"
                class="testMethodStatusFAIL">
               <td width="100%" class="firstMethodCell">
                  <a onclick="toggleDetailsVisibility('NewActivity.MakingHuodong_checkHuodongOfStudents_byClass_FAIL1_details')">checkHuodongOfStudents(devzhuanjia
                     
                     ,
                     
                     3edc$RFV
                     
                     ,
                     
                     C:/Program Files (x86)/Mozilla Firefox/uploadFile.exe
                     
                     ,
                     
                     C:/Program Files (x86)/Mozilla Firefox/uploadVideo.exe)
                  </a>
               </td>
               <td nowrap="true">15:40:20</td>
               <td nowrap="true" align="right">26s
                  
               </td>
               <td nowrap="true">
                  <a onclick="toggleDetailsVisibility('NewActivity.MakingHuodong_checkHuodongOfStudents_byClass_FAIL1_exception')">org.openqa.selenium.NoSuchElementException: 
                     no such element: Unable to locate element: {"method":"link text","selector":"查看并批阅"}
                     (Session info: chrome=63.0.3239.84)
                     (Driver info: chromedriver=2.34.522940 (1a76f96f66e3ca7b8e57d503b4dd3bccfba87af1),platform=Windows NT 10.0.16299 x86_64) (WARNING:
                     The server did not provide any stacktrace information)
                     Command duration or timeout: 15.05 seconds
                     For documentation on this error, please visit: http://seleniumhq.org/exceptions/no_such_element.html
                     Build info: version: '2.53.1', revision: 'a36b8b1', time: '2016-06-30 17:37:03'
                     System info: host: 'Wzy', ip: '192.168.0.106', os.name: 'Windows 10', os.arch: 'amd64', os.version: '10.0', java.version:
                     '1.8.0_144'
                     Driver info: org.openqa.selenium.chrome.ChromeDriver
                     Capabilities [{applicationCacheEnabled=false, rotatable=false, mobileEmulationEnabled=false, networkConnectionEnabled=false,
                     chrome={chromedriverVersion=2.34.522940 (1a76f96f66e3ca7b8e57d503b4dd3bccfba87af1), userDataDir=C:\Users\ADMINI~1\AppData\Local\Temp\scoped_dir36368_30710},
                     takesHeapSnapshot=true, pageLoadStrategy=normal, databaseEnabled=false, handlesAlerts=true, hasTouchScreen=false, version=63.0.3239.84,
                     platform=XP, browserConnectionEnabled=false, nativeEvents=true, acceptSslCerts=true, locationContextEnabled=true, webStorageEnabled=true,
                     browserName=chrome, takesScreenshot=true, javascriptEnabled=true, cssSelectorsEnabled=true, setWindowRect=true, unexpectedAlertBehaviour=}]
                     Session ID: 550714fed66288a264e31b3082a060e5
                     *** Element info: {Using=link text, value=查看并批阅}
                     Command duration or timeout: 15.48 seconds
                     For documentation on this error, please visit: http://seleniumhq.org/exceptions/no_such_element.html
                     Build info: version: '2.53.1', revision: 'a36b8b1', time: '2016-06-30 17:37:03'
                     System info: host: 'chenziyang', ip: '192.168.1.38', os.name: 'Windows NT (unknown)', os.arch: 'x86', os.version: '6.2', java.version:
                     '1.7.0_01'
                     *** Element info: {Using=link text, value=查看并批阅}
                     Session ID: 946feace-f2ad-4896-a566-bb1b5f3e75c4
                     Driver info: org.openqa.selenium.remote.RemoteWebDriver
                     Capabilities [{platform=XP, javascriptEnabled=true, acceptSslCerts=true, browserName=chrome, chrome={userDataDir=C:\Users\ADMINI~1\AppData\Local\Temp\scoped_dir36368_30710,
                     chromedriverVersion=2.34.522940 (1a76f96f66e3ca7b8e57d503b4dd3bccfba87af1)}, networkConnectionEnabled=false, unexpectedAlertBehaviour=,
                     rotatable=false, setWindowRect=true, locationContextEnabled=true, mobileEmulationEnabled=false, webdriver.remote.sessionid=946feace-f2ad-4896-a566-bb1b5f3e75c4,
                     version=63.0.3239.84, pageLoadStrategy=normal, takesHeapSnapshot=true, cssSelectorsEnabled=true, databaseEnabled=false, handlesAlerts=true,
                     browserConnectionEnabled=false, webStorageEnabled=true, nativeEvents=true, hasTouchScreen=false, applicationCacheEnabled=false,
                     takesScreenshot=true}]
                     
                  </a>
                   
                  
               </td>
            </tr>
            <tr>
               <td colspan="4" class="detailsBox">
                  <div id="NewActivity.MakingHuodong_checkHuodongOfStudents_byClass_FAIL1_details"
                       class="testMethodDetails">
                     <div>
                        <b>Name: </b>checkHuodongOfStudents
                     </div>
                     <div>
                        <b>Signature: </b>checkHuodongOfStudents(java.lang.String, java.lang.String, java.lang.String, java.lang.String)[pri:0, instance:NewActivity.MakingHuodong@1cac08b]
                     </div>
                     <div>
                        <b>Parameters: </b>
                        
                        devzhuanjia
                        
                        ,
                        
                        3edc$RFV
                        
                        ,
                        
                        C:/Program Files (x86)/Mozilla Firefox/uploadFile.exe
                        
                        ,
                        
                        C:/Program Files (x86)/Mozilla Firefox/uploadVideo.exe
                        
                        
                     </div>
                     <div>
                        <b>Start time: </b>15:40:20
                     </div>
                     <div>
                        <b>End time: </b>15:40:47
                     </div>
                     <div>
                        <b>Duration: </b>26s
                        
                     </div>
                  </div>
               </td>
            </tr>
            <tr>
               <td colspan="4" class="detailsBox">
                  <div id="NewActivity.MakingHuodong_checkHuodongOfStudents_byClass_FAIL1_exception"
                       class="testMethodDetails">
                     <pre style="padding: 5px; margin: 0;">org.openqa.selenium.NoSuchElementException: no such element: Unable to locate element: {"method":"link text","selector":"查看并批阅"}
                        (Session info: chrome=63.0.3239.84)
                        (Driver info: chromedriver=2.34.522940 (1a76f96f66e3ca7b8e57d503b4dd3bccfba87af1),platform=Windows NT 10.0.16299 x86_64) (WARNING:
                        The server did not provide any stacktrace information)
                        Command duration or timeout: 15.05 seconds
                        For documentation on this error, please visit: http://seleniumhq.org/exceptions/no_such_element.html
                        Build info: version: '2.53.1', revision: 'a36b8b1', time: '2016-06-30 17:37:03'
                        System info: host: 'Wzy', ip: '192.168.0.106', os.name: 'Windows 10', os.arch: 'amd64', os.version: '10.0', java.version:
                        '1.8.0_144'
                        Driver info: org.openqa.selenium.chrome.ChromeDriver
                        Capabilities [{applicationCacheEnabled=false, rotatable=false, mobileEmulationEnabled=false, networkConnectionEnabled=false,
                        chrome={chromedriverVersion=2.34.522940 (1a76f96f66e3ca7b8e57d503b4dd3bccfba87af1), userDataDir=C:\Users\ADMINI~1\AppData\Local\Temp\scoped_dir36368_30710},
                        takesHeapSnapshot=true, pageLoadStrategy=normal, databaseEnabled=false, handlesAlerts=true, hasTouchScreen=false, version=63.0.3239.84,
                        platform=XP, browserConnectionEnabled=false, nativeEvents=true, acceptSslCerts=true, locationContextEnabled=true, webStorageEnabled=true,
                        browserName=chrome, takesScreenshot=true, javascriptEnabled=true, cssSelectorsEnabled=true, setWindowRect=true, unexpectedAlertBehaviour=}]
                        Session ID: 550714fed66288a264e31b3082a060e5
                        *** Element info: {Using=link text, value=查看并批阅}
                        Command duration or timeout: 15.48 seconds
                        For documentation on this error, please visit: http://seleniumhq.org/exceptions/no_such_element.html
                        Build info: version: '2.53.1', revision: 'a36b8b1', time: '2016-06-30 17:37:03'
                        System info: host: 'chenziyang', ip: '192.168.1.38', os.name: 'Windows NT (unknown)', os.arch: 'x86', os.version: '6.2', java.version:
                        '1.7.0_01'
                        *** Element info: {Using=link text, value=查看并批阅}
                        Session ID: 946feace-f2ad-4896-a566-bb1b5f3e75c4
                        Driver info: org.openqa.selenium.remote.RemoteWebDriver
                        Capabilities [{platform=XP, javascriptEnabled=true, acceptSslCerts=true, browserName=chrome, chrome={userDataDir=C:\Users\ADMINI~1\AppData\Local\Temp\scoped_dir36368_30710,
                        chromedriverVersion=2.34.522940 (1a76f96f66e3ca7b8e57d503b4dd3bccfba87af1)}, networkConnectionEnabled=false, unexpectedAlertBehaviour=,
                        rotatable=false, setWindowRect=true, locationContextEnabled=true, mobileEmulationEnabled=false, webdriver.remote.sessionid=946feace-f2ad-4896-a566-bb1b5f3e75c4,
                        version=63.0.3239.84, pageLoadStrategy=normal, takesHeapSnapshot=true, cssSelectorsEnabled=true, databaseEnabled=false, handlesAlerts=true,
                        browserConnectionEnabled=false, webStorageEnabled=true, nativeEvents=true, hasTouchScreen=false, applicationCacheEnabled=false,
                        takesScreenshot=true}]
                        	at sun.reflect.GeneratedConstructorAccessor15.newInstance(Unknown Source)
                        	at sun.reflect.DelegatingConstructorAccessorImpl.newInstance(DelegatingConstructorAccessorImpl.java:45)
                        	at java.lang.reflect.Constructor.newInstance(Constructor.java:525)
                        	at org.openqa.selenium.remote.ErrorHandler.createThrowable(ErrorHandler.java:206)
                        	at org.openqa.selenium.remote.ErrorHandler.throwIfResponseFailed(ErrorHandler.java:158)
                        	at org.openqa.selenium.remote.RemoteWebDriver.execute(RemoteWebDriver.java:678)
                        	at org.openqa.selenium.remote.RemoteWebDriver.findElement(RemoteWebDriver.java:363)
                        	at org.openqa.selenium.remote.RemoteWebDriver.findElementByLinkText(RemoteWebDriver.java:428)
                        	at org.openqa.selenium.By$ByLinkText.findElement(By.java:246)
                        	at org.openqa.selenium.remote.RemoteWebDriver.findElement(RemoteWebDriver.java:355)
                        	at NewActivity.MakingHuodong.checkHuodongOfStudents(MakingHuodong.java:34)
                        	at sun.reflect.NativeMethodAccessorImpl.invoke0(Native Method)
                        	at sun.reflect.NativeMethodAccessorImpl.invoke(NativeMethodAccessorImpl.java:57)
                        	at sun.reflect.DelegatingMethodAccessorImpl.invoke(DelegatingMethodAccessorImpl.java:43)
                        	at java.lang.reflect.Method.invoke(Method.java:601)
                        	at org.testng.internal.MethodInvocationHelper.invokeMethod(MethodInvocationHelper.java:85)
                        	at org.testng.internal.Invoker.invokeMethod(Invoker.java:639)
                        	at org.testng.internal.Invoker.invokeTestMethod(Invoker.java:816)
                        	at org.testng.internal.Invoker.invokeTestMethods(Invoker.java:1124)
                        	at org.testng.internal.TestMethodWorker.invokeTestMethods(TestMethodWorker.java:125)
                        	at org.testng.internal.TestMethodWorker.run(TestMethodWorker.java:108)
                        	at org.testng.TestRunner.privateRun(TestRunner.java:774)
                        	at org.testng.TestRunner.run(TestRunner.java:624)
                        	at org.testng.SuiteRunner.runTest(SuiteRunner.java:359)
                        	at org.testng.SuiteRunner.access$000(SuiteRunner.java:39)
                        	at org.testng.SuiteRunner$SuiteWorker.run(SuiteRunner.java:393)
                        	at org.testng.internal.thread.ThreadUtil$2.call(ThreadUtil.java:64)
                        	at java.util.concurrent.FutureTask$Sync.innerRun(FutureTask.java:334)
                        	at java.util.concurrent.FutureTask.run(FutureTask.java:166)
                        	at java.util.concurrent.ThreadPoolExecutor.runWorker(ThreadPoolExecutor.java:1110)
                        	at java.util.concurrent.ThreadPoolExecutor$Worker.run(ThreadPoolExecutor.java:603)
                        	at java.lang.Thread.run(Thread.java:722)
                        Caused by: org.openqa.selenium.remote.ScreenshotException: Screen shot has been taken
                        Build info: version: '2.53.1', revision: 'a36b8b1', time: '2016-06-30 17:37:03'
                        System info: host: 'chenziyang', ip: '192.168.1.38', os.name: 'Windows NT (unknown)', os.arch: 'x86', os.version: '6.2', java.version:
                        '1.7.0_01'
                        Driver info: driver.version: RemoteWebDriver
                        	at org.openqa.selenium.remote.ErrorHandler.throwIfResponseFailed(ErrorHandler.java:138)
                        	... 27 more
                        Caused by: org.openqa.selenium.NoSuchElementException: no such element: Unable to locate element: {"method":"link text","selector":"查看并批阅"}
                        (Session info: chrome=63.0.3239.84)
                        (Driver info: chromedriver=2.34.522940 (1a76f96f66e3ca7b8e57d503b4dd3bccfba87af1),platform=Windows NT 10.0.16299 x86_64) (WARNING:
                        The server did not provide any stacktrace information)
                        Command duration or timeout: 15.05 seconds
                        For documentation on this error, please visit: http://seleniumhq.org/exceptions/no_such_element.html
                        Build info: version: '2.53.1', revision: 'a36b8b1', time: '2016-06-30 17:37:03'
                        System info: host: 'Wzy', ip: '192.168.0.106', os.name: 'Windows 10', os.arch: 'amd64', os.version: '10.0', java.version:
                        '1.8.0_144'
                        Driver info: org.openqa.selenium.chrome.ChromeDriver
                        Capabilities [{applicationCacheEnabled=false, rotatable=false, mobileEmulationEnabled=false, networkConnectionEnabled=false,
                        chrome={chromedriverVersion=2.34.522940 (1a76f96f66e3ca7b8e57d503b4dd3bccfba87af1), userDataDir=C:\Users\ADMINI~1\AppData\Local\Temp\scoped_dir36368_30710},
                        takesHeapSnapshot=true, pageLoadStrategy=normal, databaseEnabled=false, handlesAlerts=true, hasTouchScreen=false, version=63.0.3239.84,
                        platform=XP, browserConnectionEnabled=false, nativeEvents=true, acceptSslCerts=true, locationContextEnabled=true, webStorageEnabled=true,
                        browserName=chrome, takesScreenshot=true, javascriptEnabled=true, cssSelectorsEnabled=true, setWindowRect=true, unexpectedAlertBehaviour=}]
                        Session ID: 550714fed66288a264e31b3082a060e5
                        *** Element info: {Using=link text, value=查看并批阅}
                        For documentation on this error, please visit: http://seleniumhq.org/exceptions/no_such_element.html
                        Build info: version: '2.53.1', revision: 'a36b8b1', time: '2016-06-30 17:37:03'
                        System info: host: 'chenziyang', ip: '192.168.1.38', os.name: 'Windows NT (unknown)', os.arch: 'x86', os.version: '6.2', java.version:
                        '1.7.0_01'
                        Driver info: driver.version: EventFiringWebDriver
                        	at sun.reflect.NativeConstructorAccessorImpl.newInstance0(Native Method)
                        	at sun.reflect.NativeConstructorAccessorImpl.newInstance(Unknown Source)
                        	at sun.reflect.DelegatingConstructorAccessorImpl.newInstance(Unknown Source)
                        	at java.lang.reflect.Constructor.newInstance(Unknown Source)
                        	at org.openqa.selenium.remote.ErrorHandler.createThrowable(ErrorHandler.java:206)
                        	at org.openqa.selenium.remote.ErrorHandler.throwIfResponseFailed(ErrorHandler.java:158)
                        	at org.openqa.selenium.remote.RemoteWebDriver.execute(RemoteWebDriver.java:678)
                        	at org.openqa.selenium.remote.RemoteWebDriver.findElement(RemoteWebDriver.java:363)
                        	at org.openqa.selenium.remote.RemoteWebDriver.findElementByLinkText(RemoteWebDriver.java:428)
                        	at org.openqa.selenium.By$ByLinkText.findElement(By.java:246)
                        	at org.openqa.selenium.remote.RemoteWebDriver.findElement(RemoteWebDriver.java:355)
                        	at sun.reflect.GeneratedMethodAccessor9.invoke(Unknown Source)
                        	at sun.reflect.DelegatingMethodAccessorImpl.invoke(Unknown Source)
                        	at java.lang.reflect.Method.invoke(Unknown Source)
                        	at org.openqa.selenium.support.events.EventFiringWebDriver$2.invoke(EventFiringWebDriver.java:103)
                        	at com.sun.proxy.$Proxy1.findElement(Unknown Source)
                        	at org.openqa.selenium.support.events.EventFiringWebDriver.findElement(EventFiringWebDriver.java:188)
                        	at org.openqa.selenium.remote.server.handler.FindElement.call(FindElement.java:48)
                        	at org.openqa.selenium.remote.server.handler.FindElement.call(FindElement.java:1)
                        	at java.util.concurrent.FutureTask.run(Unknown Source)
                        	at org.openqa.selenium.remote.server.DefaultSession$1.run(DefaultSession.java:176)
                        	at java.util.concurrent.ThreadPoolExecutor.runWorker(Unknown Source)
                        	at java.util.concurrent.ThreadPoolExecutor$Worker.run(Unknown Source)
                        	at java.lang.Thread.run(Unknown Source)
                     </pre>
                  </div>
               </td>
            </tr>
         </table>
         <br></br>
         <table class="testMethodsTable" cellpadding="0" cellspacing="0">
            <tr>
               <td colspan="4">
                  <h3 style="display: inline;">NewActivity.ReciveWarn</h3>
               </td>
            </tr>
            <tr class="methodsTableHeader">
               <td width="100%">Name</td>
               <td nowrap="true">Started</td>
               <td nowrap="true">Duration</td>
               <td>Exception</td>
            </tr>
            <tr id="NewActivity.ReciveWarn_submit_Task_byClass_FAIL1_row"
                class="testMethodStatusFAIL">
               <td width="100%" class="firstMethodCell">
                  <a onclick="toggleDetailsVisibility('NewActivity.ReciveWarn_submit_Task_byClass_FAIL1_details')">submit_Task(devstudent4
                     
                     ,
                     
                     123123)
                  </a>
               </td>
               <td nowrap="true">15:41:00</td>
               <td nowrap="true" align="right">27s
                  
               </td>
               <td nowrap="true">
                  <a onclick="toggleDetailsVisibility('NewActivity.ReciveWarn_submit_Task_byClass_FAIL1_exception')">org.openqa.selenium.NoSuchElementException: 
                     no such element: Unable to locate element: {"method":"link text","selector":"活动536"}
                     (Session info: chrome=60.0.3112.90)
                     (Driver info: chromedriver=2.33.506120 (e3e53437346286c0bc2d2dc9aa4915ba81d9023f),platform=Windows NT 10.0.16299 x86_64) (WARNING:
                     The server did not provide any stacktrace information)
                     Command duration or timeout: 16.13 seconds
                     For documentation on this error, please visit: http://seleniumhq.org/exceptions/no_such_element.html
                     Build info: version: '2.53.1', revision: 'a36b8b1', time: '2016-06-30 17:37:03'
                     System info: host: 'chenziyang', ip: '192.168.1.38', os.name: 'Windows NT (unknown)', os.arch: 'x86', os.version: '6.2', java.version:
                     '1.7.0_01'
                     *** Element info: {Using=link text, value=活动536}
                     Session ID: c018e9a13d011cf186d33a469000378e
                     Driver info: org.openqa.selenium.chrome.ChromeDriver
                     Capabilities [{platform=WIN8, acceptSslCerts=true, javascriptEnabled=true, browserName=chrome, chrome={userDataDir=C:\TEMP\scoped_dir3740_29082,
                     chromedriverVersion=2.33.506120 (e3e53437346286c0bc2d2dc9aa4915ba81d9023f)}, networkConnectionEnabled=false, unexpectedAlertBehaviour=,
                     rotatable=false, setWindowRect=true, locationContextEnabled=true, mobileEmulationEnabled=false, version=60.0.3112.90, pageLoadStrategy=normal,
                     takesHeapSnapshot=true, cssSelectorsEnabled=true, databaseEnabled=false, handlesAlerts=true, browserConnectionEnabled=false,
                     webStorageEnabled=true, nativeEvents=true, hasTouchScreen=false, applicationCacheEnabled=false, takesScreenshot=true}]
                     Command duration or timeout: 17.06 seconds
                     For documentation on this error, please visit: http://seleniumhq.org/exceptions/no_such_element.html
                     Build info: version: '2.53.1', revision: 'a36b8b1', time: '2016-06-30 17:37:03'
                     System info: host: 'chenziyang', ip: '192.168.1.38', os.name: 'Windows NT (unknown)', os.arch: 'x86', os.version: '6.2', java.version:
                     '1.7.0_01'
                     *** Element info: {Using=link text, value=活动536}
                     Session ID: adf5ddd3-deed-448d-bac9-c6078ef8d7f6
                     Driver info: org.openqa.selenium.remote.RemoteWebDriver
                     Capabilities [{platform=WIN8, acceptSslCerts=true, javascriptEnabled=true, browserName=chrome, chrome={userDataDir=C:\TEMP\scoped_dir3740_29082,
                     chromedriverVersion=2.33.506120 (e3e53437346286c0bc2d2dc9aa4915ba81d9023f)}, networkConnectionEnabled=false, unexpectedAlertBehaviour=,
                     rotatable=false, setWindowRect=true, locationContextEnabled=true, mobileEmulationEnabled=false, webdriver.remote.sessionid=adf5ddd3-deed-448d-bac9-c6078ef8d7f6,
                     version=60.0.3112.90, pageLoadStrategy=normal, takesHeapSnapshot=true, cssSelectorsEnabled=true, databaseEnabled=false, handlesAlerts=true,
                     browserConnectionEnabled=false, webStorageEnabled=true, nativeEvents=true, hasTouchScreen=false, applicationCacheEnabled=false,
                     takesScreenshot=true}]
                     
                  </a>
                   
                  
               </td>
            </tr>
            <tr>
               <td colspan="4" class="detailsBox">
                  <div id="NewActivity.ReciveWarn_submit_Task_byClass_FAIL1_details"
                       class="testMethodDetails">
                     <div>
                        <b>Name: </b>submit_Task
                     </div>
                     <div>
                        <b>Signature: </b>submit_Task(java.lang.String, java.lang.String)[pri:0, instance:NewActivity.ReciveWarn@ebe538]
                     </div>
                     <div>
                        <b>Parameters: </b>
                        
                        devstudent4
                        
                        ,
                        
                        123123
                        
                        
                     </div>
                     <div>
                        <b>Start time: </b>15:41:00
                     </div>
                     <div>
                        <b>End time: </b>15:41:28
                     </div>
                     <div>
                        <b>Duration: </b>27s
                        
                     </div>
                  </div>
               </td>
            </tr>
            <tr>
               <td colspan="4" class="detailsBox">
                  <div id="NewActivity.ReciveWarn_submit_Task_byClass_FAIL1_exception"
                       class="testMethodDetails">
                     <pre style="padding: 5px; margin: 0;">org.openqa.selenium.NoSuchElementException: no such element: Unable to locate element: {"method":"link text","selector":"活动536"}
                        (Session info: chrome=60.0.3112.90)
                        (Driver info: chromedriver=2.33.506120 (e3e53437346286c0bc2d2dc9aa4915ba81d9023f),platform=Windows NT 10.0.16299 x86_64) (WARNING:
                        The server did not provide any stacktrace information)
                        Command duration or timeout: 16.13 seconds
                        For documentation on this error, please visit: http://seleniumhq.org/exceptions/no_such_element.html
                        Build info: version: '2.53.1', revision: 'a36b8b1', time: '2016-06-30 17:37:03'
                        System info: host: 'chenziyang', ip: '192.168.1.38', os.name: 'Windows NT (unknown)', os.arch: 'x86', os.version: '6.2', java.version:
                        '1.7.0_01'
                        *** Element info: {Using=link text, value=活动536}
                        Session ID: c018e9a13d011cf186d33a469000378e
                        Driver info: org.openqa.selenium.chrome.ChromeDriver
                        Capabilities [{platform=WIN8, acceptSslCerts=true, javascriptEnabled=true, browserName=chrome, chrome={userDataDir=C:\TEMP\scoped_dir3740_29082,
                        chromedriverVersion=2.33.506120 (e3e53437346286c0bc2d2dc9aa4915ba81d9023f)}, networkConnectionEnabled=false, unexpectedAlertBehaviour=,
                        rotatable=false, setWindowRect=true, locationContextEnabled=true, mobileEmulationEnabled=false, version=60.0.3112.90, pageLoadStrategy=normal,
                        takesHeapSnapshot=true, cssSelectorsEnabled=true, databaseEnabled=false, handlesAlerts=true, browserConnectionEnabled=false,
                        webStorageEnabled=true, nativeEvents=true, hasTouchScreen=false, applicationCacheEnabled=false, takesScreenshot=true}]
                        Command duration or timeout: 17.06 seconds
                        For documentation on this error, please visit: http://seleniumhq.org/exceptions/no_such_element.html
                        Build info: version: '2.53.1', revision: 'a36b8b1', time: '2016-06-30 17:37:03'
                        System info: host: 'chenziyang', ip: '192.168.1.38', os.name: 'Windows NT (unknown)', os.arch: 'x86', os.version: '6.2', java.version:
                        '1.7.0_01'
                        *** Element info: {Using=link text, value=活动536}
                        Session ID: adf5ddd3-deed-448d-bac9-c6078ef8d7f6
                        Driver info: org.openqa.selenium.remote.RemoteWebDriver
                        Capabilities [{platform=WIN8, acceptSslCerts=true, javascriptEnabled=true, browserName=chrome, chrome={userDataDir=C:\TEMP\scoped_dir3740_29082,
                        chromedriverVersion=2.33.506120 (e3e53437346286c0bc2d2dc9aa4915ba81d9023f)}, networkConnectionEnabled=false, unexpectedAlertBehaviour=,
                        rotatable=false, setWindowRect=true, locationContextEnabled=true, mobileEmulationEnabled=false, webdriver.remote.sessionid=adf5ddd3-deed-448d-bac9-c6078ef8d7f6,
                        version=60.0.3112.90, pageLoadStrategy=normal, takesHeapSnapshot=true, cssSelectorsEnabled=true, databaseEnabled=false, handlesAlerts=true,
                        browserConnectionEnabled=false, webStorageEnabled=true, nativeEvents=true, hasTouchScreen=false, applicationCacheEnabled=false,
                        takesScreenshot=true}]
                        	at sun.reflect.GeneratedConstructorAccessor15.newInstance(Unknown Source)
                        	at sun.reflect.DelegatingConstructorAccessorImpl.newInstance(DelegatingConstructorAccessorImpl.java:45)
                        	at java.lang.reflect.Constructor.newInstance(Constructor.java:525)
                        	at org.openqa.selenium.remote.ErrorHandler.createThrowable(ErrorHandler.java:206)
                        	at org.openqa.selenium.remote.ErrorHandler.throwIfResponseFailed(ErrorHandler.java:158)
                        	at org.openqa.selenium.remote.RemoteWebDriver.execute(RemoteWebDriver.java:678)
                        	at org.openqa.selenium.remote.RemoteWebDriver.findElement(RemoteWebDriver.java:363)
                        	at org.openqa.selenium.remote.RemoteWebDriver.findElementByLinkText(RemoteWebDriver.java:428)
                        	at org.openqa.selenium.By$ByLinkText.findElement(By.java:246)
                        	at org.openqa.selenium.remote.RemoteWebDriver.findElement(RemoteWebDriver.java:355)
                        	at NewActivity.ReciveWarn.submit_Task(ReciveWarn.java:31)
                        	at sun.reflect.NativeMethodAccessorImpl.invoke0(Native Method)
                        	at sun.reflect.NativeMethodAccessorImpl.invoke(NativeMethodAccessorImpl.java:57)
                        	at sun.reflect.DelegatingMethodAccessorImpl.invoke(DelegatingMethodAccessorImpl.java:43)
                        	at java.lang.reflect.Method.invoke(Method.java:601)
                        	at org.testng.internal.MethodInvocationHelper.invokeMethod(MethodInvocationHelper.java:85)
                        	at org.testng.internal.Invoker.invokeMethod(Invoker.java:639)
                        	at org.testng.internal.Invoker.invokeTestMethod(Invoker.java:816)
                        	at org.testng.internal.Invoker.invokeTestMethods(Invoker.java:1124)
                        	at org.testng.internal.TestMethodWorker.invokeTestMethods(TestMethodWorker.java:125)
                        	at org.testng.internal.TestMethodWorker.run(TestMethodWorker.java:108)
                        	at org.testng.TestRunner.privateRun(TestRunner.java:774)
                        	at org.testng.TestRunner.run(TestRunner.java:624)
                        	at org.testng.SuiteRunner.runTest(SuiteRunner.java:359)
                        	at org.testng.SuiteRunner.access$000(SuiteRunner.java:39)
                        	at org.testng.SuiteRunner$SuiteWorker.run(SuiteRunner.java:393)
                        	at org.testng.internal.thread.ThreadUtil$2.call(ThreadUtil.java:64)
                        	at java.util.concurrent.FutureTask$Sync.innerRun(FutureTask.java:334)
                        	at java.util.concurrent.FutureTask.run(FutureTask.java:166)
                        	at java.util.concurrent.ThreadPoolExecutor.runWorker(ThreadPoolExecutor.java:1110)
                        	at java.util.concurrent.ThreadPoolExecutor$Worker.run(ThreadPoolExecutor.java:603)
                        	at java.lang.Thread.run(Thread.java:722)
                        Caused by: org.openqa.selenium.remote.ScreenshotException: Screen shot has been taken
                        Build info: version: '2.53.1', revision: 'a36b8b1', time: '2016-06-30 17:37:03'
                        System info: host: 'chenziyang', ip: '192.168.1.38', os.name: 'Windows NT (unknown)', os.arch: 'x86', os.version: '6.2', java.version:
                        '1.7.0_01'
                        Driver info: driver.version: RemoteWebDriver
                        	at org.openqa.selenium.remote.ErrorHandler.throwIfResponseFailed(ErrorHandler.java:138)
                        	... 27 more
                        Caused by: org.openqa.selenium.NoSuchElementException: no such element: Unable to locate element: {"method":"link text","selector":"活动536"}
                        (Session info: chrome=60.0.3112.90)
                        (Driver info: chromedriver=2.33.506120 (e3e53437346286c0bc2d2dc9aa4915ba81d9023f),platform=Windows NT 10.0.16299 x86_64) (WARNING:
                        The server did not provide any stacktrace information)
                        Command duration or timeout: 16.13 seconds
                        For documentation on this error, please visit: http://seleniumhq.org/exceptions/no_such_element.html
                        Build info: version: '2.53.1', revision: 'a36b8b1', time: '2016-06-30 17:37:03'
                        System info: host: 'chenziyang', ip: '192.168.1.38', os.name: 'Windows NT (unknown)', os.arch: 'x86', os.version: '6.2', java.version:
                        '1.7.0_01'
                        *** Element info: {Using=link text, value=活动536}
                        Session ID: c018e9a13d011cf186d33a469000378e
                        Driver info: org.openqa.selenium.chrome.ChromeDriver
                        Capabilities [{platform=WIN8, acceptSslCerts=true, javascriptEnabled=true, browserName=chrome, chrome={userDataDir=C:\TEMP\scoped_dir3740_29082,
                        chromedriverVersion=2.33.506120 (e3e53437346286c0bc2d2dc9aa4915ba81d9023f)}, networkConnectionEnabled=false, unexpectedAlertBehaviour=,
                        rotatable=false, setWindowRect=true, locationContextEnabled=true, mobileEmulationEnabled=false, version=60.0.3112.90, pageLoadStrategy=normal,
                        takesHeapSnapshot=true, cssSelectorsEnabled=true, databaseEnabled=false, handlesAlerts=true, browserConnectionEnabled=false,
                        webStorageEnabled=true, nativeEvents=true, hasTouchScreen=false, applicationCacheEnabled=false, takesScreenshot=true}]
                        For documentation on this error, please visit: http://seleniumhq.org/exceptions/no_such_element.html
                        Build info: version: '2.53.1', revision: 'a36b8b1', time: '2016-06-30 17:37:03'
                        System info: host: 'chenziyang', ip: '192.168.1.38', os.name: 'Windows NT (unknown)', os.arch: 'x86', os.version: '6.2', java.version:
                        '1.7.0_01'
                        Driver info: driver.version: EventFiringWebDriver
                        	at sun.reflect.NativeConstructorAccessorImpl.newInstance0(Native Method)
                        	at sun.reflect.NativeConstructorAccessorImpl.newInstance(NativeConstructorAccessorImpl.java:57)
                        	at sun.reflect.DelegatingConstructorAccessorImpl.newInstance(DelegatingConstructorAccessorImpl.java:45)
                        	at java.lang.reflect.Constructor.newInstance(Constructor.java:525)
                        	at org.openqa.selenium.remote.ErrorHandler.createThrowable(ErrorHandler.java:206)
                        	at org.openqa.selenium.remote.ErrorHandler.throwIfResponseFailed(ErrorHandler.java:158)
                        	at org.openqa.selenium.remote.RemoteWebDriver.execute(RemoteWebDriver.java:678)
                        	at org.openqa.selenium.remote.RemoteWebDriver.findElement(RemoteWebDriver.java:363)
                        	at org.openqa.selenium.remote.RemoteWebDriver.findElementByLinkText(RemoteWebDriver.java:428)
                        	at org.openqa.selenium.By$ByLinkText.findElement(By.java:246)
                        	at org.openqa.selenium.remote.RemoteWebDriver.findElement(RemoteWebDriver.java:355)
                        	at sun.reflect.GeneratedMethodAccessor25.invoke(Unknown Source)
                        	at sun.reflect.DelegatingMethodAccessorImpl.invoke(DelegatingMethodAccessorImpl.java:43)
                        	at java.lang.reflect.Method.invoke(Method.java:601)
                        	at org.openqa.selenium.support.events.EventFiringWebDriver$2.invoke(EventFiringWebDriver.java:103)
                        	at $Proxy1.findElement(Unknown Source)
                        	at org.openqa.selenium.support.events.EventFiringWebDriver.findElement(EventFiringWebDriver.java:188)
                        	at org.openqa.selenium.remote.server.handler.FindElement.call(FindElement.java:48)
                        	at org.openqa.selenium.remote.server.handler.FindElement.call(FindElement.java:1)
                        	at java.util.concurrent.FutureTask$Sync.innerRun(FutureTask.java:334)
                        	at java.util.concurrent.FutureTask.run(FutureTask.java:166)
                        	at org.openqa.selenium.remote.server.DefaultSession$1.run(DefaultSession.java:176)
                        	... 3 more
                     </pre>
                  </div>
               </td>
            </tr>
         </table>
         <br></br>
      </div>
      <div style="margin-top: 15px; color: gray; text-align: center; font-size: 9px;">
         Generated with
         
         <a href="http://code.google.com/p/testng-xslt/" style="color: #8888aa;"
            target="_blank">
            TestNG XSLT
            
         </a>
      </div>
   </body>
</html>