<html xmlns:math="http://exslt.org/math" xmlns:testng="http://testng.org">
   <head>
      <title>TestNG Results</title>
      <meta http-equiv="content-type" content="text/html; charset=utf-8"></meta>
      <meta http-equiv="pragma" content="no-cache"></meta>
      <meta http-equiv="cache-control" content="max-age=0"></meta>
      <meta http-equiv="cache-control" content="no-cache"></meta>
      <meta http-equiv="cache-control" content="no-store"></meta>
      <LINK rel="stylesheet" href="style.css"></LINK>
      <script type="text/javascript" src="main.js"></script>
   </head>
   <body>
      <table width="100%" style="font-size: 16px; margin-bottom: 10px;" cellspacing="1">
         <tr>
            <td width="100%">
               Test case
               
               <b>七个简单模板的活动发布</b>
            </td>
            <td style="background-color: #FFBBBB; padding: 3px 3px 3px 0;" align="center">
               <div style="width: 50px;">3</div>
            </td>
            <td style="background-color: lightgreen; padding: 3px 3px 3px 0;" align="center">
               <div style="width: 50px;">0</div>
            </td>
            <td style="background-color: #FFFFBB; padding: 3px 3px 3px 0;" align="center">
               <div style="width: 50px;">0</div>
            </td>
            <td align="center" style="background-color: #eaf0f7; padding: 3px 3px 3px 0;">
               <div style="width: 50px;">3</div>
            </td>
            <td align="center"
                style="font-weight: bold; background-color: #eaf0f7; padding: 3px 3px 3px 0;">
               <div style="width: 50px;">0%</div>
            </td>
            <td style="background-color: #eaf0f7; padding: 3px 3px 3px 0;" align="center"
                nowrap="true">4m
               29s
               
            </td>
         </tr>
      </table>
      <div style="width: 200px;">
         <label for="groupMethodsCheckBox" style="font-weight: bold; margin: 0;">
            <input id="groupMethodsCheckBox" type="checkbox" onclick="switchTestMethodsView(this)"
                   checked=""></input>
            Group by class
            
         </label>
         <br></br>
         <label for="methodsFilter_ALL" style="font-weight: bold; margin: 0;">
            <input id="methodsFilter_ALL" type="checkbox"
                   onclick="testMethodsFilterChanged(this, 'ALL')"
                   checked=""></input>
            All
            
         </label>
      </div>
      <label for="methodsFilter_FAIL" style="margin-left: 20px;">
         <input id="methodsFilter_FAIL" type="checkbox"
                onclick="testMethodsFilterChanged(this, 'FAIL')"
                checked=""></input>
         Failed
         
      </label>
      <label for="methodsFilter_PASS">
         <input id="methodsFilter_PASS" type="checkbox"
                onclick="testMethodsFilterChanged(this, 'PASS')"
                checked=""></input>
         Passed
         
      </label>
      <label for="methodsFilter_SKIP">
         <input id="methodsFilter_SKIP" type="checkbox"
                onclick="testMethodsFilterChanged(this, 'SKIP')"
                checked=""></input>
         Skipped
         
      </label>
      <label for="methodsFilter_CONF">
         <input id="methodsFilter_CONF" type="checkbox"
                onclick="testMethodsFilterChanged(this, 'CONF')"
                checked=""></input>
         Config
         
      </label>
      <br></br>
      <div id="testMethodsByStatus" style="display: none;">
         <table class="testMethodsTable" cellpadding="0" cellspacing="0">
            <tr class="methodsTableHeader">
               <td width="100%">Name</td>
               <td nowrap="true">Started</td>
               <td nowrap="true">Duration</td>
               <td>Exception</td>
            </tr>
            <tr id="AllexitActivity.Jitibeike_zhuanjia_publish_activity_byStatus_failed_FAIL1_row"
                class="testMethodStatusFAIL">
               <td width="100%" class="firstMethodCell">
                  <a onclick="toggleDetailsVisibility('AllexitActivity.Jitibeike_zhuanjia_publish_activity_byStatus_failed_FAIL1_details')">publish_activity(devzhuanjia
                     
                     ,
                     
                     3edc$RFV
                     
                     ,
                     
                     C:/Program Files (x86)/Mozilla Firefox/uploadFile.exe
                     
                     ,
                     
                     C:/Program Files (x86)/Mozilla Firefox/uploadVideo.exe
                     
                     ,
                     
                     初中语文教学计划3
                     
                     ,
                     
                     T2教学与信息化技术mytest)
                  </a>
               </td>
               <td nowrap="true">15:36:38</td>
               <td nowrap="true" align="right">1m
                  12s
                  
               </td>
               <td nowrap="true">
                  <a onclick="toggleDetailsVisibility('AllexitActivity.Jitibeike_zhuanjia_publish_activity_byStatus_failed_FAIL1_exception')">org.openqa.selenium.NoSuchElementException: 
                     no such element: Unable to locate element: {"method":"link text","selector":"同课异构"}
                     (Session info: chrome=60.0.3112.90)
                     (Driver info: chromedriver=2.33.506120 (e3e53437346286c0bc2d2dc9aa4915ba81d9023f),platform=Windows NT 10.0.16299 x86_64) (WARNING:
                     The server did not provide any stacktrace information)
                     Command duration or timeout: 15.05 seconds
                     For documentation on this error, please visit: http://seleniumhq.org/exceptions/no_such_element.html
                     Build info: version: '2.53.1', revision: 'a36b8b1', time: '2016-06-30 17:37:03'
                     System info: host: 'chenziyang', ip: '192.168.1.38', os.name: 'Windows NT (unknown)', os.arch: 'x86', os.version: '6.2', java.version:
                     '1.7.0_01'
                     *** Element info: {Using=link text, value=同课异构}
                     Session ID: a4f0da3d7c9c7a36001f185e5cabb371
                     Driver info: org.openqa.selenium.chrome.ChromeDriver
                     Capabilities [{platform=WIN8, acceptSslCerts=true, javascriptEnabled=true, browserName=chrome, chrome={userDataDir=C:\TEMP\scoped_dir10132_29434,
                     chromedriverVersion=2.33.506120 (e3e53437346286c0bc2d2dc9aa4915ba81d9023f)}, networkConnectionEnabled=false, unexpectedAlertBehaviour=,
                     rotatable=false, setWindowRect=true, locationContextEnabled=true, mobileEmulationEnabled=false, version=60.0.3112.90, pageLoadStrategy=normal,
                     takesHeapSnapshot=true, cssSelectorsEnabled=true, databaseEnabled=false, handlesAlerts=true, browserConnectionEnabled=false,
                     webStorageEnabled=true, nativeEvents=true, hasTouchScreen=false, applicationCacheEnabled=false, takesScreenshot=true}]
                     Command duration or timeout: 15.76 seconds
                     For documentation on this error, please visit: http://seleniumhq.org/exceptions/no_such_element.html
                     Build info: version: '2.53.1', revision: 'a36b8b1', time: '2016-06-30 17:37:03'
                     System info: host: 'chenziyang', ip: '192.168.1.38', os.name: 'Windows NT (unknown)', os.arch: 'x86', os.version: '6.2', java.version:
                     '1.7.0_01'
                     *** Element info: {Using=link text, value=同课异构}
                     Session ID: 55172e4e-0b29-4746-a5a2-e65c2afdb498
                     Driver info: org.openqa.selenium.remote.RemoteWebDriver
                     Capabilities [{platform=WIN8, acceptSslCerts=true, javascriptEnabled=true, browserName=chrome, chrome={userDataDir=C:\TEMP\scoped_dir10132_29434,
                     chromedriverVersion=2.33.506120 (e3e53437346286c0bc2d2dc9aa4915ba81d9023f)}, networkConnectionEnabled=false, unexpectedAlertBehaviour=,
                     rotatable=false, setWindowRect=true, locationContextEnabled=true, mobileEmulationEnabled=false, webdriver.remote.sessionid=55172e4e-0b29-4746-a5a2-e65c2afdb498,
                     version=60.0.3112.90, pageLoadStrategy=normal, takesHeapSnapshot=true, cssSelectorsEnabled=true, databaseEnabled=false, handlesAlerts=true,
                     browserConnectionEnabled=false, webStorageEnabled=true, nativeEvents=true, hasTouchScreen=false, applicationCacheEnabled=false,
                     takesScreenshot=true}]
                     
                  </a>
                   
                  
               </td>
            </tr>
            <tr>
               <td colspan="4" class="detailsBox">
                  <div id="AllexitActivity.Jitibeike_zhuanjia_publish_activity_byStatus_failed_FAIL1_details"
                       class="testMethodDetails">
                     <div>
                        <b>Name: </b>publish_activity
                     </div>
                     <div>
                        <b>Signature: </b>publish_activity(java.lang.String, java.lang.String, java.lang.String, java.lang.String, java.lang.String, java.lang.String)[pri:0,
                        instance:AllexitActivity.Jitibeike_zhuanjia@3ae8ac]
                     </div>
                     <div>
                        <b>Parameters: </b>
                        
                        devzhuanjia
                        
                        ,
                        
                        3edc$RFV
                        
                        ,
                        
                        C:/Program Files (x86)/Mozilla Firefox/uploadFile.exe
                        
                        ,
                        
                        C:/Program Files (x86)/Mozilla Firefox/uploadVideo.exe
                        
                        ,
                        
                        初中语文教学计划3
                        
                        ,
                        
                        T2教学与信息化技术mytest
                        
                        
                     </div>
                     <div>
                        <b>Start time: </b>15:36:38
                     </div>
                     <div>
                        <b>End time: </b>15:37:51
                     </div>
                     <div>
                        <b>Duration: </b>1m
                        12s
                        
                     </div>
                  </div>
               </td>
            </tr>
            <tr>
               <td colspan="4" class="detailsBox">
                  <div id="AllexitActivity.Jitibeike_zhuanjia_publish_activity_byStatus_failed_FAIL1_exception"
                       class="testMethodDetails">
                     <pre style="padding: 5px; margin: 0;">org.openqa.selenium.NoSuchElementException: no such element: Unable to locate element: {"method":"link text","selector":"同课异构"}
                        (Session info: chrome=60.0.3112.90)
                        (Driver info: chromedriver=2.33.506120 (e3e53437346286c0bc2d2dc9aa4915ba81d9023f),platform=Windows NT 10.0.16299 x86_64) (WARNING:
                        The server did not provide any stacktrace information)
                        Command duration or timeout: 15.05 seconds
                        For documentation on this error, please visit: http://seleniumhq.org/exceptions/no_such_element.html
                        Build info: version: '2.53.1', revision: 'a36b8b1', time: '2016-06-30 17:37:03'
                        System info: host: 'chenziyang', ip: '192.168.1.38', os.name: 'Windows NT (unknown)', os.arch: 'x86', os.version: '6.2', java.version:
                        '1.7.0_01'
                        *** Element info: {Using=link text, value=同课异构}
                        Session ID: a4f0da3d7c9c7a36001f185e5cabb371
                        Driver info: org.openqa.selenium.chrome.ChromeDriver
                        Capabilities [{platform=WIN8, acceptSslCerts=true, javascriptEnabled=true, browserName=chrome, chrome={userDataDir=C:\TEMP\scoped_dir10132_29434,
                        chromedriverVersion=2.33.506120 (e3e53437346286c0bc2d2dc9aa4915ba81d9023f)}, networkConnectionEnabled=false, unexpectedAlertBehaviour=,
                        rotatable=false, setWindowRect=true, locationContextEnabled=true, mobileEmulationEnabled=false, version=60.0.3112.90, pageLoadStrategy=normal,
                        takesHeapSnapshot=true, cssSelectorsEnabled=true, databaseEnabled=false, handlesAlerts=true, browserConnectionEnabled=false,
                        webStorageEnabled=true, nativeEvents=true, hasTouchScreen=false, applicationCacheEnabled=false, takesScreenshot=true}]
                        Command duration or timeout: 15.76 seconds
                        For documentation on this error, please visit: http://seleniumhq.org/exceptions/no_such_element.html
                        Build info: version: '2.53.1', revision: 'a36b8b1', time: '2016-06-30 17:37:03'
                        System info: host: 'chenziyang', ip: '192.168.1.38', os.name: 'Windows NT (unknown)', os.arch: 'x86', os.version: '6.2', java.version:
                        '1.7.0_01'
                        *** Element info: {Using=link text, value=同课异构}
                        Session ID: 55172e4e-0b29-4746-a5a2-e65c2afdb498
                        Driver info: org.openqa.selenium.remote.RemoteWebDriver
                        Capabilities [{platform=WIN8, acceptSslCerts=true, javascriptEnabled=true, browserName=chrome, chrome={userDataDir=C:\TEMP\scoped_dir10132_29434,
                        chromedriverVersion=2.33.506120 (e3e53437346286c0bc2d2dc9aa4915ba81d9023f)}, networkConnectionEnabled=false, unexpectedAlertBehaviour=,
                        rotatable=false, setWindowRect=true, locationContextEnabled=true, mobileEmulationEnabled=false, webdriver.remote.sessionid=55172e4e-0b29-4746-a5a2-e65c2afdb498,
                        version=60.0.3112.90, pageLoadStrategy=normal, takesHeapSnapshot=true, cssSelectorsEnabled=true, databaseEnabled=false, handlesAlerts=true,
                        browserConnectionEnabled=false, webStorageEnabled=true, nativeEvents=true, hasTouchScreen=false, applicationCacheEnabled=false,
                        takesScreenshot=true}]
                        	at sun.reflect.NativeConstructorAccessorImpl.newInstance0(Native Method)
                        	at sun.reflect.NativeConstructorAccessorImpl.newInstance(NativeConstructorAccessorImpl.java:57)
                        	at sun.reflect.DelegatingConstructorAccessorImpl.newInstance(DelegatingConstructorAccessorImpl.java:45)
                        	at java.lang.reflect.Constructor.newInstance(Constructor.java:525)
                        	at org.openqa.selenium.remote.ErrorHandler.createThrowable(ErrorHandler.java:206)
                        	at org.openqa.selenium.remote.ErrorHandler.throwIfResponseFailed(ErrorHandler.java:158)
                        	at org.openqa.selenium.remote.RemoteWebDriver.execute(RemoteWebDriver.java:678)
                        	at org.openqa.selenium.remote.RemoteWebDriver.findElement(RemoteWebDriver.java:363)
                        	at org.openqa.selenium.remote.RemoteWebDriver.findElementByLinkText(RemoteWebDriver.java:428)
                        	at org.openqa.selenium.By$ByLinkText.findElement(By.java:246)
                        	at org.openqa.selenium.remote.RemoteWebDriver.findElement(RemoteWebDriver.java:355)
                        	at AllexitActivity.Jitibeike_zhuanjia.publish_activity(Jitibeike_zhuanjia.java:65)
                        	at sun.reflect.NativeMethodAccessorImpl.invoke0(Native Method)
                        	at sun.reflect.NativeMethodAccessorImpl.invoke(NativeMethodAccessorImpl.java:57)
                        	at sun.reflect.DelegatingMethodAccessorImpl.invoke(DelegatingMethodAccessorImpl.java:43)
                        	at java.lang.reflect.Method.invoke(Method.java:601)
                        	at org.testng.internal.MethodInvocationHelper.invokeMethod(MethodInvocationHelper.java:85)
                        	at org.testng.internal.Invoker.invokeMethod(Invoker.java:639)
                        	at org.testng.internal.Invoker.invokeTestMethod(Invoker.java:816)
                        	at org.testng.internal.Invoker.invokeTestMethods(Invoker.java:1124)
                        	at org.testng.internal.TestMethodWorker.invokeTestMethods(TestMethodWorker.java:125)
                        	at org.testng.internal.TestMethodWorker.run(TestMethodWorker.java:108)
                        	at org.testng.TestRunner.privateRun(TestRunner.java:774)
                        	at org.testng.TestRunner.run(TestRunner.java:624)
                        	at org.testng.SuiteRunner.runTest(SuiteRunner.java:359)
                        	at org.testng.SuiteRunner.access$000(SuiteRunner.java:39)
                        	at org.testng.SuiteRunner$SuiteWorker.run(SuiteRunner.java:393)
                        	at org.testng.internal.thread.ThreadUtil$2.call(ThreadUtil.java:64)
                        	at java.util.concurrent.FutureTask$Sync.innerRun(FutureTask.java:334)
                        	at java.util.concurrent.FutureTask.run(FutureTask.java:166)
                        	at java.util.concurrent.ThreadPoolExecutor.runWorker(ThreadPoolExecutor.java:1110)
                        	at java.util.concurrent.ThreadPoolExecutor$Worker.run(ThreadPoolExecutor.java:603)
                        	at java.lang.Thread.run(Thread.java:722)
                        Caused by: org.openqa.selenium.remote.ScreenshotException: Screen shot has been taken
                        Build info: version: '2.53.1', revision: 'a36b8b1', time: '2016-06-30 17:37:03'
                        System info: host: 'chenziyang', ip: '192.168.1.38', os.name: 'Windows NT (unknown)', os.arch: 'x86', os.version: '6.2', java.version:
                        '1.7.0_01'
                        Driver info: driver.version: RemoteWebDriver
                        	at org.openqa.selenium.remote.ErrorHandler.throwIfResponseFailed(ErrorHandler.java:138)
                        	... 27 more
                        Caused by: org.openqa.selenium.NoSuchElementException: no such element: Unable to locate element: {"method":"link text","selector":"同课异构"}
                        (Session info: chrome=60.0.3112.90)
                        (Driver info: chromedriver=2.33.506120 (e3e53437346286c0bc2d2dc9aa4915ba81d9023f),platform=Windows NT 10.0.16299 x86_64) (WARNING:
                        The server did not provide any stacktrace information)
                        Command duration or timeout: 15.05 seconds
                        For documentation on this error, please visit: http://seleniumhq.org/exceptions/no_such_element.html
                        Build info: version: '2.53.1', revision: 'a36b8b1', time: '2016-06-30 17:37:03'
                        System info: host: 'chenziyang', ip: '192.168.1.38', os.name: 'Windows NT (unknown)', os.arch: 'x86', os.version: '6.2', java.version:
                        '1.7.0_01'
                        *** Element info: {Using=link text, value=同课异构}
                        Session ID: a4f0da3d7c9c7a36001f185e5cabb371
                        Driver info: org.openqa.selenium.chrome.ChromeDriver
                        Capabilities [{platform=WIN8, acceptSslCerts=true, javascriptEnabled=true, browserName=chrome, chrome={userDataDir=C:\TEMP\scoped_dir10132_29434,
                        chromedriverVersion=2.33.506120 (e3e53437346286c0bc2d2dc9aa4915ba81d9023f)}, networkConnectionEnabled=false, unexpectedAlertBehaviour=,
                        rotatable=false, setWindowRect=true, locationContextEnabled=true, mobileEmulationEnabled=false, version=60.0.3112.90, pageLoadStrategy=normal,
                        takesHeapSnapshot=true, cssSelectorsEnabled=true, databaseEnabled=false, handlesAlerts=true, browserConnectionEnabled=false,
                        webStorageEnabled=true, nativeEvents=true, hasTouchScreen=false, applicationCacheEnabled=false, takesScreenshot=true}]
                        For documentation on this error, please visit: http://seleniumhq.org/exceptions/no_such_element.html
                        Build info: version: '2.53.1', revision: 'a36b8b1', time: '2016-06-30 17:37:03'
                        System info: host: 'chenziyang', ip: '192.168.1.38', os.name: 'Windows NT (unknown)', os.arch: 'x86', os.version: '6.2', java.version:
                        '1.7.0_01'
                        Driver info: driver.version: EventFiringWebDriver
                        	at sun.reflect.NativeConstructorAccessorImpl.newInstance0(Native Method)
                        	at sun.reflect.NativeConstructorAccessorImpl.newInstance(NativeConstructorAccessorImpl.java:57)
                        	at sun.reflect.DelegatingConstructorAccessorImpl.newInstance(DelegatingConstructorAccessorImpl.java:45)
                        	at java.lang.reflect.Constructor.newInstance(Constructor.java:525)
                        	at org.openqa.selenium.remote.ErrorHandler.createThrowable(ErrorHandler.java:206)
                        	at org.openqa.selenium.remote.ErrorHandler.throwIfResponseFailed(ErrorHandler.java:158)
                        	at org.openqa.selenium.remote.RemoteWebDriver.execute(RemoteWebDriver.java:678)
                        	at org.openqa.selenium.remote.RemoteWebDriver.findElement(RemoteWebDriver.java:363)
                        	at org.openqa.selenium.remote.RemoteWebDriver.findElementByLinkText(RemoteWebDriver.java:428)
                        	at org.openqa.selenium.By$ByLinkText.findElement(By.java:246)
                        	at org.openqa.selenium.remote.RemoteWebDriver.findElement(RemoteWebDriver.java:355)
                        	at sun.reflect.GeneratedMethodAccessor8.invoke(Unknown Source)
                        	at sun.reflect.DelegatingMethodAccessorImpl.invoke(DelegatingMethodAccessorImpl.java:43)
                        	at java.lang.reflect.Method.invoke(Method.java:601)
                        	at org.openqa.selenium.support.events.EventFiringWebDriver$2.invoke(EventFiringWebDriver.java:103)
                        	at $Proxy1.findElement(Unknown Source)
                        	at org.openqa.selenium.support.events.EventFiringWebDriver.findElement(EventFiringWebDriver.java:188)
                        	at org.openqa.selenium.remote.server.handler.FindElement.call(FindElement.java:48)
                        	at org.openqa.selenium.remote.server.handler.FindElement.call(FindElement.java:1)
                        	at java.util.concurrent.FutureTask$Sync.innerRun(FutureTask.java:334)
                        	at java.util.concurrent.FutureTask.run(FutureTask.java:166)
                        	at org.openqa.selenium.remote.server.DefaultSession$1.run(DefaultSession.java:176)
                        	... 3 more
                     </pre>
                  </div>
               </td>
            </tr>
            <tr id="AllexitActivity.Jitibeike_teacher_publish_activity_byStatus_failed_FAIL2_row"
                class="testMethodStatusFAIL">
               <td width="100%" class="firstMethodCell">
                  <a onclick="toggleDetailsVisibility('AllexitActivity.Jitibeike_teacher_publish_activity_byStatus_failed_FAIL2_details')">publish_activity(devguanliyuan
                     
                     ,
                     
                     3edc$RFV
                     
                     ,
                     
                     C:/Program Files (x86)/Mozilla Firefox/uploadFile.exe
                     
                     ,
                     
                     C:/Program Files (x86)/Mozilla Firefox/uploadVideo.exe
                     
                     ,
                     
                     初中语文教学计划3
                     
                     ,
                     
                     T2教学与信息化技术mytest)
                  </a>
               </td>
               <td nowrap="true">15:35:45</td>
               <td nowrap="true" align="right">53s
                  
               </td>
               <td nowrap="true">
                  <a onclick="toggleDetailsVisibility('AllexitActivity.Jitibeike_teacher_publish_activity_byStatus_failed_FAIL2_exception')">org.openqa.selenium.NoSuchElementException: 
                     no such element: Unable to locate element: {"method":"link text","selector":"发布"}
                     (Session info: chrome=63.0.3239.84)
                     (Driver info: chromedriver=2.34.522940 (1a76f96f66e3ca7b8e57d503b4dd3bccfba87af1),platform=Windows NT 10.0.16299 x86_64) (WARNING:
                     The server did not provide any stacktrace information)
                     Command duration or timeout: 15.03 seconds
                     For documentation on this error, please visit: http://seleniumhq.org/exceptions/no_such_element.html
                     Build info: version: '2.53.1', revision: 'a36b8b1', time: '2016-06-30 17:37:03'
                     System info: host: 'Wzy', ip: '192.168.0.106', os.name: 'Windows 10', os.arch: 'amd64', os.version: '10.0', java.version:
                     '1.8.0_144'
                     Driver info: org.openqa.selenium.chrome.ChromeDriver
                     Capabilities [{applicationCacheEnabled=false, rotatable=false, mobileEmulationEnabled=false, networkConnectionEnabled=false,
                     chrome={chromedriverVersion=2.34.522940 (1a76f96f66e3ca7b8e57d503b4dd3bccfba87af1), userDataDir=C:\Users\ADMINI~1\AppData\Local\Temp\scoped_dir33896_6064},
                     takesHeapSnapshot=true, pageLoadStrategy=normal, databaseEnabled=false, handlesAlerts=true, hasTouchScreen=false, version=63.0.3239.84,
                     platform=XP, browserConnectionEnabled=false, nativeEvents=true, acceptSslCerts=true, locationContextEnabled=true, webStorageEnabled=true,
                     browserName=chrome, takesScreenshot=true, javascriptEnabled=true, cssSelectorsEnabled=true, setWindowRect=true, unexpectedAlertBehaviour=}]
                     Session ID: b14963abbef6d81147585d519b6e4b8f
                     *** Element info: {Using=link text, value=发布}
                     Command duration or timeout: 15.76 seconds
                     For documentation on this error, please visit: http://seleniumhq.org/exceptions/no_such_element.html
                     Build info: version: '2.53.1', revision: 'a36b8b1', time: '2016-06-30 17:37:03'
                     System info: host: 'chenziyang', ip: '192.168.1.38', os.name: 'Windows NT (unknown)', os.arch: 'x86', os.version: '6.2', java.version:
                     '1.7.0_01'
                     *** Element info: {Using=link text, value=发布}
                     Session ID: ea76e69a-98c8-4439-b2bb-e6b8baa227bf
                     Driver info: org.openqa.selenium.remote.RemoteWebDriver
                     Capabilities [{platform=XP, javascriptEnabled=true, acceptSslCerts=true, browserName=chrome, chrome={userDataDir=C:\Users\ADMINI~1\AppData\Local\Temp\scoped_dir33896_6064,
                     chromedriverVersion=2.34.522940 (1a76f96f66e3ca7b8e57d503b4dd3bccfba87af1)}, networkConnectionEnabled=false, unexpectedAlertBehaviour=,
                     rotatable=false, setWindowRect=true, locationContextEnabled=true, mobileEmulationEnabled=false, webdriver.remote.sessionid=ea76e69a-98c8-4439-b2bb-e6b8baa227bf,
                     version=63.0.3239.84, pageLoadStrategy=normal, takesHeapSnapshot=true, cssSelectorsEnabled=true, databaseEnabled=false, handlesAlerts=true,
                     browserConnectionEnabled=false, webStorageEnabled=true, nativeEvents=true, hasTouchScreen=false, applicationCacheEnabled=false,
                     takesScreenshot=true}]
                     
                  </a>
                   
                  
               </td>
            </tr>
            <tr>
               <td colspan="4" class="detailsBox">
                  <div id="AllexitActivity.Jitibeike_teacher_publish_activity_byStatus_failed_FAIL2_details"
                       class="testMethodDetails">
                     <div>
                        <b>Name: </b>publish_activity
                     </div>
                     <div>
                        <b>Signature: </b>publish_activity(java.lang.String, java.lang.String, java.lang.String, java.lang.String, java.lang.String, java.lang.String)[pri:0,
                        instance:AllexitActivity.Jitibeike_teacher@93a8fa]
                     </div>
                     <div>
                        <b>Parameters: </b>
                        
                        devguanliyuan
                        
                        ,
                        
                        3edc$RFV
                        
                        ,
                        
                        C:/Program Files (x86)/Mozilla Firefox/uploadFile.exe
                        
                        ,
                        
                        C:/Program Files (x86)/Mozilla Firefox/uploadVideo.exe
                        
                        ,
                        
                        初中语文教学计划3
                        
                        ,
                        
                        T2教学与信息化技术mytest
                        
                        
                     </div>
                     <div>
                        <b>Start time: </b>15:35:45
                     </div>
                     <div>
                        <b>End time: </b>15:36:38
                     </div>
                     <div>
                        <b>Duration: </b>53s
                        
                     </div>
                  </div>
               </td>
            </tr>
            <tr>
               <td colspan="4" class="detailsBox">
                  <div id="AllexitActivity.Jitibeike_teacher_publish_activity_byStatus_failed_FAIL2_exception"
                       class="testMethodDetails">
                     <pre style="padding: 5px; margin: 0;">org.openqa.selenium.NoSuchElementException: no such element: Unable to locate element: {"method":"link text","selector":"发布"}
                        (Session info: chrome=63.0.3239.84)
                        (Driver info: chromedriver=2.34.522940 (1a76f96f66e3ca7b8e57d503b4dd3bccfba87af1),platform=Windows NT 10.0.16299 x86_64) (WARNING:
                        The server did not provide any stacktrace information)
                        Command duration or timeout: 15.03 seconds
                        For documentation on this error, please visit: http://seleniumhq.org/exceptions/no_such_element.html
                        Build info: version: '2.53.1', revision: 'a36b8b1', time: '2016-06-30 17:37:03'
                        System info: host: 'Wzy', ip: '192.168.0.106', os.name: 'Windows 10', os.arch: 'amd64', os.version: '10.0', java.version:
                        '1.8.0_144'
                        Driver info: org.openqa.selenium.chrome.ChromeDriver
                        Capabilities [{applicationCacheEnabled=false, rotatable=false, mobileEmulationEnabled=false, networkConnectionEnabled=false,
                        chrome={chromedriverVersion=2.34.522940 (1a76f96f66e3ca7b8e57d503b4dd3bccfba87af1), userDataDir=C:\Users\ADMINI~1\AppData\Local\Temp\scoped_dir33896_6064},
                        takesHeapSnapshot=true, pageLoadStrategy=normal, databaseEnabled=false, handlesAlerts=true, hasTouchScreen=false, version=63.0.3239.84,
                        platform=XP, browserConnectionEnabled=false, nativeEvents=true, acceptSslCerts=true, locationContextEnabled=true, webStorageEnabled=true,
                        browserName=chrome, takesScreenshot=true, javascriptEnabled=true, cssSelectorsEnabled=true, setWindowRect=true, unexpectedAlertBehaviour=}]
                        Session ID: b14963abbef6d81147585d519b6e4b8f
                        *** Element info: {Using=link text, value=发布}
                        Command duration or timeout: 15.76 seconds
                        For documentation on this error, please visit: http://seleniumhq.org/exceptions/no_such_element.html
                        Build info: version: '2.53.1', revision: 'a36b8b1', time: '2016-06-30 17:37:03'
                        System info: host: 'chenziyang', ip: '192.168.1.38', os.name: 'Windows NT (unknown)', os.arch: 'x86', os.version: '6.2', java.version:
                        '1.7.0_01'
                        *** Element info: {Using=link text, value=发布}
                        Session ID: ea76e69a-98c8-4439-b2bb-e6b8baa227bf
                        Driver info: org.openqa.selenium.remote.RemoteWebDriver
                        Capabilities [{platform=XP, javascriptEnabled=true, acceptSslCerts=true, browserName=chrome, chrome={userDataDir=C:\Users\ADMINI~1\AppData\Local\Temp\scoped_dir33896_6064,
                        chromedriverVersion=2.34.522940 (1a76f96f66e3ca7b8e57d503b4dd3bccfba87af1)}, networkConnectionEnabled=false, unexpectedAlertBehaviour=,
                        rotatable=false, setWindowRect=true, locationContextEnabled=true, mobileEmulationEnabled=false, webdriver.remote.sessionid=ea76e69a-98c8-4439-b2bb-e6b8baa227bf,
                        version=63.0.3239.84, pageLoadStrategy=normal, takesHeapSnapshot=true, cssSelectorsEnabled=true, databaseEnabled=false, handlesAlerts=true,
                        browserConnectionEnabled=false, webStorageEnabled=true, nativeEvents=true, hasTouchScreen=false, applicationCacheEnabled=false,
                        takesScreenshot=true}]
                        	at sun.reflect.NativeConstructorAccessorImpl.newInstance0(Native Method)
                        	at sun.reflect.NativeConstructorAccessorImpl.newInstance(NativeConstructorAccessorImpl.java:57)
                        	at sun.reflect.DelegatingConstructorAccessorImpl.newInstance(DelegatingConstructorAccessorImpl.java:45)
                        	at java.lang.reflect.Constructor.newInstance(Constructor.java:525)
                        	at org.openqa.selenium.remote.ErrorHandler.createThrowable(ErrorHandler.java:206)
                        	at org.openqa.selenium.remote.ErrorHandler.throwIfResponseFailed(ErrorHandler.java:158)
                        	at org.openqa.selenium.remote.RemoteWebDriver.execute(RemoteWebDriver.java:678)
                        	at org.openqa.selenium.remote.RemoteWebDriver.findElement(RemoteWebDriver.java:363)
                        	at org.openqa.selenium.remote.RemoteWebDriver.findElementByLinkText(RemoteWebDriver.java:428)
                        	at org.openqa.selenium.By$ByLinkText.findElement(By.java:246)
                        	at org.openqa.selenium.remote.RemoteWebDriver.findElement(RemoteWebDriver.java:355)
                        	at AllexitActivity.Jitibeike_teacher.publish_activity(Jitibeike_teacher.java:58)
                        	at sun.reflect.NativeMethodAccessorImpl.invoke0(Native Method)
                        	at sun.reflect.NativeMethodAccessorImpl.invoke(NativeMethodAccessorImpl.java:57)
                        	at sun.reflect.DelegatingMethodAccessorImpl.invoke(DelegatingMethodAccessorImpl.java:43)
                        	at java.lang.reflect.Method.invoke(Method.java:601)
                        	at org.testng.internal.MethodInvocationHelper.invokeMethod(MethodInvocationHelper.java:85)
                        	at org.testng.internal.Invoker.invokeMethod(Invoker.java:639)
                        	at org.testng.internal.Invoker.invokeTestMethod(Invoker.java:816)
                        	at org.testng.internal.Invoker.invokeTestMethods(Invoker.java:1124)
                        	at org.testng.internal.TestMethodWorker.invokeTestMethods(TestMethodWorker.java:125)
                        	at org.testng.internal.TestMethodWorker.run(TestMethodWorker.java:108)
                        	at org.testng.TestRunner.privateRun(TestRunner.java:774)
                        	at org.testng.TestRunner.run(TestRunner.java:624)
                        	at org.testng.SuiteRunner.runTest(SuiteRunner.java:359)
                        	at org.testng.SuiteRunner.access$000(SuiteRunner.java:39)
                        	at org.testng.SuiteRunner$SuiteWorker.run(SuiteRunner.java:393)
                        	at org.testng.internal.thread.ThreadUtil$2.call(ThreadUtil.java:64)
                        	at java.util.concurrent.FutureTask$Sync.innerRun(FutureTask.java:334)
                        	at java.util.concurrent.FutureTask.run(FutureTask.java:166)
                        	at java.util.concurrent.ThreadPoolExecutor.runWorker(ThreadPoolExecutor.java:1110)
                        	at java.util.concurrent.ThreadPoolExecutor$Worker.run(ThreadPoolExecutor.java:603)
                        	at java.lang.Thread.run(Thread.java:722)
                        Caused by: org.openqa.selenium.remote.ScreenshotException: Screen shot has been taken
                        Build info: version: '2.53.1', revision: 'a36b8b1', time: '2016-06-30 17:37:03'
                        System info: host: 'chenziyang', ip: '192.168.1.38', os.name: 'Windows NT (unknown)', os.arch: 'x86', os.version: '6.2', java.version:
                        '1.7.0_01'
                        Driver info: driver.version: RemoteWebDriver
                        	at org.openqa.selenium.remote.ErrorHandler.throwIfResponseFailed(ErrorHandler.java:138)
                        	... 27 more
                        Caused by: org.openqa.selenium.NoSuchElementException: no such element: Unable to locate element: {"method":"link text","selector":"发布"}
                        (Session info: chrome=63.0.3239.84)
                        (Driver info: chromedriver=2.34.522940 (1a76f96f66e3ca7b8e57d503b4dd3bccfba87af1),platform=Windows NT 10.0.16299 x86_64) (WARNING:
                        The server did not provide any stacktrace information)
                        Command duration or timeout: 15.03 seconds
                        For documentation on this error, please visit: http://seleniumhq.org/exceptions/no_such_element.html
                        Build info: version: '2.53.1', revision: 'a36b8b1', time: '2016-06-30 17:37:03'
                        System info: host: 'Wzy', ip: '192.168.0.106', os.name: 'Windows 10', os.arch: 'amd64', os.version: '10.0', java.version:
                        '1.8.0_144'
                        Driver info: org.openqa.selenium.chrome.ChromeDriver
                        Capabilities [{applicationCacheEnabled=false, rotatable=false, mobileEmulationEnabled=false, networkConnectionEnabled=false,
                        chrome={chromedriverVersion=2.34.522940 (1a76f96f66e3ca7b8e57d503b4dd3bccfba87af1), userDataDir=C:\Users\ADMINI~1\AppData\Local\Temp\scoped_dir33896_6064},
                        takesHeapSnapshot=true, pageLoadStrategy=normal, databaseEnabled=false, handlesAlerts=true, hasTouchScreen=false, version=63.0.3239.84,
                        platform=XP, browserConnectionEnabled=false, nativeEvents=true, acceptSslCerts=true, locationContextEnabled=true, webStorageEnabled=true,
                        browserName=chrome, takesScreenshot=true, javascriptEnabled=true, cssSelectorsEnabled=true, setWindowRect=true, unexpectedAlertBehaviour=}]
                        Session ID: b14963abbef6d81147585d519b6e4b8f
                        *** Element info: {Using=link text, value=发布}
                        For documentation on this error, please visit: http://seleniumhq.org/exceptions/no_such_element.html
                        Build info: version: '2.53.1', revision: 'a36b8b1', time: '2016-06-30 17:37:03'
                        System info: host: 'chenziyang', ip: '192.168.1.38', os.name: 'Windows NT (unknown)', os.arch: 'x86', os.version: '6.2', java.version:
                        '1.7.0_01'
                        Driver info: driver.version: EventFiringWebDriver
                        	at sun.reflect.NativeConstructorAccessorImpl.newInstance0(Native Method)
                        	at sun.reflect.NativeConstructorAccessorImpl.newInstance(Unknown Source)
                        	at sun.reflect.DelegatingConstructorAccessorImpl.newInstance(Unknown Source)
                        	at java.lang.reflect.Constructor.newInstance(Unknown Source)
                        	at org.openqa.selenium.remote.ErrorHandler.createThrowable(ErrorHandler.java:206)
                        	at org.openqa.selenium.remote.ErrorHandler.throwIfResponseFailed(ErrorHandler.java:158)
                        	at org.openqa.selenium.remote.RemoteWebDriver.execute(RemoteWebDriver.java:678)
                        	at org.openqa.selenium.remote.RemoteWebDriver.findElement(RemoteWebDriver.java:363)
                        	at org.openqa.selenium.remote.RemoteWebDriver.findElementByLinkText(RemoteWebDriver.java:428)
                        	at org.openqa.selenium.By$ByLinkText.findElement(By.java:246)
                        	at org.openqa.selenium.remote.RemoteWebDriver.findElement(RemoteWebDriver.java:355)
                        	at sun.reflect.GeneratedMethodAccessor11.invoke(Unknown Source)
                        	at sun.reflect.DelegatingMethodAccessorImpl.invoke(Unknown Source)
                        	at java.lang.reflect.Method.invoke(Unknown Source)
                        	at org.openqa.selenium.support.events.EventFiringWebDriver$2.invoke(EventFiringWebDriver.java:103)
                        	at com.sun.proxy.$Proxy1.findElement(Unknown Source)
                        	at org.openqa.selenium.support.events.EventFiringWebDriver.findElement(EventFiringWebDriver.java:188)
                        	at org.openqa.selenium.remote.server.handler.FindElement.call(FindElement.java:48)
                        	at org.openqa.selenium.remote.server.handler.FindElement.call(FindElement.java:1)
                        	at java.util.concurrent.FutureTask.run(Unknown Source)
                        	at org.openqa.selenium.remote.server.DefaultSession$1.run(DefaultSession.java:176)
                        	at java.util.concurrent.ThreadPoolExecutor.runWorker(Unknown Source)
                        	at java.util.concurrent.ThreadPoolExecutor$Worker.run(Unknown Source)
                        	at java.lang.Thread.run(Unknown Source)
                     </pre>
                  </div>
               </td>
            </tr>
            <tr id="AllexitActivity.Jitibeike_guanliyuan_publish_activity_byStatus_failed_FAIL3_row"
                class="testMethodStatusFAIL">
               <td width="100%" class="firstMethodCell">
                  <a onclick="toggleDetailsVisibility('AllexitActivity.Jitibeike_guanliyuan_publish_activity_byStatus_failed_FAIL3_details')">publish_activity(devguanliyuan
                     
                     ,
                     
                     3edc$RFV
                     
                     ,
                     
                     C:/Program Files (x86)/Mozilla Firefox/uploadFile.exe
                     
                     ,
                     
                     C:/Program Files (x86)/Mozilla Firefox/uploadVideo.exe
                     
                     ,
                     
                     初中语文教学计划3
                     
                     ,
                     
                     T2教学与信息化技术mytest)
                  </a>
               </td>
               <td nowrap="true">15:33:21</td>
               <td nowrap="true" align="right">2m
                  23s
                  
               </td>
               <td nowrap="true">
                  <a onclick="toggleDetailsVisibility('AllexitActivity.Jitibeike_guanliyuan_publish_activity_byStatus_failed_FAIL3_exception')">org.openqa.selenium.UnhandledAlertException: 
                     unexpected alert open: {Alert text : 步骤5:“ 上课、观课、评课 ”需上传附件！}
                     (Session info: chrome=60.0.3112.90)
                     (Driver info: chromedriver=2.33.506120 (e3e53437346286c0bc2d2dc9aa4915ba81d9023f),platform=Windows NT 10.0.16299 x86_64) (WARNING:
                     The server did not provide any stacktrace information)
                     Command duration or timeout: 4 milliseconds: null
                     Build info: version: '2.53.1', revision: 'a36b8b1', time: '2016-06-30 17:37:03'
                     System info: host: 'chenziyang', ip: '192.168.1.38', os.name: 'Windows NT (unknown)', os.arch: 'x86', os.version: '6.2', java.version:
                     '1.7.0_01'
                     *** Element info: {Using=partial link text, value=活动}
                     Session ID: 3028293a41050cfd53c9fa06bced0bbb
                     Driver info: org.openqa.selenium.chrome.ChromeDriver
                     Capabilities [{platform=WIN8, acceptSslCerts=true, javascriptEnabled=true, browserName=chrome, chrome={userDataDir=C:\TEMP\scoped_dir14456_12449,
                     chromedriverVersion=2.33.506120 (e3e53437346286c0bc2d2dc9aa4915ba81d9023f)}, networkConnectionEnabled=false, unexpectedAlertBehaviour=,
                     rotatable=false, setWindowRect=true, locationContextEnabled=true, mobileEmulationEnabled=false, version=60.0.3112.90, pageLoadStrategy=normal,
                     takesHeapSnapshot=true, cssSelectorsEnabled=true, databaseEnabled=false, handlesAlerts=true, browserConnectionEnabled=false,
                     webStorageEnabled=true, nativeEvents=true, hasTouchScreen=false, applicationCacheEnabled=false, takesScreenshot=true}]: null
                     Build info: version: '2.53.1', revision: 'a36b8b1', time: '2016-06-30 17:37:03'
                     System info: host: 'chenziyang', ip: '192.168.1.38', os.name: 'Windows NT (unknown)', os.arch: 'x86', os.version: '6.2', java.version:
                     '1.7.0_01'
                     *** Element info: {Using=partial link text, value=活动}
                     Session ID: 475d0958-7ca9-4570-a0d8-46ef81ea03a2
                     Driver info: org.openqa.selenium.remote.RemoteWebDriver
                     Capabilities [{platform=WIN8, acceptSslCerts=true, javascriptEnabled=true, browserName=chrome, chrome={userDataDir=C:\TEMP\scoped_dir14456_12449,
                     chromedriverVersion=2.33.506120 (e3e53437346286c0bc2d2dc9aa4915ba81d9023f)}, networkConnectionEnabled=false, unexpectedAlertBehaviour=,
                     rotatable=false, setWindowRect=true, locationContextEnabled=true, mobileEmulationEnabled=false, webdriver.remote.sessionid=475d0958-7ca9-4570-a0d8-46ef81ea03a2,
                     version=60.0.3112.90, pageLoadStrategy=normal, takesHeapSnapshot=true, cssSelectorsEnabled=true, databaseEnabled=false, handlesAlerts=true,
                     browserConnectionEnabled=false, webStorageEnabled=true, nativeEvents=true, hasTouchScreen=false, applicationCacheEnabled=false,
                     takesScreenshot=true}]
                     
                  </a>
                   
                  
               </td>
            </tr>
            <tr>
               <td colspan="4" class="detailsBox">
                  <div id="AllexitActivity.Jitibeike_guanliyuan_publish_activity_byStatus_failed_FAIL3_details"
                       class="testMethodDetails">
                     <div>
                        <b>Name: </b>publish_activity
                     </div>
                     <div>
                        <b>Signature: </b>publish_activity(java.lang.String, java.lang.String, java.lang.String, java.lang.String, java.lang.String, java.lang.String)[pri:0,
                        instance:AllexitActivity.Jitibeike_guanliyuan@21151e]
                     </div>
                     <div>
                        <b>Parameters: </b>
                        
                        devguanliyuan
                        
                        ,
                        
                        3edc$RFV
                        
                        ,
                        
                        C:/Program Files (x86)/Mozilla Firefox/uploadFile.exe
                        
                        ,
                        
                        C:/Program Files (x86)/Mozilla Firefox/uploadVideo.exe
                        
                        ,
                        
                        初中语文教学计划3
                        
                        ,
                        
                        T2教学与信息化技术mytest
                        
                        
                     </div>
                     <div>
                        <b>Start time: </b>15:33:21
                     </div>
                     <div>
                        <b>End time: </b>15:35:45
                     </div>
                     <div>
                        <b>Duration: </b>2m
                        23s
                        
                     </div>
                  </div>
               </td>
            </tr>
            <tr>
               <td colspan="4" class="detailsBox">
                  <div id="AllexitActivity.Jitibeike_guanliyuan_publish_activity_byStatus_failed_FAIL3_exception"
                       class="testMethodDetails">
                     <pre style="padding: 5px; margin: 0;">org.openqa.selenium.UnhandledAlertException: unexpected alert open: {Alert text : 步骤5:“ 上课、观课、评课 ”需上传附件！}
                        (Session info: chrome=60.0.3112.90)
                        (Driver info: chromedriver=2.33.506120 (e3e53437346286c0bc2d2dc9aa4915ba81d9023f),platform=Windows NT 10.0.16299 x86_64) (WARNING:
                        The server did not provide any stacktrace information)
                        Command duration or timeout: 4 milliseconds: null
                        Build info: version: '2.53.1', revision: 'a36b8b1', time: '2016-06-30 17:37:03'
                        System info: host: 'chenziyang', ip: '192.168.1.38', os.name: 'Windows NT (unknown)', os.arch: 'x86', os.version: '6.2', java.version:
                        '1.7.0_01'
                        *** Element info: {Using=partial link text, value=活动}
                        Session ID: 3028293a41050cfd53c9fa06bced0bbb
                        Driver info: org.openqa.selenium.chrome.ChromeDriver
                        Capabilities [{platform=WIN8, acceptSslCerts=true, javascriptEnabled=true, browserName=chrome, chrome={userDataDir=C:\TEMP\scoped_dir14456_12449,
                        chromedriverVersion=2.33.506120 (e3e53437346286c0bc2d2dc9aa4915ba81d9023f)}, networkConnectionEnabled=false, unexpectedAlertBehaviour=,
                        rotatable=false, setWindowRect=true, locationContextEnabled=true, mobileEmulationEnabled=false, version=60.0.3112.90, pageLoadStrategy=normal,
                        takesHeapSnapshot=true, cssSelectorsEnabled=true, databaseEnabled=false, handlesAlerts=true, browserConnectionEnabled=false,
                        webStorageEnabled=true, nativeEvents=true, hasTouchScreen=false, applicationCacheEnabled=false, takesScreenshot=true}]: null
                        Build info: version: '2.53.1', revision: 'a36b8b1', time: '2016-06-30 17:37:03'
                        System info: host: 'chenziyang', ip: '192.168.1.38', os.name: 'Windows NT (unknown)', os.arch: 'x86', os.version: '6.2', java.version:
                        '1.7.0_01'
                        *** Element info: {Using=partial link text, value=活动}
                        Session ID: 475d0958-7ca9-4570-a0d8-46ef81ea03a2
                        Driver info: org.openqa.selenium.remote.RemoteWebDriver
                        Capabilities [{platform=WIN8, acceptSslCerts=true, javascriptEnabled=true, browserName=chrome, chrome={userDataDir=C:\TEMP\scoped_dir14456_12449,
                        chromedriverVersion=2.33.506120 (e3e53437346286c0bc2d2dc9aa4915ba81d9023f)}, networkConnectionEnabled=false, unexpectedAlertBehaviour=,
                        rotatable=false, setWindowRect=true, locationContextEnabled=true, mobileEmulationEnabled=false, webdriver.remote.sessionid=475d0958-7ca9-4570-a0d8-46ef81ea03a2,
                        version=60.0.3112.90, pageLoadStrategy=normal, takesHeapSnapshot=true, cssSelectorsEnabled=true, databaseEnabled=false, handlesAlerts=true,
                        browserConnectionEnabled=false, webStorageEnabled=true, nativeEvents=true, hasTouchScreen=false, applicationCacheEnabled=false,
                        takesScreenshot=true}]
                        	at sun.reflect.NativeConstructorAccessorImpl.newInstance0(Native Method)
                        	at sun.reflect.NativeConstructorAccessorImpl.newInstance(NativeConstructorAccessorImpl.java:57)
                        	at sun.reflect.DelegatingConstructorAccessorImpl.newInstance(DelegatingConstructorAccessorImpl.java:45)
                        	at java.lang.reflect.Constructor.newInstance(Constructor.java:525)
                        	at org.openqa.selenium.remote.ErrorHandler.createThrowable(ErrorHandler.java:206)
                        	at org.openqa.selenium.remote.ErrorHandler.createUnhandledAlertException(ErrorHandler.java:187)
                        	at org.openqa.selenium.remote.ErrorHandler.throwIfResponseFailed(ErrorHandler.java:154)
                        	at org.openqa.selenium.remote.RemoteWebDriver.execute(RemoteWebDriver.java:678)
                        	at org.openqa.selenium.remote.RemoteWebDriver.findElement(RemoteWebDriver.java:363)
                        	at org.openqa.selenium.remote.RemoteWebDriver.findElementByPartialLinkText(RemoteWebDriver.java:436)
                        	at org.openqa.selenium.By$ByPartialLinkText.findElement(By.java:273)
                        	at org.openqa.selenium.remote.RemoteWebDriver.findElement(RemoteWebDriver.java:355)
                        	at AllexitActivity.Jitibeike_guanliyuan.publish_activity(Jitibeike_guanliyuan.java:195)
                        	at sun.reflect.NativeMethodAccessorImpl.invoke0(Native Method)
                        	at sun.reflect.NativeMethodAccessorImpl.invoke(NativeMethodAccessorImpl.java:57)
                        	at sun.reflect.DelegatingMethodAccessorImpl.invoke(DelegatingMethodAccessorImpl.java:43)
                        	at java.lang.reflect.Method.invoke(Method.java:601)
                        	at org.testng.internal.MethodInvocationHelper.invokeMethod(MethodInvocationHelper.java:85)
                        	at org.testng.internal.Invoker.invokeMethod(Invoker.java:639)
                        	at org.testng.internal.Invoker.invokeTestMethod(Invoker.java:816)
                        	at org.testng.internal.Invoker.invokeTestMethods(Invoker.java:1124)
                        	at org.testng.internal.TestMethodWorker.invokeTestMethods(TestMethodWorker.java:125)
                        	at org.testng.internal.TestMethodWorker.run(TestMethodWorker.java:108)
                        	at org.testng.TestRunner.privateRun(TestRunner.java:774)
                        	at org.testng.TestRunner.run(TestRunner.java:624)
                        	at org.testng.SuiteRunner.runTest(SuiteRunner.java:359)
                        	at org.testng.SuiteRunner.access$000(SuiteRunner.java:39)
                        	at org.testng.SuiteRunner$SuiteWorker.run(SuiteRunner.java:393)
                        	at org.testng.internal.thread.ThreadUtil$2.call(ThreadUtil.java:64)
                        	at java.util.concurrent.FutureTask$Sync.innerRun(FutureTask.java:334)
                        	at java.util.concurrent.FutureTask.run(FutureTask.java:166)
                        	at java.util.concurrent.ThreadPoolExecutor.runWorker(ThreadPoolExecutor.java:1110)
                        	at java.util.concurrent.ThreadPoolExecutor$Worker.run(ThreadPoolExecutor.java:603)
                        	at java.lang.Thread.run(Thread.java:722)
                     </pre>
                  </div>
               </td>
            </tr>
         </table>
      </div>
      <div id="testMethodsByClass">
         <table class="testMethodsTable" cellpadding="0" cellspacing="0">
            <tr>
               <td colspan="4">
                  <h3 style="display: inline;">AllexitActivity.Jitibeike_guanliyuan</h3>
               </td>
            </tr>
            <tr class="methodsTableHeader">
               <td width="100%">Name</td>
               <td nowrap="true">Started</td>
               <td nowrap="true">Duration</td>
               <td>Exception</td>
            </tr>
            <tr id="AllexitActivity.Jitibeike_guanliyuan_publish_activity_byClass_FAIL1_row"
                class="testMethodStatusFAIL">
               <td width="100%" class="firstMethodCell">
                  <a onclick="toggleDetailsVisibility('AllexitActivity.Jitibeike_guanliyuan_publish_activity_byClass_FAIL1_details')">publish_activity(devguanliyuan
                     
                     ,
                     
                     3edc$RFV
                     
                     ,
                     
                     C:/Program Files (x86)/Mozilla Firefox/uploadFile.exe
                     
                     ,
                     
                     C:/Program Files (x86)/Mozilla Firefox/uploadVideo.exe
                     
                     ,
                     
                     初中语文教学计划3
                     
                     ,
                     
                     T2教学与信息化技术mytest)
                  </a>
               </td>
               <td nowrap="true">15:33:21</td>
               <td nowrap="true" align="right">2m
                  23s
                  
               </td>
               <td nowrap="true">
                  <a onclick="toggleDetailsVisibility('AllexitActivity.Jitibeike_guanliyuan_publish_activity_byClass_FAIL1_exception')">org.openqa.selenium.UnhandledAlertException: 
                     unexpected alert open: {Alert text : 步骤5:“ 上课、观课、评课 ”需上传附件！}
                     (Session info: chrome=60.0.3112.90)
                     (Driver info: chromedriver=2.33.506120 (e3e53437346286c0bc2d2dc9aa4915ba81d9023f),platform=Windows NT 10.0.16299 x86_64) (WARNING:
                     The server did not provide any stacktrace information)
                     Command duration or timeout: 4 milliseconds: null
                     Build info: version: '2.53.1', revision: 'a36b8b1', time: '2016-06-30 17:37:03'
                     System info: host: 'chenziyang', ip: '192.168.1.38', os.name: 'Windows NT (unknown)', os.arch: 'x86', os.version: '6.2', java.version:
                     '1.7.0_01'
                     *** Element info: {Using=partial link text, value=活动}
                     Session ID: 3028293a41050cfd53c9fa06bced0bbb
                     Driver info: org.openqa.selenium.chrome.ChromeDriver
                     Capabilities [{platform=WIN8, acceptSslCerts=true, javascriptEnabled=true, browserName=chrome, chrome={userDataDir=C:\TEMP\scoped_dir14456_12449,
                     chromedriverVersion=2.33.506120 (e3e53437346286c0bc2d2dc9aa4915ba81d9023f)}, networkConnectionEnabled=false, unexpectedAlertBehaviour=,
                     rotatable=false, setWindowRect=true, locationContextEnabled=true, mobileEmulationEnabled=false, version=60.0.3112.90, pageLoadStrategy=normal,
                     takesHeapSnapshot=true, cssSelectorsEnabled=true, databaseEnabled=false, handlesAlerts=true, browserConnectionEnabled=false,
                     webStorageEnabled=true, nativeEvents=true, hasTouchScreen=false, applicationCacheEnabled=false, takesScreenshot=true}]: null
                     Build info: version: '2.53.1', revision: 'a36b8b1', time: '2016-06-30 17:37:03'
                     System info: host: 'chenziyang', ip: '192.168.1.38', os.name: 'Windows NT (unknown)', os.arch: 'x86', os.version: '6.2', java.version:
                     '1.7.0_01'
                     *** Element info: {Using=partial link text, value=活动}
                     Session ID: 475d0958-7ca9-4570-a0d8-46ef81ea03a2
                     Driver info: org.openqa.selenium.remote.RemoteWebDriver
                     Capabilities [{platform=WIN8, acceptSslCerts=true, javascriptEnabled=true, browserName=chrome, chrome={userDataDir=C:\TEMP\scoped_dir14456_12449,
                     chromedriverVersion=2.33.506120 (e3e53437346286c0bc2d2dc9aa4915ba81d9023f)}, networkConnectionEnabled=false, unexpectedAlertBehaviour=,
                     rotatable=false, setWindowRect=true, locationContextEnabled=true, mobileEmulationEnabled=false, webdriver.remote.sessionid=475d0958-7ca9-4570-a0d8-46ef81ea03a2,
                     version=60.0.3112.90, pageLoadStrategy=normal, takesHeapSnapshot=true, cssSelectorsEnabled=true, databaseEnabled=false, handlesAlerts=true,
                     browserConnectionEnabled=false, webStorageEnabled=true, nativeEvents=true, hasTouchScreen=false, applicationCacheEnabled=false,
                     takesScreenshot=true}]
                     
                  </a>
                   
                  
               </td>
            </tr>
            <tr>
               <td colspan="4" class="detailsBox">
                  <div id="AllexitActivity.Jitibeike_guanliyuan_publish_activity_byClass_FAIL1_details"
                       class="testMethodDetails">
                     <div>
                        <b>Name: </b>publish_activity
                     </div>
                     <div>
                        <b>Signature: </b>publish_activity(java.lang.String, java.lang.String, java.lang.String, java.lang.String, java.lang.String, java.lang.String)[pri:0,
                        instance:AllexitActivity.Jitibeike_guanliyuan@21151e]
                     </div>
                     <div>
                        <b>Parameters: </b>
                        
                        devguanliyuan
                        
                        ,
                        
                        3edc$RFV
                        
                        ,
                        
                        C:/Program Files (x86)/Mozilla Firefox/uploadFile.exe
                        
                        ,
                        
                        C:/Program Files (x86)/Mozilla Firefox/uploadVideo.exe
                        
                        ,
                        
                        初中语文教学计划3
                        
                        ,
                        
                        T2教学与信息化技术mytest
                        
                        
                     </div>
                     <div>
                        <b>Start time: </b>15:33:21
                     </div>
                     <div>
                        <b>End time: </b>15:35:45
                     </div>
                     <div>
                        <b>Duration: </b>2m
                        23s
                        
                     </div>
                  </div>
               </td>
            </tr>
            <tr>
               <td colspan="4" class="detailsBox">
                  <div id="AllexitActivity.Jitibeike_guanliyuan_publish_activity_byClass_FAIL1_exception"
                       class="testMethodDetails">
                     <pre style="padding: 5px; margin: 0;">org.openqa.selenium.UnhandledAlertException: unexpected alert open: {Alert text : 步骤5:“ 上课、观课、评课 ”需上传附件！}
                        (Session info: chrome=60.0.3112.90)
                        (Driver info: chromedriver=2.33.506120 (e3e53437346286c0bc2d2dc9aa4915ba81d9023f),platform=Windows NT 10.0.16299 x86_64) (WARNING:
                        The server did not provide any stacktrace information)
                        Command duration or timeout: 4 milliseconds: null
                        Build info: version: '2.53.1', revision: 'a36b8b1', time: '2016-06-30 17:37:03'
                        System info: host: 'chenziyang', ip: '192.168.1.38', os.name: 'Windows NT (unknown)', os.arch: 'x86', os.version: '6.2', java.version:
                        '1.7.0_01'
                        *** Element info: {Using=partial link text, value=活动}
                        Session ID: 3028293a41050cfd53c9fa06bced0bbb
                        Driver info: org.openqa.selenium.chrome.ChromeDriver
                        Capabilities [{platform=WIN8, acceptSslCerts=true, javascriptEnabled=true, browserName=chrome, chrome={userDataDir=C:\TEMP\scoped_dir14456_12449,
                        chromedriverVersion=2.33.506120 (e3e53437346286c0bc2d2dc9aa4915ba81d9023f)}, networkConnectionEnabled=false, unexpectedAlertBehaviour=,
                        rotatable=false, setWindowRect=true, locationContextEnabled=true, mobileEmulationEnabled=false, version=60.0.3112.90, pageLoadStrategy=normal,
                        takesHeapSnapshot=true, cssSelectorsEnabled=true, databaseEnabled=false, handlesAlerts=true, browserConnectionEnabled=false,
                        webStorageEnabled=true, nativeEvents=true, hasTouchScreen=false, applicationCacheEnabled=false, takesScreenshot=true}]: null
                        Build info: version: '2.53.1', revision: 'a36b8b1', time: '2016-06-30 17:37:03'
                        System info: host: 'chenziyang', ip: '192.168.1.38', os.name: 'Windows NT (unknown)', os.arch: 'x86', os.version: '6.2', java.version:
                        '1.7.0_01'
                        *** Element info: {Using=partial link text, value=活动}
                        Session ID: 475d0958-7ca9-4570-a0d8-46ef81ea03a2
                        Driver info: org.openqa.selenium.remote.RemoteWebDriver
                        Capabilities [{platform=WIN8, acceptSslCerts=true, javascriptEnabled=true, browserName=chrome, chrome={userDataDir=C:\TEMP\scoped_dir14456_12449,
                        chromedriverVersion=2.33.506120 (e3e53437346286c0bc2d2dc9aa4915ba81d9023f)}, networkConnectionEnabled=false, unexpectedAlertBehaviour=,
                        rotatable=false, setWindowRect=true, locationContextEnabled=true, mobileEmulationEnabled=false, webdriver.remote.sessionid=475d0958-7ca9-4570-a0d8-46ef81ea03a2,
                        version=60.0.3112.90, pageLoadStrategy=normal, takesHeapSnapshot=true, cssSelectorsEnabled=true, databaseEnabled=false, handlesAlerts=true,
                        browserConnectionEnabled=false, webStorageEnabled=true, nativeEvents=true, hasTouchScreen=false, applicationCacheEnabled=false,
                        takesScreenshot=true}]
                        	at sun.reflect.NativeConstructorAccessorImpl.newInstance0(Native Method)
                        	at sun.reflect.NativeConstructorAccessorImpl.newInstance(NativeConstructorAccessorImpl.java:57)
                        	at sun.reflect.DelegatingConstructorAccessorImpl.newInstance(DelegatingConstructorAccessorImpl.java:45)
                        	at java.lang.reflect.Constructor.newInstance(Constructor.java:525)
                        	at org.openqa.selenium.remote.ErrorHandler.createThrowable(ErrorHandler.java:206)
                        	at org.openqa.selenium.remote.ErrorHandler.createUnhandledAlertException(ErrorHandler.java:187)
                        	at org.openqa.selenium.remote.ErrorHandler.throwIfResponseFailed(ErrorHandler.java:154)
                        	at org.openqa.selenium.remote.RemoteWebDriver.execute(RemoteWebDriver.java:678)
                        	at org.openqa.selenium.remote.RemoteWebDriver.findElement(RemoteWebDriver.java:363)
                        	at org.openqa.selenium.remote.RemoteWebDriver.findElementByPartialLinkText(RemoteWebDriver.java:436)
                        	at org.openqa.selenium.By$ByPartialLinkText.findElement(By.java:273)
                        	at org.openqa.selenium.remote.RemoteWebDriver.findElement(RemoteWebDriver.java:355)
                        	at AllexitActivity.Jitibeike_guanliyuan.publish_activity(Jitibeike_guanliyuan.java:195)
                        	at sun.reflect.NativeMethodAccessorImpl.invoke0(Native Method)
                        	at sun.reflect.NativeMethodAccessorImpl.invoke(NativeMethodAccessorImpl.java:57)
                        	at sun.reflect.DelegatingMethodAccessorImpl.invoke(DelegatingMethodAccessorImpl.java:43)
                        	at java.lang.reflect.Method.invoke(Method.java:601)
                        	at org.testng.internal.MethodInvocationHelper.invokeMethod(MethodInvocationHelper.java:85)
                        	at org.testng.internal.Invoker.invokeMethod(Invoker.java:639)
                        	at org.testng.internal.Invoker.invokeTestMethod(Invoker.java:816)
                        	at org.testng.internal.Invoker.invokeTestMethods(Invoker.java:1124)
                        	at org.testng.internal.TestMethodWorker.invokeTestMethods(TestMethodWorker.java:125)
                        	at org.testng.internal.TestMethodWorker.run(TestMethodWorker.java:108)
                        	at org.testng.TestRunner.privateRun(TestRunner.java:774)
                        	at org.testng.TestRunner.run(TestRunner.java:624)
                        	at org.testng.SuiteRunner.runTest(SuiteRunner.java:359)
                        	at org.testng.SuiteRunner.access$000(SuiteRunner.java:39)
                        	at org.testng.SuiteRunner$SuiteWorker.run(SuiteRunner.java:393)
                        	at org.testng.internal.thread.ThreadUtil$2.call(ThreadUtil.java:64)
                        	at java.util.concurrent.FutureTask$Sync.innerRun(FutureTask.java:334)
                        	at java.util.concurrent.FutureTask.run(FutureTask.java:166)
                        	at java.util.concurrent.ThreadPoolExecutor.runWorker(ThreadPoolExecutor.java:1110)
                        	at java.util.concurrent.ThreadPoolExecutor$Worker.run(ThreadPoolExecutor.java:603)
                        	at java.lang.Thread.run(Thread.java:722)
                     </pre>
                  </div>
               </td>
            </tr>
         </table>
         <br></br>
         <table class="testMethodsTable" cellpadding="0" cellspacing="0">
            <tr>
               <td colspan="4">
                  <h3 style="display: inline;">AllexitActivity.Jitibeike_teacher</h3>
               </td>
            </tr>
            <tr class="methodsTableHeader">
               <td width="100%">Name</td>
               <td nowrap="true">Started</td>
               <td nowrap="true">Duration</td>
               <td>Exception</td>
            </tr>
            <tr id="AllexitActivity.Jitibeike_teacher_publish_activity_byClass_FAIL1_row"
                class="testMethodStatusFAIL">
               <td width="100%" class="firstMethodCell">
                  <a onclick="toggleDetailsVisibility('AllexitActivity.Jitibeike_teacher_publish_activity_byClass_FAIL1_details')">publish_activity(devguanliyuan
                     
                     ,
                     
                     3edc$RFV
                     
                     ,
                     
                     C:/Program Files (x86)/Mozilla Firefox/uploadFile.exe
                     
                     ,
                     
                     C:/Program Files (x86)/Mozilla Firefox/uploadVideo.exe
                     
                     ,
                     
                     初中语文教学计划3
                     
                     ,
                     
                     T2教学与信息化技术mytest)
                  </a>
               </td>
               <td nowrap="true">15:35:45</td>
               <td nowrap="true" align="right">53s
                  
               </td>
               <td nowrap="true">
                  <a onclick="toggleDetailsVisibility('AllexitActivity.Jitibeike_teacher_publish_activity_byClass_FAIL1_exception')">org.openqa.selenium.NoSuchElementException: 
                     no such element: Unable to locate element: {"method":"link text","selector":"发布"}
                     (Session info: chrome=63.0.3239.84)
                     (Driver info: chromedriver=2.34.522940 (1a76f96f66e3ca7b8e57d503b4dd3bccfba87af1),platform=Windows NT 10.0.16299 x86_64) (WARNING:
                     The server did not provide any stacktrace information)
                     Command duration or timeout: 15.03 seconds
                     For documentation on this error, please visit: http://seleniumhq.org/exceptions/no_such_element.html
                     Build info: version: '2.53.1', revision: 'a36b8b1', time: '2016-06-30 17:37:03'
                     System info: host: 'Wzy', ip: '192.168.0.106', os.name: 'Windows 10', os.arch: 'amd64', os.version: '10.0', java.version:
                     '1.8.0_144'
                     Driver info: org.openqa.selenium.chrome.ChromeDriver
                     Capabilities [{applicationCacheEnabled=false, rotatable=false, mobileEmulationEnabled=false, networkConnectionEnabled=false,
                     chrome={chromedriverVersion=2.34.522940 (1a76f96f66e3ca7b8e57d503b4dd3bccfba87af1), userDataDir=C:\Users\ADMINI~1\AppData\Local\Temp\scoped_dir33896_6064},
                     takesHeapSnapshot=true, pageLoadStrategy=normal, databaseEnabled=false, handlesAlerts=true, hasTouchScreen=false, version=63.0.3239.84,
                     platform=XP, browserConnectionEnabled=false, nativeEvents=true, acceptSslCerts=true, locationContextEnabled=true, webStorageEnabled=true,
                     browserName=chrome, takesScreenshot=true, javascriptEnabled=true, cssSelectorsEnabled=true, setWindowRect=true, unexpectedAlertBehaviour=}]
                     Session ID: b14963abbef6d81147585d519b6e4b8f
                     *** Element info: {Using=link text, value=发布}
                     Command duration or timeout: 15.76 seconds
                     For documentation on this error, please visit: http://seleniumhq.org/exceptions/no_such_element.html
                     Build info: version: '2.53.1', revision: 'a36b8b1', time: '2016-06-30 17:37:03'
                     System info: host: 'chenziyang', ip: '192.168.1.38', os.name: 'Windows NT (unknown)', os.arch: 'x86', os.version: '6.2', java.version:
                     '1.7.0_01'
                     *** Element info: {Using=link text, value=发布}
                     Session ID: ea76e69a-98c8-4439-b2bb-e6b8baa227bf
                     Driver info: org.openqa.selenium.remote.RemoteWebDriver
                     Capabilities [{platform=XP, javascriptEnabled=true, acceptSslCerts=true, browserName=chrome, chrome={userDataDir=C:\Users\ADMINI~1\AppData\Local\Temp\scoped_dir33896_6064,
                     chromedriverVersion=2.34.522940 (1a76f96f66e3ca7b8e57d503b4dd3bccfba87af1)}, networkConnectionEnabled=false, unexpectedAlertBehaviour=,
                     rotatable=false, setWindowRect=true, locationContextEnabled=true, mobileEmulationEnabled=false, webdriver.remote.sessionid=ea76e69a-98c8-4439-b2bb-e6b8baa227bf,
                     version=63.0.3239.84, pageLoadStrategy=normal, takesHeapSnapshot=true, cssSelectorsEnabled=true, databaseEnabled=false, handlesAlerts=true,
                     browserConnectionEnabled=false, webStorageEnabled=true, nativeEvents=true, hasTouchScreen=false, applicationCacheEnabled=false,
                     takesScreenshot=true}]
                     
                  </a>
                   
                  
               </td>
            </tr>
            <tr>
               <td colspan="4" class="detailsBox">
                  <div id="AllexitActivity.Jitibeike_teacher_publish_activity_byClass_FAIL1_details"
                       class="testMethodDetails">
                     <div>
                        <b>Name: </b>publish_activity
                     </div>
                     <div>
                        <b>Signature: </b>publish_activity(java.lang.String, java.lang.String, java.lang.String, java.lang.String, java.lang.String, java.lang.String)[pri:0,
                        instance:AllexitActivity.Jitibeike_teacher@93a8fa]
                     </div>
                     <div>
                        <b>Parameters: </b>
                        
                        devguanliyuan
                        
                        ,
                        
                        3edc$RFV
                        
                        ,
                        
                        C:/Program Files (x86)/Mozilla Firefox/uploadFile.exe
                        
                        ,
                        
                        C:/Program Files (x86)/Mozilla Firefox/uploadVideo.exe
                        
                        ,
                        
                        初中语文教学计划3
                        
                        ,
                        
                        T2教学与信息化技术mytest
                        
                        
                     </div>
                     <div>
                        <b>Start time: </b>15:35:45
                     </div>
                     <div>
                        <b>End time: </b>15:36:38
                     </div>
                     <div>
                        <b>Duration: </b>53s
                        
                     </div>
                  </div>
               </td>
            </tr>
            <tr>
               <td colspan="4" class="detailsBox">
                  <div id="AllexitActivity.Jitibeike_teacher_publish_activity_byClass_FAIL1_exception"
                       class="testMethodDetails">
                     <pre style="padding: 5px; margin: 0;">org.openqa.selenium.NoSuchElementException: no such element: Unable to locate element: {"method":"link text","selector":"发布"}
                        (Session info: chrome=63.0.3239.84)
                        (Driver info: chromedriver=2.34.522940 (1a76f96f66e3ca7b8e57d503b4dd3bccfba87af1),platform=Windows NT 10.0.16299 x86_64) (WARNING:
                        The server did not provide any stacktrace information)
                        Command duration or timeout: 15.03 seconds
                        For documentation on this error, please visit: http://seleniumhq.org/exceptions/no_such_element.html
                        Build info: version: '2.53.1', revision: 'a36b8b1', time: '2016-06-30 17:37:03'
                        System info: host: 'Wzy', ip: '192.168.0.106', os.name: 'Windows 10', os.arch: 'amd64', os.version: '10.0', java.version:
                        '1.8.0_144'
                        Driver info: org.openqa.selenium.chrome.ChromeDriver
                        Capabilities [{applicationCacheEnabled=false, rotatable=false, mobileEmulationEnabled=false, networkConnectionEnabled=false,
                        chrome={chromedriverVersion=2.34.522940 (1a76f96f66e3ca7b8e57d503b4dd3bccfba87af1), userDataDir=C:\Users\ADMINI~1\AppData\Local\Temp\scoped_dir33896_6064},
                        takesHeapSnapshot=true, pageLoadStrategy=normal, databaseEnabled=false, handlesAlerts=true, hasTouchScreen=false, version=63.0.3239.84,
                        platform=XP, browserConnectionEnabled=false, nativeEvents=true, acceptSslCerts=true, locationContextEnabled=true, webStorageEnabled=true,
                        browserName=chrome, takesScreenshot=true, javascriptEnabled=true, cssSelectorsEnabled=true, setWindowRect=true, unexpectedAlertBehaviour=}]
                        Session ID: b14963abbef6d81147585d519b6e4b8f
                        *** Element info: {Using=link text, value=发布}
                        Command duration or timeout: 15.76 seconds
                        For documentation on this error, please visit: http://seleniumhq.org/exceptions/no_such_element.html
                        Build info: version: '2.53.1', revision: 'a36b8b1', time: '2016-06-30 17:37:03'
                        System info: host: 'chenziyang', ip: '192.168.1.38', os.name: 'Windows NT (unknown)', os.arch: 'x86', os.version: '6.2', java.version:
                        '1.7.0_01'
                        *** Element info: {Using=link text, value=发布}
                        Session ID: ea76e69a-98c8-4439-b2bb-e6b8baa227bf
                        Driver info: org.openqa.selenium.remote.RemoteWebDriver
                        Capabilities [{platform=XP, javascriptEnabled=true, acceptSslCerts=true, browserName=chrome, chrome={userDataDir=C:\Users\ADMINI~1\AppData\Local\Temp\scoped_dir33896_6064,
                        chromedriverVersion=2.34.522940 (1a76f96f66e3ca7b8e57d503b4dd3bccfba87af1)}, networkConnectionEnabled=false, unexpectedAlertBehaviour=,
                        rotatable=false, setWindowRect=true, locationContextEnabled=true, mobileEmulationEnabled=false, webdriver.remote.sessionid=ea76e69a-98c8-4439-b2bb-e6b8baa227bf,
                        version=63.0.3239.84, pageLoadStrategy=normal, takesHeapSnapshot=true, cssSelectorsEnabled=true, databaseEnabled=false, handlesAlerts=true,
                        browserConnectionEnabled=false, webStorageEnabled=true, nativeEvents=true, hasTouchScreen=false, applicationCacheEnabled=false,
                        takesScreenshot=true}]
                        	at sun.reflect.NativeConstructorAccessorImpl.newInstance0(Native Method)
                        	at sun.reflect.NativeConstructorAccessorImpl.newInstance(NativeConstructorAccessorImpl.java:57)
                        	at sun.reflect.DelegatingConstructorAccessorImpl.newInstance(DelegatingConstructorAccessorImpl.java:45)
                        	at java.lang.reflect.Constructor.newInstance(Constructor.java:525)
                        	at org.openqa.selenium.remote.ErrorHandler.createThrowable(ErrorHandler.java:206)
                        	at org.openqa.selenium.remote.ErrorHandler.throwIfResponseFailed(ErrorHandler.java:158)
                        	at org.openqa.selenium.remote.RemoteWebDriver.execute(RemoteWebDriver.java:678)
                        	at org.openqa.selenium.remote.RemoteWebDriver.findElement(RemoteWebDriver.java:363)
                        	at org.openqa.selenium.remote.RemoteWebDriver.findElementByLinkText(RemoteWebDriver.java:428)
                        	at org.openqa.selenium.By$ByLinkText.findElement(By.java:246)
                        	at org.openqa.selenium.remote.RemoteWebDriver.findElement(RemoteWebDriver.java:355)
                        	at AllexitActivity.Jitibeike_teacher.publish_activity(Jitibeike_teacher.java:58)
                        	at sun.reflect.NativeMethodAccessorImpl.invoke0(Native Method)
                        	at sun.reflect.NativeMethodAccessorImpl.invoke(NativeMethodAccessorImpl.java:57)
                        	at sun.reflect.DelegatingMethodAccessorImpl.invoke(DelegatingMethodAccessorImpl.java:43)
                        	at java.lang.reflect.Method.invoke(Method.java:601)
                        	at org.testng.internal.MethodInvocationHelper.invokeMethod(MethodInvocationHelper.java:85)
                        	at org.testng.internal.Invoker.invokeMethod(Invoker.java:639)
                        	at org.testng.internal.Invoker.invokeTestMethod(Invoker.java:816)
                        	at org.testng.internal.Invoker.invokeTestMethods(Invoker.java:1124)
                        	at org.testng.internal.TestMethodWorker.invokeTestMethods(TestMethodWorker.java:125)
                        	at org.testng.internal.TestMethodWorker.run(TestMethodWorker.java:108)
                        	at org.testng.TestRunner.privateRun(TestRunner.java:774)
                        	at org.testng.TestRunner.run(TestRunner.java:624)
                        	at org.testng.SuiteRunner.runTest(SuiteRunner.java:359)
                        	at org.testng.SuiteRunner.access$000(SuiteRunner.java:39)
                        	at org.testng.SuiteRunner$SuiteWorker.run(SuiteRunner.java:393)
                        	at org.testng.internal.thread.ThreadUtil$2.call(ThreadUtil.java:64)
                        	at java.util.concurrent.FutureTask$Sync.innerRun(FutureTask.java:334)
                        	at java.util.concurrent.FutureTask.run(FutureTask.java:166)
                        	at java.util.concurrent.ThreadPoolExecutor.runWorker(ThreadPoolExecutor.java:1110)
                        	at java.util.concurrent.ThreadPoolExecutor$Worker.run(ThreadPoolExecutor.java:603)
                        	at java.lang.Thread.run(Thread.java:722)
                        Caused by: org.openqa.selenium.remote.ScreenshotException: Screen shot has been taken
                        Build info: version: '2.53.1', revision: 'a36b8b1', time: '2016-06-30 17:37:03'
                        System info: host: 'chenziyang', ip: '192.168.1.38', os.name: 'Windows NT (unknown)', os.arch: 'x86', os.version: '6.2', java.version:
                        '1.7.0_01'
                        Driver info: driver.version: RemoteWebDriver
                        	at org.openqa.selenium.remote.ErrorHandler.throwIfResponseFailed(ErrorHandler.java:138)
                        	... 27 more
                        Caused by: org.openqa.selenium.NoSuchElementException: no such element: Unable to locate element: {"method":"link text","selector":"发布"}
                        (Session info: chrome=63.0.3239.84)
                        (Driver info: chromedriver=2.34.522940 (1a76f96f66e3ca7b8e57d503b4dd3bccfba87af1),platform=Windows NT 10.0.16299 x86_64) (WARNING:
                        The server did not provide any stacktrace information)
                        Command duration or timeout: 15.03 seconds
                        For documentation on this error, please visit: http://seleniumhq.org/exceptions/no_such_element.html
                        Build info: version: '2.53.1', revision: 'a36b8b1', time: '2016-06-30 17:37:03'
                        System info: host: 'Wzy', ip: '192.168.0.106', os.name: 'Windows 10', os.arch: 'amd64', os.version: '10.0', java.version:
                        '1.8.0_144'
                        Driver info: org.openqa.selenium.chrome.ChromeDriver
                        Capabilities [{applicationCacheEnabled=false, rotatable=false, mobileEmulationEnabled=false, networkConnectionEnabled=false,
                        chrome={chromedriverVersion=2.34.522940 (1a76f96f66e3ca7b8e57d503b4dd3bccfba87af1), userDataDir=C:\Users\ADMINI~1\AppData\Local\Temp\scoped_dir33896_6064},
                        takesHeapSnapshot=true, pageLoadStrategy=normal, databaseEnabled=false, handlesAlerts=true, hasTouchScreen=false, version=63.0.3239.84,
                        platform=XP, browserConnectionEnabled=false, nativeEvents=true, acceptSslCerts=true, locationContextEnabled=true, webStorageEnabled=true,
                        browserName=chrome, takesScreenshot=true, javascriptEnabled=true, cssSelectorsEnabled=true, setWindowRect=true, unexpectedAlertBehaviour=}]
                        Session ID: b14963abbef6d81147585d519b6e4b8f
                        *** Element info: {Using=link text, value=发布}
                        For documentation on this error, please visit: http://seleniumhq.org/exceptions/no_such_element.html
                        Build info: version: '2.53.1', revision: 'a36b8b1', time: '2016-06-30 17:37:03'
                        System info: host: 'chenziyang', ip: '192.168.1.38', os.name: 'Windows NT (unknown)', os.arch: 'x86', os.version: '6.2', java.version:
                        '1.7.0_01'
                        Driver info: driver.version: EventFiringWebDriver
                        	at sun.reflect.NativeConstructorAccessorImpl.newInstance0(Native Method)
                        	at sun.reflect.NativeConstructorAccessorImpl.newInstance(Unknown Source)
                        	at sun.reflect.DelegatingConstructorAccessorImpl.newInstance(Unknown Source)
                        	at java.lang.reflect.Constructor.newInstance(Unknown Source)
                        	at org.openqa.selenium.remote.ErrorHandler.createThrowable(ErrorHandler.java:206)
                        	at org.openqa.selenium.remote.ErrorHandler.throwIfResponseFailed(ErrorHandler.java:158)
                        	at org.openqa.selenium.remote.RemoteWebDriver.execute(RemoteWebDriver.java:678)
                        	at org.openqa.selenium.remote.RemoteWebDriver.findElement(RemoteWebDriver.java:363)
                        	at org.openqa.selenium.remote.RemoteWebDriver.findElementByLinkText(RemoteWebDriver.java:428)
                        	at org.openqa.selenium.By$ByLinkText.findElement(By.java:246)
                        	at org.openqa.selenium.remote.RemoteWebDriver.findElement(RemoteWebDriver.java:355)
                        	at sun.reflect.GeneratedMethodAccessor11.invoke(Unknown Source)
                        	at sun.reflect.DelegatingMethodAccessorImpl.invoke(Unknown Source)
                        	at java.lang.reflect.Method.invoke(Unknown Source)
                        	at org.openqa.selenium.support.events.EventFiringWebDriver$2.invoke(EventFiringWebDriver.java:103)
                        	at com.sun.proxy.$Proxy1.findElement(Unknown Source)
                        	at org.openqa.selenium.support.events.EventFiringWebDriver.findElement(EventFiringWebDriver.java:188)
                        	at org.openqa.selenium.remote.server.handler.FindElement.call(FindElement.java:48)
                        	at org.openqa.selenium.remote.server.handler.FindElement.call(FindElement.java:1)
                        	at java.util.concurrent.FutureTask.run(Unknown Source)
                        	at org.openqa.selenium.remote.server.DefaultSession$1.run(DefaultSession.java:176)
                        	at java.util.concurrent.ThreadPoolExecutor.runWorker(Unknown Source)
                        	at java.util.concurrent.ThreadPoolExecutor$Worker.run(Unknown Source)
                        	at java.lang.Thread.run(Unknown Source)
                     </pre>
                  </div>
               </td>
            </tr>
         </table>
         <br></br>
         <table class="testMethodsTable" cellpadding="0" cellspacing="0">
            <tr>
               <td colspan="4">
                  <h3 style="display: inline;">AllexitActivity.Jitibeike_zhuanjia</h3>
               </td>
            </tr>
            <tr class="methodsTableHeader">
               <td width="100%">Name</td>
               <td nowrap="true">Started</td>
               <td nowrap="true">Duration</td>
               <td>Exception</td>
            </tr>
            <tr id="AllexitActivity.Jitibeike_zhuanjia_publish_activity_byClass_FAIL1_row"
                class="testMethodStatusFAIL">
               <td width="100%" class="firstMethodCell">
                  <a onclick="toggleDetailsVisibility('AllexitActivity.Jitibeike_zhuanjia_publish_activity_byClass_FAIL1_details')">publish_activity(devzhuanjia
                     
                     ,
                     
                     3edc$RFV
                     
                     ,
                     
                     C:/Program Files (x86)/Mozilla Firefox/uploadFile.exe
                     
                     ,
                     
                     C:/Program Files (x86)/Mozilla Firefox/uploadVideo.exe
                     
                     ,
                     
                     初中语文教学计划3
                     
                     ,
                     
                     T2教学与信息化技术mytest)
                  </a>
               </td>
               <td nowrap="true">15:36:38</td>
               <td nowrap="true" align="right">1m
                  12s
                  
               </td>
               <td nowrap="true">
                  <a onclick="toggleDetailsVisibility('AllexitActivity.Jitibeike_zhuanjia_publish_activity_byClass_FAIL1_exception')">org.openqa.selenium.NoSuchElementException: 
                     no such element: Unable to locate element: {"method":"link text","selector":"同课异构"}
                     (Session info: chrome=60.0.3112.90)
                     (Driver info: chromedriver=2.33.506120 (e3e53437346286c0bc2d2dc9aa4915ba81d9023f),platform=Windows NT 10.0.16299 x86_64) (WARNING:
                     The server did not provide any stacktrace information)
                     Command duration or timeout: 15.05 seconds
                     For documentation on this error, please visit: http://seleniumhq.org/exceptions/no_such_element.html
                     Build info: version: '2.53.1', revision: 'a36b8b1', time: '2016-06-30 17:37:03'
                     System info: host: 'chenziyang', ip: '192.168.1.38', os.name: 'Windows NT (unknown)', os.arch: 'x86', os.version: '6.2', java.version:
                     '1.7.0_01'
                     *** Element info: {Using=link text, value=同课异构}
                     Session ID: a4f0da3d7c9c7a36001f185e5cabb371
                     Driver info: org.openqa.selenium.chrome.ChromeDriver
                     Capabilities [{platform=WIN8, acceptSslCerts=true, javascriptEnabled=true, browserName=chrome, chrome={userDataDir=C:\TEMP\scoped_dir10132_29434,
                     chromedriverVersion=2.33.506120 (e3e53437346286c0bc2d2dc9aa4915ba81d9023f)}, networkConnectionEnabled=false, unexpectedAlertBehaviour=,
                     rotatable=false, setWindowRect=true, locationContextEnabled=true, mobileEmulationEnabled=false, version=60.0.3112.90, pageLoadStrategy=normal,
                     takesHeapSnapshot=true, cssSelectorsEnabled=true, databaseEnabled=false, handlesAlerts=true, browserConnectionEnabled=false,
                     webStorageEnabled=true, nativeEvents=true, hasTouchScreen=false, applicationCacheEnabled=false, takesScreenshot=true}]
                     Command duration or timeout: 15.76 seconds
                     For documentation on this error, please visit: http://seleniumhq.org/exceptions/no_such_element.html
                     Build info: version: '2.53.1', revision: 'a36b8b1', time: '2016-06-30 17:37:03'
                     System info: host: 'chenziyang', ip: '192.168.1.38', os.name: 'Windows NT (unknown)', os.arch: 'x86', os.version: '6.2', java.version:
                     '1.7.0_01'
                     *** Element info: {Using=link text, value=同课异构}
                     Session ID: 55172e4e-0b29-4746-a5a2-e65c2afdb498
                     Driver info: org.openqa.selenium.remote.RemoteWebDriver
                     Capabilities [{platform=WIN8, acceptSslCerts=true, javascriptEnabled=true, browserName=chrome, chrome={userDataDir=C:\TEMP\scoped_dir10132_29434,
                     chromedriverVersion=2.33.506120 (e3e53437346286c0bc2d2dc9aa4915ba81d9023f)}, networkConnectionEnabled=false, unexpectedAlertBehaviour=,
                     rotatable=false, setWindowRect=true, locationContextEnabled=true, mobileEmulationEnabled=false, webdriver.remote.sessionid=55172e4e-0b29-4746-a5a2-e65c2afdb498,
                     version=60.0.3112.90, pageLoadStrategy=normal, takesHeapSnapshot=true, cssSelectorsEnabled=true, databaseEnabled=false, handlesAlerts=true,
                     browserConnectionEnabled=false, webStorageEnabled=true, nativeEvents=true, hasTouchScreen=false, applicationCacheEnabled=false,
                     takesScreenshot=true}]
                     
                  </a>
                   
                  
               </td>
            </tr>
            <tr>
               <td colspan="4" class="detailsBox">
                  <div id="AllexitActivity.Jitibeike_zhuanjia_publish_activity_byClass_FAIL1_details"
                       class="testMethodDetails">
                     <div>
                        <b>Name: </b>publish_activity
                     </div>
                     <div>
                        <b>Signature: </b>publish_activity(java.lang.String, java.lang.String, java.lang.String, java.lang.String, java.lang.String, java.lang.String)[pri:0,
                        instance:AllexitActivity.Jitibeike_zhuanjia@3ae8ac]
                     </div>
                     <div>
                        <b>Parameters: </b>
                        
                        devzhuanjia
                        
                        ,
                        
                        3edc$RFV
                        
                        ,
                        
                        C:/Program Files (x86)/Mozilla Firefox/uploadFile.exe
                        
                        ,
                        
                        C:/Program Files (x86)/Mozilla Firefox/uploadVideo.exe
                        
                        ,
                        
                        初中语文教学计划3
                        
                        ,
                        
                        T2教学与信息化技术mytest
                        
                        
                     </div>
                     <div>
                        <b>Start time: </b>15:36:38
                     </div>
                     <div>
                        <b>End time: </b>15:37:51
                     </div>
                     <div>
                        <b>Duration: </b>1m
                        12s
                        
                     </div>
                  </div>
               </td>
            </tr>
            <tr>
               <td colspan="4" class="detailsBox">
                  <div id="AllexitActivity.Jitibeike_zhuanjia_publish_activity_byClass_FAIL1_exception"
                       class="testMethodDetails">
                     <pre style="padding: 5px; margin: 0;">org.openqa.selenium.NoSuchElementException: no such element: Unable to locate element: {"method":"link text","selector":"同课异构"}
                        (Session info: chrome=60.0.3112.90)
                        (Driver info: chromedriver=2.33.506120 (e3e53437346286c0bc2d2dc9aa4915ba81d9023f),platform=Windows NT 10.0.16299 x86_64) (WARNING:
                        The server did not provide any stacktrace information)
                        Command duration or timeout: 15.05 seconds
                        For documentation on this error, please visit: http://seleniumhq.org/exceptions/no_such_element.html
                        Build info: version: '2.53.1', revision: 'a36b8b1', time: '2016-06-30 17:37:03'
                        System info: host: 'chenziyang', ip: '192.168.1.38', os.name: 'Windows NT (unknown)', os.arch: 'x86', os.version: '6.2', java.version:
                        '1.7.0_01'
                        *** Element info: {Using=link text, value=同课异构}
                        Session ID: a4f0da3d7c9c7a36001f185e5cabb371
                        Driver info: org.openqa.selenium.chrome.ChromeDriver
                        Capabilities [{platform=WIN8, acceptSslCerts=true, javascriptEnabled=true, browserName=chrome, chrome={userDataDir=C:\TEMP\scoped_dir10132_29434,
                        chromedriverVersion=2.33.506120 (e3e53437346286c0bc2d2dc9aa4915ba81d9023f)}, networkConnectionEnabled=false, unexpectedAlertBehaviour=,
                        rotatable=false, setWindowRect=true, locationContextEnabled=true, mobileEmulationEnabled=false, version=60.0.3112.90, pageLoadStrategy=normal,
                        takesHeapSnapshot=true, cssSelectorsEnabled=true, databaseEnabled=false, handlesAlerts=true, browserConnectionEnabled=false,
                        webStorageEnabled=true, nativeEvents=true, hasTouchScreen=false, applicationCacheEnabled=false, takesScreenshot=true}]
                        Command duration or timeout: 15.76 seconds
                        For documentation on this error, please visit: http://seleniumhq.org/exceptions/no_such_element.html
                        Build info: version: '2.53.1', revision: 'a36b8b1', time: '2016-06-30 17:37:03'
                        System info: host: 'chenziyang', ip: '192.168.1.38', os.name: 'Windows NT (unknown)', os.arch: 'x86', os.version: '6.2', java.version:
                        '1.7.0_01'
                        *** Element info: {Using=link text, value=同课异构}
                        Session ID: 55172e4e-0b29-4746-a5a2-e65c2afdb498
                        Driver info: org.openqa.selenium.remote.RemoteWebDriver
                        Capabilities [{platform=WIN8, acceptSslCerts=true, javascriptEnabled=true, browserName=chrome, chrome={userDataDir=C:\TEMP\scoped_dir10132_29434,
                        chromedriverVersion=2.33.506120 (e3e53437346286c0bc2d2dc9aa4915ba81d9023f)}, networkConnectionEnabled=false, unexpectedAlertBehaviour=,
                        rotatable=false, setWindowRect=true, locationContextEnabled=true, mobileEmulationEnabled=false, webdriver.remote.sessionid=55172e4e-0b29-4746-a5a2-e65c2afdb498,
                        version=60.0.3112.90, pageLoadStrategy=normal, takesHeapSnapshot=true, cssSelectorsEnabled=true, databaseEnabled=false, handlesAlerts=true,
                        browserConnectionEnabled=false, webStorageEnabled=true, nativeEvents=true, hasTouchScreen=false, applicationCacheEnabled=false,
                        takesScreenshot=true}]
                        	at sun.reflect.NativeConstructorAccessorImpl.newInstance0(Native Method)
                        	at sun.reflect.NativeConstructorAccessorImpl.newInstance(NativeConstructorAccessorImpl.java:57)
                        	at sun.reflect.DelegatingConstructorAccessorImpl.newInstance(DelegatingConstructorAccessorImpl.java:45)
                        	at java.lang.reflect.Constructor.newInstance(Constructor.java:525)
                        	at org.openqa.selenium.remote.ErrorHandler.createThrowable(ErrorHandler.java:206)
                        	at org.openqa.selenium.remote.ErrorHandler.throwIfResponseFailed(ErrorHandler.java:158)
                        	at org.openqa.selenium.remote.RemoteWebDriver.execute(RemoteWebDriver.java:678)
                        	at org.openqa.selenium.remote.RemoteWebDriver.findElement(RemoteWebDriver.java:363)
                        	at org.openqa.selenium.remote.RemoteWebDriver.findElementByLinkText(RemoteWebDriver.java:428)
                        	at org.openqa.selenium.By$ByLinkText.findElement(By.java:246)
                        	at org.openqa.selenium.remote.RemoteWebDriver.findElement(RemoteWebDriver.java:355)
                        	at AllexitActivity.Jitibeike_zhuanjia.publish_activity(Jitibeike_zhuanjia.java:65)
                        	at sun.reflect.NativeMethodAccessorImpl.invoke0(Native Method)
                        	at sun.reflect.NativeMethodAccessorImpl.invoke(NativeMethodAccessorImpl.java:57)
                        	at sun.reflect.DelegatingMethodAccessorImpl.invoke(DelegatingMethodAccessorImpl.java:43)
                        	at java.lang.reflect.Method.invoke(Method.java:601)
                        	at org.testng.internal.MethodInvocationHelper.invokeMethod(MethodInvocationHelper.java:85)
                        	at org.testng.internal.Invoker.invokeMethod(Invoker.java:639)
                        	at org.testng.internal.Invoker.invokeTestMethod(Invoker.java:816)
                        	at org.testng.internal.Invoker.invokeTestMethods(Invoker.java:1124)
                        	at org.testng.internal.TestMethodWorker.invokeTestMethods(TestMethodWorker.java:125)
                        	at org.testng.internal.TestMethodWorker.run(TestMethodWorker.java:108)
                        	at org.testng.TestRunner.privateRun(TestRunner.java:774)
                        	at org.testng.TestRunner.run(TestRunner.java:624)
                        	at org.testng.SuiteRunner.runTest(SuiteRunner.java:359)
                        	at org.testng.SuiteRunner.access$000(SuiteRunner.java:39)
                        	at org.testng.SuiteRunner$SuiteWorker.run(SuiteRunner.java:393)
                        	at org.testng.internal.thread.ThreadUtil$2.call(ThreadUtil.java:64)
                        	at java.util.concurrent.FutureTask$Sync.innerRun(FutureTask.java:334)
                        	at java.util.concurrent.FutureTask.run(FutureTask.java:166)
                        	at java.util.concurrent.ThreadPoolExecutor.runWorker(ThreadPoolExecutor.java:1110)
                        	at java.util.concurrent.ThreadPoolExecutor$Worker.run(ThreadPoolExecutor.java:603)
                        	at java.lang.Thread.run(Thread.java:722)
                        Caused by: org.openqa.selenium.remote.ScreenshotException: Screen shot has been taken
                        Build info: version: '2.53.1', revision: 'a36b8b1', time: '2016-06-30 17:37:03'
                        System info: host: 'chenziyang', ip: '192.168.1.38', os.name: 'Windows NT (unknown)', os.arch: 'x86', os.version: '6.2', java.version:
                        '1.7.0_01'
                        Driver info: driver.version: RemoteWebDriver
                        	at org.openqa.selenium.remote.ErrorHandler.throwIfResponseFailed(ErrorHandler.java:138)
                        	... 27 more
                        Caused by: org.openqa.selenium.NoSuchElementException: no such element: Unable to locate element: {"method":"link text","selector":"同课异构"}
                        (Session info: chrome=60.0.3112.90)
                        (Driver info: chromedriver=2.33.506120 (e3e53437346286c0bc2d2dc9aa4915ba81d9023f),platform=Windows NT 10.0.16299 x86_64) (WARNING:
                        The server did not provide any stacktrace information)
                        Command duration or timeout: 15.05 seconds
                        For documentation on this error, please visit: http://seleniumhq.org/exceptions/no_such_element.html
                        Build info: version: '2.53.1', revision: 'a36b8b1', time: '2016-06-30 17:37:03'
                        System info: host: 'chenziyang', ip: '192.168.1.38', os.name: 'Windows NT (unknown)', os.arch: 'x86', os.version: '6.2', java.version:
                        '1.7.0_01'
                        *** Element info: {Using=link text, value=同课异构}
                        Session ID: a4f0da3d7c9c7a36001f185e5cabb371
                        Driver info: org.openqa.selenium.chrome.ChromeDriver
                        Capabilities [{platform=WIN8, acceptSslCerts=true, javascriptEnabled=true, browserName=chrome, chrome={userDataDir=C:\TEMP\scoped_dir10132_29434,
                        chromedriverVersion=2.33.506120 (e3e53437346286c0bc2d2dc9aa4915ba81d9023f)}, networkConnectionEnabled=false, unexpectedAlertBehaviour=,
                        rotatable=false, setWindowRect=true, locationContextEnabled=true, mobileEmulationEnabled=false, version=60.0.3112.90, pageLoadStrategy=normal,
                        takesHeapSnapshot=true, cssSelectorsEnabled=true, databaseEnabled=false, handlesAlerts=true, browserConnectionEnabled=false,
                        webStorageEnabled=true, nativeEvents=true, hasTouchScreen=false, applicationCacheEnabled=false, takesScreenshot=true}]
                        For documentation on this error, please visit: http://seleniumhq.org/exceptions/no_such_element.html
                        Build info: version: '2.53.1', revision: 'a36b8b1', time: '2016-06-30 17:37:03'
                        System info: host: 'chenziyang', ip: '192.168.1.38', os.name: 'Windows NT (unknown)', os.arch: 'x86', os.version: '6.2', java.version:
                        '1.7.0_01'
                        Driver info: driver.version: EventFiringWebDriver
                        	at sun.reflect.NativeConstructorAccessorImpl.newInstance0(Native Method)
                        	at sun.reflect.NativeConstructorAccessorImpl.newInstance(NativeConstructorAccessorImpl.java:57)
                        	at sun.reflect.DelegatingConstructorAccessorImpl.newInstance(DelegatingConstructorAccessorImpl.java:45)
                        	at java.lang.reflect.Constructor.newInstance(Constructor.java:525)
                        	at org.openqa.selenium.remote.ErrorHandler.createThrowable(ErrorHandler.java:206)
                        	at org.openqa.selenium.remote.ErrorHandler.throwIfResponseFailed(ErrorHandler.java:158)
                        	at org.openqa.selenium.remote.RemoteWebDriver.execute(RemoteWebDriver.java:678)
                        	at org.openqa.selenium.remote.RemoteWebDriver.findElement(RemoteWebDriver.java:363)
                        	at org.openqa.selenium.remote.RemoteWebDriver.findElementByLinkText(RemoteWebDriver.java:428)
                        	at org.openqa.selenium.By$ByLinkText.findElement(By.java:246)
                        	at org.openqa.selenium.remote.RemoteWebDriver.findElement(RemoteWebDriver.java:355)
                        	at sun.reflect.GeneratedMethodAccessor8.invoke(Unknown Source)
                        	at sun.reflect.DelegatingMethodAccessorImpl.invoke(DelegatingMethodAccessorImpl.java:43)
                        	at java.lang.reflect.Method.invoke(Method.java:601)
                        	at org.openqa.selenium.support.events.EventFiringWebDriver$2.invoke(EventFiringWebDriver.java:103)
                        	at $Proxy1.findElement(Unknown Source)
                        	at org.openqa.selenium.support.events.EventFiringWebDriver.findElement(EventFiringWebDriver.java:188)
                        	at org.openqa.selenium.remote.server.handler.FindElement.call(FindElement.java:48)
                        	at org.openqa.selenium.remote.server.handler.FindElement.call(FindElement.java:1)
                        	at java.util.concurrent.FutureTask$Sync.innerRun(FutureTask.java:334)
                        	at java.util.concurrent.FutureTask.run(FutureTask.java:166)
                        	at org.openqa.selenium.remote.server.DefaultSession$1.run(DefaultSession.java:176)
                        	... 3 more
                     </pre>
                  </div>
               </td>
            </tr>
         </table>
         <br></br>
      </div>
      <div style="margin-top: 15px; color: gray; text-align: center; font-size: 9px;">
         Generated with
         
         <a href="http://code.google.com/p/testng-xslt/" style="color: #8888aa;"
            target="_blank">
            TestNG XSLT
            
         </a>
      </div>
   </body>
</html>